# stats: dump at 1459419419
stats: users 753 753
stats: {load,"tsung_controller@daviddeMacBook-Pro"} 1 2.3515625 0 2.3515625 2.3515625 0 0
stats: {cpu,"tsung_controller@daviddeMacBook-Pro"} 1 0 0 0 0 0 0
stats: {freemem,"tsung_controller@daviddeMacBook-Pro"} 1 55.54296875 0 55.54296875 55.54296875 0 0
stats: session 100 5414.6226806640625 174.3679982440692 6197.71484375 5259.858154296875 0 0
stats: users_count 853 853
stats: finish_users_count 100 100
stats: request 100 5412.48583984375 174.17188947240027 6195.703125 5257.778076171875 0 0
stats: connect 796 83.90520994866904 53.55939222676439 572.490966796875 50.85107421875 0 0
stats: page 100 5412.48583984375 174.17188947240027 6195.703125 5257.778076171875 0 0
stats: size_rcv 268260 268260
stats: size_sent 250540 250540
stats: connected 696 696
stats: 500 100 100
# stats: dump at 1459419429
stats: users 556 800
stats: {load,"tsung_controller@daviddeMacBook-Pro"} 1 2.0703125 0.0 2.3515625 2.0703125 2.3515625 1
stats: {cpu,"tsung_controller@daviddeMacBook-Pro"} 1 0.0 0.0 0 0 0.0 1
stats: {freemem,"tsung_controller@daviddeMacBook-Pro"} 1 56.26953125 0.0 56.26953125 55.54296875 55.54296875 1
stats: session 244 9685.576147861168 2273.585719375997 13417.045166015625 5259.858154296875 5414.6226806640625 100
stats: users_count 47 900
stats: finish_users_count 244 344
stats: request 201 9001.623492644196 1901.374406985425 11334.140869140625 5257.778076171875 5412.48583984375 100
stats: connect 104 76.89464393028847 13.320876814805496 572.490966796875 50.85107421875 83.90520994866904 796
stats: page 201 9001.623492644196 1901.374406985425 11334.140869140625 5257.778076171875 5412.48583984375 100
stats: 200 104 104
stats: size_rcv 1834473 2102733
stats: size_sent 32704 283244
stats: connected -97 599
stats: 500 101 201
# stats: dump at 1459419439
stats: users 316 800
stats: {load,"tsung_controller@daviddeMacBook-Pro"} 1 1.98046875 0.0 2.3515625 1.98046875 2.2109375 2
stats: {cpu,"tsung_controller@daviddeMacBook-Pro"} 1 0.0 0.0 0 0 0.0 2
stats: {freemem,"tsung_controller@daviddeMacBook-Pro"} 1 42.85546875 0.0 56.26953125 42.85546875 55.90625 2
stats: session 240 17458.424577840186 2398.826066136248 21368.0029296875 5259.858154296875 8444.019907396892 344
stats: users_count 0 900
stats: finish_users_count 240 584
stats: request 264 16460.872911857838 2610.7162005800724 20795.772216796875 5257.778076171875 7809.218956830095 301
stats: page 264 16460.872911857838 2610.7162005800724 20795.772216796875 5257.778076171875 7809.218956830095 301
stats: connect 0 0 0 572.490966796875 50.85107421875 83.09510009765617 900
stats: 200 196 300
stats: size_rcv 2832456 4935189
stats: size_sent 0 283244
stats: connected -264 335
stats: 500 100 301
# stats: dump at 1459419449
stats: users 200 800
stats: {load,"tsung_controller@daviddeMacBook-Pro"} 1 1.91015625 0.0 2.3515625 1.91015625 2.1341145833333335 3
stats: {cpu,"tsung_controller@daviddeMacBook-Pro"} 1 0.0 0.0 0 0 0.0 3
stats: {freemem,"tsung_controller@daviddeMacBook-Pro"} 1 31.38671875 0.0 56.26953125 31.38671875 51.555989583333336 3
stats: session 116 23656.482440816944 1048.0001276276453 24947.411865234375 5259.858154296875 12148.56977196263 584
stats: users_count 0 900
stats: finish_users_count 116 700
stats: request 135 23268.48707320602 1365.183529735796 24945.137939453125 5257.778076171875 11851.76168979881 565
stats: connect 0 0 0 572.490966796875 50.85107421875 83.09510009765617 900
stats: page 135 23268.48707320602 1365.183529735796 24945.137939453125 5257.778076171875 11851.76168979881 565
stats: 200 0 300
stats: size_rcv 828423 5763612
stats: size_sent 0 283244
stats: connected -135 200
stats: 500 99 400
# stats: dump at 1459419459
stats: users 200 800
stats: {load,"tsung_controller@daviddeMacBook-Pro"} 1 2.0 0.0 2.3515625 1.91015625 2.078125 4
stats: {cpu,"tsung_controller@daviddeMacBook-Pro"} 1 0.0 0.0 0 0 0.0 4
stats: {freemem,"tsung_controller@daviddeMacBook-Pro"} 1 75.41796875 0.0 75.41796875 31.38671875 46.513671875 4
stats: session 0 0 0 24947.411865234375 5259.858154296875 14055.595299944202 700
stats: users_count 0 900
stats: finish_users_count 0 700
stats: request 0 0 0 24945.137939453125 5257.778076171875 14053.558728027343 700
stats: connect 0 0 0 572.490966796875 50.85107421875 83.09510009765617 900
stats: page 0 0 0 24945.137939453125 5257.778076171875 14053.558728027343 700
stats: 200 0 300
stats: size_rcv 0 5763612
stats: size_sent 0 283244
stats: connected 0 200
stats: 500 0 400
# stats: dump at 1459419469
stats: users 200 800
stats: {load,"tsung_controller@daviddeMacBook-Pro"} 1 1.98828125 0.0 2.3515625 1.91015625 2.0625 5
stats: {cpu,"tsung_controller@daviddeMacBook-Pro"} 1 0.0 0.0 0 0 0.0 5
stats: {freemem,"tsung_controller@daviddeMacBook-Pro"} 1 67.75390625 0.0 75.41796875 31.38671875 52.29453125 5
stats: session 0 0 0 24947.411865234375 5259.858154296875 14055.595299944202 700
stats: users_count 0 900
stats: finish_users_count 0 700
stats: request 0 0 0 24945.137939453125 5257.778076171875 14053.558728027343 700
stats: connect 0 0 0 572.490966796875 50.85107421875 83.09510009765617 900
stats: page 0 0 0 24945.137939453125 5257.778076171875 14053.558728027343 700
stats: 200 0 300
stats: size_rcv 0 5763612
stats: size_sent 0 283244
stats: connected 0 200
stats: 500 0 400
# stats: dump at 1459419475
stats: users 0 800
stats: {load,"tsung_controller@daviddeMacBook-Pro"} 1 1.98828125 0.0 2.3515625 1.91015625 2.0501302083333335 6
stats: {cpu,"tsung_controller@daviddeMacBook-Pro"} 1 0.0 0.0 0 0 0.0 6
stats: {freemem,"tsung_controller@daviddeMacBook-Pro"} 1 69.01171875 0.0 75.41796875 31.38671875 54.87109375 6
stats: session 200 60304.61856323242 149.90690909425936 61482.251220703125 5259.858154296875 14055.595299944202 700
stats: users_count 0 900
stats: finish_users_count 200 900
stats: request 200 60302.58122924805 149.91083076784807 61480.1748046875 5257.778076171875 14053.558728027343 700
stats: connect 0 0 0 572.490966796875 50.85107421875 83.09510009765617 900
stats: page 200 60302.58122924805 149.91083076784807 61480.1748046875 5257.778076171875 14053.558728027343 700
stats: 200 0 300
stats: size_rcv 536552 6300164
stats: size_sent 0 283244
stats: connected -200 0
stats: 500 200 600
EndMonitor:{1459,419475,936817}
