# stats: dump at 1459153632
stats: users 793 793
stats: {load,"tsung_controller@daviddeMacBook-Pro"} 1 4.01171875 0 4.01171875 4.01171875 0 0
stats: {cpu,"tsung_controller@daviddeMacBook-Pro"} 1 0 0 0 0 0 0
stats: {freemem,"tsung_controller@daviddeMacBook-Pro"} 1 38.50390625 0 38.50390625 38.50390625 0 0
stats: session 99 5184.948143544823 80.5872332261705 5751.3408203125 5115.662109375 0 0
stats: users_count 892 892
stats: finish_users_count 99 99
stats: connect 845 87.60086677144972 108.52739225265744 1238.920166015625 51.085205078125 0 0
stats: request 99 5182.669423729481 80.72525156028502 5749.248046875 5113.412109375 0 0
stats: page 99 5182.669423729481 80.72525156028502 5749.248046875 5113.412109375 0 0
stats: 200 99 99
stats: size_rcv 31779 31779
stats: size_sent 265957 265957
stats: connected 746 746
# stats: dump at 1459153642
stats: users 570 800
stats: {load,"tsung_controller@daviddeMacBook-Pro"} 1 3.78125 0.0 4.01171875 3.78125 4.01171875 1
stats: {cpu,"tsung_controller@daviddeMacBook-Pro"} 1 0.0 0.0 0 0 0.0 1
stats: {freemem,"tsung_controller@daviddeMacBook-Pro"} 1 21.859375 0.0 38.50390625 21.859375 38.50390625 1
stats: session 230 9528.156591796884 2253.219106817381 13973.1259765625 5115.662109375 5184.948143544823 99
stats: users_count 7 899
stats: finish_users_count 230 329
stats: request 198 8904.624371152939 1763.9403464962695 11922.545166015625 5113.412109375 5182.669423729481 99
stats: connect 54 97.37158203125003 144.28874148691222 1238.920166015625 51.085205078125 87.60086677144972 845
stats: page 198 8904.624371152939 1763.9403464962695 11922.545166015625 5113.412109375 5182.669423729481 99
stats: 200 198 297
stats: size_rcv 1423323 1455102
stats: size_sent 16974 282931
stats: connected -144 602
# stats: dump at 1459153652
stats: users 305 800
stats: {load,"tsung_controller@daviddeMacBook-Pro"} 1 3.3515625 0.0 4.01171875 3.3515625 3.896484375 2
stats: {cpu,"tsung_controller@daviddeMacBook-Pro"} 1 0.0 0.0 0 0 0.0 2
stats: {freemem,"tsung_controller@daviddeMacBook-Pro"} 1 20.60546875 0.0 38.50390625 20.60546875 30.181640625 2
stats: session 265 17614.239742408623 2396.752288306543 21570.2919921875 5115.662109375 8221.23368487605 329
stats: users_count 0 899
stats: finish_users_count 265 594
stats: request 296 17142.444417592647 2614.334180262629 21568.222900390625 5113.412109375 7663.972722011786 297
stats: connect 0 0 0 1238.920166015625 51.085205078125 88.18776179261681 899
stats: page 296 17142.444417592647 2614.334180262629 21568.222900390625 5113.412109375 7663.972722011786 297
stats: 200 297 594
stats: size_rcv 2800811 4255913
stats: size_sent 0 282931
stats: connected -296 306
# stats: dump at 1459153662
stats: users 200 800
stats: {load,"tsung_controller@daviddeMacBook-Pro"} 1 3.140625 0.0 4.01171875 3.140625 3.71484375 3
stats: {cpu,"tsung_controller@daviddeMacBook-Pro"} 1 0.0 0.0 0 0 0.0 3
stats: {freemem,"tsung_controller@daviddeMacBook-Pro"} 1 32.15234375 0.0 38.50390625 20.60546875 26.989583333333332 3
stats: session 105 24146.68430059524 663.914072550653 27177.597900390625 5115.662109375 12411.716185290414 594
stats: users_count 0 899
stats: finish_users_count 105 699
stats: request 106 24114.697039910083 728.6660465865335 27176.15185546875 5113.412109375 12395.216603785706 593
stats: connect 0 0 0 1238.920166015625 51.085205078125 88.18776179261681 899
stats: page 106 24114.697039910083 728.6660465865335 27176.15185546875 5113.412109375 12395.216603785706 593
stats: 200 105 699
stats: size_rcv 130171 4386084
stats: size_sent 0 282931
stats: connected -106 200
# stats: dump at 1459153672
stats: users 200 800
stats: {load,"tsung_controller@daviddeMacBook-Pro"} 1 2.80859375 0.0 4.01171875 2.80859375 3.5712890625 4
stats: {cpu,"tsung_controller@daviddeMacBook-Pro"} 1 0.0 0.0 0 0 0.0 4
stats: {freemem,"tsung_controller@daviddeMacBook-Pro"} 1 34.203125 0.0 38.50390625 20.60546875 28.2802734375 4
stats: session 0 0 0 27177.597900390625 5115.662109375 14174.479636087275 699
stats: users_count 0 899
stats: finish_users_count 0 699
stats: request 0 0 0 27176.15185546875 5113.412109375 14172.41964560142 699
stats: connect 0 0 0 1238.920166015625 51.085205078125 88.18776179261681 899
stats: page 0 0 0 27176.15185546875 5113.412109375 14172.41964560142 699
stats: 200 0 699
stats: size_rcv 0 4386084
stats: size_sent 0 282931
stats: connected 0 200
# stats: dump at 1459153682
stats: users 200 800
stats: {load,"tsung_controller@daviddeMacBook-Pro"} 1 2.671875 0.0 4.01171875 2.671875 3.41875 5
stats: {cpu,"tsung_controller@daviddeMacBook-Pro"} 1 0.0 0.0 0 0 0.0 5
stats: {freemem,"tsung_controller@daviddeMacBook-Pro"} 1 21.26953125 0.0 38.50390625 20.60546875 29.46484375 5
stats: session 0 0 0 27177.597900390625 5115.662109375 14174.479636087275 699
stats: users_count 0 899
stats: finish_users_count 0 699
stats: request 0 0 0 27176.15185546875 5113.412109375 14172.41964560142 699
stats: connect 0 0 0 1238.920166015625 51.085205078125 88.18776179261681 899
stats: page 0 0 0 27176.15185546875 5113.412109375 14172.41964560142 699
stats: 200 0 699
stats: size_rcv 0 4386084
stats: size_sent 0 282931
stats: connected 0 200
# stats: dump at 1459153687
stats: users 0 800
stats: {load,"tsung_controller@daviddeMacBook-Pro"} 1 2.640625 0.0 4.01171875 2.640625 3.2942708333333335 6
stats: {cpu,"tsung_controller@daviddeMacBook-Pro"} 1 0.0 0.0 0 0 0.0 6
stats: {freemem,"tsung_controller@daviddeMacBook-Pro"} 1 19.23046875 0.0 38.50390625 19.23046875 28.098958333333332 6
stats: session 200 60207.13135253907 188.01577946824537 61578.954833984375 5115.662109375 14174.479636087275 699
stats: users_count 0 899
stats: finish_users_count 200 899
stats: request 200 60205.04928100586 188.03982275337907 61576.802001953125 5113.412109375 14172.41964560142 699
stats: connect 0 0 0 1238.920166015625 51.085205078125 88.18776179261681 899
stats: page 200 60205.04928100586 188.03982275337907 61576.802001953125 5113.412109375 14172.41964560142 699
stats: 200 200 899
stats: size_rcv 64200 4450284
stats: size_sent 0 282931
stats: connected -200 0
EndMonitor:{1459,153687,863677}
