# stats: dump at 1460944723
stats: users 491 534
stats: {load,"tsung_controller@daviddeMacBook-Pro"} 1 2.41015625 0 2.41015625 2.41015625 0 0
stats: {cpu,"tsung_controller@daviddeMacBook-Pro"} 1 0 0 0 0 0 0
stats: {freemem,"tsung_controller@daviddeMacBook-Pro"} 1 44.78515625 0 44.78515625 44.78515625 0 0
stats: session 388 964.7115358962217 1381.8358400122634 6954.39794921875 115.888916015625 0 0
stats: users_count 879 879
stats: finish_users_count 388 388
stats: connect 829 190.28548373416763 634.1415709901738 6073.8359375 50.81982421875 0 0
stats: request 335 1009.0576842350748 1399.9399928460625 6952.22509765625 113.7431640625 0 0
stats: page 335 1009.0576842350748 1399.9399928460625 6952.22509765625 113.7431640625 0 0
stats: 200 813 813
stats: size_rcv 2984726 2984726
stats: size_sent 265891 265891
stats: connected 494 494
# stats: dump at 1460944733
stats: users 330 534
stats: {load,"tsung_controller@daviddeMacBook-Pro"} 1 2.66015625 0.0 2.66015625 2.41015625 2.41015625 1
stats: {cpu,"tsung_controller@daviddeMacBook-Pro"} 1 0.0 0.0 0 0 0.0 1
stats: {freemem,"tsung_controller@daviddeMacBook-Pro"} 1 45.1640625 0.0 45.1640625 44.78515625 44.78515625 1
stats: session 1112 1089.41236668868 2392.2763305005365 16184.786865234375 111.088134765625 964.7115358962217 388
stats: users_count 951 1830
stats: finish_users_count 1112 1500
stats: connect 950 139.03529990748333 398.6598127264255 6073.8359375 50.81982421875 190.28548373416763 829
stats: page 1122 1091.8566494158022 2368.326760980211 16182.976806640625 108.825927734375 1009.0576842350748 335
stats: 200 957 1770
stats: request 1122 1091.8566494158022 2368.326760980211 16182.976806640625 108.825927734375 1009.0576842350748 335
stats: size_rcv 2795150 5779876
stats: size_sent 304642 570533
stats: connected -172 322
# stats: dump at 1460944743
stats: users 323 534
stats: {load,"tsung_controller@daviddeMacBook-Pro"} 1 2.7890625 0.0 2.7890625 2.41015625 2.53515625 2
stats: {cpu,"tsung_controller@daviddeMacBook-Pro"} 1 0.0 0.0 0 0 0.0 2
stats: {freemem,"tsung_controller@daviddeMacBook-Pro"} 1 32.02734375 0.0 45.1640625 32.02734375 44.974609375 2
stats: session 950 629.1882337068249 1609.627916596501 23900.14404296875 111.088134765625 1057.156418457031 1500
stats: users_count 943 2773
stats: finish_users_count 950 2450
stats: request 952 638.8242318289622 1651.1114270544556 23897.5068359375 108.825927734375 1072.8191385472066 1457
stats: 200 946 2716
stats: page 952 638.8242318289622 1651.1114270544556 23897.5068359375 108.825927734375 1072.8191385472066 1457
stats: connect 946 429.57900813870924 538.6372151771602 6073.8359375 50.694091796875 162.91748225280165 1779
stats: size_rcv 388562 6168438
stats: size_sent 303462 873995
stats: connected -6 316
# stats: dump at 1460944753
stats: users 352 534
stats: {load,"tsung_controller@daviddeMacBook-Pro"} 1 2.75 0.0 2.7890625 2.41015625 2.6197916666666665 3
stats: {cpu,"tsung_controller@daviddeMacBook-Pro"} 1 0.0 0.0 0 0 0.0 3
stats: {freemem,"tsung_controller@daviddeMacBook-Pro"} 1 27.140625 0.0 45.1640625 27.140625 40.658854166666664 3
stats: session 1001 179.51661009888542 160.6563143653046 23900.14404296875 111.088134765625 891.2095713089919 2450
stats: users_count 1030 3803
stats: finish_users_count 1001 3451
stats: connect 1007 102.31424438112904 304.2265692705681 6073.8359375 50.694091796875 255.49062114750572 2725
stats: page 1001 177.61270882437887 161.22817450607005 23897.5068359375 108.825927734375 901.3109811392495 2409
stats: request 1001 177.61270882437887 161.22817450607005 23897.5068359375 108.825927734375 901.3109811392495 2409
stats: 200 1001 3717
stats: size_rcv 332332 6500770
stats: size_sent 322825 1196820
stats: connected 6 322
# stats: dump at 1460944763
stats: users 324 534
stats: {load,"tsung_controller@daviddeMacBook-Pro"} 1 2.7109375 0.0 2.7890625 2.41015625 2.65234375 4
stats: {cpu,"tsung_controller@daviddeMacBook-Pro"} 1 0.0 0.0 0 0 0.0 4
stats: {freemem,"tsung_controller@daviddeMacBook-Pro"} 1 49.60546875 0.0 49.60546875 27.140625 37.279296875 4
stats: session 1040 316.0251894437351 827.7473205940308 23900.14404296875 110.280029296875 684.775304669955 3451
stats: users_count 1012 4815
stats: finish_users_count 1040 4491
stats: request 1044 305.6829277418581 787.2359892929645 23897.5068359375 108.171142578125 688.8705205564971 3410
stats: connect 1038 203.06520506871684 719.2236649555834 8313.2509765625 50.694091796875 214.15926760952576 3732
stats: page 1044 305.6829277418581 787.2359892929645 23897.5068359375 108.171142578125 688.8705205564971 3410
stats: 200 1044 4761
stats: size_rcv 346608 6847378
stats: size_sent 332706 1529526
stats: connected -6 316
# stats: dump at 1460944773
stats: users 345 534
stats: {load,"tsung_controller@daviddeMacBook-Pro"} 1 2.76171875 0.0 2.7890625 2.41015625 2.6640625 5
stats: {cpu,"tsung_controller@daviddeMacBook-Pro"} 1 0.0 0.0 0 0 0.0 5
stats: {freemem,"tsung_controller@daviddeMacBook-Pro"} 1 48.84765625 0.0 49.60546875 27.140625 39.74453125 5
stats: session 967 230.1343437439407 352.0848058209335 23900.14404296875 110.280029296875 599.3822697478288 4491
stats: users_count 988 5803
stats: finish_users_count 967 5458
stats: request 972 233.99583278075175 438.5499187645691 23897.5068359375 108.171142578125 599.0528629681534 4454
stats: connect 975 120.90513822115386 311.8080134343573 8313.2509765625 50.694091796875 211.74508796228054 4770
stats: page 972 233.99583278075175 438.5499187645691 23897.5068359375 108.171142578125 599.0528629681534 4454
stats: 200 972 5733
stats: size_rcv 322704 7170082
stats: size_sent 312505 1842031
stats: connected 3 319
# stats: dump at 1460944783
stats: users 310 534
stats: {load,"tsung_controller@daviddeMacBook-Pro"} 1 2.87109375 0.0 2.87109375 2.41015625 2.6803385416666665 6
stats: {cpu,"tsung_controller@daviddeMacBook-Pro"} 1 0.0 0.0 0 0 0.0 6
stats: {freemem,"tsung_controller@daviddeMacBook-Pro"} 1 36.08984375 0.0 49.60546875 27.140625 41.26171875 6
stats: session 38 1636.9217657791942 2532.8150795188294 23900.14404296875 110.280029296875 533.9621993107163 5458
stats: users_count 3 5806
stats: finish_users_count 38 5496
stats: request 70 992.6439592633928 1993.167619576414 23897.5068359375 108.171142578125 533.6574642688989 5426
stats: connect 60 951.8236694335938 2038.9207554953562 11480.41796875 50.694091796875 196.3283863090867 5745
stats: page 70 992.6439592633928 1993.167619576414 23897.5068359375 108.171142578125 533.6574642688989 5426
stats: 200 70 5803
stats: size_rcv 23240 7193322
stats: size_sent 19228 1861259
stats: connected -10 309
# stats: dump at 1460944793
stats: users 308 534
stats: {load,"tsung_controller@daviddeMacBook-Pro"} 1 2.73828125 0.0 2.87109375 2.41015625 2.7075892857142856 7
stats: {cpu,"tsung_controller@daviddeMacBook-Pro"} 1 0.0 0.0 0 0 0.0 7
stats: {freemem,"tsung_controller@daviddeMacBook-Pro"} 1 43.34375 0.0 49.60546875 27.140625 40.522879464285715 7
stats: session 2 30338.243041992188 8787.188110351563 39125.43115234375 110.280029296875 541.5881934020194 5496
stats: users_count 0 5806
stats: finish_users_count 2 5498
stats: request 2 30336.2119140625 8787.030029296875 39123.241943359375 108.171142578125 539.5033621309103 5496
stats: connect 1 39046.306884765625 0.0 39046.306884765625 50.694091796875 204.1371230855674 5805
stats: page 2 30336.2119140625 8787.030029296875 39123.241943359375 108.171142578125 539.5033621309103 5496
stats: 200 2 5805
stats: size_rcv 664 7193986
stats: size_sent 319 1861578
stats: connected -1 308
# stats: dump at 1460944803
stats: users 308 534
stats: {load,"tsung_controller@daviddeMacBook-Pro"} 1 2.78125 0.0 2.87109375 2.41015625 2.71142578125 8
stats: {cpu,"tsung_controller@daviddeMacBook-Pro"} 1 0.0 0.0 0 0 0.0 8
stats: {freemem,"tsung_controller@daviddeMacBook-Pro"} 1 35.640625 0.0 49.60546875 27.140625 40.87548828125 8
stats: session 0 0 0 39125.43115234375 110.280029296875 552.4272821064902 5498
stats: users_count 0 5806
stats: finish_users_count 0 5498
stats: request 0 0 0 39123.241943359375 108.171142578125 550.3424703709727 5498
stats: connect 0 0 0 39046.306884765625 50.694091796875 210.82712821158876 5806
stats: page 0 0 0 39123.241943359375 108.171142578125 550.3424703709727 5498
stats: 200 0 5805
stats: size_rcv 0 7193986
stats: size_sent 0 1861578
stats: connected 0 308
# stats: dump at 1460944813
stats: users 308 534
stats: {load,"tsung_controller@daviddeMacBook-Pro"} 1 2.6484375 0.0 2.87109375 2.41015625 2.7191840277777777 9
stats: {cpu,"tsung_controller@daviddeMacBook-Pro"} 1 0.0 0.0 0 0 0.0 9
stats: {freemem,"tsung_controller@daviddeMacBook-Pro"} 1 28.60546875 0.0 49.60546875 27.140625 40.29383680555556 9
stats: session 0 0 0 39125.43115234375 110.280029296875 552.4272821064902 5498
stats: users_count 0 5806
stats: finish_users_count 0 5498
stats: request 0 0 0 39123.241943359375 108.171142578125 550.3424703709727 5498
stats: connect 0 0 0 39046.306884765625 50.694091796875 210.82712821158876 5806
stats: page 0 0 0 39123.241943359375 108.171142578125 550.3424703709727 5498
stats: 200 0 5805
stats: size_rcv 0 7193986
stats: size_sent 0 1861578
stats: connected 0 308
# stats: dump at 1460944823
stats: users 308 534
stats: {load,"tsung_controller@daviddeMacBook-Pro"} 1 2.69921875 0.0 2.87109375 2.41015625 2.712109375 10
stats: {cpu,"tsung_controller@daviddeMacBook-Pro"} 1 0.0 0.0 0 0 0.0 10
stats: {freemem,"tsung_controller@daviddeMacBook-Pro"} 1 33.16796875 0.0 49.60546875 27.140625 39.125 10
stats: session 0 0 0 39125.43115234375 110.280029296875 552.4272821064902 5498
stats: users_count 0 5806
stats: finish_users_count 0 5498
stats: request 0 0 0 39123.241943359375 108.171142578125 550.3424703709727 5498
stats: connect 0 0 0 39046.306884765625 50.694091796875 210.82712821158876 5806
stats: page 0 0 0 39123.241943359375 108.171142578125 550.3424703709727 5498
stats: 200 0 5805
stats: size_rcv 0 7193986
stats: size_sent 0 1861578
stats: connected 0 308
# stats: dump at 1460944833
stats: users 308 534
stats: {load,"tsung_controller@daviddeMacBook-Pro"} 1 2.671875 0.0 2.87109375 2.41015625 2.7109375 11
stats: {cpu,"tsung_controller@daviddeMacBook-Pro"} 1 0.0 0.0 0 0 0.0 11
stats: {freemem,"tsung_controller@daviddeMacBook-Pro"} 1 19.984375 0.0 49.60546875 19.984375 38.58345170454545 11
stats: session 0 0 0 39125.43115234375 110.280029296875 552.4272821064902 5498
stats: users_count 0 5806
stats: finish_users_count 0 5498
stats: request 0 0 0 39123.241943359375 108.171142578125 550.3424703709727 5498
stats: connect 0 0 0 39046.306884765625 50.694091796875 210.82712821158876 5806
stats: page 0 0 0 39123.241943359375 108.171142578125 550.3424703709727 5498
stats: 200 0 5805
stats: size_rcv 0 7193986
stats: size_sent 0 1861578
stats: connected 0 308
# stats: dump at 1460944843
stats: users 308 534
stats: {load,"tsung_controller@daviddeMacBook-Pro"} 1 2.640625 0.0 2.87109375 2.41015625 2.7076822916666665 12
stats: {cpu,"tsung_controller@daviddeMacBook-Pro"} 1 0.0 0.0 0 0 0.0 12
stats: {freemem,"tsung_controller@daviddeMacBook-Pro"} 1 71.98828125 0.0 71.98828125 19.984375 37.033528645833336 12
stats: session 0 0 0 39125.43115234375 110.280029296875 552.4272821064902 5498
stats: users_count 0 5806
stats: finish_users_count 0 5498
stats: request 0 0 0 39123.241943359375 108.171142578125 550.3424703709727 5498
stats: connect 0 0 0 39046.306884765625 50.694091796875 210.82712821158876 5806
stats: page 0 0 0 39123.241943359375 108.171142578125 550.3424703709727 5498
stats: 200 0 5805
stats: size_rcv 0 7193986
stats: size_sent 0 1861578
stats: connected 0 308
# stats: dump at 1460944853
stats: users 308 534
stats: {load,"tsung_controller@daviddeMacBook-Pro"} 1 2.53125 0.0 2.87109375 2.41015625 2.7025240384615383 13
stats: {cpu,"tsung_controller@daviddeMacBook-Pro"} 1 0.0 0.0 0 0 0.0 13
stats: {freemem,"tsung_controller@daviddeMacBook-Pro"} 1 77.453125 0.0 77.453125 19.984375 39.72235576923077 13
stats: session 0 0 0 39125.43115234375 110.280029296875 552.4272821064902 5498
stats: users_count 0 5806
stats: finish_users_count 0 5498
stats: request 0 0 0 39123.241943359375 108.171142578125 550.3424703709727 5498
stats: connect 0 0 0 39046.306884765625 50.694091796875 210.82712821158876 5806
stats: page 0 0 0 39123.241943359375 108.171142578125 550.3424703709727 5498
stats: 200 0 5805
stats: size_rcv 0 7193986
stats: size_sent 0 1861578
stats: connected 0 308
# stats: dump at 1460944863
stats: users 308 534
stats: {load,"tsung_controller@daviddeMacBook-Pro"} 1 2.53125 0.0 2.87109375 2.41015625 2.6902901785714284 14
stats: {cpu,"tsung_controller@daviddeMacBook-Pro"} 1 0.0 0.0 0 0 0.0 14
stats: {freemem,"tsung_controller@daviddeMacBook-Pro"} 1 48.90625 0.0 77.453125 19.984375 42.417410714285715 14
stats: session 0 0 0 39125.43115234375 110.280029296875 552.4272821064902 5498
stats: users_count 0 5806
stats: finish_users_count 0 5498
stats: request 0 0 0 39123.241943359375 108.171142578125 550.3424703709727 5498
stats: connect 0 0 0 39046.306884765625 50.694091796875 210.82712821158876 5806
stats: page 0 0 0 39123.241943359375 108.171142578125 550.3424703709727 5498
stats: 200 0 5805
stats: size_rcv 0 7193986
stats: size_sent 0 1861578
stats: connected 0 308
