# stats: dump at 1459405076
stats: users 519 554
stats: {load,"tsung_controller@daviddeMacBook-Pro"} 1 10.671875 0 10.671875 10.671875 0 0
stats: {cpu,"tsung_controller@daviddeMacBook-Pro"} 1 0 0 0 0 0 0
stats: {freemem,"tsung_controller@daviddeMacBook-Pro"} 1 22.6953125 0 22.6953125 22.6953125 0 0
stats: session 323 5383.719190662492 447.17099784486 7395.779052734375 5109.18896484375 0 0
stats: users_count 842 842
stats: finish_users_count 323 323
stats: request 294 5401.660138811385 463.74210158296404 7393.89013671875 5107.1611328125 0 0
stats: connect 784 193.1544718839685 357.7470639735101 3437.361083984375 52.248046875 0 0
stats: page 294 5401.660138811385 463.74210158296404 7393.89013671875 5107.1611328125 0 0
stats: size_rcv 36162 36162
stats: size_sent 246760 246760
stats: connected 490 490
stats: 204 294 294
# stats: dump at 1459405086
stats: users 513 554
stats: {load,"tsung_controller@daviddeMacBook-Pro"} 1 9.7890625 0.0 10.671875 9.7890625 10.671875 1
stats: {cpu,"tsung_controller@daviddeMacBook-Pro"} 1 0.0 0.0 0 0 0.0 1
stats: {freemem,"tsung_controller@daviddeMacBook-Pro"} 1 35.6484375 0.0 35.6484375 22.6953125 22.6953125 1
stats: session 959 5198.145038370051 204.80073939463702 8528.030029296875 5108.49609375 5383.719190662492 323
stats: users_count 953 1795
stats: finish_users_count 959 1282
stats: connect 963 196.61685310593523 345.08222015736726 3437.361083984375 51.635009765625 193.1544718839685 784
stats: request 964 5196.261329492597 204.30560243985647 8526.33203125 5106.633056640625 5401.660138811385 294
stats: page 964 5196.261329492597 204.30560243985647 8526.33203125 5106.633056640625 5401.660138811385 294
stats: size_rcv 118572 154734
stats: size_sent 303011 549771
stats: connected -1 489
stats: 204 964 1258
