# stats: dump at 1459415879
stats: users 750 750
stats: {load,"tsung_controller@daviddeMacBook-Pro"} 1 2.23046875 0 2.23046875 2.23046875 0 0
stats: {cpu,"tsung_controller@daviddeMacBook-Pro"} 1 0 0 0 0 0 0
stats: {freemem,"tsung_controller@daviddeMacBook-Pro"} 1 47.33984375 0 47.33984375 47.33984375 0 0
stats: session 100 5187.187783203124 88.9367953282325 5693.2978515625 5117.7880859375 0 0
stats: users_count 850 850
stats: finish_users_count 100 100
stats: request 100 5185.096494140628 89.03156869426317 5691.2470703125 5115.93603515625 0 0
stats: connect 788 87.65993410681706 64.49737781356872 688.176025390625 51.4580078125 0 0
stats: page 100 5185.096494140628 89.03156869426317 5691.2470703125 5115.93603515625 0 0
stats: 200 100 100
stats: size_rcv 32100 32100
stats: size_sent 248028 248028
stats: connected 688 688
# stats: dump at 1459415889
stats: users 573 800
stats: {load,"tsung_controller@daviddeMacBook-Pro"} 1 2.109375 0.0 2.23046875 2.109375 2.23046875 1
stats: {cpu,"tsung_controller@daviddeMacBook-Pro"} 1 0.0 0.0 0 0 0.0 1
stats: {freemem,"tsung_controller@daviddeMacBook-Pro"} 1 40.14453125 0.0 47.33984375 40.14453125 47.33984375 1
stats: session 227 8435.396446732168 1817.6173873220885 11062.2958984375 5117.7880859375 5187.187783203124 100
stats: users_count 50 900
stats: finish_users_count 227 327
stats: request 227 8433.368067266654 1817.622596400567 11060.675048828125 5115.93603515625 5185.096494140628 100
stats: connect 112 90.01566423688612 67.49909327508851 688.176025390625 51.4580078125 87.65993410681706 788
stats: page 227 8433.368067266654 1817.622596400567 11060.675048828125 5115.93603515625 5185.096494140628 100
stats: 200 227 327
stats: size_rcv 1462431 1494531
stats: size_sent 35216 283244
stats: connected -115 573
# stats: dump at 1459415899
stats: users 320 800
stats: {load,"tsung_controller@daviddeMacBook-Pro"} 1 3.859375 0.0 3.859375 2.109375 2.169921875 2
stats: {cpu,"tsung_controller@daviddeMacBook-Pro"} 1 0.0 0.0 0 0 0.0 2
stats: {freemem,"tsung_controller@daviddeMacBook-Pro"} 1 48.79296875 0.0 48.79296875 40.14453125 43.7421875 2
stats: session 253 16599.968417080974 2515.515627060066 21555.43701171875 5117.7880859375 7442.060464001573 327
stats: users_count 0 900
stats: finish_users_count 253 580
stats: request 232 16246.493066195784 2323.776479101239 20720.947021484375 5115.93603515625 7440.012846127197 327
stats: connect 0 0 0 688.176025390625 51.4580078125 87.95309163411456 900
stats: page 232 16246.493066195784 2323.776479101239 20720.947021484375 5115.93603515625 7440.012846127197 327
stats: 200 236 563
stats: size_rcv 1927224 3421755
stats: size_sent 0 283244
stats: connected -232 341
# stats: dump at 1459415909
stats: users 200 800
stats: {load,"tsung_controller@daviddeMacBook-Pro"} 1 4.69140625 0.0 4.69140625 2.109375 2.7330729166666665 3
stats: {cpu,"tsung_controller@daviddeMacBook-Pro"} 1 0.0 0.0 0 0 0.0 3
stats: {freemem,"tsung_controller@daviddeMacBook-Pro"} 1 38.48046875 0.0 48.79296875 38.48046875 45.42578125 3
stats: session 120 23257.39468383789 1489.0038729856017 25050.80078125 5117.7880859375 11436.80307112069 580
stats: users_count 0 900
stats: finish_users_count 120 700
stats: request 141 22842.137797470627 1698.108212925175 25048.656005859375 5115.93603515625 11094.938447300565 559
stats: connect 0 0 0 688.176025390625 51.4580078125 87.95309163411456 900
stats: page 141 22842.137797470627 1698.108212925175 25048.656005859375 5115.93603515625 11094.938447300565 559
stats: 200 137 700
stats: size_rcv 999709 4421464
stats: size_sent 0 283244
stats: connected -141 200
# stats: dump at 1459415919
stats: users 200 800
stats: {load,"tsung_controller@daviddeMacBook-Pro"} 1 4.12109375 0.0 4.69140625 2.109375 3.22265625 4
stats: {cpu,"tsung_controller@daviddeMacBook-Pro"} 1 0.0 0.0 0 0 0.0 4
stats: {freemem,"tsung_controller@daviddeMacBook-Pro"} 1 35.93359375 0.0 48.79296875 35.93359375 43.689453125 4
stats: session 0 0 0 25050.80078125 5117.7880859375 13463.190204729353 700
stats: users_count 0 900
stats: finish_users_count 0 700
stats: request 0 0 0 25048.656005859375 5115.93603515625 13461.160030691964 700
stats: connect 0 0 0 688.176025390625 51.4580078125 87.95309163411456 900
stats: page 0 0 0 25048.656005859375 5115.93603515625 13461.160030691964 700
stats: 200 0 700
stats: size_rcv 0 4421464
stats: size_sent 0 283244
stats: connected 0 200
# stats: dump at 1459415929
stats: users 200 800
stats: {load,"tsung_controller@daviddeMacBook-Pro"} 1 3.640625 0.0 4.69140625 2.109375 3.40234375 5
stats: {cpu,"tsung_controller@daviddeMacBook-Pro"} 1 0.0 0.0 0 0 0.0 5
stats: {freemem,"tsung_controller@daviddeMacBook-Pro"} 1 43.7734375 0.0 48.79296875 35.93359375 42.13828125 5
stats: session 0 0 0 25050.80078125 5117.7880859375 13463.190204729353 700
stats: users_count 0 900
stats: finish_users_count 0 700
stats: request 0 0 0 25048.656005859375 5115.93603515625 13461.160030691964 700
stats: connect 0 0 0 688.176025390625 51.4580078125 87.95309163411456 900
stats: page 0 0 0 25048.656005859375 5115.93603515625 13461.160030691964 700
stats: 200 0 700
stats: size_rcv 0 4421464
stats: size_sent 0 283244
stats: connected 0 200
# stats: dump at 1459415935
stats: users 0 800
stats: {load,"tsung_controller@daviddeMacBook-Pro"} 1 3.390625 0.0 4.69140625 2.109375 3.4420572916666665 6
stats: {cpu,"tsung_controller@daviddeMacBook-Pro"} 1 0.0 0.0 0 0 0.0 6
stats: {freemem,"tsung_controller@daviddeMacBook-Pro"} 1 15.8671875 0.0 48.79296875 15.8671875 42.410807291666664 6
stats: session 200 60317.197341308594 135.21144867239383 61282.699951171875 5117.7880859375 13463.190204729353 700
stats: users_count 0 900
stats: finish_users_count 200 900
stats: request 200 60315.1728894043 135.2107650245107 61280.75 5115.93603515625 13461.160030691964 700
stats: connect 0 0 0 688.176025390625 51.4580078125 87.95309163411456 900
stats: page 200 60315.1728894043 135.2107650245107 61280.75 5115.93603515625 13461.160030691964 700
stats: 200 0 700
stats: size_rcv 538152 4959616
stats: size_sent 0 283244
stats: connected -200 0
stats: 500 200 200
EndMonitor:{1459,415935,839864}
