This file contains any messages produced by compilers while
running configure, to aid debugging if configure makes a mistake.

It was created by tsung configure 1.6.0, which was
generated by GNU Autoconf 2.69.  Invocation command line was

  $ ./configure 

## --------- ##
## Platform. ##
## --------- ##

hostname = pangxindeMacBook-Pro.local
uname -m = x86_64
uname -r = 16.3.0
uname -s = Darwin
uname -v = Darwin Kernel Version 16.3.0: Thu Nov 17 20:23:58 PST 2016; root:xnu-3789.31.2~1/RELEASE_X86_64

/usr/bin/uname -p = i386
/bin/uname -X     = unknown

/bin/arch              = unknown
/usr/bin/arch -k       = unknown
/usr/convex/getsysinfo = unknown
/usr/bin/hostinfo      = Mach kernel version:
	 Darwin Kernel Version 16.3.0: Thu Nov 17 20:23:58 PST 2016; root:xnu-3789.31.2~1/RELEASE_X86_64
Kernel configured for up to 4 processors.
2 processors are physically available.
4 processors are logically available.
Processor type: x86_64h (Intel x86-64h Haswell)
Processors active: 0 1 2 3
Primary memory available: 16.00 gigabytes
Default processor set: 314 tasks, 1651 threads, 4 processors
Load average: 1.73, Mach factor: 2.28
/bin/machine           = unknown
/usr/bin/oslevel       = unknown
/bin/universe          = unknown

PATH: /usr/local/bin
PATH: /usr/bin
PATH: /bin
PATH: /usr/sbin
PATH: /sbin
PATH: /Applications/Wireshark.app/Contents/MacOS
PATH: /Users/pangxin/.android-sdk-macosx/platform-tools/
PATH: /Users/pangxin/Job/code/tsung-1.6.0


## ----------- ##
## Core tests. ##
## ----------- ##

configure:1788: checking for sed
configure:1806: found /usr/bin/sed
configure:1818: result: /usr/bin/sed
configure:1890: checking for erlc
configure:1909: found /usr/local/bin/erlc
configure:1921: result: /usr/local/bin/erlc
configure:1998: checking for erl
configure:2017: found /usr/local/bin/erl
configure:2029: result: /usr/local/bin/erl
configure:2055: checking for dialyzer
configure:2074: found /usr/local/bin/dialyzer
configure:2087: result: /usr/local/bin/dialyzer
configure:2100: checking for erl
configure:2118: found /usr/local/bin/erl
configure:2130: result: /usr/local/bin/erl
configure:2189: checking for erlc
configure:2191: result: /usr/local/bin/erlc
configure:2299: checking for erl
configure:2301: result: /usr/local/bin/erl
configure:2408: checking for Erlang/OTP root directory
configure:2434: $ERLC $ERLCFLAGS -b beam conftest.$ac_ext >&5 && echo "#!/bin/sh" > conftest$ac_exeext && $as_echo "\"$ERL\" -run conftest start -run init stop -noshell" >> conftest$ac_exeext && chmod +x conftest$ac_exeext
configure:2434: $? = 0
configure:2434: ./conftest
configure:2434: $? = 0
configure:2453: result: /usr/local/lib/erlang
configure:2459: checking for Erlang/OTP 'xmerl' library subdirectory
configure:2490: $ERLC $ERLCFLAGS -b beam conftest.$ac_ext >&5 && echo "#!/bin/sh" > conftest$ac_exeext && $as_echo "\"$ERL\" -run conftest start -run init stop -noshell" >> conftest$ac_exeext && chmod +x conftest$ac_exeext
configure:2490: $? = 0
configure:2490: ./conftest
configure:2490: $? = 0
configure:2513: result: /usr/local/lib/erlang/lib/xmerl-1.3.6
configure:2515: checking for Erlang/OTP 'xmerl' library version
configure:2526: result: 1.3.6
configure:2536: checking for Erlang/OTP 'ssl' library subdirectory
configure:2567: $ERLC $ERLCFLAGS -b beam conftest.$ac_ext >&5 && echo "#!/bin/sh" > conftest$ac_exeext && $as_echo "\"$ERL\" -run conftest start -run init stop -noshell" >> conftest$ac_exeext && chmod +x conftest$ac_exeext
configure:2567: $? = 0
configure:2567: ./conftest
configure:2567: $? = 1
configure: program exited with status 1
configure: failed program was:
| -module(conftest).
| -export([start/0]).
| 
| start() ->
| 	    ReturnValue = case code:lib_dir("ssl") of
| 	    {error, bad_name} ->
| 		file:write_file("conftest.out", "not found\n"),
| 		1;
| 	    LibDir ->
| 		file:write_file("conftest.out", LibDir),
| 		0
| 	    end,
| 	    halt(ReturnValue)
| .
| 
configure:2590: result: not found
configure:2592: checking for Erlang/OTP 'ssl' library version
configure:2603: result: not found
configure:2613: checking for Erlang/OTP 'crypto' library subdirectory
configure:2644: $ERLC $ERLCFLAGS -b beam conftest.$ac_ext >&5 && echo "#!/bin/sh" > conftest$ac_exeext && $as_echo "\"$ERL\" -run conftest start -run init stop -noshell" >> conftest$ac_exeext && chmod +x conftest$ac_exeext
configure:2644: $? = 0
configure:2644: ./conftest
configure:2644: $? = 1
configure: program exited with status 1
configure: failed program was:
| -module(conftest).
| -export([start/0]).
| 
| start() ->
| 	    ReturnValue = case code:lib_dir("crypto") of
| 	    {error, bad_name} ->
| 		file:write_file("conftest.out", "not found\n"),
| 		1;
| 	    LibDir ->
| 		file:write_file("conftest.out", LibDir),
| 		0
| 	    end,
| 	    halt(ReturnValue)
| .
| 
configure:2667: result: not found
configure:2669: checking for Erlang/OTP 'crypto' library version
configure:2680: result: not found
configure:2690: checking for Erlang/OTP 'public_key' library subdirectory
configure:2721: $ERLC $ERLCFLAGS -b beam conftest.$ac_ext >&5 && echo "#!/bin/sh" > conftest$ac_exeext && $as_echo "\"$ERL\" -run conftest start -run init stop -noshell" >> conftest$ac_exeext && chmod +x conftest$ac_exeext
configure:2721: $? = 0
configure:2721: ./conftest
configure:2721: $? = 0
configure:2744: result: /usr/local/lib/erlang/lib/public_key-0.21
configure:2746: checking for Erlang/OTP 'public_key' library version
configure:2757: result: 0.21
configure:2768: checking if Erlang/OTP SSL application is running fine
configure:2793: $ERLC $ERLCFLAGS -b beam conftest.$ac_ext >&5 && echo "#!/bin/sh" > conftest$ac_exeext && $as_echo "\"$ERL\" -run conftest start -run init stop -noshell" >> conftest$ac_exeext && chmod +x conftest$ac_exeext
conftest.erl:7: Warning: variable 'Err' is unused
configure:2793: $? = 0
configure:2793: ./conftest
configure:2793: $? = 1
configure: program exited with status 1
configure: failed program was:
| -module(conftest).
| -export([start/0]).
| 
| start() ->
|          case application:start(ssl) of
|            ok  -> ok;
|            Err -> halt(1)
|          end,
|          halt(0)
| .
| 
configure:2820: $ERLC $ERLCFLAGS -b beam conftest.$ac_ext >&5 && echo "#!/bin/sh" > conftest$ac_exeext && $as_echo "\"$ERL\" -run conftest start -run init stop -noshell" >> conftest$ac_exeext && chmod +x conftest$ac_exeext
conftest.erl:10: Warning: variable 'Err' is unused
configure:2820: $? = 0
configure:2820: ./conftest
configure:2820: $? = 1
configure: program exited with status 1
configure: failed program was:
| -module(conftest).
| -export([start/0]).
| 
| start() ->
|                application:start(crypto),
|                application:start(asn1),
|                application:start(public_key),
|                case application:start(ssl) of
|                     ok  -> ok;
|                     Err -> halt(1)
|                end,
|                halt(0)
| .
| 
configure:2825: result: WARNING: ssl application is not working properly !!!
configure:2840: result: no
configure:2845: checking if Erlang/OTP crypto application is running fine
configure:2877: $ERLC $ERLCFLAGS -b beam conftest.$ac_ext >&5 && echo "#!/bin/sh" > conftest$ac_exeext && $as_echo "\"$ERL\" -run conftest start -run init stop -noshell" >> conftest$ac_exeext && chmod +x conftest$ac_exeext
conftest.erl:7: Warning: crypto:md5/1 is deprecated and will be removed in in a future release; use crypto:hash/2
configure:2877: $? = 0
configure:2877: ./conftest
configure:2877: $? = 1
configure: program exited with status 1
configure: failed program was:
| -module(conftest).
| -export([start/0]).
| 
| start() ->
|          case application:start(crypto) of
|            ok ->
|                  case catch crypto:md5("toto") of
|                    <<247,29,190,82,98,138,63,131,167,122,180,148,129,117,37, 198>> -> ok;
|                    _ ->
|                     halt(1)
|                  end;
|            Err ->
|              erlang:display(Err),
|              halt(1)
|          end,
|          halt(0)
| .
| 
configure:2881: result: WARNING: crypto application is not working properly !!!
configure:2889: result: no
configure:2892: checking if orelse is allowed in guards
configure:2917: $ERLC $ERLCFLAGS -b beam conftest.$ac_ext >&5 && echo "#!/bin/sh" > conftest$ac_exeext && $as_echo "\"$ERL\" -run conftest start -run init stop -noshell" >> conftest$ac_exeext && chmod +x conftest$ac_exeext
configure:2917: $? = 0
configure:2917: ./conftest
configure:2917: $? = 0
configure:2929: result: yes
configure:2941: checking whether make sets $(MAKE)
configure:2963: result: yes
configure:3015: checking for a BSD-compatible install
configure:3083: result: /usr/bin/install -c
configure:3123: Storing library files in /usr/local/lib
configure:3153: Storing data files in /usr/local/share/tsung
configure:3309: creating ./config.status

## ---------------------- ##
## Running config.status. ##
## ---------------------- ##

This file was extended by tsung config.status 1.6.0, which was
generated by GNU Autoconf 2.69.  Invocation command line was

  CONFIG_FILES    = 
  CONFIG_HEADERS  = 
  CONFIG_LINKS    = 
  CONFIG_COMMANDS = 
  $ ./config.status 

on pangxindeMacBook-Pro.local

config.status:751: creating Makefile
config.status:751: creating tsung.spec
config.status:751: creating tsung.sh
config.status:751: creating tsung-recorder.sh
config.status:751: creating examples/*.xml
config.status:751: creating examples/amqp.xml
config.status:751: creating examples/bosh.xml
config.status:751: creating examples/fs-nfs.xml
config.status:737: error: cannot find input file: `examples/h5_login.xml.in'

## ---------------- ##
## Cache variables. ##
## ---------------- ##

ac_cv_env_ERLCFLAGS_set=
ac_cv_env_ERLCFLAGS_value=
ac_cv_env_ERLC_set=
ac_cv_env_ERLC_value=
ac_cv_env_ERL_set=
ac_cv_env_ERL_value=
ac_cv_env_build_alias_set=
ac_cv_env_build_alias_value=
ac_cv_env_host_alias_set=
ac_cv_env_host_alias_value=
ac_cv_env_target_alias_set=
ac_cv_env_target_alias_value=
ac_cv_erlang_lib_dir_crypto='not found'
ac_cv_erlang_lib_dir_public_key=/usr/local/lib/erlang/lib/public_key-0.21
ac_cv_erlang_lib_dir_ssl='not found'
ac_cv_erlang_lib_dir_xmerl=/usr/local/lib/erlang/lib/xmerl-1.3.6
ac_cv_erlang_lib_ver_crypto='not found'
ac_cv_erlang_lib_ver_public_key=0.21
ac_cv_erlang_lib_ver_ssl='not found'
ac_cv_erlang_lib_ver_xmerl=1.3.6
ac_cv_erlang_root_dir=/usr/local/lib/erlang
ac_cv_path_DIALYZER=/usr/local/bin/dialyzer
ac_cv_path_SED=/usr/bin/sed
ac_cv_path_ac_prefix_program=/usr/local/bin/erl
ac_cv_path_ac_pt_ERL=/usr/local/bin/erl
ac_cv_path_ac_pt_ERLC=/usr/local/bin/erlc
ac_cv_path_install='/usr/bin/install -c'
ac_cv_prog_make_make_set=yes
erlang_cv_crypto_runnable=no
erlang_cv_orelse=yes
erlang_cv_ssl_runnable=no

## ----------------- ##
## Output variables. ##
## ----------------- ##

CONFIGURE_DEPENDENCIES='vsn.mk'
CONFIG_STATUS_DEPENDENCIES='vsn.mk'
DEFS='-DPACKAGE_NAME=\"tsung\" -DPACKAGE_TARNAME=\"tsung\" -DPACKAGE_VERSION=\"1.6.0\" -DPACKAGE_STRING=\"tsung\ 1.6.0\" -DPACKAGE_BUGREPORT=\"tsung-users@process-one.net\" -DPACKAGE_URL=\"\"'
DIALYZER='/usr/local/bin/dialyzer'
DTD='tsung-1.0.dtd'
ECHO_C='\c'
ECHO_N=''
ECHO_T=''
ERL='/usr/local/bin/erl'
ERLANG_APPLICATIONS='kernel,stdlib'
ERLANG_LIB_DIR_crypto='not found'
ERLANG_LIB_DIR_public_key='/usr/local/lib/erlang/lib/public_key-0.21'
ERLANG_LIB_DIR_ssl='not found'
ERLANG_LIB_DIR_xmerl='/usr/local/lib/erlang/lib/xmerl-1.3.6'
ERLANG_LIB_VER_crypto='not found'
ERLANG_LIB_VER_public_key='0.21'
ERLANG_LIB_VER_ssl='not found'
ERLANG_LIB_VER_xmerl='1.3.6'
ERLANG_ROOT_DIR='/usr/local/lib/erlang'
ERLC='/usr/local/bin/erlc'
ERLCFLAGS=''
ERL_OPTS=''
EXPANDED_LIBDIR='/usr/local/lib'
EXPANDED_SHAREDIR='/usr/local/share/tsung'
INSTALL_DATA='${INSTALL} -m 644'
INSTALL_PROGRAM='${INSTALL}'
INSTALL_SCRIPT='${INSTALL}'
LIBOBJS=''
LIBS=''
LTLIBOBJS=''
PACKAGE_BUGREPORT='tsung-users@process-one.net'
PACKAGE_NAME='tsung'
PACKAGE_STRING='tsung 1.6.0'
PACKAGE_TARNAME='tsung'
PACKAGE_URL=''
PACKAGE_VERSION='1.6.0'
PATH_SEPARATOR=':'
SED='/usr/bin/sed'
SET_MAKE=''
SHELL='/bin/sh'
TEMPLATES_SUBDIR='tsung/templates'
ac_prefix_program='/usr/local/bin/erl'
bindir='${exec_prefix}/bin'
build_alias=''
datadir='${datarootdir}'
datarootdir='${prefix}/share'
docdir='${datarootdir}/doc/${PACKAGE_TARNAME}'
dvidir='${docdir}'
erlang_cv_orelse='yes'
exec_prefix='${prefix}'
host_alias=''
htmldir='${docdir}'
includedir='${prefix}/include'
infodir='${datarootdir}/info'
libdir='${exec_prefix}/lib'
libexecdir='${exec_prefix}/libexec'
localedir='${datarootdir}/locale'
localstatedir='${prefix}/var'
mandir='${datarootdir}/man'
oldincludedir='/usr/include'
pdfdir='${docdir}'
prefix='/usr/local'
program_transform_name='s,x,x,'
psdir='${docdir}'
sbindir='${exec_prefix}/sbin'
sharedstatedir='${prefix}/com'
sysconfdir='${prefix}/etc'
target_alias=''

## ----------- ##
## confdefs.h. ##
## ----------- ##

/* confdefs.h */
#define PACKAGE_NAME "tsung"
#define PACKAGE_TARNAME "tsung"
#define PACKAGE_VERSION "1.6.0"
#define PACKAGE_STRING "tsung 1.6.0"
#define PACKAGE_BUGREPORT "tsung-users@process-one.net"
#define PACKAGE_URL ""

configure: exit 1
