# stats: dump at 1459245575
stats: users 422 603
stats: {load,"tsung_controller@daviddeMacBook-Pro"} 1 2.6015625 0 2.6015625 2.6015625 0 0
stats: {cpu,"tsung_controller@daviddeMacBook-Pro"} 1 0 0 0 0 0 0
stats: {freemem,"tsung_controller@daviddeMacBook-Pro"} 1 20.30078125 0 20.30078125 20.30078125 0 0
stats: session 443 3898.032570453586 1338.3017632919805 6971.02197265625 1163.93701171875 0 0
stats: users_count 865 865
stats: finish_users_count 443 443
stats: request 357 3985.5155894389004 1462.0153104773892 6468.375 1161.8310546875 0 0
stats: connect 669 12.440556319483365 1.8471999611123047 23.404052734375 8.051025390625 0 0
stats: page 357 3985.5155894389004 1462.0153104773892 6468.375 1161.8310546875 0 0
stats: 200 357 357
stats: size_rcv 483541 483541
stats: size_sent 211250 211250
stats: connected 312 312
# stats: dump at 1459245585
stats: users 710 710
stats: {load,"tsung_controller@daviddeMacBook-Pro"} 1 2.4296875 0.0 2.6015625 2.4296875 2.6015625 1
stats: {cpu,"tsung_controller@daviddeMacBook-Pro"} 1 0.0 0.0 0 0 0.0 1
stats: {freemem,"tsung_controller@daviddeMacBook-Pro"} 1 16.6796875 0.0 20.30078125 16.6796875 20.30078125 1
stats: session 670 1767.3480512476665 2095.629337512249 9111.082763671875 36.864013671875 3898.032570453586 443
stats: users_count 958 1823
stats: finish_users_count 670 1113
stats: request 755 1966.5239930411856 2056.5303224136396 9109.058837890625 34.952880859375 3985.5155894389004 357
stats: connect 687 590.6307794162802 788.8293390042181 2451.806884765625 8.051025390625 12.440556319483365 669
stats: page 755 1966.5239930411856 2056.5303224136396 9109.058837890625 34.952880859375 3985.5155894389004 357
stats: 200 755 1112
stats: size_rcv 1904456 2387997
stats: size_sent 216886 428136
stats: connected -68 244
# stats: dump at 1459245595
stats: users 521 792
stats: {load,"tsung_controller@daviddeMacBook-Pro"} 1 2.359375 0.0 2.6015625 2.359375 2.515625 2
stats: {cpu,"tsung_controller@daviddeMacBook-Pro"} 1 0.0 0.0 0 0 0.0 2
stats: {freemem,"tsung_controller@daviddeMacBook-Pro"} 1 15.70703125 0.0 20.30078125 15.70703125 18.490234375 2
stats: session 1204 2254.150875661854 4272.335148327925 13575.47802734375 34.18896484375 2615.410263294587 1113
stats: users_count 1015 2838
stats: finish_users_count 1204 2317
stats: request 1205 2251.197612892243 4270.6940415647305 13573.258056640625 32.05810546875 2614.7074462012433 1112
stats: page 1205 2251.197612892243 4270.6940415647305 13573.258056640625 32.05810546875 2614.7074462012433 1112
stats: connect 1205 1865.3052732348938 4415.267708307258 13043.6689453125 8.051025390625 305.3732135964004 1356
stats: 200 1205 2317
stats: size_rcv 400060 2788057
stats: size_sent 380442 808578
stats: connected 0 244
# stats: dump at 1459245605
stats: users 800 800
stats: {load,"tsung_controller@daviddeMacBook-Pro"} 1 2.30078125 0.0 2.6015625 2.30078125 2.4635416666666665 3
stats: {cpu,"tsung_controller@daviddeMacBook-Pro"} 1 0.0 0.0 0 0 0.0 3
stats: {freemem,"tsung_controller@daviddeMacBook-Pro"} 1 26.7109375 0.0 26.7109375 15.70703125 17.5625 3
stats: session 0 0 0 13575.47802734375 34.18896484375 2427.6863518963087 2317
stats: users_count 279 3117
stats: finish_users_count 0 2317
stats: request 0 0 0 13573.258056640625 32.05810546875 2425.6572307772703 2317
stats: connect 455 7159.197526935956 9839.723206059243 22430.56103515625 8.051025390625 1039.3513986273977 2561
stats: page 0 0 0 13573.258056640625 32.05810546875 2425.6572307772703 2317
stats: 200 0 2317
stats: size_rcv 0 2788057
stats: size_sent 143622 952200
stats: connected 455 699
# stats: dump at 1459245615
stats: users 800 800
stats: {load,"tsung_controller@daviddeMacBook-Pro"} 1 2.171875 0.0 2.6015625 2.171875 2.4228515625 4
stats: {cpu,"tsung_controller@daviddeMacBook-Pro"} 1 0.0 0.0 0 0 0.0 4
stats: {freemem,"tsung_controller@daviddeMacBook-Pro"} 1 15.2109375 0.0 26.7109375 15.2109375 19.849609375 4
stats: session 0 0 0 13575.47802734375 34.18896484375 2427.6863518963087 2317
stats: users_count 0 3117
stats: finish_users_count 0 2317
stats: request 0 0 0 13573.258056640625 32.05810546875 2425.6572307772703 2317
stats: page 0 0 0 13573.258056640625 32.05810546875 2425.6572307772703 2317
stats: connect 7 38943.86460658482 3.2259241958042186 38948.97900390625 8.051025390625 1962.6040472946372 3016
stats: 200 0 2317
stats: size_rcv 0 2788057
stats: size_sent 2214 954414
stats: connected 7 706
# stats: dump at 1459245625
stats: users 369 800
stats: {load,"tsung_controller@daviddeMacBook-Pro"} 1 2.0703125 0.0 2.6015625 2.0703125 2.37265625 5
stats: {cpu,"tsung_controller@daviddeMacBook-Pro"} 1 0.0 0.0 0 0 0.0 5
stats: {freemem,"tsung_controller@daviddeMacBook-Pro"} 1 16.3203125 0.0 26.7109375 15.2109375 18.921875 5
stats: session 431 33324.26164511125 8700.371242994128 51592.85888671875 34.18896484375 2427.6863518963087 2317
stats: users_count 0 3117
stats: finish_users_count 431 2748
stats: request 309 33384.50631289187 8505.525748634522 51591.35595703125 32.05810546875 2425.6572307772703 2317
stats: connect 31 38302.255363218246 165.01060264765476 38948.97900390625 8.051025390625 2048.2371349277937 3023
stats: page 309 33384.50631289187 8505.525748634522 51591.35595703125 32.05810546875 2425.6572307772703 2317
stats: 200 309 2626
stats: size_rcv 102588 2890645
stats: size_sent 9750 964164
stats: connected -278 428
# stats: dump at 1459245635
stats: users 197 800
stats: {load,"tsung_controller@daviddeMacBook-Pro"} 1 1.98046875 0.0 2.6015625 1.98046875 2.322265625 6
stats: {cpu,"tsung_controller@daviddeMacBook-Pro"} 1 0.0 0.0 0 0 0.0 6
stats: {freemem,"tsung_controller@daviddeMacBook-Pro"} 1 20.03515625 0.0 26.7109375 15.2109375 18.48828125 6
stats: session 172 54078.69133385947 6800.071605625029 64934.77587890625 34.18896484375 7273.546596210588 2748
stats: users_count 0 3117
stats: finish_users_count 172 2920
stats: page 294 45398.87384656008 12966.721069254723 64932.660888671875 32.05810546875 6068.568261384054 2626
stats: request 294 45398.87384656008 12966.721069254723 64932.660888671875 32.05810546875 6068.568261384054 2626
stats: connect 18 36444.90181477865 184.6844122509889 38948.97900390625 8.051025390625 2416.2379748351295 3054
stats: 200 208 2834
stats: size_rcv 299860 3190505
stats: size_sent 5684 969848
stats: connected -276 152
stats: 500 86 86
# stats: dump at 1459245645
stats: users 126 800
stats: {load,"tsung_controller@daviddeMacBook-Pro"} 1 2.0703125 0.0 2.6015625 1.98046875 2.2734375 7
stats: {cpu,"tsung_controller@daviddeMacBook-Pro"} 1 0.0 0.0 0 0 0.0 7
stats: {freemem,"tsung_controller@daviddeMacBook-Pro"} 1 45.85546875 0.0 45.85546875 15.2109375 18.709263392857142 7
stats: session 71 60843.43810863226 820.9471963307532 64934.77587890625 34.18896484375 10030.561971167988 2920
stats: users_count 0 3117
stats: finish_users_count 71 2991
stats: request 71 60841.32927349252 820.9095385209004 64932.660888671875 32.05810546875 10028.537385370955 2920
stats: connect 0 0 0 38948.97900390625 8.051025390625 2615.6246770222983 3072
stats: 200 0 2834
stats: page 71 60841.32927349252 820.9095385209004 64932.660888671875 32.05810546875 10028.537385370955 2920
stats: size_rcv 190518 3381023
stats: size_sent 0 969848
stats: connected -71 81
stats: 500 71 157
# stats: dump at 1459245655
stats: users 63 800
stats: {load,"tsung_controller@daviddeMacBook-Pro"} 1 2.140625 0.0 2.6015625 1.98046875 2.248046875 8
stats: {cpu,"tsung_controller@daviddeMacBook-Pro"} 1 0.0 0.0 0 0 0.0 8
stats: {freemem,"tsung_controller@daviddeMacBook-Pro"} 1 30.94140625 0.0 45.85546875 15.2109375 22.1025390625 8
stats: session 63 61213.67349097842 3619.856294948538 73066.10205078125 34.18896484375 11236.751943003483 2991
stats: users_count 0 3117
stats: finish_users_count 63 3054
stats: request 63 61211.59614490328 3619.8232104753606 73063.92578125 32.05810546875 11234.725357305635 2991
stats: connect 18 71282.93755425347 197.41935322087005 71958.20092773438 8.051025390625 2615.6246770222983 3072
stats: page 63 61211.59614490328 3619.8232104753606 73063.92578125 32.05810546875 11234.725357305635 2991
stats: 200 0 2834
stats: size_rcv 169086 3550109
stats: size_sent 5676 975524
stats: connected -45 36
stats: 500 63 220
# stats: dump at 1459245665
stats: users 63 800
stats: {load,"tsung_controller@daviddeMacBook-Pro"} 1 2.03125 0.0 2.6015625 1.98046875 2.236111111111111 9
stats: {cpu,"tsung_controller@daviddeMacBook-Pro"} 1 0.0 0.0 0 0 0.0 9
stats: {freemem,"tsung_controller@daviddeMacBook-Pro"} 1 33.33984375 0.0 45.85546875 15.2109375 23.084635416666668 9
stats: session 0 0 0 73066.10205078125 34.18896484375 12267.710049592357 3054
stats: users_count 0 3117
stats: finish_users_count 0 3054
stats: connect 15 32204.21414388021 34415.651623208614 71958.20092773438 8.051025390625 3015.6284413556837 3090
stats: page 0 0 0 73063.92578125 32.05810546875 12265.682416774742 3054
stats: request 0 0 0 73063.92578125 32.05810546875 12265.682416774742 3054
stats: 200 0 2834
stats: size_rcv 0 3550109
stats: size_sent 4742 980266
stats: connected 15 51
stats: error_connect_etimedout 8 8
stats: 500 0 220
# stats: dump at 1459245675
stats: users 63 800
stats: {load,"tsung_controller@daviddeMacBook-Pro"} 1 1.94921875 0.0 2.6015625 1.94921875 2.215625 10
stats: {cpu,"tsung_controller@daviddeMacBook-Pro"} 1 0.0 0.0 0 0 0.0 10
stats: {freemem,"tsung_controller@daviddeMacBook-Pro"} 1 29.3125 0.0 45.85546875 15.2109375 24.11015625 10
stats: session 0 0 0 73066.10205078125 34.18896484375 12267.710049592357 3054
stats: users_count 0 3117
stats: finish_users_count 0 3054
stats: request 0 0 0 73063.92578125 32.05810546875 12265.682416774742 3054
stats: page 0 0 0 73063.92578125 32.05810546875 12265.682416774742 3054
stats: connect 12 40058.362141927086 33846.472968305985 71958.20092773438 8.051025390625 3156.6361017543527 3105
stats: 200 0 2834
stats: size_rcv 0 3550109
stats: size_sent 3792 984058
stats: connected 12 63
stats: error_connect_etimedout 5 13
stats: 500 0 220
# stats: dump at 1459245685
stats: users 63 800
stats: {load,"tsung_controller@daviddeMacBook-Pro"} 1 2.109375 0.0 2.6015625 1.94921875 2.19140625 11
stats: {cpu,"tsung_controller@daviddeMacBook-Pro"} 1 0.0 0.0 0 0 0.0 11
stats: {freemem,"tsung_controller@daviddeMacBook-Pro"} 1 28.203125 0.0 45.85546875 15.2109375 24.58309659090909 11
stats: session 0 0 0 73066.10205078125 34.18896484375 12267.710049592357 3054
stats: users_count 0 3117
stats: finish_users_count 0 3054
stats: request 0 0 0 73063.92578125 32.05810546875 12265.682416774742 3054
stats: connect 0 0 0 71958.20092773438 8.051025390625 3298.7024195221015 3117
stats: page 0 0 0 73063.92578125 32.05810546875 12265.682416774742 3054
stats: 200 0 2834
stats: size_rcv 0 3550109
stats: size_sent 0 984058
stats: connected 0 63
stats: error_connect_etimedout 0 13
stats: 500 0 220
# stats: dump at 1459245695
stats: users 18 800
stats: {load,"tsung_controller@daviddeMacBook-Pro"} 1 2.1796875 0.0 2.6015625 1.94921875 2.1845703125 12
stats: {cpu,"tsung_controller@daviddeMacBook-Pro"} 1 0.0 0.0 0 0 0.0 12
stats: {freemem,"tsung_controller@daviddeMacBook-Pro"} 1 19.63671875 0.0 45.85546875 15.2109375 24.884765625 12
stats: session 45 98258.0338921441 5296.6088217446195 110835.72290039063 34.18896484375 12267.710049592357 3054
stats: users_count 0 3117
stats: finish_users_count 45 3099
stats: request 45 75615.49423828129 31426.49688272141 96777.83422851563 32.05810546875 12265.682416774742 3054
stats: connect 0 0 0 71958.20092773438 8.051025390625 3298.7024195221015 3117
stats: page 45 75615.49423828129 31426.49688272141 96777.83422851563 32.05810546875 12265.682416774742 3054
stats: 200 27 2861
stats: size_rcv 57272 3607381
stats: size_sent 0 984058
stats: connected -45 18
stats: error_connect_etimedout 0 13
stats: 500 18 238
# stats: dump at 1459245705
stats: users 18 800
stats: {load,"tsung_controller@daviddeMacBook-Pro"} 1 2.21875 0.0 2.6015625 1.94921875 2.1841947115384617 13
stats: {cpu,"tsung_controller@daviddeMacBook-Pro"} 1 0.0 0.0 0 0 0.0 13
stats: {freemem,"tsung_controller@daviddeMacBook-Pro"} 1 22.69921875 0.0 45.85546875 15.2109375 24.48106971153846 13
stats: session 0 0 0 110835.72290039063 34.18896484375 13516.359476154095 3099
stats: users_count 0 3117
stats: finish_users_count 0 3099
stats: request 0 0 0 96777.83422851563 32.05810546875 13185.573198306784 3099
stats: connect 0 0 0 71958.20092773438 8.051025390625 3298.7024195221015 3117
stats: page 0 0 0 96777.83422851563 32.05810546875 13185.573198306784 3099
stats: 200 0 2861
stats: size_rcv 0 3607381
stats: size_sent 0 984058
stats: connected 0 18
stats: error_connect_etimedout 0 13
stats: 500 0 238
# stats: dump at 1459245713
stats: users 0 800
stats: {load,"tsung_controller@daviddeMacBook-Pro"} 1 2.109375 0.0 2.6015625 1.94921875 2.1866629464285716 14
stats: {cpu,"tsung_controller@daviddeMacBook-Pro"} 1 0.0 0.0 0 0 0.0 14
stats: {freemem,"tsung_controller@daviddeMacBook-Pro"} 1 113.54296875 0.0 113.54296875 15.2109375 24.353794642857142 14
stats: session 18 131304.54357910162 196.84212406043284 131979.45385742188 34.18896484375 13516.359476154095 3099
stats: users_count 0 3117
stats: finish_users_count 18 3117
stats: request 18 131302.33970811634 196.82065862307275 131977.31494140625 32.05810546875 13185.573198306784 3099
stats: page 18 131302.33970811634 196.82065862307275 131977.31494140625 32.05810546875 13185.573198306784 3099
stats: connect 0 0 0 71958.20092773438 8.051025390625 3298.7024195221015 3117
stats: 200 0 2861
stats: size_rcv 48300 3655681
stats: size_sent 0 984058
stats: connected -18 0
stats: error_connect_etimedout 0 13
stats: 500 18 256
EndMonitor:{1459,245713,498852}
