
=INFO REPORT==== 31-Mar-2016::10:54:22 ===
    ts_config_server:(5:<0.71.0>) Config server started, logdir is "/Users/admin/Job/jshy/tsung/tsung-1.6.0/examples/log/20160331-1054"
 
=INFO REPORT==== 31-Mar-2016::10:54:22 ===
              ts_mon:(5:<0.52.0>) starting monitor, global 

=INFO REPORT==== 31-Mar-2016::10:54:22 ===
           ts_config:(5:<0.71.0>) Reading config file: http_simple2.xml

=INFO REPORT==== 31-Mar-2016::10:54:22 ===
      ts_config_http:(4:<0.71.0>) Get user agent: 80 "Mozilla/5.0 (X11; U; Linux i686; en-US; rv:1.7.8) Gecko/20050513 Galeon/1.3.21" 

=INFO REPORT==== 31-Mar-2016::10:54:22 ===
      ts_config_http:(4:<0.71.0>) Get user agent: 20 "Mozilla/5.0 (Windows; U; Windows NT 5.2; fr-FR; rv:1.7.8) Gecko/20050511 Firefox/1.0.4" 

=INFO REPORT==== 31-Mar-2016::10:54:22 ===
           ts_config:(5:<0.71.0>) Session name for id 1 is "http-example"

=INFO REPORT==== 31-Mar-2016::10:54:22 ===
    ts_config_server:(4:<0.71.0>) SYSINFO:Tsung version: 1.6.0

=INFO REPORT==== 31-Mar-2016::10:54:22 ===
    ts_config_server:(4:<0.71.0>) SYSINFO:Erlang version: Erlang R16B03-1 (erts-5.10.4) [source] [64-bit] [smp:4:4] [async-threads:8] [hipe] [kernel-poll:true]


=INFO REPORT==== 31-Mar-2016::10:54:22 ===
    ts_config_server:(4:<0.71.0>) SYSINFO:System architecture x86_64-apple-darwin14.3.0

=INFO REPORT==== 31-Mar-2016::10:54:22 ===
    ts_config_server:(4:<0.71.0>) SYSINFO:Current path: /usr/local/lib/erlang/lib/tsung-1.6.0/ebin/tsung.beam

=INFO REPORT==== 31-Mar-2016::10:54:22 ===
      ts_os_mon_snmp:(5:<0.89.0>) starting os_mon_snmp with args {"myserver",
                                                                  {161,
                                                                   "public",
                                                                   v2,[]},
                                                                  10000,
                                                                  {global,
                                                                   ts_mon}}
=INFO REPORT==== 31-Mar-2016::10:54:30 ===
              ts_mon:(5:<0.72.0>) Activate clients with text backend

=INFO REPORT==== 31-Mar-2016::10:54:30 ===
              ts_mon:(5:<0.72.0>) Starting tsung clients on hosts: [localhost]

=INFO REPORT==== 31-Mar-2016::10:54:30 ===
    ts_config_server:(5:<0.71.0>) Start a launcher on the controller beam localhost

=INFO REPORT==== 31-Mar-2016::10:54:30 ===
    alarm_handler: {set,{{disk_almost_full,"/"},[]}}

=INFO REPORT==== 31-Mar-2016::10:54:30 ===
    alarm_handler: {set,{system_memory_high_watermark,[]}}

=ERROR REPORT==== 31-Mar-2016::10:54:30 ===
OS_MON (cpu_sup), util/1 unavailable for this OS

=INFO REPORT==== 31-Mar-2016::10:54:30 ===
  ts_launcher_static:(5:<0.132.0>) Launch msg receive ("localhost")

=INFO REPORT==== 31-Mar-2016::10:54:30 ===
         ts_launcher:(5:<0.134.0>) Launch msg receive ("localhost")

=INFO REPORT==== 31-Mar-2016::10:54:30 ===
    ts_config_server:(5:<0.71.0>) All remote beams started, syncing 

=INFO REPORT==== 31-Mar-2016::10:54:30 ===
    ts_config_server:(5:<0.71.0>) Undefined ports_range config 

=INFO REPORT==== 31-Mar-2016::10:54:30 ===
    ts_config_server:(5:<0.71.0>) New arrival phase 1 for client "localhost" (last ? true): will start 6000 users

=INFO REPORT==== 31-Mar-2016::10:54:30 ===
         ts_launcher:(5:<0.134.0>) Expected duration of first phase: 60.0 sec (6000 users) 

=INFO REPORT==== 31-Mar-2016::10:54:30 ===
         ts_launcher:(5:<0.134.0>) Can't get file descriptors limit from system, you should verify that 'maxusers' has a good value 
=INFO REPORT==== 31-Mar-2016::10:54:30 ===
         ts_launcher:(5:<0.134.0>) Activate launcher (6000 users) in 995 msec 

=ERROR REPORT==== 31-Mar-2016::10:54:40 ===
OS_MON (cpu_sup), util/1 unavailable for this OS

=INFO REPORT==== 31-Mar-2016::10:54:40 ===
         ts_launcher:(5:<0.134.0>) Max number of concurrent clients reached, must start a new beam

=INFO REPORT==== 31-Mar-2016::10:54:40 ===
    ts_config_server:(0:<0.71.0>) Maximum number of concurrent users in a single VM reached and 'use_controller_vm' is true, can't start new beam !!! Check 'maxusers' value in <client> configuration.

=ERROR REPORT==== 31-Mar-2016::10:54:50 ===
OS_MON (cpu_sup), util/1 unavailable for this OS

=ERROR REPORT==== 31-Mar-2016::10:55:00 ===
OS_MON (cpu_sup), util/1 unavailable for this OS

=ERROR REPORT==== 31-Mar-2016::10:55:10 ===
OS_MON (cpu_sup), util/1 unavailable for this OS

=ERROR REPORT==== 31-Mar-2016::10:55:20 ===
OS_MON (cpu_sup), util/1 unavailable for this OS

=ERROR REPORT==== 31-Mar-2016::10:55:30 ===
OS_MON (cpu_sup), util/1 unavailable for this OS

=ERROR REPORT==== 31-Mar-2016::10:55:40 ===
OS_MON (cpu_sup), util/1 unavailable for this OS

=ERROR REPORT==== 31-Mar-2016::10:55:50 ===
OS_MON (cpu_sup), util/1 unavailable for this OS

=ERROR REPORT==== 31-Mar-2016::10:56:00 ===
OS_MON (cpu_sup), util/1 unavailable for this OS

=ERROR REPORT==== 31-Mar-2016::10:56:10 ===
OS_MON (cpu_sup), util/1 unavailable for this OS

=ERROR REPORT==== 31-Mar-2016::10:56:20 ===
OS_MON (cpu_sup), util/1 unavailable for this OS

=ERROR REPORT==== 31-Mar-2016::10:56:30 ===
OS_MON (cpu_sup), util/1 unavailable for this OS

=ERROR REPORT==== 31-Mar-2016::10:56:40 ===
OS_MON (cpu_sup), util/1 unavailable for this OS

=ERROR REPORT==== 31-Mar-2016::10:56:50 ===
OS_MON (cpu_sup), util/1 unavailable for this OS

=ERROR REPORT==== 31-Mar-2016::10:57:00 ===
OS_MON (cpu_sup), util/1 unavailable for this OS

=ERROR REPORT==== 31-Mar-2016::10:57:10 ===
OS_MON (cpu_sup), util/1 unavailable for this OS

=ERROR REPORT==== 31-Mar-2016::10:57:21 ===
OS_MON (cpu_sup), util/1 unavailable for this OS

=ERROR REPORT==== 31-Mar-2016::10:57:31 ===
OS_MON (cpu_sup), util/1 unavailable for this OS

=ERROR REPORT==== 31-Mar-2016::10:57:41 ===
OS_MON (cpu_sup), util/1 unavailable for this OS

=ERROR REPORT==== 31-Mar-2016::10:57:51 ===
OS_MON (cpu_sup), util/1 unavailable for this OS

=ERROR REPORT==== 31-Mar-2016::10:58:01 ===
OS_MON (cpu_sup), util/1 unavailable for this OS

=ERROR REPORT==== 31-Mar-2016::10:58:11 ===
OS_MON (cpu_sup), util/1 unavailable for this OS

=ERROR REPORT==== 31-Mar-2016::10:58:21 ===
OS_MON (cpu_sup), util/1 unavailable for this OS

=ERROR REPORT==== 31-Mar-2016::10:58:31 ===
OS_MON (cpu_sup), util/1 unavailable for this OS

=ERROR REPORT==== 31-Mar-2016::10:58:41 ===
OS_MON (cpu_sup), util/1 unavailable for this OS

=ERROR REPORT==== 31-Mar-2016::10:58:51 ===
OS_MON (cpu_sup), util/1 unavailable for this OS

=ERROR REPORT==== 31-Mar-2016::10:59:01 ===
OS_MON (cpu_sup), util/1 unavailable for this OS

=ERROR REPORT==== 31-Mar-2016::10:59:11 ===
OS_MON (cpu_sup), util/1 unavailable for this OS

=ERROR REPORT==== 31-Mar-2016::10:59:21 ===
OS_MON (cpu_sup), util/1 unavailable for this OS

=ERROR REPORT==== 31-Mar-2016::10:59:31 ===
OS_MON (cpu_sup), util/1 unavailable for this OS

=ERROR REPORT==== 31-Mar-2016::10:59:41 ===
OS_MON (cpu_sup), util/1 unavailable for this OS

=ERROR REPORT==== 31-Mar-2016::10:59:51 ===
OS_MON (cpu_sup), util/1 unavailable for this OS

=ERROR REPORT==== 31-Mar-2016::11:00:01 ===
OS_MON (cpu_sup), util/1 unavailable for this OS

=ERROR REPORT==== 31-Mar-2016::11:00:11 ===
OS_MON (cpu_sup), util/1 unavailable for this OS

=ERROR REPORT==== 31-Mar-2016::11:00:21 ===
OS_MON (cpu_sup), util/1 unavailable for this OS

=ERROR REPORT==== 31-Mar-2016::11:00:31 ===
OS_MON (cpu_sup), util/1 unavailable for this OS

=ERROR REPORT==== 31-Mar-2016::11:00:41 ===
OS_MON (cpu_sup), util/1 unavailable for this OS

=ERROR REPORT==== 31-Mar-2016::11:00:51 ===
OS_MON (cpu_sup), util/1 unavailable for this OS

=ERROR REPORT==== 31-Mar-2016::11:01:01 ===
OS_MON (cpu_sup), util/1 unavailable for this OS

=ERROR REPORT==== 31-Mar-2016::11:01:11 ===
OS_MON (cpu_sup), util/1 unavailable for this OS

=ERROR REPORT==== 31-Mar-2016::11:01:21 ===
OS_MON (cpu_sup), util/1 unavailable for this OS

=ERROR REPORT==== 31-Mar-2016::11:01:31 ===
OS_MON (cpu_sup), util/1 unavailable for this OS

=ERROR REPORT==== 31-Mar-2016::11:01:41 ===
OS_MON (cpu_sup), util/1 unavailable for this OS

=ERROR REPORT==== 31-Mar-2016::11:01:51 ===
OS_MON (cpu_sup), util/1 unavailable for this OS

=ERROR REPORT==== 31-Mar-2016::11:02:01 ===
OS_MON (cpu_sup), util/1 unavailable for this OS

=ERROR REPORT==== 31-Mar-2016::11:02:11 ===
OS_MON (cpu_sup), util/1 unavailable for this OS

=ERROR REPORT==== 31-Mar-2016::11:02:21 ===
OS_MON (cpu_sup), util/1 unavailable for this OS

=ERROR REPORT==== 31-Mar-2016::11:02:31 ===
OS_MON (cpu_sup), util/1 unavailable for this OS

=ERROR REPORT==== 31-Mar-2016::11:02:42 ===
OS_MON (cpu_sup), util/1 unavailable for this OS

=ERROR REPORT==== 31-Mar-2016::11:02:52 ===
OS_MON (cpu_sup), util/1 unavailable for this OS

=ERROR REPORT==== 31-Mar-2016::11:03:02 ===
OS_MON (cpu_sup), util/1 unavailable for this OS

=ERROR REPORT==== 31-Mar-2016::11:03:12 ===
OS_MON (cpu_sup), util/1 unavailable for this OS

=ERROR REPORT==== 31-Mar-2016::11:03:22 ===
OS_MON (cpu_sup), util/1 unavailable for this OS

=ERROR REPORT==== 31-Mar-2016::11:03:32 ===
OS_MON (cpu_sup), util/1 unavailable for this OS

=ERROR REPORT==== 31-Mar-2016::11:03:42 ===
OS_MON (cpu_sup), util/1 unavailable for this OS

=ERROR REPORT==== 31-Mar-2016::11:03:52 ===
OS_MON (cpu_sup), util/1 unavailable for this OS

=ERROR REPORT==== 31-Mar-2016::11:04:02 ===
OS_MON (cpu_sup), util/1 unavailable for this OS

=ERROR REPORT==== 31-Mar-2016::11:04:12 ===
OS_MON (cpu_sup), util/1 unavailable for this OS

=ERROR REPORT==== 31-Mar-2016::11:04:22 ===
OS_MON (cpu_sup), util/1 unavailable for this OS

=ERROR REPORT==== 31-Mar-2016::11:04:32 ===
OS_MON (cpu_sup), util/1 unavailable for this OS

=INFO REPORT==== 31-Mar-2016::11:04:42 ===
           ts_client:(3:<0.612.0>) Error: timeout receive in state wait_ack

=ERROR REPORT==== 31-Mar-2016::11:04:42 ===
OS_MON (cpu_sup), util/1 unavailable for this OS

=ERROR REPORT==== 31-Mar-2016::11:04:52 ===
OS_MON (cpu_sup), util/1 unavailable for this OS

=INFO REPORT==== 31-Mar-2016::11:04:52 ===
           ts_client:(3:<0.756.0>) Error: timeout receive in state wait_ack

=INFO REPORT==== 31-Mar-2016::11:05:01 ===
           ts_client:(3:<0.891.0>) Error: timeout receive in state wait_ack

=ERROR REPORT==== 31-Mar-2016::11:05:02 ===
OS_MON (cpu_sup), util/1 unavailable for this OS

=ERROR REPORT==== 31-Mar-2016::11:05:12 ===
OS_MON (cpu_sup), util/1 unavailable for this OS

=ERROR REPORT==== 31-Mar-2016::11:05:22 ===
OS_MON (cpu_sup), util/1 unavailable for this OS

=ERROR REPORT==== 31-Mar-2016::11:05:32 ===
OS_MON (cpu_sup), util/1 unavailable for this OS

=ERROR REPORT==== 31-Mar-2016::11:05:42 ===
OS_MON (cpu_sup), util/1 unavailable for this OS

=ERROR REPORT==== 31-Mar-2016::11:05:52 ===
OS_MON (cpu_sup), util/1 unavailable for this OS

=ERROR REPORT==== 31-Mar-2016::11:06:02 ===
OS_MON (cpu_sup), util/1 unavailable for this OS

=ERROR REPORT==== 31-Mar-2016::11:06:12 ===
OS_MON (cpu_sup), util/1 unavailable for this OS

=ERROR REPORT==== 31-Mar-2016::11:06:22 ===
OS_MON (cpu_sup), util/1 unavailable for this OS

=ERROR REPORT==== 31-Mar-2016::11:06:32 ===
OS_MON (cpu_sup), util/1 unavailable for this OS

=ERROR REPORT==== 31-Mar-2016::11:06:42 ===
OS_MON (cpu_sup), util/1 unavailable for this OS

=ERROR REPORT==== 31-Mar-2016::11:06:52 ===
OS_MON (cpu_sup), util/1 unavailable for this OS

=ERROR REPORT==== 31-Mar-2016::11:07:02 ===
OS_MON (cpu_sup), util/1 unavailable for this OS

=ERROR REPORT==== 31-Mar-2016::11:07:12 ===
OS_MON (cpu_sup), util/1 unavailable for this OS

=ERROR REPORT==== 31-Mar-2016::11:07:22 ===
OS_MON (cpu_sup), util/1 unavailable for this OS

=ERROR REPORT==== 31-Mar-2016::11:07:32 ===
OS_MON (cpu_sup), util/1 unavailable for this OS

=ERROR REPORT==== 31-Mar-2016::11:07:42 ===
OS_MON (cpu_sup), util/1 unavailable for this OS

=ERROR REPORT==== 31-Mar-2016::11:07:52 ===
OS_MON (cpu_sup), util/1 unavailable for this OS

=ERROR REPORT==== 31-Mar-2016::11:08:02 ===
OS_MON (cpu_sup), util/1 unavailable for this OS

=ERROR REPORT==== 31-Mar-2016::11:08:12 ===
OS_MON (cpu_sup), util/1 unavailable for this OS

=ERROR REPORT==== 31-Mar-2016::11:08:22 ===
OS_MON (cpu_sup), util/1 unavailable for this OS

=ERROR REPORT==== 31-Mar-2016::11:08:33 ===
OS_MON (cpu_sup), util/1 unavailable for this OS

=ERROR REPORT==== 31-Mar-2016::11:08:43 ===
OS_MON (cpu_sup), util/1 unavailable for this OS

=ERROR REPORT==== 31-Mar-2016::11:08:53 ===
OS_MON (cpu_sup), util/1 unavailable for this OS

=ERROR REPORT==== 31-Mar-2016::11:09:03 ===
OS_MON (cpu_sup), util/1 unavailable for this OS

=ERROR REPORT==== 31-Mar-2016::11:09:13 ===
OS_MON (cpu_sup), util/1 unavailable for this OS

=ERROR REPORT==== 31-Mar-2016::11:09:23 ===
OS_MON (cpu_sup), util/1 unavailable for this OS

=ERROR REPORT==== 31-Mar-2016::11:09:33 ===
OS_MON (cpu_sup), util/1 unavailable for this OS

=ERROR REPORT==== 31-Mar-2016::11:09:43 ===
OS_MON (cpu_sup), util/1 unavailable for this OS

=ERROR REPORT==== 31-Mar-2016::11:09:53 ===
OS_MON (cpu_sup), util/1 unavailable for this OS

=ERROR REPORT==== 31-Mar-2016::11:10:03 ===
OS_MON (cpu_sup), util/1 unavailable for this OS

=ERROR REPORT==== 31-Mar-2016::11:10:13 ===
OS_MON (cpu_sup), util/1 unavailable for this OS

=ERROR REPORT==== 31-Mar-2016::11:10:23 ===
OS_MON (cpu_sup), util/1 unavailable for this OS

=ERROR REPORT==== 31-Mar-2016::11:10:33 ===
OS_MON (cpu_sup), util/1 unavailable for this OS

=ERROR REPORT==== 31-Mar-2016::11:10:43 ===
OS_MON (cpu_sup), util/1 unavailable for this OS

=ERROR REPORT==== 31-Mar-2016::11:10:53 ===
OS_MON (cpu_sup), util/1 unavailable for this OS

=ERROR REPORT==== 31-Mar-2016::11:11:03 ===
OS_MON (cpu_sup), util/1 unavailable for this OS

=ERROR REPORT==== 31-Mar-2016::11:11:13 ===
OS_MON (cpu_sup), util/1 unavailable for this OS

=ERROR REPORT==== 31-Mar-2016::11:11:23 ===
OS_MON (cpu_sup), util/1 unavailable for this OS

=ERROR REPORT==== 31-Mar-2016::11:11:33 ===
OS_MON (cpu_sup), util/1 unavailable for this OS

=ERROR REPORT==== 31-Mar-2016::11:11:43 ===
OS_MON (cpu_sup), util/1 unavailable for this OS

=ERROR REPORT==== 31-Mar-2016::11:11:53 ===
OS_MON (cpu_sup), util/1 unavailable for this OS

=ERROR REPORT==== 31-Mar-2016::11:12:03 ===
OS_MON (cpu_sup), util/1 unavailable for this OS

=ERROR REPORT==== 31-Mar-2016::11:12:13 ===
OS_MON (cpu_sup), util/1 unavailable for this OS

=ERROR REPORT==== 31-Mar-2016::11:12:23 ===
OS_MON (cpu_sup), util/1 unavailable for this OS

=ERROR REPORT==== 31-Mar-2016::11:12:33 ===
OS_MON (cpu_sup), util/1 unavailable for this OS

=ERROR REPORT==== 31-Mar-2016::11:12:43 ===
OS_MON (cpu_sup), util/1 unavailable for this OS

=ERROR REPORT==== 31-Mar-2016::11:12:53 ===
OS_MON (cpu_sup), util/1 unavailable for this OS

=ERROR REPORT==== 31-Mar-2016::11:13:03 ===
OS_MON (cpu_sup), util/1 unavailable for this OS

=ERROR REPORT==== 31-Mar-2016::11:13:13 ===
OS_MON (cpu_sup), util/1 unavailable for this OS

=ERROR REPORT==== 31-Mar-2016::11:13:23 ===
OS_MON (cpu_sup), util/1 unavailable for this OS

=ERROR REPORT==== 31-Mar-2016::11:13:33 ===
OS_MON (cpu_sup), util/1 unavailable for this OS

=ERROR REPORT==== 31-Mar-2016::11:13:43 ===
OS_MON (cpu_sup), util/1 unavailable for this OS

=ERROR REPORT==== 31-Mar-2016::11:13:53 ===
OS_MON (cpu_sup), util/1 unavailable for this OS

=ERROR REPORT==== 31-Mar-2016::11:14:03 ===
OS_MON (cpu_sup), util/1 unavailable for this OS

=ERROR REPORT==== 31-Mar-2016::11:14:13 ===
OS_MON (cpu_sup), util/1 unavailable for this OS

=ERROR REPORT==== 31-Mar-2016::11:14:23 ===
OS_MON (cpu_sup), util/1 unavailable for this OS

=ERROR REPORT==== 31-Mar-2016::11:14:34 ===
OS_MON (cpu_sup), util/1 unavailable for this OS

=ERROR REPORT==== 31-Mar-2016::11:14:44 ===
OS_MON (cpu_sup), util/1 unavailable for this OS

=ERROR REPORT==== 31-Mar-2016::11:14:54 ===
OS_MON (cpu_sup), util/1 unavailable for this OS

=ERROR REPORT==== 31-Mar-2016::11:15:04 ===
OS_MON (cpu_sup), util/1 unavailable for this OS

=ERROR REPORT==== 31-Mar-2016::11:15:14 ===
OS_MON (cpu_sup), util/1 unavailable for this OS

=ERROR REPORT==== 31-Mar-2016::11:15:24 ===
OS_MON (cpu_sup), util/1 unavailable for this OS

=ERROR REPORT==== 31-Mar-2016::11:15:34 ===
OS_MON (cpu_sup), util/1 unavailable for this OS

=ERROR REPORT==== 31-Mar-2016::11:15:44 ===
OS_MON (cpu_sup), util/1 unavailable for this OS

=ERROR REPORT==== 31-Mar-2016::11:15:54 ===
OS_MON (cpu_sup), util/1 unavailable for this OS

=ERROR REPORT==== 31-Mar-2016::11:16:04 ===
OS_MON (cpu_sup), util/1 unavailable for this OS

=ERROR REPORT==== 31-Mar-2016::11:16:14 ===
OS_MON (cpu_sup), util/1 unavailable for this OS

=ERROR REPORT==== 31-Mar-2016::11:16:24 ===
OS_MON (cpu_sup), util/1 unavailable for this OS

=ERROR REPORT==== 31-Mar-2016::11:16:34 ===
OS_MON (cpu_sup), util/1 unavailable for this OS

=ERROR REPORT==== 31-Mar-2016::11:16:44 ===
OS_MON (cpu_sup), util/1 unavailable for this OS

=ERROR REPORT==== 31-Mar-2016::11:16:54 ===
OS_MON (cpu_sup), util/1 unavailable for this OS

=ERROR REPORT==== 31-Mar-2016::11:17:04 ===
OS_MON (cpu_sup), util/1 unavailable for this OS

=ERROR REPORT==== 31-Mar-2016::11:17:14 ===
OS_MON (cpu_sup), util/1 unavailable for this OS

=ERROR REPORT==== 31-Mar-2016::11:17:24 ===
OS_MON (cpu_sup), util/1 unavailable for this OS

=ERROR REPORT==== 31-Mar-2016::11:17:34 ===
OS_MON (cpu_sup), util/1 unavailable for this OS

=ERROR REPORT==== 31-Mar-2016::11:17:44 ===
OS_MON (cpu_sup), util/1 unavailable for this OS

=ERROR REPORT==== 31-Mar-2016::11:17:54 ===
OS_MON (cpu_sup), util/1 unavailable for this OS

=ERROR REPORT==== 31-Mar-2016::11:18:04 ===
OS_MON (cpu_sup), util/1 unavailable for this OS

=ERROR REPORT==== 31-Mar-2016::11:18:14 ===
OS_MON (cpu_sup), util/1 unavailable for this OS

=ERROR REPORT==== 31-Mar-2016::11:18:24 ===
OS_MON (cpu_sup), util/1 unavailable for this OS

=ERROR REPORT==== 31-Mar-2016::11:18:34 ===
OS_MON (cpu_sup), util/1 unavailable for this OS

=ERROR REPORT==== 31-Mar-2016::11:18:44 ===
OS_MON (cpu_sup), util/1 unavailable for this OS

=ERROR REPORT==== 31-Mar-2016::11:18:54 ===
OS_MON (cpu_sup), util/1 unavailable for this OS

=ERROR REPORT==== 31-Mar-2016::11:19:04 ===
OS_MON (cpu_sup), util/1 unavailable for this OS

=ERROR REPORT==== 31-Mar-2016::11:19:14 ===
OS_MON (cpu_sup), util/1 unavailable for this OS

=ERROR REPORT==== 31-Mar-2016::11:19:24 ===
OS_MON (cpu_sup), util/1 unavailable for this OS

=ERROR REPORT==== 31-Mar-2016::11:19:34 ===
OS_MON (cpu_sup), util/1 unavailable for this OS

=ERROR REPORT==== 31-Mar-2016::11:19:44 ===
OS_MON (cpu_sup), util/1 unavailable for this OS

=ERROR REPORT==== 31-Mar-2016::11:19:54 ===
OS_MON (cpu_sup), util/1 unavailable for this OS

=ERROR REPORT==== 31-Mar-2016::11:20:04 ===
OS_MON (cpu_sup), util/1 unavailable for this OS

=ERROR REPORT==== 31-Mar-2016::11:20:14 ===
OS_MON (cpu_sup), util/1 unavailable for this OS

=ERROR REPORT==== 31-Mar-2016::11:20:25 ===
OS_MON (cpu_sup), util/1 unavailable for this OS

=ERROR REPORT==== 31-Mar-2016::11:20:35 ===
OS_MON (cpu_sup), util/1 unavailable for this OS

=ERROR REPORT==== 31-Mar-2016::11:20:45 ===
OS_MON (cpu_sup), util/1 unavailable for this OS

=ERROR REPORT==== 31-Mar-2016::11:20:55 ===
OS_MON (cpu_sup), util/1 unavailable for this OS

=ERROR REPORT==== 31-Mar-2016::11:21:05 ===
OS_MON (cpu_sup), util/1 unavailable for this OS

=ERROR REPORT==== 31-Mar-2016::11:21:15 ===
OS_MON (cpu_sup), util/1 unavailable for this OS

=ERROR REPORT==== 31-Mar-2016::11:21:25 ===
OS_MON (cpu_sup), util/1 unavailable for this OS

=ERROR REPORT==== 31-Mar-2016::11:21:35 ===
OS_MON (cpu_sup), util/1 unavailable for this OS

=ERROR REPORT==== 31-Mar-2016::11:21:45 ===
OS_MON (cpu_sup), util/1 unavailable for this OS

=ERROR REPORT==== 31-Mar-2016::11:21:55 ===
OS_MON (cpu_sup), util/1 unavailable for this OS

=ERROR REPORT==== 31-Mar-2016::11:22:05 ===
OS_MON (cpu_sup), util/1 unavailable for this OS

=ERROR REPORT==== 31-Mar-2016::11:22:15 ===
OS_MON (cpu_sup), util/1 unavailable for this OS

=ERROR REPORT==== 31-Mar-2016::11:22:25 ===
OS_MON (cpu_sup), util/1 unavailable for this OS

=ERROR REPORT==== 31-Mar-2016::11:22:35 ===
OS_MON (cpu_sup), util/1 unavailable for this OS

=ERROR REPORT==== 31-Mar-2016::11:22:45 ===
OS_MON (cpu_sup), util/1 unavailable for this OS

=ERROR REPORT==== 31-Mar-2016::11:22:55 ===
OS_MON (cpu_sup), util/1 unavailable for this OS

=ERROR REPORT==== 31-Mar-2016::11:23:05 ===
OS_MON (cpu_sup), util/1 unavailable for this OS

=ERROR REPORT==== 31-Mar-2016::11:23:15 ===
OS_MON (cpu_sup), util/1 unavailable for this OS

=ERROR REPORT==== 31-Mar-2016::11:23:25 ===
OS_MON (cpu_sup), util/1 unavailable for this OS

=ERROR REPORT==== 31-Mar-2016::11:23:35 ===
OS_MON (cpu_sup), util/1 unavailable for this OS

=ERROR REPORT==== 31-Mar-2016::11:23:45 ===
OS_MON (cpu_sup), util/1 unavailable for this OS

=ERROR REPORT==== 31-Mar-2016::11:23:55 ===
OS_MON (cpu_sup), util/1 unavailable for this OS

=ERROR REPORT==== 31-Mar-2016::11:24:05 ===
OS_MON (cpu_sup), util/1 unavailable for this OS

=ERROR REPORT==== 31-Mar-2016::11:24:15 ===
OS_MON (cpu_sup), util/1 unavailable for this OS

=ERROR REPORT==== 31-Mar-2016::11:24:25 ===
OS_MON (cpu_sup), util/1 unavailable for this OS

=ERROR REPORT==== 31-Mar-2016::11:24:35 ===
OS_MON (cpu_sup), util/1 unavailable for this OS

=ERROR REPORT==== 31-Mar-2016::11:24:45 ===
OS_MON (cpu_sup), util/1 unavailable for this OS

=ERROR REPORT==== 31-Mar-2016::11:24:55 ===
OS_MON (cpu_sup), util/1 unavailable for this OS

=ERROR REPORT==== 31-Mar-2016::11:25:05 ===
OS_MON (cpu_sup), util/1 unavailable for this OS

=ERROR REPORT==== 31-Mar-2016::11:25:15 ===
OS_MON (cpu_sup), util/1 unavailable for this OS

=ERROR REPORT==== 31-Mar-2016::11:25:25 ===
OS_MON (cpu_sup), util/1 unavailable for this OS

=ERROR REPORT==== 31-Mar-2016::11:25:35 ===
OS_MON (cpu_sup), util/1 unavailable for this OS

=ERROR REPORT==== 31-Mar-2016::11:25:45 ===
OS_MON (cpu_sup), util/1 unavailable for this OS

=ERROR REPORT==== 31-Mar-2016::11:25:55 ===
OS_MON (cpu_sup), util/1 unavailable for this OS

=ERROR REPORT==== 31-Mar-2016::11:26:06 ===
OS_MON (cpu_sup), util/1 unavailable for this OS

=ERROR REPORT==== 31-Mar-2016::11:26:16 ===
OS_MON (cpu_sup), util/1 unavailable for this OS

=ERROR REPORT==== 31-Mar-2016::11:26:26 ===
OS_MON (cpu_sup), util/1 unavailable for this OS

=ERROR REPORT==== 31-Mar-2016::11:26:36 ===
OS_MON (cpu_sup), util/1 unavailable for this OS

=ERROR REPORT==== 31-Mar-2016::11:26:46 ===
OS_MON (cpu_sup), util/1 unavailable for this OS

=ERROR REPORT==== 31-Mar-2016::11:26:56 ===
OS_MON (cpu_sup), util/1 unavailable for this OS

=ERROR REPORT==== 31-Mar-2016::11:27:06 ===
OS_MON (cpu_sup), util/1 unavailable for this OS

=ERROR REPORT==== 31-Mar-2016::11:27:16 ===
OS_MON (cpu_sup), util/1 unavailable for this OS

=ERROR REPORT==== 31-Mar-2016::11:27:26 ===
OS_MON (cpu_sup), util/1 unavailable for this OS

=ERROR REPORT==== 31-Mar-2016::11:27:36 ===
OS_MON (cpu_sup), util/1 unavailable for this OS

=ERROR REPORT==== 31-Mar-2016::11:27:46 ===
OS_MON (cpu_sup), util/1 unavailable for this OS

=ERROR REPORT==== 31-Mar-2016::11:27:56 ===
OS_MON (cpu_sup), util/1 unavailable for this OS

=ERROR REPORT==== 31-Mar-2016::11:28:06 ===
OS_MON (cpu_sup), util/1 unavailable for this OS

=ERROR REPORT==== 31-Mar-2016::11:28:16 ===
OS_MON (cpu_sup), util/1 unavailable for this OS

=ERROR REPORT==== 31-Mar-2016::11:28:26 ===
OS_MON (cpu_sup), util/1 unavailable for this OS

=ERROR REPORT==== 31-Mar-2016::11:28:36 ===
OS_MON (cpu_sup), util/1 unavailable for this OS

=ERROR REPORT==== 31-Mar-2016::11:28:46 ===
OS_MON (cpu_sup), util/1 unavailable for this OS

=ERROR REPORT==== 31-Mar-2016::11:28:56 ===
OS_MON (cpu_sup), util/1 unavailable for this OS

=ERROR REPORT==== 31-Mar-2016::11:29:06 ===
OS_MON (cpu_sup), util/1 unavailable for this OS

=ERROR REPORT==== 31-Mar-2016::11:29:16 ===
OS_MON (cpu_sup), util/1 unavailable for this OS

=ERROR REPORT==== 31-Mar-2016::11:29:26 ===
OS_MON (cpu_sup), util/1 unavailable for this OS

=ERROR REPORT==== 31-Mar-2016::11:29:36 ===
OS_MON (cpu_sup), util/1 unavailable for this OS

=ERROR REPORT==== 31-Mar-2016::11:29:46 ===
OS_MON (cpu_sup), util/1 unavailable for this OS

=ERROR REPORT==== 31-Mar-2016::11:29:56 ===
OS_MON (cpu_sup), util/1 unavailable for this OS

=ERROR REPORT==== 31-Mar-2016::11:30:06 ===
OS_MON (cpu_sup), util/1 unavailable for this OS

=ERROR REPORT==== 31-Mar-2016::11:30:16 ===
OS_MON (cpu_sup), util/1 unavailable for this OS

=ERROR REPORT==== 31-Mar-2016::11:30:26 ===
OS_MON (cpu_sup), util/1 unavailable for this OS

=ERROR REPORT==== 31-Mar-2016::11:30:36 ===
OS_MON (cpu_sup), util/1 unavailable for this OS

=ERROR REPORT==== 31-Mar-2016::11:30:46 ===
OS_MON (cpu_sup), util/1 unavailable for this OS

=ERROR REPORT==== 31-Mar-2016::11:30:56 ===
OS_MON (cpu_sup), util/1 unavailable for this OS

=ERROR REPORT==== 31-Mar-2016::11:31:06 ===
OS_MON (cpu_sup), util/1 unavailable for this OS

=ERROR REPORT==== 31-Mar-2016::11:31:16 ===
OS_MON (cpu_sup), util/1 unavailable for this OS

=ERROR REPORT==== 31-Mar-2016::11:31:26 ===
OS_MON (cpu_sup), util/1 unavailable for this OS

=ERROR REPORT==== 31-Mar-2016::11:31:37 ===
OS_MON (cpu_sup), util/1 unavailable for this OS

=ERROR REPORT==== 31-Mar-2016::11:31:47 ===
OS_MON (cpu_sup), util/1 unavailable for this OS

=ERROR REPORT==== 31-Mar-2016::11:31:57 ===
OS_MON (cpu_sup), util/1 unavailable for this OS

=ERROR REPORT==== 31-Mar-2016::11:32:07 ===
OS_MON (cpu_sup), util/1 unavailable for this OS

=ERROR REPORT==== 31-Mar-2016::11:32:17 ===
OS_MON (cpu_sup), util/1 unavailable for this OS

=ERROR REPORT==== 31-Mar-2016::11:32:27 ===
OS_MON (cpu_sup), util/1 unavailable for this OS

=ERROR REPORT==== 31-Mar-2016::11:32:37 ===
OS_MON (cpu_sup), util/1 unavailable for this OS

=ERROR REPORT==== 31-Mar-2016::11:32:47 ===
OS_MON (cpu_sup), util/1 unavailable for this OS

=ERROR REPORT==== 31-Mar-2016::11:32:57 ===
OS_MON (cpu_sup), util/1 unavailable for this OS

=ERROR REPORT==== 31-Mar-2016::11:33:07 ===
OS_MON (cpu_sup), util/1 unavailable for this OS

=ERROR REPORT==== 31-Mar-2016::11:33:17 ===
OS_MON (cpu_sup), util/1 unavailable for this OS

=ERROR REPORT==== 31-Mar-2016::11:33:27 ===
OS_MON (cpu_sup), util/1 unavailable for this OS

=ERROR REPORT==== 31-Mar-2016::11:33:37 ===
OS_MON (cpu_sup), util/1 unavailable for this OS

=ERROR REPORT==== 31-Mar-2016::11:33:47 ===
OS_MON (cpu_sup), util/1 unavailable for this OS

=ERROR REPORT==== 31-Mar-2016::11:33:57 ===
OS_MON (cpu_sup), util/1 unavailable for this OS

=ERROR REPORT==== 31-Mar-2016::11:34:07 ===
OS_MON (cpu_sup), util/1 unavailable for this OS

=ERROR REPORT==== 31-Mar-2016::11:34:17 ===
OS_MON (cpu_sup), util/1 unavailable for this OS

=ERROR REPORT==== 31-Mar-2016::11:34:27 ===
OS_MON (cpu_sup), util/1 unavailable for this OS

=ERROR REPORT==== 31-Mar-2016::11:34:37 ===
OS_MON (cpu_sup), util/1 unavailable for this OS

=ERROR REPORT==== 31-Mar-2016::11:34:47 ===
OS_MON (cpu_sup), util/1 unavailable for this OS

=ERROR REPORT==== 31-Mar-2016::11:34:57 ===
OS_MON (cpu_sup), util/1 unavailable for this OS

=ERROR REPORT==== 31-Mar-2016::11:35:07 ===
OS_MON (cpu_sup), util/1 unavailable for this OS

=ERROR REPORT==== 31-Mar-2016::11:35:17 ===
OS_MON (cpu_sup), util/1 unavailable for this OS

=ERROR REPORT==== 31-Mar-2016::11:35:27 ===
OS_MON (cpu_sup), util/1 unavailable for this OS

=ERROR REPORT==== 31-Mar-2016::11:35:37 ===
OS_MON (cpu_sup), util/1 unavailable for this OS

=ERROR REPORT==== 31-Mar-2016::11:35:47 ===
OS_MON (cpu_sup), util/1 unavailable for this OS

=ERROR REPORT==== 31-Mar-2016::11:35:57 ===
OS_MON (cpu_sup), util/1 unavailable for this OS

=ERROR REPORT==== 31-Mar-2016::11:36:07 ===
OS_MON (cpu_sup), util/1 unavailable for this OS

=ERROR REPORT==== 31-Mar-2016::11:36:17 ===
OS_MON (cpu_sup), util/1 unavailable for this OS

=ERROR REPORT==== 31-Mar-2016::11:36:27 ===
OS_MON (cpu_sup), util/1 unavailable for this OS

=ERROR REPORT==== 31-Mar-2016::11:36:38 ===
OS_MON (cpu_sup), util/1 unavailable for this OS

=ERROR REPORT==== 31-Mar-2016::11:36:48 ===
OS_MON (cpu_sup), util/1 unavailable for this OS

=ERROR REPORT==== 31-Mar-2016::11:36:58 ===
OS_MON (cpu_sup), util/1 unavailable for this OS

=ERROR REPORT==== 31-Mar-2016::11:37:08 ===
OS_MON (cpu_sup), util/1 unavailable for this OS

=ERROR REPORT==== 31-Mar-2016::11:37:18 ===
OS_MON (cpu_sup), util/1 unavailable for this OS

=ERROR REPORT==== 31-Mar-2016::11:37:28 ===
OS_MON (cpu_sup), util/1 unavailable for this OS

=ERROR REPORT==== 31-Mar-2016::11:37:38 ===
OS_MON (cpu_sup), util/1 unavailable for this OS

=ERROR REPORT==== 31-Mar-2016::11:37:48 ===
OS_MON (cpu_sup), util/1 unavailable for this OS

=ERROR REPORT==== 31-Mar-2016::11:37:58 ===
OS_MON (cpu_sup), util/1 unavailable for this OS

=ERROR REPORT==== 31-Mar-2016::11:38:08 ===
OS_MON (cpu_sup), util/1 unavailable for this OS

=ERROR REPORT==== 31-Mar-2016::11:38:18 ===
OS_MON (cpu_sup), util/1 unavailable for this OS

=ERROR REPORT==== 31-Mar-2016::11:38:28 ===
OS_MON (cpu_sup), util/1 unavailable for this OS

=ERROR REPORT==== 31-Mar-2016::11:38:38 ===
OS_MON (cpu_sup), util/1 unavailable for this OS

=ERROR REPORT==== 31-Mar-2016::11:38:48 ===
OS_MON (cpu_sup), util/1 unavailable for this OS

=ERROR REPORT==== 31-Mar-2016::11:38:58 ===
OS_MON (cpu_sup), util/1 unavailable for this OS

=ERROR REPORT==== 31-Mar-2016::11:39:08 ===
OS_MON (cpu_sup), util/1 unavailable for this OS

=ERROR REPORT==== 31-Mar-2016::11:39:18 ===
OS_MON (cpu_sup), util/1 unavailable for this OS

=ERROR REPORT==== 31-Mar-2016::11:39:28 ===
OS_MON (cpu_sup), util/1 unavailable for this OS

=ERROR REPORT==== 31-Mar-2016::11:39:38 ===
OS_MON (cpu_sup), util/1 unavailable for this OS

=ERROR REPORT==== 31-Mar-2016::11:39:48 ===
OS_MON (cpu_sup), util/1 unavailable for this OS

=ERROR REPORT==== 31-Mar-2016::11:39:58 ===
OS_MON (cpu_sup), util/1 unavailable for this OS

=ERROR REPORT==== 31-Mar-2016::11:40:08 ===
OS_MON (cpu_sup), util/1 unavailable for this OS

=ERROR REPORT==== 31-Mar-2016::11:40:18 ===
OS_MON (cpu_sup), util/1 unavailable for this OS

=ERROR REPORT==== 31-Mar-2016::11:40:28 ===
OS_MON (cpu_sup), util/1 unavailable for this OS

=ERROR REPORT==== 31-Mar-2016::11:40:38 ===
OS_MON (cpu_sup), util/1 unavailable for this OS

=ERROR REPORT==== 31-Mar-2016::11:40:48 ===
OS_MON (cpu_sup), util/1 unavailable for this OS

=ERROR REPORT==== 31-Mar-2016::11:40:58 ===
OS_MON (cpu_sup), util/1 unavailable for this OS

=ERROR REPORT==== 31-Mar-2016::11:41:08 ===
OS_MON (cpu_sup), util/1 unavailable for this OS

=ERROR REPORT==== 31-Mar-2016::11:41:18 ===
OS_MON (cpu_sup), util/1 unavailable for this OS

=ERROR REPORT==== 31-Mar-2016::11:41:28 ===
OS_MON (cpu_sup), util/1 unavailable for this OS

=ERROR REPORT==== 31-Mar-2016::11:41:38 ===
OS_MON (cpu_sup), util/1 unavailable for this OS

=ERROR REPORT==== 31-Mar-2016::11:41:48 ===
OS_MON (cpu_sup), util/1 unavailable for this OS

=ERROR REPORT==== 31-Mar-2016::11:41:58 ===
OS_MON (cpu_sup), util/1 unavailable for this OS

=ERROR REPORT==== 31-Mar-2016::11:42:08 ===
OS_MON (cpu_sup), util/1 unavailable for this OS

=ERROR REPORT==== 31-Mar-2016::11:42:19 ===
OS_MON (cpu_sup), util/1 unavailable for this OS

=ERROR REPORT==== 31-Mar-2016::11:42:29 ===
OS_MON (cpu_sup), util/1 unavailable for this OS

=ERROR REPORT==== 31-Mar-2016::11:42:39 ===
OS_MON (cpu_sup), util/1 unavailable for this OS

=ERROR REPORT==== 31-Mar-2016::11:42:49 ===
OS_MON (cpu_sup), util/1 unavailable for this OS

=ERROR REPORT==== 31-Mar-2016::11:42:59 ===
OS_MON (cpu_sup), util/1 unavailable for this OS

=ERROR REPORT==== 31-Mar-2016::11:43:09 ===
OS_MON (cpu_sup), util/1 unavailable for this OS

=ERROR REPORT==== 31-Mar-2016::11:43:19 ===
OS_MON (cpu_sup), util/1 unavailable for this OS

=ERROR REPORT==== 31-Mar-2016::11:43:29 ===
OS_MON (cpu_sup), util/1 unavailable for this OS

=ERROR REPORT==== 31-Mar-2016::11:43:39 ===
OS_MON (cpu_sup), util/1 unavailable for this OS

=ERROR REPORT==== 31-Mar-2016::11:43:49 ===
OS_MON (cpu_sup), util/1 unavailable for this OS

=ERROR REPORT==== 31-Mar-2016::11:43:59 ===
OS_MON (cpu_sup), util/1 unavailable for this OS

=ERROR REPORT==== 31-Mar-2016::11:44:09 ===
OS_MON (cpu_sup), util/1 unavailable for this OS

=ERROR REPORT==== 31-Mar-2016::11:44:19 ===
OS_MON (cpu_sup), util/1 unavailable for this OS

=ERROR REPORT==== 31-Mar-2016::11:44:29 ===
OS_MON (cpu_sup), util/1 unavailable for this OS

=ERROR REPORT==== 31-Mar-2016::11:44:39 ===
OS_MON (cpu_sup), util/1 unavailable for this OS

=ERROR REPORT==== 31-Mar-2016::11:44:49 ===
OS_MON (cpu_sup), util/1 unavailable for this OS

=ERROR REPORT==== 31-Mar-2016::11:44:59 ===
OS_MON (cpu_sup), util/1 unavailable for this OS

=ERROR REPORT==== 31-Mar-2016::11:45:09 ===
OS_MON (cpu_sup), util/1 unavailable for this OS

=ERROR REPORT==== 31-Mar-2016::11:45:19 ===
OS_MON (cpu_sup), util/1 unavailable for this OS

=ERROR REPORT==== 31-Mar-2016::11:45:29 ===
OS_MON (cpu_sup), util/1 unavailable for this OS

=ERROR REPORT==== 31-Mar-2016::11:45:39 ===
OS_MON (cpu_sup), util/1 unavailable for this OS

=ERROR REPORT==== 31-Mar-2016::11:45:49 ===
OS_MON (cpu_sup), util/1 unavailable for this OS

=ERROR REPORT==== 31-Mar-2016::11:45:59 ===
OS_MON (cpu_sup), util/1 unavailable for this OS

=ERROR REPORT==== 31-Mar-2016::11:46:09 ===
OS_MON (cpu_sup), util/1 unavailable for this OS

=ERROR REPORT==== 31-Mar-2016::11:46:19 ===
OS_MON (cpu_sup), util/1 unavailable for this OS

=ERROR REPORT==== 31-Mar-2016::11:46:29 ===
OS_MON (cpu_sup), util/1 unavailable for this OS

=ERROR REPORT==== 31-Mar-2016::11:46:39 ===
OS_MON (cpu_sup), util/1 unavailable for this OS

=ERROR REPORT==== 31-Mar-2016::11:46:49 ===
OS_MON (cpu_sup), util/1 unavailable for this OS

=ERROR REPORT==== 31-Mar-2016::11:46:59 ===
OS_MON (cpu_sup), util/1 unavailable for this OS

=ERROR REPORT==== 31-Mar-2016::11:47:09 ===
OS_MON (cpu_sup), util/1 unavailable for this OS

=ERROR REPORT==== 31-Mar-2016::11:47:19 ===
OS_MON (cpu_sup), util/1 unavailable for this OS

=ERROR REPORT==== 31-Mar-2016::11:47:29 ===
OS_MON (cpu_sup), util/1 unavailable for this OS

=ERROR REPORT==== 31-Mar-2016::11:47:39 ===
OS_MON (cpu_sup), util/1 unavailable for this OS

=ERROR REPORT==== 31-Mar-2016::11:47:49 ===
OS_MON (cpu_sup), util/1 unavailable for this OS

=ERROR REPORT==== 31-Mar-2016::11:48:00 ===
OS_MON (cpu_sup), util/1 unavailable for this OS

=ERROR REPORT==== 31-Mar-2016::11:48:10 ===
OS_MON (cpu_sup), util/1 unavailable for this OS

=ERROR REPORT==== 31-Mar-2016::11:48:20 ===
OS_MON (cpu_sup), util/1 unavailable for this OS

=ERROR REPORT==== 31-Mar-2016::11:48:30 ===
OS_MON (cpu_sup), util/1 unavailable for this OS

=ERROR REPORT==== 31-Mar-2016::11:48:40 ===
OS_MON (cpu_sup), util/1 unavailable for this OS

=ERROR REPORT==== 31-Mar-2016::11:48:50 ===
OS_MON (cpu_sup), util/1 unavailable for this OS

=ERROR REPORT==== 31-Mar-2016::11:49:00 ===
OS_MON (cpu_sup), util/1 unavailable for this OS

=ERROR REPORT==== 31-Mar-2016::11:49:10 ===
OS_MON (cpu_sup), util/1 unavailable for this OS

=ERROR REPORT==== 31-Mar-2016::11:49:20 ===
OS_MON (cpu_sup), util/1 unavailable for this OS

=ERROR REPORT==== 31-Mar-2016::11:49:30 ===
OS_MON (cpu_sup), util/1 unavailable for this OS

=ERROR REPORT==== 31-Mar-2016::11:49:40 ===
OS_MON (cpu_sup), util/1 unavailable for this OS

=ERROR REPORT==== 31-Mar-2016::11:49:50 ===
OS_MON (cpu_sup), util/1 unavailable for this OS

=ERROR REPORT==== 31-Mar-2016::11:50:00 ===
OS_MON (cpu_sup), util/1 unavailable for this OS

=ERROR REPORT==== 31-Mar-2016::11:50:10 ===
OS_MON (cpu_sup), util/1 unavailable for this OS

=ERROR REPORT==== 31-Mar-2016::11:50:20 ===
OS_MON (cpu_sup), util/1 unavailable for this OS

=ERROR REPORT==== 31-Mar-2016::11:50:30 ===
OS_MON (cpu_sup), util/1 unavailable for this OS

=ERROR REPORT==== 31-Mar-2016::11:50:40 ===
OS_MON (cpu_sup), util/1 unavailable for this OS

=ERROR REPORT==== 31-Mar-2016::11:50:50 ===
OS_MON (cpu_sup), util/1 unavailable for this OS

=ERROR REPORT==== 31-Mar-2016::11:51:00 ===
OS_MON (cpu_sup), util/1 unavailable for this OS

=ERROR REPORT==== 31-Mar-2016::11:51:10 ===
OS_MON (cpu_sup), util/1 unavailable for this OS

=ERROR REPORT==== 31-Mar-2016::11:51:20 ===
OS_MON (cpu_sup), util/1 unavailable for this OS

=ERROR REPORT==== 31-Mar-2016::11:51:30 ===
OS_MON (cpu_sup), util/1 unavailable for this OS

=ERROR REPORT==== 31-Mar-2016::11:51:40 ===
OS_MON (cpu_sup), util/1 unavailable for this OS

=ERROR REPORT==== 31-Mar-2016::11:51:50 ===
OS_MON (cpu_sup), util/1 unavailable for this OS

=ERROR REPORT==== 31-Mar-2016::11:52:00 ===
OS_MON (cpu_sup), util/1 unavailable for this OS

=ERROR REPORT==== 31-Mar-2016::11:52:10 ===
OS_MON (cpu_sup), util/1 unavailable for this OS

=ERROR REPORT==== 31-Mar-2016::11:52:20 ===
OS_MON (cpu_sup), util/1 unavailable for this OS

=ERROR REPORT==== 31-Mar-2016::11:52:30 ===
OS_MON (cpu_sup), util/1 unavailable for this OS

=ERROR REPORT==== 31-Mar-2016::11:52:40 ===
OS_MON (cpu_sup), util/1 unavailable for this OS

=ERROR REPORT==== 31-Mar-2016::11:52:50 ===
OS_MON (cpu_sup), util/1 unavailable for this OS

=ERROR REPORT==== 31-Mar-2016::11:53:00 ===
OS_MON (cpu_sup), util/1 unavailable for this OS

=ERROR REPORT==== 31-Mar-2016::11:53:10 ===
OS_MON (cpu_sup), util/1 unavailable for this OS

=ERROR REPORT==== 31-Mar-2016::11:53:20 ===
OS_MON (cpu_sup), util/1 unavailable for this OS

=ERROR REPORT==== 31-Mar-2016::11:53:30 ===
OS_MON (cpu_sup), util/1 unavailable for this OS

=ERROR REPORT==== 31-Mar-2016::11:53:40 ===
OS_MON (cpu_sup), util/1 unavailable for this OS

=ERROR REPORT==== 31-Mar-2016::11:53:51 ===
OS_MON (cpu_sup), util/1 unavailable for this OS

=ERROR REPORT==== 31-Mar-2016::11:54:01 ===
OS_MON (cpu_sup), util/1 unavailable for this OS

=ERROR REPORT==== 31-Mar-2016::11:54:11 ===
OS_MON (cpu_sup), util/1 unavailable for this OS

=ERROR REPORT==== 31-Mar-2016::11:54:21 ===
OS_MON (cpu_sup), util/1 unavailable for this OS

=ERROR REPORT==== 31-Mar-2016::11:54:31 ===
OS_MON (cpu_sup), util/1 unavailable for this OS

=ERROR REPORT==== 31-Mar-2016::11:54:41 ===
OS_MON (cpu_sup), util/1 unavailable for this OS

=ERROR REPORT==== 31-Mar-2016::11:54:51 ===
OS_MON (cpu_sup), util/1 unavailable for this OS

=ERROR REPORT==== 31-Mar-2016::11:55:01 ===
OS_MON (cpu_sup), util/1 unavailable for this OS

=ERROR REPORT==== 31-Mar-2016::11:55:11 ===
OS_MON (cpu_sup), util/1 unavailable for this OS

=ERROR REPORT==== 31-Mar-2016::11:55:21 ===
OS_MON (cpu_sup), util/1 unavailable for this OS

=ERROR REPORT==== 31-Mar-2016::11:55:31 ===
OS_MON (cpu_sup), util/1 unavailable for this OS

=ERROR REPORT==== 31-Mar-2016::11:55:41 ===
OS_MON (cpu_sup), util/1 unavailable for this OS

=ERROR REPORT==== 31-Mar-2016::11:55:51 ===
OS_MON (cpu_sup), util/1 unavailable for this OS

=ERROR REPORT==== 31-Mar-2016::11:56:01 ===
OS_MON (cpu_sup), util/1 unavailable for this OS

=ERROR REPORT==== 31-Mar-2016::11:56:11 ===
OS_MON (cpu_sup), util/1 unavailable for this OS

=ERROR REPORT==== 31-Mar-2016::11:56:21 ===
OS_MON (cpu_sup), util/1 unavailable for this OS

=ERROR REPORT==== 31-Mar-2016::11:56:31 ===
OS_MON (cpu_sup), util/1 unavailable for this OS

=ERROR REPORT==== 31-Mar-2016::11:56:41 ===
OS_MON (cpu_sup), util/1 unavailable for this OS

=ERROR REPORT==== 31-Mar-2016::11:56:51 ===
OS_MON (cpu_sup), util/1 unavailable for this OS

=ERROR REPORT==== 31-Mar-2016::11:57:01 ===
OS_MON (cpu_sup), util/1 unavailable for this OS

=ERROR REPORT==== 31-Mar-2016::11:57:11 ===
OS_MON (cpu_sup), util/1 unavailable for this OS

=ERROR REPORT==== 31-Mar-2016::11:57:21 ===
OS_MON (cpu_sup), util/1 unavailable for this OS

=ERROR REPORT==== 31-Mar-2016::11:57:31 ===
OS_MON (cpu_sup), util/1 unavailable for this OS

=ERROR REPORT==== 31-Mar-2016::11:57:41 ===
OS_MON (cpu_sup), util/1 unavailable for this OS

=ERROR REPORT==== 31-Mar-2016::11:57:51 ===
OS_MON (cpu_sup), util/1 unavailable for this OS

=ERROR REPORT==== 31-Mar-2016::11:58:01 ===
OS_MON (cpu_sup), util/1 unavailable for this OS

=ERROR REPORT==== 31-Mar-2016::11:58:11 ===
OS_MON (cpu_sup), util/1 unavailable for this OS

=ERROR REPORT==== 31-Mar-2016::11:58:21 ===
OS_MON (cpu_sup), util/1 unavailable for this OS

=ERROR REPORT==== 31-Mar-2016::11:58:31 ===
OS_MON (cpu_sup), util/1 unavailable for this OS

=ERROR REPORT==== 31-Mar-2016::11:58:41 ===
OS_MON (cpu_sup), util/1 unavailable for this OS

=ERROR REPORT==== 31-Mar-2016::11:58:51 ===
OS_MON (cpu_sup), util/1 unavailable for this OS

=ERROR REPORT==== 31-Mar-2016::11:59:01 ===
OS_MON (cpu_sup), util/1 unavailable for this OS

=ERROR REPORT==== 31-Mar-2016::11:59:11 ===
OS_MON (cpu_sup), util/1 unavailable for this OS

=ERROR REPORT==== 31-Mar-2016::11:59:21 ===
OS_MON (cpu_sup), util/1 unavailable for this OS

=ERROR REPORT==== 31-Mar-2016::11:59:32 ===
OS_MON (cpu_sup), util/1 unavailable for this OS

=ERROR REPORT==== 31-Mar-2016::11:59:42 ===
OS_MON (cpu_sup), util/1 unavailable for this OS

=ERROR REPORT==== 31-Mar-2016::11:59:52 ===
OS_MON (cpu_sup), util/1 unavailable for this OS

=ERROR REPORT==== 31-Mar-2016::12:00:02 ===
OS_MON (cpu_sup), util/1 unavailable for this OS

=ERROR REPORT==== 31-Mar-2016::12:00:12 ===
OS_MON (cpu_sup), util/1 unavailable for this OS

=ERROR REPORT==== 31-Mar-2016::12:00:22 ===
OS_MON (cpu_sup), util/1 unavailable for this OS

=ERROR REPORT==== 31-Mar-2016::12:00:32 ===
OS_MON (cpu_sup), util/1 unavailable for this OS

=ERROR REPORT==== 31-Mar-2016::12:00:42 ===
OS_MON (cpu_sup), util/1 unavailable for this OS

=ERROR REPORT==== 31-Mar-2016::12:00:52 ===
OS_MON (cpu_sup), util/1 unavailable for this OS

=ERROR REPORT==== 31-Mar-2016::12:01:02 ===
OS_MON (cpu_sup), util/1 unavailable for this OS

=ERROR REPORT==== 31-Mar-2016::12:01:12 ===
OS_MON (cpu_sup), util/1 unavailable for this OS

=ERROR REPORT==== 31-Mar-2016::12:01:22 ===
OS_MON (cpu_sup), util/1 unavailable for this OS

=ERROR REPORT==== 31-Mar-2016::12:01:32 ===
OS_MON (cpu_sup), util/1 unavailable for this OS

=ERROR REPORT==== 31-Mar-2016::12:01:42 ===
OS_MON (cpu_sup), util/1 unavailable for this OS

=ERROR REPORT==== 31-Mar-2016::12:01:52 ===
OS_MON (cpu_sup), util/1 unavailable for this OS

=ERROR REPORT==== 31-Mar-2016::12:02:02 ===
OS_MON (cpu_sup), util/1 unavailable for this OS

=ERROR REPORT==== 31-Mar-2016::12:02:12 ===
OS_MON (cpu_sup), util/1 unavailable for this OS

=ERROR REPORT==== 31-Mar-2016::12:02:22 ===
OS_MON (cpu_sup), util/1 unavailable for this OS

=ERROR REPORT==== 31-Mar-2016::12:02:32 ===
OS_MON (cpu_sup), util/1 unavailable for this OS

=ERROR REPORT==== 31-Mar-2016::12:02:42 ===
OS_MON (cpu_sup), util/1 unavailable for this OS

=ERROR REPORT==== 31-Mar-2016::12:02:52 ===
OS_MON (cpu_sup), util/1 unavailable for this OS

=ERROR REPORT==== 31-Mar-2016::12:03:02 ===
OS_MON (cpu_sup), util/1 unavailable for this OS

=ERROR REPORT==== 31-Mar-2016::12:03:12 ===
OS_MON (cpu_sup), util/1 unavailable for this OS

=ERROR REPORT==== 31-Mar-2016::12:03:22 ===
OS_MON (cpu_sup), util/1 unavailable for this OS

=ERROR REPORT==== 31-Mar-2016::12:03:32 ===
OS_MON (cpu_sup), util/1 unavailable for this OS

=ERROR REPORT==== 31-Mar-2016::12:03:42 ===
OS_MON (cpu_sup), util/1 unavailable for this OS

=ERROR REPORT==== 31-Mar-2016::12:03:52 ===
OS_MON (cpu_sup), util/1 unavailable for this OS

=ERROR REPORT==== 31-Mar-2016::12:04:02 ===
OS_MON (cpu_sup), util/1 unavailable for this OS

=ERROR REPORT==== 31-Mar-2016::12:04:12 ===
OS_MON (cpu_sup), util/1 unavailable for this OS

=ERROR REPORT==== 31-Mar-2016::12:04:22 ===
OS_MON (cpu_sup), util/1 unavailable for this OS

=ERROR REPORT==== 31-Mar-2016::12:04:32 ===
OS_MON (cpu_sup), util/1 unavailable for this OS

=ERROR REPORT==== 31-Mar-2016::12:04:43 ===
OS_MON (cpu_sup), util/1 unavailable for this OS

=ERROR REPORT==== 31-Mar-2016::12:04:53 ===
OS_MON (cpu_sup), util/1 unavailable for this OS

=ERROR REPORT==== 31-Mar-2016::12:05:03 ===
OS_MON (cpu_sup), util/1 unavailable for this OS

=ERROR REPORT==== 31-Mar-2016::12:05:13 ===
OS_MON (cpu_sup), util/1 unavailable for this OS

=ERROR REPORT==== 31-Mar-2016::12:05:23 ===
OS_MON (cpu_sup), util/1 unavailable for this OS

=ERROR REPORT==== 31-Mar-2016::12:05:33 ===
OS_MON (cpu_sup), util/1 unavailable for this OS

=ERROR REPORT==== 31-Mar-2016::12:05:43 ===
OS_MON (cpu_sup), util/1 unavailable for this OS

=ERROR REPORT==== 31-Mar-2016::12:05:53 ===
OS_MON (cpu_sup), util/1 unavailable for this OS

=ERROR REPORT==== 31-Mar-2016::12:06:03 ===
OS_MON (cpu_sup), util/1 unavailable for this OS

=ERROR REPORT==== 31-Mar-2016::12:06:13 ===
OS_MON (cpu_sup), util/1 unavailable for this OS

=ERROR REPORT==== 31-Mar-2016::12:06:23 ===
OS_MON (cpu_sup), util/1 unavailable for this OS

=ERROR REPORT==== 31-Mar-2016::12:06:33 ===
OS_MON (cpu_sup), util/1 unavailable for this OS

=ERROR REPORT==== 31-Mar-2016::12:06:43 ===
OS_MON (cpu_sup), util/1 unavailable for this OS

=ERROR REPORT==== 31-Mar-2016::12:06:53 ===
OS_MON (cpu_sup), util/1 unavailable for this OS

=ERROR REPORT==== 31-Mar-2016::12:07:03 ===
OS_MON (cpu_sup), util/1 unavailable for this OS

=ERROR REPORT==== 31-Mar-2016::12:07:13 ===
OS_MON (cpu_sup), util/1 unavailable for this OS

=ERROR REPORT==== 31-Mar-2016::12:07:23 ===
OS_MON (cpu_sup), util/1 unavailable for this OS

=ERROR REPORT==== 31-Mar-2016::12:07:33 ===
OS_MON (cpu_sup), util/1 unavailable for this OS

=ERROR REPORT==== 31-Mar-2016::12:07:43 ===
OS_MON (cpu_sup), util/1 unavailable for this OS

=ERROR REPORT==== 31-Mar-2016::12:07:53 ===
OS_MON (cpu_sup), util/1 unavailable for this OS

=ERROR REPORT==== 31-Mar-2016::12:08:03 ===
OS_MON (cpu_sup), util/1 unavailable for this OS

=ERROR REPORT==== 31-Mar-2016::12:08:13 ===
OS_MON (cpu_sup), util/1 unavailable for this OS

=ERROR REPORT==== 31-Mar-2016::12:08:23 ===
OS_MON (cpu_sup), util/1 unavailable for this OS

=ERROR REPORT==== 31-Mar-2016::12:08:33 ===
OS_MON (cpu_sup), util/1 unavailable for this OS

=ERROR REPORT==== 31-Mar-2016::12:08:43 ===
OS_MON (cpu_sup), util/1 unavailable for this OS

=ERROR REPORT==== 31-Mar-2016::12:08:53 ===
OS_MON (cpu_sup), util/1 unavailable for this OS

=ERROR REPORT==== 31-Mar-2016::12:09:03 ===
OS_MON (cpu_sup), util/1 unavailable for this OS

=ERROR REPORT==== 31-Mar-2016::12:09:13 ===
OS_MON (cpu_sup), util/1 unavailable for this OS

=ERROR REPORT==== 31-Mar-2016::12:09:23 ===
OS_MON (cpu_sup), util/1 unavailable for this OS

=ERROR REPORT==== 31-Mar-2016::12:09:33 ===
OS_MON (cpu_sup), util/1 unavailable for this OS

=ERROR REPORT==== 31-Mar-2016::12:09:43 ===
OS_MON (cpu_sup), util/1 unavailable for this OS

=ERROR REPORT==== 31-Mar-2016::12:09:53 ===
OS_MON (cpu_sup), util/1 unavailable for this OS

=ERROR REPORT==== 31-Mar-2016::12:10:04 ===
OS_MON (cpu_sup), util/1 unavailable for this OS

=ERROR REPORT==== 31-Mar-2016::12:10:14 ===
OS_MON (cpu_sup), util/1 unavailable for this OS

=ERROR REPORT==== 31-Mar-2016::12:10:24 ===
OS_MON (cpu_sup), util/1 unavailable for this OS

=ERROR REPORT==== 31-Mar-2016::12:10:34 ===
OS_MON (cpu_sup), util/1 unavailable for this OS

=ERROR REPORT==== 31-Mar-2016::12:10:44 ===
OS_MON (cpu_sup), util/1 unavailable for this OS

=ERROR REPORT==== 31-Mar-2016::12:10:54 ===
OS_MON (cpu_sup), util/1 unavailable for this OS

=ERROR REPORT==== 31-Mar-2016::12:11:04 ===
OS_MON (cpu_sup), util/1 unavailable for this OS

=ERROR REPORT==== 31-Mar-2016::12:11:14 ===
OS_MON (cpu_sup), util/1 unavailable for this OS

=ERROR REPORT==== 31-Mar-2016::12:11:24 ===
OS_MON (cpu_sup), util/1 unavailable for this OS

=ERROR REPORT==== 31-Mar-2016::12:11:34 ===
OS_MON (cpu_sup), util/1 unavailable for this OS

=ERROR REPORT==== 31-Mar-2016::12:11:44 ===
OS_MON (cpu_sup), util/1 unavailable for this OS

=ERROR REPORT==== 31-Mar-2016::12:11:54 ===
OS_MON (cpu_sup), util/1 unavailable for this OS

=ERROR REPORT==== 31-Mar-2016::12:12:04 ===
OS_MON (cpu_sup), util/1 unavailable for this OS

=ERROR REPORT==== 31-Mar-2016::12:12:14 ===
OS_MON (cpu_sup), util/1 unavailable for this OS

=ERROR REPORT==== 31-Mar-2016::12:12:24 ===
OS_MON (cpu_sup), util/1 unavailable for this OS

=ERROR REPORT==== 31-Mar-2016::12:12:34 ===
OS_MON (cpu_sup), util/1 unavailable for this OS

=ERROR REPORT==== 31-Mar-2016::12:12:44 ===
OS_MON (cpu_sup), util/1 unavailable for this OS

=ERROR REPORT==== 31-Mar-2016::12:12:54 ===
OS_MON (cpu_sup), util/1 unavailable for this OS

=ERROR REPORT==== 31-Mar-2016::12:13:04 ===
OS_MON (cpu_sup), util/1 unavailable for this OS

=ERROR REPORT==== 31-Mar-2016::12:13:14 ===
OS_MON (cpu_sup), util/1 unavailable for this OS

=ERROR REPORT==== 31-Mar-2016::12:13:24 ===
OS_MON (cpu_sup), util/1 unavailable for this OS

=ERROR REPORT==== 31-Mar-2016::12:13:34 ===
OS_MON (cpu_sup), util/1 unavailable for this OS

=ERROR REPORT==== 31-Mar-2016::12:13:44 ===
OS_MON (cpu_sup), util/1 unavailable for this OS

=ERROR REPORT==== 31-Mar-2016::12:13:54 ===
OS_MON (cpu_sup), util/1 unavailable for this OS

=ERROR REPORT==== 31-Mar-2016::12:14:04 ===
OS_MON (cpu_sup), util/1 unavailable for this OS

=ERROR REPORT==== 31-Mar-2016::12:14:14 ===
OS_MON (cpu_sup), util/1 unavailable for this OS

=ERROR REPORT==== 31-Mar-2016::12:14:24 ===
OS_MON (cpu_sup), util/1 unavailable for this OS

=ERROR REPORT==== 31-Mar-2016::12:14:34 ===
OS_MON (cpu_sup), util/1 unavailable for this OS

=ERROR REPORT==== 31-Mar-2016::12:14:44 ===
OS_MON (cpu_sup), util/1 unavailable for this OS

=ERROR REPORT==== 31-Mar-2016::12:14:54 ===
OS_MON (cpu_sup), util/1 unavailable for this OS

=ERROR REPORT==== 31-Mar-2016::12:15:04 ===
OS_MON (cpu_sup), util/1 unavailable for this OS

=ERROR REPORT==== 31-Mar-2016::12:15:14 ===
OS_MON (cpu_sup), util/1 unavailable for this OS

=ERROR REPORT==== 31-Mar-2016::12:15:24 ===
OS_MON (cpu_sup), util/1 unavailable for this OS

=ERROR REPORT==== 31-Mar-2016::12:15:34 ===
OS_MON (cpu_sup), util/1 unavailable for this OS

=ERROR REPORT==== 31-Mar-2016::12:15:45 ===
OS_MON (cpu_sup), util/1 unavailable for this OS

=ERROR REPORT==== 31-Mar-2016::12:15:55 ===
OS_MON (cpu_sup), util/1 unavailable for this OS

=ERROR REPORT==== 31-Mar-2016::12:16:05 ===
OS_MON (cpu_sup), util/1 unavailable for this OS

=ERROR REPORT==== 31-Mar-2016::12:16:15 ===
OS_MON (cpu_sup), util/1 unavailable for this OS

=ERROR REPORT==== 31-Mar-2016::12:16:25 ===
OS_MON (cpu_sup), util/1 unavailable for this OS

=ERROR REPORT==== 31-Mar-2016::12:16:35 ===
OS_MON (cpu_sup), util/1 unavailable for this OS

=ERROR REPORT==== 31-Mar-2016::12:16:45 ===
OS_MON (cpu_sup), util/1 unavailable for this OS

=ERROR REPORT==== 31-Mar-2016::12:16:55 ===
OS_MON (cpu_sup), util/1 unavailable for this OS

=ERROR REPORT==== 31-Mar-2016::12:17:05 ===
OS_MON (cpu_sup), util/1 unavailable for this OS

=ERROR REPORT==== 31-Mar-2016::12:17:15 ===
OS_MON (cpu_sup), util/1 unavailable for this OS

=ERROR REPORT==== 31-Mar-2016::12:17:25 ===
OS_MON (cpu_sup), util/1 unavailable for this OS

=ERROR REPORT==== 31-Mar-2016::12:17:35 ===
OS_MON (cpu_sup), util/1 unavailable for this OS

=ERROR REPORT==== 31-Mar-2016::12:17:45 ===
OS_MON (cpu_sup), util/1 unavailable for this OS

=ERROR REPORT==== 31-Mar-2016::12:17:55 ===
OS_MON (cpu_sup), util/1 unavailable for this OS

=ERROR REPORT==== 31-Mar-2016::12:18:05 ===
OS_MON (cpu_sup), util/1 unavailable for this OS

=ERROR REPORT==== 31-Mar-2016::12:18:15 ===
OS_MON (cpu_sup), util/1 unavailable for this OS

=ERROR REPORT==== 31-Mar-2016::12:18:25 ===
OS_MON (cpu_sup), util/1 unavailable for this OS

=ERROR REPORT==== 31-Mar-2016::12:18:35 ===
OS_MON (cpu_sup), util/1 unavailable for this OS

=ERROR REPORT==== 31-Mar-2016::12:18:45 ===
OS_MON (cpu_sup), util/1 unavailable for this OS

=ERROR REPORT==== 31-Mar-2016::12:18:55 ===
OS_MON (cpu_sup), util/1 unavailable for this OS

=ERROR REPORT==== 31-Mar-2016::12:19:05 ===
OS_MON (cpu_sup), util/1 unavailable for this OS

=ERROR REPORT==== 31-Mar-2016::12:19:15 ===
OS_MON (cpu_sup), util/1 unavailable for this OS

=ERROR REPORT==== 31-Mar-2016::12:19:25 ===
OS_MON (cpu_sup), util/1 unavailable for this OS

=ERROR REPORT==== 31-Mar-2016::12:19:35 ===
OS_MON (cpu_sup), util/1 unavailable for this OS

=ERROR REPORT==== 31-Mar-2016::12:19:45 ===
OS_MON (cpu_sup), util/1 unavailable for this OS

=ERROR REPORT==== 31-Mar-2016::12:19:55 ===
OS_MON (cpu_sup), util/1 unavailable for this OS

=ERROR REPORT==== 31-Mar-2016::12:20:05 ===
OS_MON (cpu_sup), util/1 unavailable for this OS

=ERROR REPORT==== 31-Mar-2016::12:20:15 ===
OS_MON (cpu_sup), util/1 unavailable for this OS

=ERROR REPORT==== 31-Mar-2016::12:20:25 ===
OS_MON (cpu_sup), util/1 unavailable for this OS

=ERROR REPORT==== 31-Mar-2016::12:20:35 ===
OS_MON (cpu_sup), util/1 unavailable for this OS

=ERROR REPORT==== 31-Mar-2016::12:20:45 ===
OS_MON (cpu_sup), util/1 unavailable for this OS

=ERROR REPORT==== 31-Mar-2016::12:20:56 ===
OS_MON (cpu_sup), util/1 unavailable for this OS

=ERROR REPORT==== 31-Mar-2016::12:21:06 ===
OS_MON (cpu_sup), util/1 unavailable for this OS

=ERROR REPORT==== 31-Mar-2016::12:21:16 ===
OS_MON (cpu_sup), util/1 unavailable for this OS

=ERROR REPORT==== 31-Mar-2016::12:21:26 ===
OS_MON (cpu_sup), util/1 unavailable for this OS

=ERROR REPORT==== 31-Mar-2016::12:21:36 ===
OS_MON (cpu_sup), util/1 unavailable for this OS

=ERROR REPORT==== 31-Mar-2016::12:21:46 ===
OS_MON (cpu_sup), util/1 unavailable for this OS

=ERROR REPORT==== 31-Mar-2016::12:21:56 ===
OS_MON (cpu_sup), util/1 unavailable for this OS

=ERROR REPORT==== 31-Mar-2016::12:22:06 ===
OS_MON (cpu_sup), util/1 unavailable for this OS

=ERROR REPORT==== 31-Mar-2016::12:22:16 ===
OS_MON (cpu_sup), util/1 unavailable for this OS

=ERROR REPORT==== 31-Mar-2016::12:22:26 ===
OS_MON (cpu_sup), util/1 unavailable for this OS

=ERROR REPORT==== 31-Mar-2016::12:22:36 ===
OS_MON (cpu_sup), util/1 unavailable for this OS

=ERROR REPORT==== 31-Mar-2016::12:22:46 ===
OS_MON (cpu_sup), util/1 unavailable for this OS

=ERROR REPORT==== 31-Mar-2016::12:22:56 ===
OS_MON (cpu_sup), util/1 unavailable for this OS

=ERROR REPORT==== 31-Mar-2016::12:23:06 ===
OS_MON (cpu_sup), util/1 unavailable for this OS

=ERROR REPORT==== 31-Mar-2016::12:23:16 ===
OS_MON (cpu_sup), util/1 unavailable for this OS

=ERROR REPORT==== 31-Mar-2016::12:23:26 ===
OS_MON (cpu_sup), util/1 unavailable for this OS

=ERROR REPORT==== 31-Mar-2016::12:23:36 ===
OS_MON (cpu_sup), util/1 unavailable for this OS

=ERROR REPORT==== 31-Mar-2016::12:23:46 ===
OS_MON (cpu_sup), util/1 unavailable for this OS

=ERROR REPORT==== 31-Mar-2016::12:23:56 ===
OS_MON (cpu_sup), util/1 unavailable for this OS

=ERROR REPORT==== 31-Mar-2016::12:24:06 ===
OS_MON (cpu_sup), util/1 unavailable for this OS

=ERROR REPORT==== 31-Mar-2016::12:24:16 ===
OS_MON (cpu_sup), util/1 unavailable for this OS

=ERROR REPORT==== 31-Mar-2016::12:24:26 ===
OS_MON (cpu_sup), util/1 unavailable for this OS

=ERROR REPORT==== 31-Mar-2016::12:24:36 ===
OS_MON (cpu_sup), util/1 unavailable for this OS

=ERROR REPORT==== 31-Mar-2016::12:24:46 ===
OS_MON (cpu_sup), util/1 unavailable for this OS

=ERROR REPORT==== 31-Mar-2016::12:24:56 ===
OS_MON (cpu_sup), util/1 unavailable for this OS

=ERROR REPORT==== 31-Mar-2016::12:25:06 ===
OS_MON (cpu_sup), util/1 unavailable for this OS

=ERROR REPORT==== 31-Mar-2016::12:25:16 ===
OS_MON (cpu_sup), util/1 unavailable for this OS

=ERROR REPORT==== 31-Mar-2016::12:25:26 ===
OS_MON (cpu_sup), util/1 unavailable for this OS

=ERROR REPORT==== 31-Mar-2016::12:25:36 ===
OS_MON (cpu_sup), util/1 unavailable for this OS

=ERROR REPORT==== 31-Mar-2016::12:25:46 ===
OS_MON (cpu_sup), util/1 unavailable for this OS

=ERROR REPORT==== 31-Mar-2016::12:25:56 ===
OS_MON (cpu_sup), util/1 unavailable for this OS

=ERROR REPORT==== 31-Mar-2016::12:26:07 ===
OS_MON (cpu_sup), util/1 unavailable for this OS

=ERROR REPORT==== 31-Mar-2016::12:26:17 ===
OS_MON (cpu_sup), util/1 unavailable for this OS

=ERROR REPORT==== 31-Mar-2016::12:26:27 ===
OS_MON (cpu_sup), util/1 unavailable for this OS

=ERROR REPORT==== 31-Mar-2016::12:26:37 ===
OS_MON (cpu_sup), util/1 unavailable for this OS

=ERROR REPORT==== 31-Mar-2016::12:26:47 ===
OS_MON (cpu_sup), util/1 unavailable for this OS

=ERROR REPORT==== 31-Mar-2016::12:26:57 ===
OS_MON (cpu_sup), util/1 unavailable for this OS

=ERROR REPORT==== 31-Mar-2016::12:27:07 ===
OS_MON (cpu_sup), util/1 unavailable for this OS

=ERROR REPORT==== 31-Mar-2016::12:27:17 ===
OS_MON (cpu_sup), util/1 unavailable for this OS

=ERROR REPORT==== 31-Mar-2016::12:27:27 ===
OS_MON (cpu_sup), util/1 unavailable for this OS

=ERROR REPORT==== 31-Mar-2016::12:27:37 ===
OS_MON (cpu_sup), util/1 unavailable for this OS

=ERROR REPORT==== 31-Mar-2016::12:27:47 ===
OS_MON (cpu_sup), util/1 unavailable for this OS

=ERROR REPORT==== 31-Mar-2016::12:27:57 ===
OS_MON (cpu_sup), util/1 unavailable for this OS

=ERROR REPORT==== 31-Mar-2016::12:28:07 ===
OS_MON (cpu_sup), util/1 unavailable for this OS

=ERROR REPORT==== 31-Mar-2016::12:28:17 ===
OS_MON (cpu_sup), util/1 unavailable for this OS

=ERROR REPORT==== 31-Mar-2016::12:28:27 ===
OS_MON (cpu_sup), util/1 unavailable for this OS

=ERROR REPORT==== 31-Mar-2016::12:28:37 ===
OS_MON (cpu_sup), util/1 unavailable for this OS

=ERROR REPORT==== 31-Mar-2016::12:28:47 ===
OS_MON (cpu_sup), util/1 unavailable for this OS

=ERROR REPORT==== 31-Mar-2016::12:28:57 ===
OS_MON (cpu_sup), util/1 unavailable for this OS

=ERROR REPORT==== 31-Mar-2016::12:29:07 ===
OS_MON (cpu_sup), util/1 unavailable for this OS

=ERROR REPORT==== 31-Mar-2016::12:29:17 ===
OS_MON (cpu_sup), util/1 unavailable for this OS

=ERROR REPORT==== 31-Mar-2016::12:29:27 ===
OS_MON (cpu_sup), util/1 unavailable for this OS

=ERROR REPORT==== 31-Mar-2016::12:29:37 ===
OS_MON (cpu_sup), util/1 unavailable for this OS

=ERROR REPORT==== 31-Mar-2016::12:29:47 ===
OS_MON (cpu_sup), util/1 unavailable for this OS

=ERROR REPORT==== 31-Mar-2016::12:29:57 ===
OS_MON (cpu_sup), util/1 unavailable for this OS

=ERROR REPORT==== 31-Mar-2016::12:30:07 ===
OS_MON (cpu_sup), util/1 unavailable for this OS

=ERROR REPORT==== 31-Mar-2016::12:30:17 ===
OS_MON (cpu_sup), util/1 unavailable for this OS

=ERROR REPORT==== 31-Mar-2016::12:30:27 ===
OS_MON (cpu_sup), util/1 unavailable for this OS

=ERROR REPORT==== 31-Mar-2016::12:30:37 ===
OS_MON (cpu_sup), util/1 unavailable for this OS

=ERROR REPORT==== 31-Mar-2016::12:30:47 ===
OS_MON (cpu_sup), util/1 unavailable for this OS

=ERROR REPORT==== 31-Mar-2016::12:30:57 ===
OS_MON (cpu_sup), util/1 unavailable for this OS

=ERROR REPORT==== 31-Mar-2016::12:31:07 ===
OS_MON (cpu_sup), util/1 unavailable for this OS

=ERROR REPORT==== 31-Mar-2016::12:31:17 ===
OS_MON (cpu_sup), util/1 unavailable for this OS

=ERROR REPORT==== 31-Mar-2016::12:31:27 ===
OS_MON (cpu_sup), util/1 unavailable for this OS

=ERROR REPORT==== 31-Mar-2016::12:31:38 ===
OS_MON (cpu_sup), util/1 unavailable for this OS

=ERROR REPORT==== 31-Mar-2016::12:31:48 ===
OS_MON (cpu_sup), util/1 unavailable for this OS

=ERROR REPORT==== 31-Mar-2016::12:31:58 ===
OS_MON (cpu_sup), util/1 unavailable for this OS

=ERROR REPORT==== 31-Mar-2016::12:32:08 ===
OS_MON (cpu_sup), util/1 unavailable for this OS

=ERROR REPORT==== 31-Mar-2016::12:32:18 ===
OS_MON (cpu_sup), util/1 unavailable for this OS

=ERROR REPORT==== 31-Mar-2016::12:32:28 ===
OS_MON (cpu_sup), util/1 unavailable for this OS

=ERROR REPORT==== 31-Mar-2016::12:32:38 ===
OS_MON (cpu_sup), util/1 unavailable for this OS

=ERROR REPORT==== 31-Mar-2016::12:32:48 ===
OS_MON (cpu_sup), util/1 unavailable for this OS

=ERROR REPORT==== 31-Mar-2016::12:32:58 ===
OS_MON (cpu_sup), util/1 unavailable for this OS

=ERROR REPORT==== 31-Mar-2016::12:33:08 ===
OS_MON (cpu_sup), util/1 unavailable for this OS

=ERROR REPORT==== 31-Mar-2016::12:33:18 ===
OS_MON (cpu_sup), util/1 unavailable for this OS

=ERROR REPORT==== 31-Mar-2016::12:33:28 ===
OS_MON (cpu_sup), util/1 unavailable for this OS

=ERROR REPORT==== 31-Mar-2016::12:33:38 ===
OS_MON (cpu_sup), util/1 unavailable for this OS

=ERROR REPORT==== 31-Mar-2016::12:33:48 ===
OS_MON (cpu_sup), util/1 unavailable for this OS

=ERROR REPORT==== 31-Mar-2016::12:33:58 ===
OS_MON (cpu_sup), util/1 unavailable for this OS

=ERROR REPORT==== 31-Mar-2016::12:34:08 ===
OS_MON (cpu_sup), util/1 unavailable for this OS

=ERROR REPORT==== 31-Mar-2016::12:34:18 ===
OS_MON (cpu_sup), util/1 unavailable for this OS

=ERROR REPORT==== 31-Mar-2016::12:34:28 ===
OS_MON (cpu_sup), util/1 unavailable for this OS

=ERROR REPORT==== 31-Mar-2016::12:34:38 ===
OS_MON (cpu_sup), util/1 unavailable for this OS

=ERROR REPORT==== 31-Mar-2016::12:34:48 ===
OS_MON (cpu_sup), util/1 unavailable for this OS

=ERROR REPORT==== 31-Mar-2016::12:34:58 ===
OS_MON (cpu_sup), util/1 unavailable for this OS

=ERROR REPORT==== 31-Mar-2016::12:35:08 ===
OS_MON (cpu_sup), util/1 unavailable for this OS

=ERROR REPORT==== 31-Mar-2016::12:35:18 ===
OS_MON (cpu_sup), util/1 unavailable for this OS

=ERROR REPORT==== 31-Mar-2016::12:35:28 ===
OS_MON (cpu_sup), util/1 unavailable for this OS

=ERROR REPORT==== 31-Mar-2016::12:35:38 ===
OS_MON (cpu_sup), util/1 unavailable for this OS

=ERROR REPORT==== 31-Mar-2016::12:35:48 ===
OS_MON (cpu_sup), util/1 unavailable for this OS

=ERROR REPORT==== 31-Mar-2016::12:35:58 ===
OS_MON (cpu_sup), util/1 unavailable for this OS

=ERROR REPORT==== 31-Mar-2016::12:36:08 ===
OS_MON (cpu_sup), util/1 unavailable for this OS

=ERROR REPORT==== 31-Mar-2016::12:36:18 ===
OS_MON (cpu_sup), util/1 unavailable for this OS

=ERROR REPORT==== 31-Mar-2016::12:36:28 ===
OS_MON (cpu_sup), util/1 unavailable for this OS

=ERROR REPORT==== 31-Mar-2016::12:36:38 ===
OS_MON (cpu_sup), util/1 unavailable for this OS

=ERROR REPORT==== 31-Mar-2016::12:36:48 ===
OS_MON (cpu_sup), util/1 unavailable for this OS

=ERROR REPORT==== 31-Mar-2016::12:36:59 ===
OS_MON (cpu_sup), util/1 unavailable for this OS

=ERROR REPORT==== 31-Mar-2016::12:37:09 ===
OS_MON (cpu_sup), util/1 unavailable for this OS

=ERROR REPORT==== 31-Mar-2016::12:37:19 ===
OS_MON (cpu_sup), util/1 unavailable for this OS

=ERROR REPORT==== 31-Mar-2016::12:37:29 ===
OS_MON (cpu_sup), util/1 unavailable for this OS

=ERROR REPORT==== 31-Mar-2016::12:37:39 ===
OS_MON (cpu_sup), util/1 unavailable for this OS

=ERROR REPORT==== 31-Mar-2016::12:37:49 ===
OS_MON (cpu_sup), util/1 unavailable for this OS

=ERROR REPORT==== 31-Mar-2016::12:37:59 ===
OS_MON (cpu_sup), util/1 unavailable for this OS

=ERROR REPORT==== 31-Mar-2016::12:38:09 ===
OS_MON (cpu_sup), util/1 unavailable for this OS

=ERROR REPORT==== 31-Mar-2016::12:38:19 ===
OS_MON (cpu_sup), util/1 unavailable for this OS

=ERROR REPORT==== 31-Mar-2016::12:38:29 ===
OS_MON (cpu_sup), util/1 unavailable for this OS

=ERROR REPORT==== 31-Mar-2016::12:38:39 ===
OS_MON (cpu_sup), util/1 unavailable for this OS

=ERROR REPORT==== 31-Mar-2016::12:38:49 ===
OS_MON (cpu_sup), util/1 unavailable for this OS

=ERROR REPORT==== 31-Mar-2016::12:38:59 ===
OS_MON (cpu_sup), util/1 unavailable for this OS

=ERROR REPORT==== 31-Mar-2016::12:39:09 ===
OS_MON (cpu_sup), util/1 unavailable for this OS

=ERROR REPORT==== 31-Mar-2016::12:39:19 ===
OS_MON (cpu_sup), util/1 unavailable for this OS

=ERROR REPORT==== 31-Mar-2016::12:39:29 ===
OS_MON (cpu_sup), util/1 unavailable for this OS

=ERROR REPORT==== 31-Mar-2016::12:39:39 ===
OS_MON (cpu_sup), util/1 unavailable for this OS

=ERROR REPORT==== 31-Mar-2016::12:39:49 ===
OS_MON (cpu_sup), util/1 unavailable for this OS

=ERROR REPORT==== 31-Mar-2016::12:39:59 ===
OS_MON (cpu_sup), util/1 unavailable for this OS

=ERROR REPORT==== 31-Mar-2016::12:40:09 ===
OS_MON (cpu_sup), util/1 unavailable for this OS

=ERROR REPORT==== 31-Mar-2016::12:40:19 ===
OS_MON (cpu_sup), util/1 unavailable for this OS

=ERROR REPORT==== 31-Mar-2016::12:40:29 ===
OS_MON (cpu_sup), util/1 unavailable for this OS

=ERROR REPORT==== 31-Mar-2016::12:40:39 ===
OS_MON (cpu_sup), util/1 unavailable for this OS

=ERROR REPORT==== 31-Mar-2016::12:40:49 ===
OS_MON (cpu_sup), util/1 unavailable for this OS

=ERROR REPORT==== 31-Mar-2016::12:40:59 ===
OS_MON (cpu_sup), util/1 unavailable for this OS

=ERROR REPORT==== 31-Mar-2016::12:41:09 ===
OS_MON (cpu_sup), util/1 unavailable for this OS

=ERROR REPORT==== 31-Mar-2016::12:41:19 ===
OS_MON (cpu_sup), util/1 unavailable for this OS

=ERROR REPORT==== 31-Mar-2016::12:41:29 ===
OS_MON (cpu_sup), util/1 unavailable for this OS

=ERROR REPORT==== 31-Mar-2016::12:41:39 ===
OS_MON (cpu_sup), util/1 unavailable for this OS

=ERROR REPORT==== 31-Mar-2016::12:41:49 ===
OS_MON (cpu_sup), util/1 unavailable for this OS

=ERROR REPORT==== 31-Mar-2016::12:41:59 ===
OS_MON (cpu_sup), util/1 unavailable for this OS

=ERROR REPORT==== 31-Mar-2016::12:42:09 ===
OS_MON (cpu_sup), util/1 unavailable for this OS

=ERROR REPORT==== 31-Mar-2016::12:42:20 ===
OS_MON (cpu_sup), util/1 unavailable for this OS

=ERROR REPORT==== 31-Mar-2016::12:42:30 ===
OS_MON (cpu_sup), util/1 unavailable for this OS

=ERROR REPORT==== 31-Mar-2016::12:42:40 ===
OS_MON (cpu_sup), util/1 unavailable for this OS

=ERROR REPORT==== 31-Mar-2016::12:42:50 ===
OS_MON (cpu_sup), util/1 unavailable for this OS

=ERROR REPORT==== 31-Mar-2016::12:43:00 ===
OS_MON (cpu_sup), util/1 unavailable for this OS

=ERROR REPORT==== 31-Mar-2016::12:43:10 ===
OS_MON (cpu_sup), util/1 unavailable for this OS

=ERROR REPORT==== 31-Mar-2016::12:43:20 ===
OS_MON (cpu_sup), util/1 unavailable for this OS

=ERROR REPORT==== 31-Mar-2016::12:43:30 ===
OS_MON (cpu_sup), util/1 unavailable for this OS

=ERROR REPORT==== 31-Mar-2016::12:43:40 ===
OS_MON (cpu_sup), util/1 unavailable for this OS

=ERROR REPORT==== 31-Mar-2016::12:43:50 ===
OS_MON (cpu_sup), util/1 unavailable for this OS

=ERROR REPORT==== 31-Mar-2016::12:44:00 ===
OS_MON (cpu_sup), util/1 unavailable for this OS

=ERROR REPORT==== 31-Mar-2016::12:44:10 ===
OS_MON (cpu_sup), util/1 unavailable for this OS

=ERROR REPORT==== 31-Mar-2016::12:44:20 ===
OS_MON (cpu_sup), util/1 unavailable for this OS

=ERROR REPORT==== 31-Mar-2016::12:44:30 ===
OS_MON (cpu_sup), util/1 unavailable for this OS

=ERROR REPORT==== 31-Mar-2016::12:44:40 ===
OS_MON (cpu_sup), util/1 unavailable for this OS

=ERROR REPORT==== 31-Mar-2016::12:44:50 ===
OS_MON (cpu_sup), util/1 unavailable for this OS

=ERROR REPORT==== 31-Mar-2016::12:45:00 ===
OS_MON (cpu_sup), util/1 unavailable for this OS

=ERROR REPORT==== 31-Mar-2016::12:45:10 ===
OS_MON (cpu_sup), util/1 unavailable for this OS

=ERROR REPORT==== 31-Mar-2016::12:45:20 ===
OS_MON (cpu_sup), util/1 unavailable for this OS

=ERROR REPORT==== 31-Mar-2016::12:45:30 ===
OS_MON (cpu_sup), util/1 unavailable for this OS

=ERROR REPORT==== 31-Mar-2016::12:45:40 ===
OS_MON (cpu_sup), util/1 unavailable for this OS

=ERROR REPORT==== 31-Mar-2016::12:45:50 ===
OS_MON (cpu_sup), util/1 unavailable for this OS

=ERROR REPORT==== 31-Mar-2016::12:46:00 ===
OS_MON (cpu_sup), util/1 unavailable for this OS

=ERROR REPORT==== 31-Mar-2016::12:46:10 ===
OS_MON (cpu_sup), util/1 unavailable for this OS

=ERROR REPORT==== 31-Mar-2016::12:46:20 ===
OS_MON (cpu_sup), util/1 unavailable for this OS

=ERROR REPORT==== 31-Mar-2016::12:46:30 ===
OS_MON (cpu_sup), util/1 unavailable for this OS

=ERROR REPORT==== 31-Mar-2016::12:46:40 ===
OS_MON (cpu_sup), util/1 unavailable for this OS

=ERROR REPORT==== 31-Mar-2016::12:46:50 ===
OS_MON (cpu_sup), util/1 unavailable for this OS

=ERROR REPORT==== 31-Mar-2016::12:47:00 ===
OS_MON (cpu_sup), util/1 unavailable for this OS

=ERROR REPORT==== 31-Mar-2016::12:47:10 ===
OS_MON (cpu_sup), util/1 unavailable for this OS

=ERROR REPORT==== 31-Mar-2016::12:47:20 ===
OS_MON (cpu_sup), util/1 unavailable for this OS

=ERROR REPORT==== 31-Mar-2016::12:47:30 ===
OS_MON (cpu_sup), util/1 unavailable for this OS

=ERROR REPORT==== 31-Mar-2016::12:47:41 ===
OS_MON (cpu_sup), util/1 unavailable for this OS

=ERROR REPORT==== 31-Mar-2016::12:47:51 ===
OS_MON (cpu_sup), util/1 unavailable for this OS

=ERROR REPORT==== 31-Mar-2016::12:48:01 ===
OS_MON (cpu_sup), util/1 unavailable for this OS

=ERROR REPORT==== 31-Mar-2016::12:48:11 ===
OS_MON (cpu_sup), util/1 unavailable for this OS

=ERROR REPORT==== 31-Mar-2016::12:48:21 ===
OS_MON (cpu_sup), util/1 unavailable for this OS

=ERROR REPORT==== 31-Mar-2016::12:48:31 ===
OS_MON (cpu_sup), util/1 unavailable for this OS

=ERROR REPORT==== 31-Mar-2016::12:48:41 ===
OS_MON (cpu_sup), util/1 unavailable for this OS

=ERROR REPORT==== 31-Mar-2016::12:48:51 ===
OS_MON (cpu_sup), util/1 unavailable for this OS

=ERROR REPORT==== 31-Mar-2016::12:49:01 ===
OS_MON (cpu_sup), util/1 unavailable for this OS

=ERROR REPORT==== 31-Mar-2016::12:49:11 ===
OS_MON (cpu_sup), util/1 unavailable for this OS

=ERROR REPORT==== 31-Mar-2016::12:49:21 ===
OS_MON (cpu_sup), util/1 unavailable for this OS

=ERROR REPORT==== 31-Mar-2016::12:49:31 ===
OS_MON (cpu_sup), util/1 unavailable for this OS

=ERROR REPORT==== 31-Mar-2016::12:49:41 ===
OS_MON (cpu_sup), util/1 unavailable for this OS

=ERROR REPORT==== 31-Mar-2016::12:49:51 ===
OS_MON (cpu_sup), util/1 unavailable for this OS

=ERROR REPORT==== 31-Mar-2016::12:50:01 ===
OS_MON (cpu_sup), util/1 unavailable for this OS

=ERROR REPORT==== 31-Mar-2016::12:50:11 ===
OS_MON (cpu_sup), util/1 unavailable for this OS

=ERROR REPORT==== 31-Mar-2016::12:50:21 ===
OS_MON (cpu_sup), util/1 unavailable for this OS

=ERROR REPORT==== 31-Mar-2016::12:50:31 ===
OS_MON (cpu_sup), util/1 unavailable for this OS

=ERROR REPORT==== 31-Mar-2016::12:50:41 ===
OS_MON (cpu_sup), util/1 unavailable for this OS

=ERROR REPORT==== 31-Mar-2016::12:50:51 ===
OS_MON (cpu_sup), util/1 unavailable for this OS

=ERROR REPORT==== 31-Mar-2016::12:51:01 ===
OS_MON (cpu_sup), util/1 unavailable for this OS

=ERROR REPORT==== 31-Mar-2016::12:51:11 ===
OS_MON (cpu_sup), util/1 unavailable for this OS

=ERROR REPORT==== 31-Mar-2016::12:51:21 ===
OS_MON (cpu_sup), util/1 unavailable for this OS

=ERROR REPORT==== 31-Mar-2016::12:51:31 ===
OS_MON (cpu_sup), util/1 unavailable for this OS

=ERROR REPORT==== 31-Mar-2016::12:51:41 ===
OS_MON (cpu_sup), util/1 unavailable for this OS

=ERROR REPORT==== 31-Mar-2016::12:51:51 ===
OS_MON (cpu_sup), util/1 unavailable for this OS

=ERROR REPORT==== 31-Mar-2016::12:52:01 ===
OS_MON (cpu_sup), util/1 unavailable for this OS

=ERROR REPORT==== 31-Mar-2016::12:52:11 ===
OS_MON (cpu_sup), util/1 unavailable for this OS

=ERROR REPORT==== 31-Mar-2016::12:52:21 ===
OS_MON (cpu_sup), util/1 unavailable for this OS

=ERROR REPORT==== 31-Mar-2016::12:52:31 ===
OS_MON (cpu_sup), util/1 unavailable for this OS

=ERROR REPORT==== 31-Mar-2016::12:52:42 ===
OS_MON (cpu_sup), util/1 unavailable for this OS

=ERROR REPORT==== 31-Mar-2016::12:52:52 ===
OS_MON (cpu_sup), util/1 unavailable for this OS

=ERROR REPORT==== 31-Mar-2016::12:53:02 ===
OS_MON (cpu_sup), util/1 unavailable for this OS

=ERROR REPORT==== 31-Mar-2016::12:53:12 ===
OS_MON (cpu_sup), util/1 unavailable for this OS

=ERROR REPORT==== 31-Mar-2016::12:53:22 ===
OS_MON (cpu_sup), util/1 unavailable for this OS

=ERROR REPORT==== 31-Mar-2016::12:53:32 ===
OS_MON (cpu_sup), util/1 unavailable for this OS

=ERROR REPORT==== 31-Mar-2016::12:53:42 ===
OS_MON (cpu_sup), util/1 unavailable for this OS

=ERROR REPORT==== 31-Mar-2016::12:53:52 ===
OS_MON (cpu_sup), util/1 unavailable for this OS

=ERROR REPORT==== 31-Mar-2016::12:54:02 ===
OS_MON (cpu_sup), util/1 unavailable for this OS

=ERROR REPORT==== 31-Mar-2016::12:54:12 ===
OS_MON (cpu_sup), util/1 unavailable for this OS

=ERROR REPORT==== 31-Mar-2016::12:54:22 ===
OS_MON (cpu_sup), util/1 unavailable for this OS

=ERROR REPORT==== 31-Mar-2016::12:54:32 ===
OS_MON (cpu_sup), util/1 unavailable for this OS

=ERROR REPORT==== 31-Mar-2016::12:54:42 ===
OS_MON (cpu_sup), util/1 unavailable for this OS

=ERROR REPORT==== 31-Mar-2016::12:54:52 ===
OS_MON (cpu_sup), util/1 unavailable for this OS

=ERROR REPORT==== 31-Mar-2016::12:55:02 ===
OS_MON (cpu_sup), util/1 unavailable for this OS

=ERROR REPORT==== 31-Mar-2016::12:55:12 ===
OS_MON (cpu_sup), util/1 unavailable for this OS

=ERROR REPORT==== 31-Mar-2016::12:55:22 ===
OS_MON (cpu_sup), util/1 unavailable for this OS

=ERROR REPORT==== 31-Mar-2016::12:55:32 ===
OS_MON (cpu_sup), util/1 unavailable for this OS

=ERROR REPORT==== 31-Mar-2016::12:55:42 ===
OS_MON (cpu_sup), util/1 unavailable for this OS

=ERROR REPORT==== 31-Mar-2016::12:55:52 ===
OS_MON (cpu_sup), util/1 unavailable for this OS

=ERROR REPORT==== 31-Mar-2016::12:56:02 ===
OS_MON (cpu_sup), util/1 unavailable for this OS

=ERROR REPORT==== 31-Mar-2016::12:56:12 ===
OS_MON (cpu_sup), util/1 unavailable for this OS

=ERROR REPORT==== 31-Mar-2016::12:56:22 ===
OS_MON (cpu_sup), util/1 unavailable for this OS

=ERROR REPORT==== 31-Mar-2016::12:56:32 ===
OS_MON (cpu_sup), util/1 unavailable for this OS

=ERROR REPORT==== 31-Mar-2016::12:56:42 ===
OS_MON (cpu_sup), util/1 unavailable for this OS

=ERROR REPORT==== 31-Mar-2016::12:56:52 ===
OS_MON (cpu_sup), util/1 unavailable for this OS

=ERROR REPORT==== 31-Mar-2016::12:57:02 ===
OS_MON (cpu_sup), util/1 unavailable for this OS

=ERROR REPORT==== 31-Mar-2016::12:57:12 ===
OS_MON (cpu_sup), util/1 unavailable for this OS

=ERROR REPORT==== 31-Mar-2016::12:57:22 ===
OS_MON (cpu_sup), util/1 unavailable for this OS

=ERROR REPORT==== 31-Mar-2016::12:57:32 ===
OS_MON (cpu_sup), util/1 unavailable for this OS

=ERROR REPORT==== 31-Mar-2016::12:57:42 ===
OS_MON (cpu_sup), util/1 unavailable for this OS

=ERROR REPORT==== 31-Mar-2016::12:57:52 ===
OS_MON (cpu_sup), util/1 unavailable for this OS

=ERROR REPORT==== 31-Mar-2016::12:58:03 ===
OS_MON (cpu_sup), util/1 unavailable for this OS

=ERROR REPORT==== 31-Mar-2016::12:58:13 ===
OS_MON (cpu_sup), util/1 unavailable for this OS

=ERROR REPORT==== 31-Mar-2016::12:58:23 ===
OS_MON (cpu_sup), util/1 unavailable for this OS

=ERROR REPORT==== 31-Mar-2016::12:58:33 ===
OS_MON (cpu_sup), util/1 unavailable for this OS

=ERROR REPORT==== 31-Mar-2016::12:58:43 ===
OS_MON (cpu_sup), util/1 unavailable for this OS

=ERROR REPORT==== 31-Mar-2016::12:58:53 ===
OS_MON (cpu_sup), util/1 unavailable for this OS

=ERROR REPORT==== 31-Mar-2016::12:59:03 ===
OS_MON (cpu_sup), util/1 unavailable for this OS

=ERROR REPORT==== 31-Mar-2016::12:59:13 ===
OS_MON (cpu_sup), util/1 unavailable for this OS

=ERROR REPORT==== 31-Mar-2016::12:59:23 ===
OS_MON (cpu_sup), util/1 unavailable for this OS

=ERROR REPORT==== 31-Mar-2016::12:59:33 ===
OS_MON (cpu_sup), util/1 unavailable for this OS

=ERROR REPORT==== 31-Mar-2016::12:59:43 ===
OS_MON (cpu_sup), util/1 unavailable for this OS

=ERROR REPORT==== 31-Mar-2016::12:59:53 ===
OS_MON (cpu_sup), util/1 unavailable for this OS

=ERROR REPORT==== 31-Mar-2016::13:00:03 ===
OS_MON (cpu_sup), util/1 unavailable for this OS

=ERROR REPORT==== 31-Mar-2016::13:00:13 ===
OS_MON (cpu_sup), util/1 unavailable for this OS

=ERROR REPORT==== 31-Mar-2016::13:00:23 ===
OS_MON (cpu_sup), util/1 unavailable for this OS

=ERROR REPORT==== 31-Mar-2016::13:00:33 ===
OS_MON (cpu_sup), util/1 unavailable for this OS

=ERROR REPORT==== 31-Mar-2016::13:00:43 ===
OS_MON (cpu_sup), util/1 unavailable for this OS

=ERROR REPORT==== 31-Mar-2016::13:00:53 ===
OS_MON (cpu_sup), util/1 unavailable for this OS

=ERROR REPORT==== 31-Mar-2016::13:01:03 ===
OS_MON (cpu_sup), util/1 unavailable for this OS

=ERROR REPORT==== 31-Mar-2016::13:01:13 ===
OS_MON (cpu_sup), util/1 unavailable for this OS

=ERROR REPORT==== 31-Mar-2016::13:01:23 ===
OS_MON (cpu_sup), util/1 unavailable for this OS

=ERROR REPORT==== 31-Mar-2016::13:01:33 ===
OS_MON (cpu_sup), util/1 unavailable for this OS

=ERROR REPORT==== 31-Mar-2016::13:01:43 ===
OS_MON (cpu_sup), util/1 unavailable for this OS

=ERROR REPORT==== 31-Mar-2016::13:01:53 ===
OS_MON (cpu_sup), util/1 unavailable for this OS

=ERROR REPORT==== 31-Mar-2016::13:02:03 ===
OS_MON (cpu_sup), util/1 unavailable for this OS

=ERROR REPORT==== 31-Mar-2016::13:02:13 ===
OS_MON (cpu_sup), util/1 unavailable for this OS

=ERROR REPORT==== 31-Mar-2016::13:02:23 ===
OS_MON (cpu_sup), util/1 unavailable for this OS

=ERROR REPORT==== 31-Mar-2016::13:02:33 ===
OS_MON (cpu_sup), util/1 unavailable for this OS

=ERROR REPORT==== 31-Mar-2016::13:02:43 ===
OS_MON (cpu_sup), util/1 unavailable for this OS

=ERROR REPORT==== 31-Mar-2016::13:02:53 ===
OS_MON (cpu_sup), util/1 unavailable for this OS

=ERROR REPORT==== 31-Mar-2016::13:03:03 ===
OS_MON (cpu_sup), util/1 unavailable for this OS

=ERROR REPORT==== 31-Mar-2016::13:03:13 ===
OS_MON (cpu_sup), util/1 unavailable for this OS

=ERROR REPORT==== 31-Mar-2016::13:03:24 ===
OS_MON (cpu_sup), util/1 unavailable for this OS

=ERROR REPORT==== 31-Mar-2016::13:03:34 ===
OS_MON (cpu_sup), util/1 unavailable for this OS

=ERROR REPORT==== 31-Mar-2016::13:03:44 ===
OS_MON (cpu_sup), util/1 unavailable for this OS

=ERROR REPORT==== 31-Mar-2016::13:03:54 ===
OS_MON (cpu_sup), util/1 unavailable for this OS

=ERROR REPORT==== 31-Mar-2016::13:04:04 ===
OS_MON (cpu_sup), util/1 unavailable for this OS

=ERROR REPORT==== 31-Mar-2016::13:04:14 ===
OS_MON (cpu_sup), util/1 unavailable for this OS

=ERROR REPORT==== 31-Mar-2016::13:04:24 ===
OS_MON (cpu_sup), util/1 unavailable for this OS

=ERROR REPORT==== 31-Mar-2016::13:04:34 ===
OS_MON (cpu_sup), util/1 unavailable for this OS

=ERROR REPORT==== 31-Mar-2016::13:04:44 ===
OS_MON (cpu_sup), util/1 unavailable for this OS

=ERROR REPORT==== 31-Mar-2016::13:04:54 ===
OS_MON (cpu_sup), util/1 unavailable for this OS

=ERROR REPORT==== 31-Mar-2016::13:05:04 ===
OS_MON (cpu_sup), util/1 unavailable for this OS

=ERROR REPORT==== 31-Mar-2016::13:05:14 ===
OS_MON (cpu_sup), util/1 unavailable for this OS

=ERROR REPORT==== 31-Mar-2016::13:05:24 ===
OS_MON (cpu_sup), util/1 unavailable for this OS

=INFO REPORT==== 31-Mar-2016::13:05:30 ===
           ts_client:(4:<0.799.0>) Net error: etimedout

=INFO REPORT==== 31-Mar-2016::13:05:31 ===
     ts_launcher_mgr:(5:<0.127.0>) No more active users 'tsung_controller@daviddeMacBook-Pro' "41259"

=INFO REPORT==== 31-Mar-2016::13:05:32 ===
              ts_mon:(5:<0.72.0>) stopping monitor (normal)
