# stats: dump at 1459416819
stats: users 775 775
stats: {load,"tsung_controller@daviddeMacBook-Pro"} 1 2.73828125 0 2.73828125 2.73828125 0 0
stats: {cpu,"tsung_controller@daviddeMacBook-Pro"} 1 0 0 0 0 0 0
stats: {freemem,"tsung_controller@daviddeMacBook-Pro"} 1 31.296875 0 31.296875 31.296875 0 0
stats: session 100 5362.78056640625 136.67163686470562 5913.9169921875 5121.387939453125 0 0
stats: users_count 875 875
stats: finish_users_count 100 100
stats: request 100 5360.631506347656 136.73873478223356 5912.18505859375 5119.701904296875 0 0
stats: connect 810 86.279566333912 65.06329908945732 706.1650390625 50.51416015625 0 0
stats: page 100 5360.631506347656 136.73873478223356 5912.18505859375 5119.701904296875 0 0
stats: size_rcv 269060 269060
stats: size_sent 254954 254954
stats: connected 710 710
stats: 500 100 100
# stats: dump at 1459416829
stats: users 574 800
stats: {load,"tsung_controller@daviddeMacBook-Pro"} 1 2.46875 0.0 2.73828125 2.46875 2.73828125 1
stats: {cpu,"tsung_controller@daviddeMacBook-Pro"} 1 0.0 0.0 0 0 0.0 1
stats: {freemem,"tsung_controller@daviddeMacBook-Pro"} 1 30.36328125 0.0 31.296875 30.36328125 31.296875 1
stats: session 226 9042.217447196479 2082.6487431505448 12733.118896484375 5121.387939453125 5362.78056640625 100
stats: users_count 25 900
stats: finish_users_count 226 326
stats: request 226 9040.210481626797 2082.6463920831593 12730.702880859375 5119.701904296875 5360.631506347656 100
stats: connect 90 86.5021484375 68.80477598967907 706.1650390625 50.51416015625 86.279566333912 810
stats: page 226 9040.210481626797 2082.6463920831593 12730.702880859375 5119.701904296875 5360.631506347656 100
stats: 200 97 97
stats: size_rcv 1924386 2193446
stats: size_sent 28290 283244
stats: connected -136 574
stats: 500 130 230
# stats: dump at 1459416839
stats: users 327 800
stats: {load,"tsung_controller@daviddeMacBook-Pro"} 1 2.25 0.0 2.73828125 2.25 2.603515625 2
stats: {cpu,"tsung_controller@daviddeMacBook-Pro"} 1 0.0 0.0 0 0 0.0 2
stats: {freemem,"tsung_controller@daviddeMacBook-Pro"} 1 47.640625 0.0 47.640625 30.36328125 30.830078125 2
stats: session 247 17110.720424389536 2398.5198217990373 21396.37109375 5121.387939453125 7913.555827322176 326
stats: users_count 0 900
stats: finish_users_count 247 573
stats: request 207 16422.46132670969 1985.170700267977 20825.18994140625 5119.701904296875 7911.505274485957 326
stats: connect 0 0 0 706.1650390625 50.51416015625 86.3018245442708 900
stats: page 207 16422.46132670969 1985.170700267977 20825.18994140625 5119.701904296875 7911.505274485957 326
stats: 200 122 219
stats: size_rcv 2024122 4217568
stats: size_sent 0 283244
stats: connected -207 367
stats: 500 100 330
# stats: dump at 1459416849
stats: users 202 800
stats: {load,"tsung_controller@daviddeMacBook-Pro"} 1 2.12890625 0.0 2.73828125 2.12890625 2.4856770833333335 3
stats: {cpu,"tsung_controller@daviddeMacBook-Pro"} 1 0.0 0.0 0 0 0.0 3
stats: {freemem,"tsung_controller@daviddeMacBook-Pro"} 1 34.6171875 0.0 47.640625 30.36328125 36.43359375 3
stats: session 125 23718.23647265626 1672.285459293149 25980.913818359375 5121.387939453125 11878.127651886989 573
stats: users_count 0 900
stats: finish_users_count 125 698
stats: request 165 22975.29916252368 1963.232268029761 25979.046875 5119.701904296875 11216.885955180729 533
stats: connect 0 0 0 706.1650390625 50.51416015625 86.3018245442708 900
stats: page 165 22975.29916252368 1963.232268029761 25979.046875 5119.701904296875 11216.885955180729 533
stats: 200 78 297
stats: size_rcv 1705393 5922961
stats: size_sent 0 283244
stats: connected -165 202
stats: 500 73 403
# stats: dump at 1459416859
stats: users 202 800
stats: {load,"tsung_controller@daviddeMacBook-Pro"} 1 1.9609375 0.0 2.73828125 1.9609375 2.396484375 4
stats: {cpu,"tsung_controller@daviddeMacBook-Pro"} 1 0.0 0.0 0 0 0.0 4
stats: {freemem,"tsung_controller@daviddeMacBook-Pro"} 1 29.109375 0.0 47.640625 29.109375 35.9794921875 4
stats: session 0 0 0 25980.913818359375 5121.387939453125 13998.490979388649 698
stats: users_count 0 900
stats: finish_users_count 0 698
stats: request 0 0 0 25979.046875 5119.701904296875 13996.453547174408 698
stats: connect 0 0 0 706.1650390625 50.51416015625 86.3018245442708 900
stats: page 0 0 0 25979.046875 5119.701904296875 13996.453547174408 698
stats: 200 0 297
stats: size_rcv 0 5922961
stats: size_sent 0 283244
stats: connected 0 202
stats: 500 0 403
# stats: dump at 1459416869
stats: users 202 800
stats: {load,"tsung_controller@daviddeMacBook-Pro"} 1 1.80859375 0.0 2.73828125 1.80859375 2.309375 5
stats: {cpu,"tsung_controller@daviddeMacBook-Pro"} 1 0.0 0.0 0 0 0.0 5
stats: {freemem,"tsung_controller@daviddeMacBook-Pro"} 1 21.3359375 0.0 47.640625 21.3359375 34.60546875 5
stats: session 0 0 0 25980.913818359375 5121.387939453125 13998.490979388649 698
stats: users_count 0 900
stats: finish_users_count 0 698
stats: request 0 0 0 25979.046875 5119.701904296875 13996.453547174408 698
stats: connect 0 0 0 706.1650390625 50.51416015625 86.3018245442708 900
stats: page 0 0 0 25979.046875 5119.701904296875 13996.453547174408 698
stats: 200 0 297
stats: size_rcv 0 5922961
stats: size_sent 0 283244
stats: connected 0 202
stats: 500 0 403
# stats: dump at 1459416879
stats: users 2 800
stats: {load,"tsung_controller@daviddeMacBook-Pro"} 1 1.76953125 0.0 2.73828125 1.76953125 2.2259114583333335 6
stats: {cpu,"tsung_controller@daviddeMacBook-Pro"} 1 0.0 0.0 0 0 0.0 6
stats: {freemem,"tsung_controller@daviddeMacBook-Pro"} 1 40.84765625 0.0 47.640625 21.3359375 32.393880208333336 6
stats: session 200 60294.29797607422 180.09096673901348 61534.38916015625 5121.387939453125 13998.490979388649 698
stats: users_count 0 900
stats: finish_users_count 200 898
stats: request 200 60292.33746459961 180.1100558744691 61532.528076171875 5119.701904296875 13996.453547174408 698
stats: connect 0 0 0 706.1650390625 50.51416015625 86.3018245442708 900
stats: page 200 60292.33746459961 180.1100558744691 61532.528076171875 5119.701904296875 13996.453547174408 698
stats: 200 0 297
stats: size_rcv 538152 6461113
stats: size_sent 0 283244
stats: connected -200 2
stats: 500 200 603
# stats: dump at 1459416889
stats: users 2 800
stats: {load,"tsung_controller@daviddeMacBook-Pro"} 1 1.71875 0.0 2.73828125 1.71875 2.1607142857142856 7
stats: {cpu,"tsung_controller@daviddeMacBook-Pro"} 1 0.0 0.0 0 0 0.0 7
stats: {freemem,"tsung_controller@daviddeMacBook-Pro"} 1 48.91015625 0.0 48.91015625 21.3359375 33.6015625 7
stats: session 0 0 0 61534.38916015625 5121.387939453125 24309.361134552473 898
stats: users_count 0 900
stats: finish_users_count 0 898
stats: request 0 0 0 61532.528076171875 5119.701904296875 24307.340833906077 898
stats: connect 0 0 0 706.1650390625 50.51416015625 86.3018245442708 900
stats: page 0 0 0 61532.528076171875 5119.701904296875 24307.340833906077 898
stats: 200 0 297
stats: size_rcv 0 6461113
stats: size_sent 0 283244
stats: connected 0 2
stats: 500 0 603
# stats: dump at 1459416899
stats: users 2 800
stats: {load,"tsung_controller@daviddeMacBook-Pro"} 1 1.76171875 0.0 2.73828125 1.71875 2.10546875 8
stats: {cpu,"tsung_controller@daviddeMacBook-Pro"} 1 0.0 0.0 0 0 0.0 8
stats: {freemem,"tsung_controller@daviddeMacBook-Pro"} 1 45.24609375 0.0 48.91015625 21.3359375 35.51513671875 8
stats: session 0 0 0 61534.38916015625 5121.387939453125 24309.361134552473 898
stats: users_count 0 900
stats: finish_users_count 0 898
stats: request 0 0 0 61532.528076171875 5119.701904296875 24307.340833906077 898
stats: connect 0 0 0 706.1650390625 50.51416015625 86.3018245442708 900
stats: page 0 0 0 61532.528076171875 5119.701904296875 24307.340833906077 898
stats: 200 0 297
stats: size_rcv 0 6461113
stats: size_sent 0 283244
stats: connected 0 2
stats: 500 0 603
# stats: dump at 1459416909
stats: users 2 800
stats: {load,"tsung_controller@daviddeMacBook-Pro"} 1 1.5703125 0.0 2.73828125 1.5703125 2.0672743055555554 9
stats: {cpu,"tsung_controller@daviddeMacBook-Pro"} 1 0.0 0.0 0 0 0.0 9
stats: {freemem,"tsung_controller@daviddeMacBook-Pro"} 1 40.79296875 0.0 48.91015625 21.3359375 36.596354166666664 9
stats: session 0 0 0 61534.38916015625 5121.387939453125 24309.361134552473 898
stats: users_count 0 900
stats: finish_users_count 0 898
stats: request 0 0 0 61532.528076171875 5119.701904296875 24307.340833906077 898
stats: connect 0 0 0 706.1650390625 50.51416015625 86.3018245442708 900
stats: page 0 0 0 61532.528076171875 5119.701904296875 24307.340833906077 898
stats: 200 0 297
stats: size_rcv 0 6461113
stats: size_sent 0 283244
stats: connected 0 2
stats: 500 0 603
