# stats: dump at 1458797497
stats: users 0 1
stats: {load,"tsung_controller@daviddeMacBook-Pro"} 1 2.26953125 0 2.26953125 2.26953125 0 0
stats: {cpu,"tsung_controller@daviddeMacBook-Pro"} 1 0 0 0 0 0 0
stats: {freemem,"tsung_controller@daviddeMacBook-Pro"} 1 165.5859375 0 165.5859375 165.5859375 0 0
stats: session 5 192.120654296875 24.918919521814317 231.735107421875 158.64501953125 0 0
stats: users_count 5 5
stats: finish_users_count 5 5
stats: request 5 189.550048828125 26.291719896702954 230.47216796875 152.37109375 0 0
stats: connect 5 91.097265625 12.21985006097593 109.56201171875 75.256103515625 0 0
stats: page 5 189.550048828125 26.291719896702954 230.47216796875 152.37109375 0 0
stats: 200 5 5
stats: size_rcv 1615 1615
stats: size_sent 1715 1715
stats: connected 0 0
# stats: dump at 1458797507
stats: users 0 1
stats: {load,"tsung_controller@daviddeMacBook-Pro"} 1 2.1484375 0.0 2.26953125 2.1484375 2.26953125 1
stats: {cpu,"tsung_controller@daviddeMacBook-Pro"} 1 0.0 0.0 0 0 0.0 1
stats: {freemem,"tsung_controller@daviddeMacBook-Pro"} 1 151.02734375 0.0 165.5859375 151.02734375 165.5859375 1
stats: session 1 1135.6171875 0.0 1135.6171875 158.64501953125 192.120654296875 5
stats: users_count 1 6
stats: finish_users_count 1 6
stats: request 1 1133.85400390625 0.0 1133.85400390625 152.37109375 189.550048828125 5
stats: 200 1 6
stats: connect 1 1069.43701171875 0.0 1069.43701171875 75.256103515625 91.097265625 5
stats: page 1 1133.85400390625 0.0 1133.85400390625 152.37109375 189.550048828125 5
stats: size_rcv 323 1938
stats: size_sent 343 2058
stats: connected 0 0
# stats: dump at 1458797517
stats: users 0 2
stats: {load,"tsung_controller@daviddeMacBook-Pro"} 1 2.12890625 0.0 2.26953125 2.12890625 2.208984375 2
stats: {cpu,"tsung_controller@daviddeMacBook-Pro"} 1 0.0 0.0 0 0 0.0 2
stats: {freemem,"tsung_controller@daviddeMacBook-Pro"} 1 146.875 0.0 165.5859375 146.875 158.306640625 2
stats: session 8 185.59298706054688 34.91133611704392 1135.6171875 144.99609375 349.3700764973958 6
stats: users_count 8 14
stats: finish_users_count 8 14
stats: request 8 183.77716064453125 34.89146294886981 1133.85400390625 143.402099609375 346.9340413411458 6
stats: connect 8 81.26705932617188 7.966204526012822 1069.43701171875 68.298095703125 254.15388997395834 6
stats: page 8 183.77716064453125 34.89146294886981 1133.85400390625 143.402099609375 346.9340413411458 6
stats: 200 8 14
stats: size_rcv 2584 4522
stats: size_sent 2760 4818
stats: connected 0 0
# stats: dump at 1458797527
stats: users 0 2
stats: {load,"tsung_controller@daviddeMacBook-Pro"} 1 2.171875 0.0 2.26953125 2.12890625 2.1822916666666665 3
stats: {cpu,"tsung_controller@daviddeMacBook-Pro"} 1 0.0 0.0 0 0 0.0 3
stats: {freemem,"tsung_controller@daviddeMacBook-Pro"} 1 141.57421875 0.0 165.5859375 141.57421875 154.49609375 3
stats: session 7 172.24672154017858 26.061118646307012 1135.6171875 135.889892578125 255.78316824776786 14
stats: users_count 7 21
stats: finish_users_count 7 21
stats: request 7 170.52263532366072 26.163185337199618 1133.85400390625 134.017822265625 253.7015380859375 14
stats: connect 7 83.03013392857143 12.825373611155843 1069.43701171875 65.820068359375 155.36141531808036 14
stats: page 7 170.52263532366072 26.163185337199618 1133.85400390625 134.017822265625 253.7015380859375 14
stats: 200 7 21
stats: size_rcv 2261 6783
stats: size_sent 2409 7227
stats: connected 0 0
# stats: dump at 1458797537
stats: users 1 2
stats: {load,"tsung_controller@daviddeMacBook-Pro"} 1 2.1484375 0.0 2.26953125 2.12890625 2.1796875 4
stats: {cpu,"tsung_controller@daviddeMacBook-Pro"} 1 0.0 0.0 0 0 0.0 4
stats: {freemem,"tsung_controller@daviddeMacBook-Pro"} 1 113.55078125 0.0 165.5859375 113.55078125 151.265625 4
stats: session 3 133.71199544270834 13.860463653110969 1135.6171875 118.718017578125 227.93768601190476 21
stats: users_count 4 25
stats: finish_users_count 3 24
stats: request 3 131.62858072916666 13.99329549232962 1133.85400390625 116.530029296875 225.97523716517858 21
stats: connect 3 63.26806640625 6.548356901349559 1069.43701171875 56.60107421875 131.25098818824404 21
stats: 200 3 24
stats: page 3 131.62858072916666 13.99329549232962 1133.85400390625 116.530029296875 225.97523716517858 21
stats: size_rcv 969 7752
stats: size_sent 1037 8264
stats: connected 0 0
# stats: dump at 1458797547
stats: users 0 2
stats: {load,"tsung_controller@daviddeMacBook-Pro"} 1 1.98046875 0.0 2.26953125 1.98046875 2.1734375 5
stats: {cpu,"tsung_controller@daviddeMacBook-Pro"} 1 0.0 0.0 0 0 0.0 5
stats: {freemem,"tsung_controller@daviddeMacBook-Pro"} 1 100.53125 0.0 165.5859375 100.53125 143.72265625 5
stats: session 5 170.181005859375 21.112196029792134 1135.6171875 118.718017578125 216.15947469075522 24
stats: users_count 4 29
stats: finish_users_count 5 29
stats: page 5 168.007568359375 20.989116067220927 1133.85400390625 116.530029296875 214.1819051106771 24
stats: request 5 168.007568359375 20.989116067220927 1133.85400390625 116.530029296875 214.1819051106771 24
stats: 200 5 29
stats: connect 5 81.76279296875 10.925609944991509 1069.43701171875 56.60107421875 122.7531229654948 24
stats: size_rcv 1615 9367
stats: size_sent 1723 9987
stats: connected 0 0
# stats: dump at 1458797556
stats: users 0 2
stats: {load,"tsung_controller@daviddeMacBook-Pro"} 1 2.2890625 0.0 2.2890625 1.98046875 2.1412760416666665 6
stats: {cpu,"tsung_controller@daviddeMacBook-Pro"} 1 0.0 0.0 0 0 0.0 6
stats: {freemem,"tsung_controller@daviddeMacBook-Pro"} 1 75.3515625 0.0 165.5859375 75.3515625 136.52408854166666 6
stats: session 1 167.43212890625 0.0 1135.6171875 118.718017578125 208.23215247844828 29
stats: users_count 1 30
stats: finish_users_count 1 30
stats: page 1 165.599853515625 0.0 1133.85400390625 116.530029296875 206.22081256734913 29
stats: request 1 165.599853515625 0.0 1133.85400390625 116.530029296875 206.22081256734913 29
stats: connect 1 80.994140625 0.0 1069.43701171875 56.60107421875 115.68582469019397 29
stats: 200 1 30
stats: size_rcv 323 9690
stats: size_sent 351 10338
stats: connected 0 0
EndMonitor:{1458,797556,214878}
