# stats: dump at 1459842152
stats: users 6 19
stats: {load,"tsung_controller@daviddeMacBook-Pro"} 1 4.5703125 0 4.5703125 4.5703125 0 0
stats: {cpu,"tsung_controller@daviddeMacBook-Pro"} 1 0 0 0 0 0 0
stats: {freemem,"tsung_controller@daviddeMacBook-Pro"} 1 78.796875 0 78.796875 78.796875 0 0
stats: session 815 57.300645250191685 82.6896474711257 1227.368896484375 25.969970703125 0 0
stats: users_count 821 821
stats: finish_users_count 815 815
stats: request 772 51.82293131932073 72.96290663128319 1190.43017578125 24.35498046875 0 0
stats: connect 774 23.580944603419745 71.41708116228169 1169.640869140625 9.075927734375 0 0
stats: page 772 51.82293131932073 72.96290663128319 1190.43017578125 24.35498046875 0 0
stats: 200 772 772
stats: size_rcv 256304 256304
stats: size_sent 244404 244404
stats: connected 2 2
# stats: dump at 1459842162
stats: users 33 38
stats: {load,"tsung_controller@daviddeMacBook-Pro"} 1 4.3203125 0.0 4.5703125 4.3203125 4.5703125 1
stats: {cpu,"tsung_controller@daviddeMacBook-Pro"} 1 0.0 0.0 0 0 0.0 1
stats: {freemem,"tsung_controller@daviddeMacBook-Pro"} 1 74.23828125 0.0 78.796875 74.23828125 78.796875 1
stats: session 982 115.53456404738417 79.60896268025922 1227.368896484375 25.969970703125 57.300645250191685 815
stats: users_count 1009 1830
stats: finish_users_count 982 1797
stats: connect 995 54.94929088803387 68.40246365353264 1177.133056640625 9.075927734375 23.580944603419745 774
stats: request 987 112.28731789632413 85.77031519165693 1225.226806640625 24.35498046875 51.82293131932073 772
stats: page 987 112.28731789632413 85.77031519165693 1225.226806640625 24.35498046875 51.82293131932073 772
stats: 200 987 1759
stats: size_rcv 327684 583988
stats: size_sent 314054 558458
stats: connected 8 10
# stats: dump at 1459842172
stats: users 4 49
stats: {load,"tsung_controller@daviddeMacBook-Pro"} 1 4.03125 0.0 4.5703125 4.03125 4.4453125 2
stats: {cpu,"tsung_controller@daviddeMacBook-Pro"} 1 0.0 0.0 0 0 0.0 2
stats: {freemem,"tsung_controller@daviddeMacBook-Pro"} 1 72.796875 0.0 78.796875 72.796875 76.517578125 2
stats: session 997 73.56810935736904 98.05614916574285 1227.368896484375 25.969970703125 89.12352129851834 1797
stats: users_count 968 2798
stats: finish_users_count 997 2794
stats: request 997 75.65308376300786 99.72786919343974 1225.226806640625 24.35498046875 85.7503614225057 1759
stats: page 997 75.65308376300786 99.72786919343974 1225.226806640625 24.35498046875 85.7503614225057 1759
stats: connect 992 35.01538725822202 58.73461274725853 1177.133056640625 9.075927734375 41.22453112303029 1769
stats: 200 998 2757
stats: size_rcv 331004 914992
stats: size_sent 313248 871706
stats: connected -5 5
# stats: dump at 1459842182
stats: users 5 49
stats: {load,"tsung_controller@daviddeMacBook-Pro"} 1 3.73046875 0.0 4.5703125 3.73046875 4.307291666666667 3
stats: {cpu,"tsung_controller@daviddeMacBook-Pro"} 1 0.0 0.0 0 0 0.0 3
stats: {freemem,"tsung_controller@daviddeMacBook-Pro"} 1 25.7890625 0.0 78.796875 25.7890625 75.27734375 3
stats: session 928 67.92417223700161 75.6125038850389 1227.368896484375 25.969970703125 83.57278912052054 2794
stats: users_count 929 3727
stats: finish_users_count 928 3722
stats: page 933 66.06109036918879 75.69004031812644 1225.226806640625 24.35498046875 82.09760894553932 2756
stats: request 933 66.06109036918879 75.69004031812644 1225.226806640625 24.35498046875 82.09760894553932 2756
stats: connect 931 29.32561960845187 58.29913113893739 1184.906005859375 9.075927734375 38.993647126692075 2761
stats: 200 932 3689
stats: size_rcv 309756 1224748
stats: size_sent 293830 1165536
stats: connected -2 3
# stats: dump at 1459842192
stats: users 4 49
stats: {load,"tsung_controller@daviddeMacBook-Pro"} 1 3.4609375 0.0 4.5703125 3.4609375 4.1630859375 4
stats: {cpu,"tsung_controller@daviddeMacBook-Pro"} 1 0.0 0.0 0 0 0.0 4
stats: {freemem,"tsung_controller@daviddeMacBook-Pro"} 1 26.51953125 0.0 78.796875 25.7890625 62.9052734375 4
stats: session 996 48.51549998823419 98.96893846749767 1227.368896484375 25.969970703125 79.6711457922278 3722
stats: users_count 995 4722
stats: finish_users_count 996 4718
stats: request 1002 46.16512385385476 98.46196171283965 1225.226806640625 24.35498046875 78.0417477821522 3689
stats: connect 1002 21.110031158386366 94.50294010692352 1184.906005859375 8.787109375 36.55569110841428 3692
stats: page 1002 46.16512385385476 98.46196171283965 1225.226806640625 24.35498046875 78.0417477821522 3689
stats: 200 1002 4691
stats: size_rcv 332664 1557412
stats: size_sent 316180 1481716
stats: connected 0 3
# stats: dump at 1459842202
stats: users 3 49
stats: {load,"tsung_controller@daviddeMacBook-Pro"} 1 3.390625 0.0 4.5703125 3.390625 4.02265625 5
stats: {cpu,"tsung_controller@daviddeMacBook-Pro"} 1 0.0 0.0 0 0 0.0 5
stats: {freemem,"tsung_controller@daviddeMacBook-Pro"} 1 74.3515625 0.0 78.796875 25.7890625 55.628125 5
stats: session 1024 54.54187488555907 133.78471318479305 1227.368896484375 25.969970703125 73.09398953517446 4718
stats: users_count 1023 5745
stats: finish_users_count 1024 5742
stats: connect 1018 28.44691092560474 131.75223695274065 1194.733154296875 8.787109375 33.2585988054897 4694
stats: page 1019 52.4703396693296 134.09149476665618 1225.226806640625 24.35498046875 71.23288460241356 4691
stats: request 1019 52.4703396693296 134.09149476665618 1225.226806640625 24.35498046875 71.23288460241356 4691
stats: 200 1020 5711
stats: size_rcv 338308 1895720
stats: size_sent 321164 1802880
stats: connected -1 2
# stats: dump at 1459842207
stats: users 0 49
stats: {load,"tsung_controller@daviddeMacBook-Pro"} 1 3.390625 0.0 4.5703125 3.390625 3.9173177083333335 6
stats: {cpu,"tsung_controller@daviddeMacBook-Pro"} 1 0.0 0.0 0 0 0.0 6
stats: {freemem,"tsung_controller@daviddeMacBook-Pro"} 1 64.69921875 0.0 78.796875 25.7890625 58.748697916666664 6
stats: session 6 370.9769694010417 476.4625895320922 1227.368896484375 25.969970703125 69.78549677982681 5742
stats: users_count 3 5748
stats: finish_users_count 6 5748
stats: request 38 94.46736225328948 226.82189336730576 1225.226806640625 24.35498046875 67.88454252066006 5710
stats: connect 36 68.58591715494792 230.98797104538664 1194.733154296875 8.787109375 32.40105359160263 5712
stats: page 38 94.46736225328948 226.82189336730576 1225.226806640625 24.35498046875 67.88454252066006 5710
stats: 200 37 5748
stats: size_rcv 12616 1908336
stats: size_sent 11360 1814240
stats: connected -2 0
EndMonitor:{1459,842207,634757}
