# stats: dump at 1459842496
stats: users 800 800
stats: {load,"tsung_controller@daviddeMacBook-Pro"} 1 6.6796875 0 6.6796875 6.6796875 0 0
stats: {cpu,"tsung_controller@daviddeMacBook-Pro"} 1 0 0 0 0 0 0
stats: {freemem,"tsung_controller@daviddeMacBook-Pro"} 1 31.43359375 0 31.43359375 31.43359375 0 0
stats: users_count 800 800
stats: finish_users_count 0 0
stats: size_sent 250716 250716
stats: connect 794 17.43870317665696 55.447437396548324 1120.508056640625 9.91796875 0 0
stats: connected 794 794
# stats: dump at 1459842506
stats: users 800 800
stats: {load,"tsung_controller@daviddeMacBook-Pro"} 1 7.2109375 0.0 7.2109375 6.6796875 6.6796875 1
stats: {cpu,"tsung_controller@daviddeMacBook-Pro"} 1 0.0 0.0 0 0 0.0 1
stats: {freemem,"tsung_controller@daviddeMacBook-Pro"} 1 21.4609375 0.0 31.43359375 21.4609375 31.43359375 1
stats: users_count 0 800
stats: finish_users_count 0 0
stats: connect 0 0 0 1120.508056640625 9.91796875 17.43870317665696 794
stats: size_sent 0 250716
stats: connected 0 794
