# stats: dump at 1459147942
stats: users 526 529
stats: {load,"tsung_controller@daviddeMacBook-Pro"} 1 1.46875 0 1.46875 1.46875 0 0
stats: {cpu,"tsung_controller@daviddeMacBook-Pro"} 1 0 0 0 0 0 0
stats: {freemem,"tsung_controller@daviddeMacBook-Pro"} 1 83.6015625 0 83.6015625 83.6015625 0 0
stats: session 345 5172.14055352695 111.23456092255603 6302.408935546875 5106.363037109375 0 0
stats: users_count 871 871
stats: finish_users_count 345 345
stats: request 304 5172.389103136565 118.00942838721228 6300.2158203125 5104.675048828125 0 0
stats: page 304 5172.389103136565 118.00942838721228 6300.2158203125 5104.675048828125 0 0
stats: connect 727 510.3045323514874 581.0504287476214 2476.572021484375 51.60888671875 0 0
stats: size_rcv 37392 37392
stats: size_sent 228863 228863
stats: connected 423 423
stats: 204 304 304
# stats: dump at 1459147952
stats: users 500 631
stats: {load,"tsung_controller@daviddeMacBook-Pro"} 1 1.46875 0.0 1.46875 1.46875 1.46875 1
stats: {cpu,"tsung_controller@daviddeMacBook-Pro"} 1 0.0 0.0 0 0 0.0 1
stats: {freemem,"tsung_controller@daviddeMacBook-Pro"} 1 48.46484375 0.0 83.6015625 48.46484375 83.6015625 1
stats: session 995 5998.662110111099 608.7746734218546 8754.079833984375 5106.363037109375 5172.14055352695 345
stats: users_count 969 1840
stats: finish_users_count 995 1340
stats: connect 1069 565.4567679252664 631.589025393385 3656.679931640625 51.2900390625 510.3045323514874 727
stats: request 976 5992.799600820069 610.2622029757553 8752.7919921875 5104.675048828125 5172.389103136565 304
stats: page 976 5992.799600820069 610.2622029757553 8752.7919921875 5104.675048828125 5172.389103136565 304
stats: size_rcv 120048 157440
stats: size_sent 336317 565180
stats: connected 93 516
stats: 204 976 1280
# stats: dump at 1459147962
stats: users 495 631
stats: {load,"tsung_controller@daviddeMacBook-Pro"} 1 1.48046875 0.0 1.48046875 1.46875 1.46875 2
stats: {cpu,"tsung_controller@daviddeMacBook-Pro"} 1 0.0 0.0 0 0 0.0 2
stats: {freemem,"tsung_controller@daviddeMacBook-Pro"} 1 30.51171875 0.0 83.6015625 30.51171875 66.033203125 2
stats: session 970 5185.660175630237 133.87573923694563 8754.079833984375 5106.363037109375 5785.863649647269 1340
stats: users_count 965 2805
stats: finish_users_count 970 2310
stats: connect 959 137.62627620120242 253.75888534268614 3656.679931640625 51.2900390625 543.131781699132 1796
stats: size_rcv 122754 280194
stats: request 998 5202.054045835817 202.74893501301386 8752.7919921875 5104.162841796875 5797.952107620236 1280
stats: page 998 5202.054045835817 202.74893501301386 8752.7919921875 5104.162841796875 5797.952107620236 1280
stats: size_sent 301879 867059
stats: connected -39 477
stats: 204 998 2278
# stats: dump at 1459147972
stats: users 560 631
stats: {load,"tsung_controller@daviddeMacBook-Pro"} 1 1.48828125 0.0 1.48828125 1.46875 1.47265625 3
stats: {cpu,"tsung_controller@daviddeMacBook-Pro"} 1 0.0 0.0 0 0 0.0 3
stats: {freemem,"tsung_controller@daviddeMacBook-Pro"} 1 17.05078125 0.0 83.6015625 17.05078125 54.192708333333336 3
stats: session 923 5246.502348035023 277.58930270278086 8987.63916015625 5106.363037109375 5533.8301562288625 2310
stats: users_count 988 3793
stats: finish_users_count 923 3233
stats: connect 997 104.16444499514166 146.9427381400189 3656.679931640625 51.2900390625 401.97759666373656 2755
stats: page 913 5245.518170159328 278.9550858826096 8985.98193359375 5104.162841796875 5536.88702172873 2278
stats: request 913 5245.518170159328 278.9550858826096 8985.98193359375 5104.162841796875 5536.88702172873 2278
stats: size_rcv 112299 392493
stats: size_sent 313661 1180720
stats: connected 84 561
stats: 204 913 3191
# stats: dump at 1459147982
stats: users 484 631
stats: {load,"tsung_controller@daviddeMacBook-Pro"} 1 1.6484375 0.0 1.6484375 1.46875 1.4765625 4
stats: {cpu,"tsung_controller@daviddeMacBook-Pro"} 1 0.0 0.0 0 0 0.0 4
stats: {freemem,"tsung_controller@daviddeMacBook-Pro"} 1 33.0703125 0.0 83.6015625 17.05078125 44.9072265625 4
stats: session 1022 5191.043752054408 182.2515444417343 8987.63916015625 5105.0810546875 5451.799977768326 3233
stats: users_count 946 4739
stats: finish_users_count 1022 4255
stats: size_rcv 126198 518691
stats: request 1026 5189.242736935382 181.83085166373283 8985.98193359375 5102.866943359375 5453.521380399096 3191
stats: connect 951 121.00009087884456 217.29597632256286 3656.679931640625 51.215087890625 322.84121281150067 3752
stats: page 1026 5189.242736935382 181.83085166373283 8985.98193359375 5102.866943359375 5453.521380399096 3191
stats: size_sent 299127 1479847
stats: connected -75 486
stats: 204 1026 4217
# stats: dump at 1459147992
stats: users 495 631
stats: {load,"tsung_controller@daviddeMacBook-Pro"} 1 1.46875 0.0 1.6484375 1.46875 1.5109375 5
stats: {cpu,"tsung_controller@daviddeMacBook-Pro"} 1 0.0 0.0 0 0 0.0 5
stats: {freemem,"tsung_controller@daviddeMacBook-Pro"} 1 17.37109375 0.0 83.6015625 17.05078125 42.53984375 5
stats: session 935 5202.315857912773 200.30622859769068 8987.63916015625 5105.0810546875 5389.169457749614 4255
stats: users_count 946 5685
stats: finish_users_count 935 5190
stats: request 945 5198.8526240596 199.00034072887172 8985.98193359375 5102.866943359375 5389.222142032065 4217
stats: connect 942 107.69117558635217 170.30473963665372 3656.679931640625 51.194091796875 282.0266461608615 4703
stats: size_rcv 116235 634926
stats: page 945 5198.8526240596 199.00034072887172 8985.98193359375 5102.866943359375 5389.222142032065 4217
stats: size_sent 296238 1776085
stats: connected -3 483
stats: 204 945 5162
# stats: dump at 1459147998
stats: users 0 631
stats: {load,"tsung_controller@daviddeMacBook-Pro"} 1 1.390625 0.0 1.6484375 1.390625 1.50390625 6
stats: {cpu,"tsung_controller@daviddeMacBook-Pro"} 1 0.0 0.0 0 0 0.0 6
stats: {freemem,"tsung_controller@daviddeMacBook-Pro"} 1 34.84765625 0.0 83.6015625 17.05078125 38.345052083333336 6
stats: session 617 3253.126683264536 1658.866924127288 8987.63916015625 201.26611328125 5355.507007682668 5190
stats: users_count 122 5807
stats: finish_users_count 617 5807
stats: connect 162 120.6361430603781 216.95987247740902 3656.679931640625 51.194091796875 252.93470403841903 5645
stats: request 645 3335.3824093840844 1670.057667858823 8985.98193359375 199.094970703125 5354.371465068876 5162
stats: page 645 3335.3824093840844 1670.057667858823 8985.98193359375 199.094970703125 5354.371465068876 5162
stats: size_rcv 19322 654248
stats: size_sent 50970 1827055
stats: connected -483 0
stats: 204 156 5318
stats: 500 1 1
EndMonitor:{1459,147998,817345}
