# stats: dump at 1458814500
stats: users 771 771
stats: {load,"tsung_controller@daviddeMacBook-Pro"} 1 2.01171875 0 2.01171875 2.01171875 0 0
stats: {cpu,"tsung_controller@daviddeMacBook-Pro"} 1 0 0 0 0 0 0
stats: {freemem,"tsung_controller@daviddeMacBook-Pro"} 1 73.203125 0 73.203125 73.203125 0 0
stats: session 100 5436.91177001953 255.7361802874041 5962.860107421875 5118.325927734375 0 0
stats: users_count 871 871
stats: finish_users_count 100 100
stats: request 100 5434.769892578125 255.8291279656515 5960.64111328125 5116.4130859375 0 0
stats: page 100 5434.769892578125 255.8291279656515 5960.64111328125 5116.4130859375 0 0
stats: connect 816 98.18797810872393 155.66456487393503 1251.317138671875 51.98095703125 0 0
stats: size_rcv 269060 269060
stats: size_sent 256832 256832
stats: connected 716 716
stats: 500 100 100
# stats: dump at 1458814510
stats: users 800 800
stats: {load,"tsung_controller@daviddeMacBook-Pro"} 1 1.8515625 0.0 2.01171875 1.8515625 2.01171875 1
stats: {cpu,"tsung_controller@daviddeMacBook-Pro"} 1 0.0 0.0 0 0 0.0 1
stats: {freemem,"tsung_controller@daviddeMacBook-Pro"} 1 115.21484375 0.0 115.21484375 73.203125 73.203125 1
stats: session 0 0 0 5962.860107421875 5118.325927734375 5436.91177001953 100
stats: users_count 29 900
stats: finish_users_count 0 100
stats: request 0 0 0 5960.64111328125 5116.4130859375 5434.769892578125 100
stats: connect 84 116.55982898530506 207.48770259198423 1251.317138671875 51.98095703125 98.18797810872393 816
stats: page 0 0 0 5960.64111328125 5116.4130859375 5434.769892578125 100
stats: size_rcv 0 269060
stats: size_sent 26412 283244
stats: connected 84 800
stats: 500 0 100
# stats: dump at 1458814520
stats: users 800 800
stats: {load,"tsung_controller@daviddeMacBook-Pro"} 1 1.94921875 0.0 2.01171875 1.8515625 1.931640625 2
stats: {cpu,"tsung_controller@daviddeMacBook-Pro"} 1 0.0 0.0 0 0 0.0 2
stats: {freemem,"tsung_controller@daviddeMacBook-Pro"} 1 125.79296875 0.0 125.79296875 73.203125 94.208984375 2
stats: session 0 0 0 5962.860107421875 5118.325927734375 5436.91177001953 100
stats: users_count 0 900
stats: finish_users_count 0 100
stats: request 0 0 0 5960.64111328125 5116.4130859375 5434.769892578125 100
stats: connect 0 0 0 1251.317138671875 51.98095703125 99.90268419053817 900
stats: page 0 0 0 5960.64111328125 5116.4130859375 5434.769892578125 100
stats: size_rcv 0 269060
stats: size_sent 0 283244
stats: connected 0 800
stats: 500 0 100
# stats: dump at 1458814530
stats: users 800 800
stats: {load,"tsung_controller@daviddeMacBook-Pro"} 1 1.890625 0.0 2.01171875 1.8515625 1.9375 3
stats: {cpu,"tsung_controller@daviddeMacBook-Pro"} 1 0.0 0.0 0 0 0.0 3
stats: {freemem,"tsung_controller@daviddeMacBook-Pro"} 1 138.59765625 0.0 138.59765625 73.203125 104.73697916666667 3
stats: session 0 0 0 5962.860107421875 5118.325927734375 5436.91177001953 100
stats: users_count 0 900
stats: finish_users_count 0 100
stats: size_rcv 0 269060
stats: request 0 0 0 5960.64111328125 5116.4130859375 5434.769892578125 100
stats: connect 0 0 0 1251.317138671875 51.98095703125 99.90268419053817 900
stats: page 0 0 0 5960.64111328125 5116.4130859375 5434.769892578125 100
stats: size_sent 0 283244
stats: connected 0 800
stats: 500 0 100
# stats: dump at 1458814540
stats: users 800 800
stats: {load,"tsung_controller@daviddeMacBook-Pro"} 1 2.05859375 0.0 2.05859375 1.8515625 1.92578125 4
stats: {cpu,"tsung_controller@daviddeMacBook-Pro"} 1 0.0 0.0 0 0 0.0 4
stats: {freemem,"tsung_controller@daviddeMacBook-Pro"} 1 137.14453125 0.0 138.59765625 73.203125 113.2021484375 4
stats: session 0 0 0 5962.860107421875 5118.325927734375 5436.91177001953 100
stats: users_count 0 900
stats: finish_users_count 0 100
stats: request 0 0 0 5960.64111328125 5116.4130859375 5434.769892578125 100
stats: connect 0 0 0 1251.317138671875 51.98095703125 99.90268419053817 900
stats: page 0 0 0 5960.64111328125 5116.4130859375 5434.769892578125 100
stats: size_rcv 0 269060
stats: size_sent 0 283244
stats: connected 0 800
stats: 500 0 100
# stats: dump at 1458814550
stats: users 800 800
stats: {load,"tsung_controller@daviddeMacBook-Pro"} 1 1.8203125 0.0 2.05859375 1.8203125 1.95234375 5
stats: {cpu,"tsung_controller@daviddeMacBook-Pro"} 1 0.0 0.0 0 0 0.0 5
stats: {freemem,"tsung_controller@daviddeMacBook-Pro"} 1 131.3828125 0.0 138.59765625 73.203125 117.990625 5
stats: session 0 0 0 5962.860107421875 5118.325927734375 5436.91177001953 100
stats: users_count 0 900
stats: finish_users_count 0 100
stats: request 0 0 0 5960.64111328125 5116.4130859375 5434.769892578125 100
stats: connect 0 0 0 1251.317138671875 51.98095703125 99.90268419053817 900
stats: size_rcv 0 269060
stats: page 0 0 0 5960.64111328125 5116.4130859375 5434.769892578125 100
stats: size_sent 0 283244
stats: connected 0 800
stats: 500 0 100
# stats: dump at 1458814560
stats: users 383 800
stats: {load,"tsung_controller@daviddeMacBook-Pro"} 1 1.91015625 0.0 2.05859375 1.8203125 1.9303385416666667 6
stats: {cpu,"tsung_controller@daviddeMacBook-Pro"} 1 0.0 0.0 0 0 0.0 6
stats: {freemem,"tsung_controller@daviddeMacBook-Pro"} 1 130.52734375 0.0 138.59765625 73.203125 120.22265625 6
stats: session 417 61653.74536425547 1130.102969213623 63878.51513671875 5118.325927734375 5436.91177001953 100
stats: users_count 0 900
stats: finish_users_count 417 517
stats: request 412 61628.53263603136 1117.07302403231 63877.00390625 5116.4130859375 5434.769892578125 100
stats: page 412 61628.53263603136 1117.07302403231 63877.00390625 5116.4130859375 5434.769892578125 100
stats: connect 0 0 0 1251.317138671875 51.98095703125 99.90268419053817 900
stats: size_rcv 1108588 1377648
stats: size_sent 0 283244
stats: connected -412 388
stats: 500 413 513
# stats: dump at 1458814570
stats: users 200 800
stats: {load,"tsung_controller@daviddeMacBook-Pro"} 1 1.9296875 0.0 2.05859375 1.8203125 1.9274553571428572 7
stats: {cpu,"tsung_controller@daviddeMacBook-Pro"} 1 0.0 0.0 0 0 0.0 7
stats: {freemem,"tsung_controller@daviddeMacBook-Pro"} 1 97.03515625 0.0 138.59765625 73.203125 121.69475446428571 7
stats: session 183 64177.38397717085 522.0380075439555 65857.98803710938 5118.325927734375 50780.08316034136 517
stats: users_count 0 900
stats: finish_users_count 183 700
stats: connect 0 0 0 1251.317138671875 51.98095703125 99.90268419053817 900
stats: request 188 64159.018210553106 524.4266831291468 65855.88110351563 5116.4130859375 50653.18835020065 512
stats: page 188 64159.018210553106 524.4266831291468 65855.88110351563 5116.4130859375 50653.18835020065 512
stats: size_rcv 505940 1883588
stats: size_sent 0 283244
stats: connected -188 200
stats: 500 187 700
# stats: dump at 1458814580
stats: users 200 800
stats: {load,"tsung_controller@daviddeMacBook-Pro"} 1 1.859375 0.0 2.05859375 1.8203125 1.927734375 8
stats: {cpu,"tsung_controller@daviddeMacBook-Pro"} 1 0.0 0.0 0 0 0.0 8
stats: {freemem,"tsung_controller@daviddeMacBook-Pro"} 1 109.0703125 0.0 138.59765625 73.203125 118.6123046875 8
stats: session 0 0 0 65857.98803710938 5118.325927734375 54282.52037388393 700
stats: users_count 0 900
stats: finish_users_count 0 700
stats: connect 0 0 0 1251.317138671875 51.98095703125 99.90268419053817 900
stats: request 0 0 0 65855.88110351563 5116.4130859375 54280.46836983817 700
stats: page 0 0 0 65855.88110351563 5116.4130859375 54280.46836983817 700
stats: size_rcv 0 1883588
stats: size_sent 0 283244
stats: connected 0 200
stats: 500 0 700
# stats: dump at 1458814590
stats: users 200 800
stats: {load,"tsung_controller@daviddeMacBook-Pro"} 1 5.859375 0.0 5.859375 1.8203125 1.9201388888888888 9
stats: {cpu,"tsung_controller@daviddeMacBook-Pro"} 1 0.0 0.0 0 0 0.0 9
stats: {freemem,"tsung_controller@daviddeMacBook-Pro"} 1 89.015625 0.0 138.59765625 73.203125 117.55208333333333 9
stats: session 0 0 0 65857.98803710938 5118.325927734375 54282.52037388393 700
stats: users_count 0 900
stats: finish_users_count 0 700
stats: connect 0 0 0 1251.317138671875 51.98095703125 99.90268419053817 900
stats: request 0 0 0 65855.88110351563 5116.4130859375 54280.46836983817 700
stats: page 0 0 0 65855.88110351563 5116.4130859375 54280.46836983817 700
stats: size_rcv 0 1883588
stats: size_sent 0 283244
stats: connected 0 200
stats: 500 0 700
# stats: dump at 1458814600
stats: users 200 800
stats: {load,"tsung_controller@daviddeMacBook-Pro"} 1 5.19140625 0.0 5.859375 1.8203125 2.3140625 10
stats: {cpu,"tsung_controller@daviddeMacBook-Pro"} 1 0.0 0.0 0 0 0.0 10
stats: {freemem,"tsung_controller@daviddeMacBook-Pro"} 1 123.62890625 0.0 138.59765625 73.203125 114.6984375 10
stats: session 0 0 0 65857.98803710938 5118.325927734375 54282.52037388393 700
stats: users_count 0 900
stats: finish_users_count 0 700
stats: connect 0 0 0 1251.317138671875 51.98095703125 99.90268419053817 900
stats: request 0 0 0 65855.88110351563 5116.4130859375 54280.46836983817 700
stats: page 0 0 0 65855.88110351563 5116.4130859375 54280.46836983817 700
stats: size_rcv 0 1883588
stats: size_sent 0 283244
stats: connected 0 200
stats: 500 0 700
# stats: dump at 1458814610
stats: users 200 800
stats: {load,"tsung_controller@daviddeMacBook-Pro"} 1 5.01953125 0.0 5.859375 1.8203125 2.5756392045454546 11
stats: {cpu,"tsung_controller@daviddeMacBook-Pro"} 1 0.0 0.0 0 0 0.0 11
stats: {freemem,"tsung_controller@daviddeMacBook-Pro"} 1 140.90234375 0.0 140.90234375 73.203125 115.51029829545455 11
stats: session 0 0 0 65857.98803710938 5118.325927734375 54282.52037388393 700
stats: users_count 0 900
stats: finish_users_count 0 700
stats: connect 0 0 0 1251.317138671875 51.98095703125 99.90268419053817 900
stats: request 0 0 0 65855.88110351563 5116.4130859375 54280.46836983817 700
stats: page 0 0 0 65855.88110351563 5116.4130859375 54280.46836983817 700
stats: size_rcv 0 1883588
stats: size_sent 0 283244
stats: connected 0 200
stats: 500 0 700
# stats: dump at 1458814620
stats: users 12 800
stats: {load,"tsung_controller@daviddeMacBook-Pro"} 1 4.640625 0.0 5.859375 1.8203125 2.779296875 12
stats: {cpu,"tsung_controller@daviddeMacBook-Pro"} 1 0.0 0.0 0 0 0.0 12
stats: {freemem,"tsung_controller@daviddeMacBook-Pro"} 1 162.6796875 0.0 162.6796875 73.203125 117.62630208333333 12
stats: session 188 119736.73391658702 292.1184720455677 121244.1708984375 5118.325927734375 54282.52037388393 700
stats: users_count 0 900
stats: finish_users_count 188 888
stats: connect 0 0 0 1251.317138671875 51.98095703125 99.90268419053817 900
stats: request 161 119713.13156753445 294.75246228624076 121242.19995117188 5116.4130859375 54280.46836983817 700
stats: page 161 119713.13156753445 294.75246228624076 121242.19995117188 5116.4130859375 54280.46836983817 700
stats: size_rcv 433129 2316717
stats: size_sent 0 283244
stats: connected -161 39
stats: 500 162 862
# stats: dump at 1458814626
stats: users 0 800
stats: {load,"tsung_controller@daviddeMacBook-Pro"} 1 4.16015625 0.0 5.859375 1.8203125 2.9224759615384617 13
stats: {cpu,"tsung_controller@daviddeMacBook-Pro"} 1 0.0 0.0 0 0 0.0 13
stats: {freemem,"tsung_controller@daviddeMacBook-Pro"} 1 159.26171875 0.0 162.6796875 73.203125 121.09194711538461 13
stats: session 12 120104.6499226888 412.5236892737664 121244.1708984375 5118.325927734375 68139.9439617535 888
stats: users_count 0 900
stats: finish_users_count 12 900
stats: request 39 119936.8051570012 322.4531694836036 121242.19995117188 5116.4130859375 66515.84441493585 861
stats: connect 0 0 0 1251.317138671875 51.98095703125 99.90268419053817 900
stats: page 39 119936.8051570012 322.4531694836036 121242.19995117188 5116.4130859375 66515.84441493585 861
stats: size_rcv 104927 2421644
stats: size_sent 0 283244
stats: connected -39 0
stats: 500 38 900
EndMonitor:{1458,814626,729386}
