# stats: dump at 1460944890
stats: users 520 553
stats: {load,"tsung_controller@daviddeMacBook-Pro"} 1 2.7890625 0 2.7890625 2.7890625 0 0
stats: {cpu,"tsung_controller@daviddeMacBook-Pro"} 1 0 0 0 0 0 0
stats: {freemem,"tsung_controller@daviddeMacBook-Pro"} 1 45.78125 0 45.78125 45.78125 0 0
stats: session 349 980.8985508260203 1308.6552298441566 6261.276123046875 116.173095703125 0 0
stats: users_count 869 869
stats: finish_users_count 349 349
stats: request 290 1035.5384824555492 1300.0450040094627 6109.31396484375 114.18798828125 0 0
stats: connect 807 136.90843667712187 309.09950142670766 3722.239990234375 51.558837890625 0 0
stats: page 290 1035.5384824555492 1300.0450040094627 6109.31396484375 114.18798828125 0 0
stats: 200 790 790
stats: size_rcv 2883747 2883747
stats: size_sent 258849 258849
stats: connected 517 517
# stats: dump at 1460944900
stats: users 339 553
stats: {load,"tsung_controller@daviddeMacBook-Pro"} 1 2.75 0.0 2.7890625 2.75 2.7890625 1
stats: {cpu,"tsung_controller@daviddeMacBook-Pro"} 1 0.0 0.0 0 0 0.0 1
stats: {freemem,"tsung_controller@daviddeMacBook-Pro"} 1 32.0078125 0.0 45.78125 32.0078125 45.78125 1
stats: session 1166 1078.0931283417528 2259.1539932742485 11398.375 110.4609375 980.8985508260203 349
stats: users_count 985 1854
stats: finish_users_count 1166 1515
stats: request 1186 1086.5665581688713 2254.920734067802 11396.2490234375 108.291015625 1035.5384824555492 290
stats: connect 999 158.7869485696634 554.0592179616419 8363.862060546875 50.9599609375 136.90843667712187 807
stats: page 1186 1086.5665581688713 2254.920734067802 11396.2490234375 108.291015625 1035.5384824555492 290
stats: 200 1007 1797
stats: size_rcv 3003578 5887325
stats: size_sent 320337 579186
stats: connected -187 330
# stats: dump at 1460944910
stats: users 329 553
stats: {load,"tsung_controller@daviddeMacBook-Pro"} 1 2.55859375 0.0 2.7890625 2.55859375 2.76953125 2
stats: {cpu,"tsung_controller@daviddeMacBook-Pro"} 1 0.0 0.0 0 0 0.0 2
stats: {freemem,"tsung_controller@daviddeMacBook-Pro"} 1 161.5 0.0 161.5 32.0078125 38.89453125 2
stats: session 981 664.3886273274243 1977.5872826773734 24038.84716796875 110.4609375 1055.70309035298 1515
stats: users_count 971 2825
stats: finish_users_count 981 2496
stats: request 976 665.4198921078543 1982.1527206014084 24037.075927734375 108.291015625 1076.540716734682 1476
stats: page 976 665.4198921078543 1982.1527206014084 24037.075927734375 108.291015625 1076.540716734682 1476
stats: connect 970 404.83254193178135 710.218120028226 9446.847900390625 50.302978515625 149.01066999974034 1806
stats: 200 969 2766
stats: size_rcv 439387 6326712
stats: size_sent 311142 890328
stats: connected -6 324
# stats: dump at 1460944920
stats: users 323 553
stats: {load,"tsung_controller@daviddeMacBook-Pro"} 1 2.5390625 0.0 2.7890625 2.5390625 2.69921875 3
stats: {cpu,"tsung_controller@daviddeMacBook-Pro"} 1 0.0 0.0 0 0 0.0 3
stats: {freemem,"tsung_controller@daviddeMacBook-Pro"} 1 168.17578125 0.0 168.17578125 32.0078125 79.76302083333333 3
stats: session 972 254.1102596330053 1183.509603221554 27098.81591796875 110.4609375 901.9052184667341 2496
stats: users_count 966 3791
stats: finish_users_count 972 3468
stats: request 978 249.43308225292347 1178.9072620353163 27096.703125 108.291015625 912.8971911083427 2452
stats: connect 971 109.61717191120617 186.43145639453195 9446.847900390625 50.302978515625 238.40087741115235 2776
stats: page 978 249.43308225292347 1178.9072620353163 27096.703125 108.291015625 912.8971911083427 2452
stats: 200 976 3742
stats: size_rcv 352669 6679381
stats: size_sent 311309 1201637
stats: connected -7 317
# stats: dump at 1460944930
stats: users 325 553
stats: {load,"tsung_controller@daviddeMacBook-Pro"} 1 2.609375 0.0 2.7890625 2.5390625 2.6591796875 4
stats: {cpu,"tsung_controller@daviddeMacBook-Pro"} 1 0.0 0.0 0 0 0.0 4
stats: {freemem,"tsung_controller@daviddeMacBook-Pro"} 1 159.05859375 0.0 168.17578125 32.0078125 101.8662109375 4
stats: session 971 221.39147182350666 1254.0229915625764 39126.59716796875 110.4609375 720.3433095894607 3468
stats: users_count 973 4764
stats: finish_users_count 971 4439
stats: request 971 221.45572782569525 1255.0793302963366 39124.4091796875 108.291015625 723.7228766883427 3430
stats: connect 973 93.14175110804204 119.15913879329247 9446.847900390625 50.302978515625 205.0277847929384 3747
stats: page 971 221.45572782569525 1255.0793302963366 39124.4091796875 108.291015625 723.7228766883427 3430
stats: 200 970 4712
stats: size_rcv 336449 7015830
stats: size_sent 311875 1513512
stats: connected 2 319
# stats: dump at 1460944940
stats: users 326 553
stats: {load,"tsung_controller@daviddeMacBook-Pro"} 1 2.6015625 0.0 2.7890625 2.5390625 2.64921875 5
stats: {cpu,"tsung_controller@daviddeMacBook-Pro"} 1 0.0 0.0 0 0 0.0 5
stats: {freemem,"tsung_controller@daviddeMacBook-Pro"} 1 157.51171875 0.0 168.17578125 32.0078125 113.3046875 5
stats: session 982 245.31695643656113 414.5919265014096 39126.59716796875 110.4609375 611.201107636151 4439
stats: users_count 983 5747
stats: finish_users_count 982 5421
stats: request 991 241.60632558258706 411.1900438937283 39124.4091796875 108.291015625 612.906834528463 4401
stats: connect 990 151.25818438289124 397.7130508606268 9446.847900390625 50.302978515625 181.9631426795053 4720
stats: page 991 241.60632558258706 411.1900438937283 39124.4091796875 108.291015625 612.906834528463 4401
stats: 200 991 5703
stats: size_rcv 329012 7344842
stats: size_sent 317290 1830802
stats: connected -1 318
# stats: dump at 1460944950
stats: users 311 553
stats: {load,"tsung_controller@daviddeMacBook-Pro"} 1 2.51171875 0.0 2.7890625 2.51171875 2.6412760416666665 6
stats: {cpu,"tsung_controller@daviddeMacBook-Pro"} 1 0.0 0.0 0 0 0.0 6
stats: {freemem,"tsung_controller@daviddeMacBook-Pro"} 1 160.53125 0.0 168.17578125 32.0078125 120.67252604166667 6
stats: session 18 619.8657633463541 1878.9306978144218 39126.59716796875 110.4609375 544.9221486842977 5421
stats: users_count 3 5750
stats: finish_users_count 18 5439
stats: request 47 365.44153091755317 1192.3167408437248 39124.4091796875 108.291015625 544.6652165081805 5392
stats: connect 40 108.14892578125 185.0602818375545 9446.847900390625 50.302978515625 176.6395159345582 5710
stats: page 47 365.44153091755317 1192.3167408437248 39124.4091796875 108.291015625 544.6652165081805 5392
stats: 200 46 5749
stats: size_rcv 15272 7360114
stats: size_sent 12816 1843618
stats: connected -7 311
