# stats: dump at 1459405007
stats: users 778 778
stats: {load,"tsung_controller@daviddeMacBook-Pro"} 1 4.91015625 0 4.91015625 4.91015625 0 0
stats: {cpu,"tsung_controller@daviddeMacBook-Pro"} 1 0 0 0 0 0 0
stats: {freemem,"tsung_controller@daviddeMacBook-Pro"} 1 49.1640625 0 49.1640625 49.1640625 0 0
stats: session 100 5194.400195312498 30.972969408495526 5254.236083984375 5128.173095703125 0 0
stats: users_count 878 878
stats: finish_users_count 100 100
stats: request 100 5192.360100097657 30.911073649229536 5252.39794921875 5126.27587890625 0 0
stats: connect 832 166.4513062697189 297.64223584969807 3464.176025390625 51.68896484375 0 0
stats: page 100 5192.360100097657 30.911073649229536 5252.39794921875 5126.27587890625 0 0
stats: 200 100 100
stats: size_rcv 32100 32100
stats: size_sent 261856 261856
stats: connected 732 732
# stats: dump at 1459405017
stats: users 584 800
stats: {load,"tsung_controller@daviddeMacBook-Pro"} 1 5.2109375 0.0 5.2109375 4.91015625 4.91015625 1
stats: {cpu,"tsung_controller@daviddeMacBook-Pro"} 1 0.0 0.0 0 0 0.0 1
stats: {freemem,"tsung_controller@daviddeMacBook-Pro"} 1 45.25 0.0 49.1640625 45.25 49.1640625 1
stats: session 216 8840.590437147355 1955.1484784789277 14024.2109375 5128.173095703125 5194.400195312498 100
stats: users_count 22 900
stats: finish_users_count 216 316
stats: request 216 8838.543850368927 1955.1359361911627 14022.509033203125 5126.27587890625 5192.360100097657 100
stats: connect 68 143.1062442555147 233.1133783621356 3464.176025390625 51.68896484375 166.4513062697189 832
stats: page 216 8838.543850368927 1955.1359361911627 14022.509033203125 5126.27587890625 5192.360100097657 100
stats: 200 216 316
stats: size_rcv 1384936 1417036
stats: size_sent 21388 283244
stats: connected -148 584
# stats: dump at 1459405027
stats: users 321 800
stats: {load,"tsung_controller@daviddeMacBook-Pro"} 1 5.28125 0.0 5.28125 4.91015625 5.060546875 2
stats: {cpu,"tsung_controller@daviddeMacBook-Pro"} 1 0.0 0.0 0 0 0.0 2
stats: {freemem,"tsung_controller@daviddeMacBook-Pro"} 1 15.875 0.0 49.1640625 15.875 47.20703125 2
stats: session 263 17104.276558415517 2630.750287535548 22023.321044921875 5128.173095703125 7686.732765680628 316
stats: users_count 0 900
stats: finish_users_count 263 579
stats: request 230 16539.67623556386 2319.1156562854458 22021.4150390625 5126.27587890625 7684.688233194475 316
stats: connect 0 0 0 3464.176025390625 51.68896484375 164.68745713975682 900
stats: page 230 16539.67623556386 2319.1156562854458 22021.4150390625 5126.27587890625 7684.688233194475 316
stats: 200 233 549
stats: size_rcv 1784110 3201146
stats: size_sent 0 283244
stats: connected -230 354
# stats: dump at 1459405037
stats: users 200 800
stats: {load,"tsung_controller@daviddeMacBook-Pro"} 1 5.26953125 0.0 5.28125 4.91015625 5.134114583333333 3
stats: {cpu,"tsung_controller@daviddeMacBook-Pro"} 1 0.0 0.0 0 0 0.0 3
stats: {freemem,"tsung_controller@daviddeMacBook-Pro"} 1 52.42578125 0.0 52.42578125 15.875 36.763020833333336 3
stats: session 121 23967.87228620545 1311.562910260349 26366.674072265625 5128.173095703125 11964.477182760551 579
stats: users_count 0 900
stats: finish_users_count 121 700
stats: request 154 23335.41391189376 1681.7932939377706 26364.713134765625 5126.27587890625 11414.811384375718 546
stats: connect 0 0 0 3464.176025390625 51.68896484375 164.68745713975682 900
stats: page 154 23335.41391189376 1681.7932939377706 26364.713134765625 5126.27587890625 11414.811384375718 546
stats: 200 151 700
stats: size_rcv 970354 4171500
stats: size_sent 0 283244
stats: connected -154 200
# stats: dump at 1459405047
stats: users 200 800
stats: {load,"tsung_controller@daviddeMacBook-Pro"} 1 6.3984375 0.0 6.3984375 4.91015625 5.16796875 4
stats: {cpu,"tsung_controller@daviddeMacBook-Pro"} 1 0.0 0.0 0 0 0.0 4
stats: {freemem,"tsung_controller@daviddeMacBook-Pro"} 1 53.90625 0.0 53.90625 15.875 40.6787109375 4
stats: session 0 0 0 26366.674072265625 5128.173095703125 14039.349764927456 700
stats: users_count 0 900
stats: finish_users_count 0 700
stats: request 0 0 0 26364.713134765625 5126.27587890625 14037.343940429688 700
stats: connect 0 0 0 3464.176025390625 51.68896484375 164.68745713975682 900
stats: page 0 0 0 26364.713134765625 5126.27587890625 14037.343940429688 700
stats: 200 0 700
stats: size_rcv 0 4171500
stats: size_sent 0 283244
stats: connected 0 200
