# stats: dump at 1459392148
stats: users 740 740
stats: {load,"tsung_controller@daviddeMacBook-Pro"} 1 1.53125 0 1.53125 1.53125 0 0
stats: {cpu,"tsung_controller@daviddeMacBook-Pro"} 1 0 0 0 0 0 0
stats: {freemem,"tsung_controller@daviddeMacBook-Pro"} 1 21.16015625 0 21.16015625 21.16015625 0 0
stats: session 94 5179.854541535072 109.39000523404707 6138.179931640625 5118.5380859375 0 0
stats: users_count 834 834
stats: finish_users_count 94 94
stats: request 94 5177.6708594788915 109.36056995523954 6135.988037109375 5116.356201171875 0 0
stats: connect 766 126.49208933379569 261.96164988955286 2373.1279296875 51.666015625 0 0
stats: page 94 5177.6708594788915 109.36056995523954 6135.988037109375 5116.356201171875 0 0
stats: 200 94 94
stats: size_rcv 30174 30174
stats: size_sent 241126 241126
stats: connected 672 672
# stats: dump at 1459392158
stats: users 552 800
stats: {load,"tsung_controller@daviddeMacBook-Pro"} 1 1.51953125 0.0 1.53125 1.51953125 1.53125 1
stats: {cpu,"tsung_controller@daviddeMacBook-Pro"} 1 0.0 0.0 0 0 0.0 1
stats: {freemem,"tsung_controller@daviddeMacBook-Pro"} 1 21.11328125 0.0 21.16015625 21.11328125 21.16015625 1
stats: session 248 8034.07774008474 2015.6819210393635 14805.84521484375 4902.344970703125 5179.854541535072 94
stats: users_count 60 894
stats: finish_users_count 248 342
stats: request 248 8032.07859851468 2015.6794724797846 14803.717041015625 4900.236083984375 5177.6708594788915 94
stats: connect 128 291.67040443420404 581.3031739104118 3482.56494140625 51.666015625 126.49208933379569 766
stats: page 248 8032.07859851468 2015.6794724797846 14803.717041015625 4900.236083984375 5177.6708594788915 94
stats: 200 248 342
stats: size_rcv 815970 846144
stats: size_sent 40216 281342
stats: connected -120 552
# stats: dump at 1459392168
stats: users 278 800
stats: {load,"tsung_controller@daviddeMacBook-Pro"} 1 1.44140625 0.0 1.53125 1.44140625 1.525390625 2
stats: {cpu,"tsung_controller@daviddeMacBook-Pro"} 1 0.0 0.0 0 0 0.0 2
stats: {freemem,"tsung_controller@daviddeMacBook-Pro"} 1 36.75390625 0.0 36.75390625 21.11328125 21.13671875 2
stats: session 274 16663.887238217096 2793.501531861175 21878.6630859375 4902.344970703125 7249.583644576937 342
stats: users_count 0 894
stats: finish_users_count 274 616
stats: request 262 16508.712190817325 2761.020140897999 21876.720947265625 4900.236083984375 7247.533781352796 342
stats: connect 0 0 0 3482.56494140625 51.666015625 150.14178098128147 894
stats: page 262 16508.712190817325 2761.020140897999 21876.720947265625 4900.236083984375 7247.533781352796 342
stats: 200 273 615
stats: size_rcv 1318810 2164954
stats: size_sent 0 281342
stats: connected -262 290
