# stats: dump at 1459231183
stats: users 800 800
stats: {load,"tsung_controller@daviddeMacBook-Pro"} 1 1.640625 0 1.640625 1.640625 0 0
stats: {cpu,"tsung_controller@daviddeMacBook-Pro"} 1 0 0 0 0 0 0
stats: {freemem,"tsung_controller@daviddeMacBook-Pro"} 1 19.1953125 0 19.1953125 19.1953125 0 0
stats: users_count 800 800
stats: finish_users_count 0 0
stats: connect 795 22.937740762578606 70.74867547341412 1129.697021484375 7.52392578125 0 0
stats: size_sent 251038 251038
stats: connected 795 795
# stats: dump at 1459231193
stats: users 800 800
stats: {load,"tsung_controller@daviddeMacBook-Pro"} 1 1.62109375 0.0 1.640625 1.62109375 1.640625 1
stats: {cpu,"tsung_controller@daviddeMacBook-Pro"} 1 0.0 0.0 0 0 0.0 1
stats: {freemem,"tsung_controller@daviddeMacBook-Pro"} 1 16.65234375 0.0 19.1953125 16.65234375 19.1953125 1
stats: users_count 0 800
stats: finish_users_count 0 0
stats: connect 3 1085.6563313802083 21.76458258170126 1129.697021484375 7.52392578125 22.937740762578606 795
stats: size_sent 942 251980
stats: connected 3 798
