# stats: dump at 1459416158
stats: users 765 765
stats: {load,"tsung_controller@daviddeMacBook-Pro"} 1 1.62890625 0 1.62890625 1.62890625 0 0
stats: {cpu,"tsung_controller@daviddeMacBook-Pro"} 1 0 0 0 0 0 0
stats: {freemem,"tsung_controller@daviddeMacBook-Pro"} 1 52.828125 0 52.828125 52.828125 0 0
stats: session 100 5440.847180175781 151.0020673275876 6051.219970703125 5125.010009765625 0 0
stats: users_count 865 865
stats: finish_users_count 100 100
stats: request 100 5438.6656640625 151.2766727965712 6049.114013671875 5122.918212890625 0 0
stats: connect 811 85.37082582748924 39.187192590022796 569.65283203125 51.460205078125 0 0
stats: page 100 5438.6656640625 151.2766727965712 6049.114013671875 5122.918212890625 0 0
stats: size_rcv 269068 269068
stats: size_sent 255259 255259
stats: connected 711 711
stats: 500 100 100
# stats: dump at 1459416168
stats: users 581 800
stats: {load,"tsung_controller@daviddeMacBook-Pro"} 1 1.609375 0.0 1.62890625 1.609375 1.62890625 1
stats: {cpu,"tsung_controller@daviddeMacBook-Pro"} 1 0.0 0.0 0 0 0.0 1
stats: {freemem,"tsung_controller@daviddeMacBook-Pro"} 1 19.37890625 0.0 52.828125 19.37890625 52.828125 1
stats: session 219 9296.506602944852 1908.870080130475 12549.29296875 5125.010009765625 5440.847180175781 100
stats: users_count 35 900
stats: finish_users_count 219 319
stats: connect 89 98.96009260884834 81.97312665889886 569.65283203125 51.460205078125 85.37082582748924 811
stats: request 219 9294.465908381491 1908.8704467061893 12547.450927734375 5122.918212890625 5438.6656640625 100
stats: page 219 9294.465908381491 1908.8704467061893 12547.450927734375 5122.918212890625 5438.6656640625 100
stats: 200 97 97
stats: size_rcv 1781415 2050483
stats: size_sent 27985 283244
stats: connected -130 581
stats: 500 122 222
# stats: dump at 1459416178
stats: users 325 800
stats: {load,"tsung_controller@daviddeMacBook-Pro"} 1 1.890625 0.0 1.890625 1.609375 1.619140625 2
stats: {cpu,"tsung_controller@daviddeMacBook-Pro"} 1 0.0 0.0 0 0 0.0 2
stats: {freemem,"tsung_controller@daviddeMacBook-Pro"} 1 15.9375 0.0 52.828125 15.9375 36.103515625 2
stats: session 256 17254.173131942756 2489.130369408958 21242.18017578125 5125.010009765625 8087.835937500003 319
stats: users_count 0 900
stats: finish_users_count 256 575
stats: request 249 17159.008263522843 2459.79015759672 21239.886962890625 5122.918212890625 8085.751098250147 319
stats: page 249 17159.008263522843 2459.79015759672 21239.886962890625 5122.918212890625 8085.751098250147 319
stats: connect 0 0 0 569.65283203125 51.460205078125 86.71465332031254 900
stats: 200 170 267
stats: size_rcv 2501269 4551752
stats: size_sent 0 283244
stats: connected -249 332
stats: 500 100 322
# stats: dump at 1459416188
stats: users 201 800
stats: {load,"tsung_controller@daviddeMacBook-Pro"} 1 2.359375 0.0 2.359375 1.609375 1.7096354166666667 3
stats: {cpu,"tsung_controller@daviddeMacBook-Pro"} 1 0.0 0.0 0 0 0.0 3
stats: {freemem,"tsung_controller@daviddeMacBook-Pro"} 1 17.6953125 0.0 52.828125 15.9375 29.381510416666668 3
stats: session 124 23774.215796685992 1501.6720476563469 25630.3759765625 5125.010009765625 12168.84867102582 575
stats: users_count 0 900
stats: finish_users_count 124 699
stats: request 131 23600.760678822764 1631.1300357736159 25628.966064453125 5122.918212890625 12063.28813020948 568
stats: connect 0 0 0 569.65283203125 51.460205078125 86.71465332031254 900
stats: page 131 23600.760678822764 1631.1300357736159 25628.966064453125 5122.918212890625 12063.28813020948 568
stats: 200 30 297
stats: size_rcv 966987 5518739
stats: size_sent 0 283244
stats: connected -131 201
stats: 500 81 403
# stats: dump at 1459416198
stats: users 201 800
stats: {load,"tsung_controller@daviddeMacBook-Pro"} 1 2.1484375 0.0 2.359375 1.609375 1.8720703125 4
stats: {cpu,"tsung_controller@daviddeMacBook-Pro"} 1 0.0 0.0 0 0 0.0 4
stats: {freemem,"tsung_controller@daviddeMacBook-Pro"} 1 23.8515625 0.0 52.828125 15.9375 26.4599609375 4
stats: session 0 0 0 25630.3759765625 5125.010009765625 14227.597631801016 699
stats: users_count 0 900
stats: finish_users_count 0 699
stats: request 0 0 0 25628.966064453125 5122.918212890625 14225.532627875202 699
stats: connect 0 0 0 569.65283203125 51.460205078125 86.71465332031254 900
stats: page 0 0 0 25628.966064453125 5122.918212890625 14225.532627875202 699
stats: 200 0 297
stats: size_rcv 0 5518739
stats: size_sent 0 283244
stats: connected 0 201
stats: 500 0 403
# stats: dump at 1459416208
stats: users 201 800
stats: {load,"tsung_controller@daviddeMacBook-Pro"} 1 2.05859375 0.0 2.359375 1.609375 1.92734375 5
stats: {cpu,"tsung_controller@daviddeMacBook-Pro"} 1 0.0 0.0 0 0 0.0 5
stats: {freemem,"tsung_controller@daviddeMacBook-Pro"} 1 22.0546875 0.0 52.828125 15.9375 25.93828125 5
stats: session 0 0 0 25630.3759765625 5125.010009765625 14227.597631801016 699
stats: users_count 0 900
stats: finish_users_count 0 699
stats: page 0 0 0 25628.966064453125 5122.918212890625 14225.532627875202 699
stats: request 0 0 0 25628.966064453125 5122.918212890625 14225.532627875202 699
stats: connect 0 0 0 569.65283203125 51.460205078125 86.71465332031254 900
stats: 200 0 297
stats: size_rcv 0 5518739
stats: size_sent 0 283244
stats: connected 0 201
stats: 500 0 403
# stats: dump at 1459416218
stats: users 1 800
stats: {load,"tsung_controller@daviddeMacBook-Pro"} 1 2.05078125 0.0 2.359375 1.609375 1.94921875 6
stats: {cpu,"tsung_controller@daviddeMacBook-Pro"} 1 0.0 0.0 0 0 0.0 6
stats: {freemem,"tsung_controller@daviddeMacBook-Pro"} 1 18.27734375 0.0 52.828125 15.9375 25.291015625 6
stats: session 200 60362.337702636716 131.1265495354235 60962.68603515625 5125.010009765625 14227.597631801016 699
stats: users_count 0 900
stats: finish_users_count 200 899
stats: request 200 60360.29654785156 131.12272240910642 60960.134033203125 5122.918212890625 14225.532627875202 699
stats: connect 0 0 0 569.65283203125 51.460205078125 86.71465332031254 900
stats: page 200 60360.29654785156 131.12272240910642 60960.134033203125 5122.918212890625 14225.532627875202 699
stats: 200 0 297
stats: size_rcv 538152 6056891
stats: size_sent 0 283244
stats: connected -200 1
stats: 500 200 603
