# stats: dump at 1459147872
stats: users 773 773
stats: {load,"tsung_controller@daviddeMacBook-Pro"} 1 1.48046875 0 1.48046875 1.48046875 0 0
stats: {cpu,"tsung_controller@daviddeMacBook-Pro"} 1 0 0 0 0 0 0
stats: {freemem,"tsung_controller@daviddeMacBook-Pro"} 1 45.125 0 45.125 45.125 0 0
stats: session 100 5187.8054077148445 49.51056041128337 5598.64599609375 5120.4658203125 0 0
stats: users_count 873 873
stats: finish_users_count 100 100
stats: request 100 5185.655190429688 49.54542912990636 5596.553955078125 5117.823974609375 0 0
stats: connect 814 96.87120682250081 137.5978884897875 1233.2109375 51.56396484375 0 0
stats: page 100 5185.655190429688 49.54542912990636 5596.553955078125 5117.823974609375 0 0
stats: 200 100 100
stats: size_rcv 32100 32100
stats: size_sent 256206 256206
stats: connected 714 714
# stats: dump at 1459147882
stats: users 800 800
stats: {load,"tsung_controller@daviddeMacBook-Pro"} 1 1.48828125 0.0 1.48828125 1.48046875 1.48046875 1
stats: {cpu,"tsung_controller@daviddeMacBook-Pro"} 1 0.0 0.0 0 0 0.0 1
stats: {freemem,"tsung_controller@daviddeMacBook-Pro"} 1 52.765625 0.0 52.765625 45.125 45.125 1
stats: session 0 0 0 5598.64599609375 5120.4658203125 5187.8054077148445 100
stats: users_count 27 900
stats: finish_users_count 0 100
stats: page 0 0 0 5596.553955078125 5117.823974609375 5185.655190429688 100
stats: 200 0 100
stats: request 0 0 0 5596.553955078125 5117.823974609375 5185.655190429688 100
stats: connect 86 136.7525379269622 258.6694014912222 1648.37109375 51.56396484375 96.87120682250081 814
stats: size_rcv 0 32100
stats: size_sent 27038 283244
stats: connected 86 800
# stats: dump at 1459147892
stats: users 800 800
stats: {load,"tsung_controller@daviddeMacBook-Pro"} 1 1.55859375 0.0 1.55859375 1.48046875 1.484375 2
stats: {cpu,"tsung_controller@daviddeMacBook-Pro"} 1 0.0 0.0 0 0 0.0 2
stats: {freemem,"tsung_controller@daviddeMacBook-Pro"} 1 31.1953125 0.0 52.765625 31.1953125 48.9453125 2
stats: session 0 0 0 5598.64599609375 5120.4658203125 5187.8054077148445 100
stats: users_count 0 900
stats: finish_users_count 0 100
stats: request 0 0 0 5596.553955078125 5117.823974609375 5185.655190429688 100
stats: page 0 0 0 5596.553955078125 5117.823974609375 5185.655190429688 100
stats: connect 0 0 0 1648.37109375 51.56396484375 100.68208957248267 900
stats: 200 0 100
stats: size_rcv 0 32100
stats: size_sent 0 283244
stats: connected 0 800
# stats: dump at 1459147902
stats: users 800 800
stats: {load,"tsung_controller@daviddeMacBook-Pro"} 1 1.48046875 0.0 1.55859375 1.48046875 1.5091145833333333 3
stats: {cpu,"tsung_controller@daviddeMacBook-Pro"} 1 0.0 0.0 0 0 0.0 3
stats: {freemem,"tsung_controller@daviddeMacBook-Pro"} 1 28.59765625 0.0 52.765625 28.59765625 43.028645833333336 3
stats: session 0 0 0 5598.64599609375 5120.4658203125 5187.8054077148445 100
stats: users_count 0 900
stats: finish_users_count 0 100
stats: page 0 0 0 5596.553955078125 5117.823974609375 5185.655190429688 100
stats: request 0 0 0 5596.553955078125 5117.823974609375 5185.655190429688 100
stats: 200 0 100
stats: connect 0 0 0 1648.37109375 51.56396484375 100.68208957248267 900
stats: size_rcv 0 32100
stats: size_sent 0 283244
stats: connected 0 800
# stats: dump at 1459147912
stats: users 800 800
stats: {load,"tsung_controller@daviddeMacBook-Pro"} 1 1.55859375 0.0 1.55859375 1.48046875 1.501953125 4
stats: {cpu,"tsung_controller@daviddeMacBook-Pro"} 1 0.0 0.0 0 0 0.0 4
stats: {freemem,"tsung_controller@daviddeMacBook-Pro"} 1 57.21484375 0.0 57.21484375 28.59765625 39.4208984375 4
stats: session 0 0 0 5598.64599609375 5120.4658203125 5187.8054077148445 100
stats: users_count 0 900
stats: finish_users_count 0 100
stats: page 0 0 0 5596.553955078125 5117.823974609375 5185.655190429688 100
stats: request 0 0 0 5596.553955078125 5117.823974609375 5185.655190429688 100
stats: connect 0 0 0 1648.37109375 51.56396484375 100.68208957248267 900
stats: 200 0 100
stats: size_rcv 0 32100
stats: size_sent 0 283244
stats: connected 0 800
# stats: dump at 1459147922
stats: users 800 800
stats: {load,"tsung_controller@daviddeMacBook-Pro"} 1 1.55078125 0.0 1.55859375 1.48046875 1.51328125 5
stats: {cpu,"tsung_controller@daviddeMacBook-Pro"} 1 0.0 0.0 0 0 0.0 5
stats: {freemem,"tsung_controller@daviddeMacBook-Pro"} 1 70.3359375 0.0 70.3359375 28.59765625 42.9796875 5
stats: session 0 0 0 5598.64599609375 5120.4658203125 5187.8054077148445 100
stats: users_count 0 900
stats: finish_users_count 0 100
stats: request 0 0 0 5596.553955078125 5117.823974609375 5185.655190429688 100
stats: connect 0 0 0 1648.37109375 51.56396484375 100.68208957248267 900
stats: page 0 0 0 5596.553955078125 5117.823974609375 5185.655190429688 100
stats: 200 0 100
stats: size_rcv 0 32100
stats: size_sent 0 283244
stats: connected 0 800
