
=INFO REPORT==== 31-Mar-2016::18:04:00 ===
    ts_config_server:(5:<0.71.0>) Config server started, logdir is "/Users/admin/Job/jshy/tsung/tsung-1.6.0/examples/log/20160331-1804"
 
=INFO REPORT==== 31-Mar-2016::18:04:00 ===
              ts_mon:(5:<0.52.0>) starting monitor, global 

=INFO REPORT==== 31-Mar-2016::18:04:00 ===
           ts_config:(5:<0.71.0>) Reading config file: http_simple2.xml

=INFO REPORT==== 31-Mar-2016::18:04:00 ===
      ts_config_http:(4:<0.71.0>) Get user agent: 80 "Mozilla/5.0 (X11; U; Linux i686; en-US; rv:1.7.8) Gecko/20050513 Galeon/1.3.21" 

=INFO REPORT==== 31-Mar-2016::18:04:00 ===
      ts_config_http:(4:<0.71.0>) Get user agent: 20 "Mozilla/5.0 (Windows; U; Windows NT 5.2; fr-FR; rv:1.7.8) Gecko/20050511 Firefox/1.0.4" 

=INFO REPORT==== 31-Mar-2016::18:04:00 ===
           ts_config:(5:<0.71.0>) Session name for id 1 is "http-example"

=INFO REPORT==== 31-Mar-2016::18:04:00 ===
    ts_config_server:(4:<0.71.0>) SYSINFO:Tsung version: 1.6.0

=INFO REPORT==== 31-Mar-2016::18:04:00 ===
    ts_config_server:(4:<0.71.0>) SYSINFO:Erlang version: Erlang R16B03-1 (erts-5.10.4) [source] [64-bit] [smp:4:4] [async-threads:8] [hipe] [kernel-poll:true]


=INFO REPORT==== 31-Mar-2016::18:04:00 ===
    ts_config_server:(4:<0.71.0>) SYSINFO:System architecture x86_64-apple-darwin14.3.0

=INFO REPORT==== 31-Mar-2016::18:04:00 ===
    ts_config_server:(4:<0.71.0>) SYSINFO:Current path: /usr/local/lib/erlang/lib/tsung-1.6.0/ebin/tsung.beam

=INFO REPORT==== 31-Mar-2016::18:04:00 ===
      ts_os_mon_snmp:(5:<0.89.0>) starting os_mon_snmp with args {"myserver",
                                                                  {161,
                                                                   "public",
                                                                   v2,[]},
                                                                  10000,
                                                                  {global,
                                                                   ts_mon}}
=INFO REPORT==== 31-Mar-2016::18:04:08 ===
              ts_mon:(5:<0.72.0>) Activate clients with text backend

=INFO REPORT==== 31-Mar-2016::18:04:08 ===
              ts_mon:(5:<0.72.0>) Starting tsung clients on hosts: [localhost]

=INFO REPORT==== 31-Mar-2016::18:04:08 ===
    ts_config_server:(5:<0.71.0>) Start a launcher on the controller beam localhost

=INFO REPORT==== 31-Mar-2016::18:04:08 ===
    alarm_handler: {set,{{disk_almost_full,"/"},[]}}

=INFO REPORT==== 31-Mar-2016::18:04:08 ===
    alarm_handler: {set,{system_memory_high_watermark,[]}}

=ERROR REPORT==== 31-Mar-2016::18:04:08 ===
OS_MON (cpu_sup), util/1 unavailable for this OS

=INFO REPORT==== 31-Mar-2016::18:04:08 ===
  ts_launcher_static:(5:<0.132.0>) Launch msg receive ("localhost")

=INFO REPORT==== 31-Mar-2016::18:04:08 ===
         ts_launcher:(5:<0.133.0>) Launch msg receive ("localhost")

=INFO REPORT==== 31-Mar-2016::18:04:08 ===
    ts_config_server:(5:<0.71.0>) All remote beams started, syncing 

=INFO REPORT==== 31-Mar-2016::18:04:08 ===
    ts_config_server:(5:<0.71.0>) Undefined ports_range config 

=INFO REPORT==== 31-Mar-2016::18:04:08 ===
    ts_config_server:(5:<0.71.0>) New arrival phase 1 for client "localhost" (last ? true): will start 6000 users

=INFO REPORT==== 31-Mar-2016::18:04:08 ===
         ts_launcher:(5:<0.133.0>) Expected duration of first phase: 60.0 sec (6000 users) 

=INFO REPORT==== 31-Mar-2016::18:04:08 ===
         ts_launcher:(5:<0.133.0>) Can't get file descriptors limit from system, you should verify that 'maxusers' has a good value 
=INFO REPORT==== 31-Mar-2016::18:04:08 ===
         ts_launcher:(5:<0.133.0>) Activate launcher (6000 users) in 996 msec 

=INFO REPORT==== 31-Mar-2016::18:04:18 ===
         ts_launcher:(5:<0.133.0>) Max number of concurrent clients reached, must start a new beam

=INFO REPORT==== 31-Mar-2016::18:04:18 ===
    ts_config_server:(0:<0.71.0>) Maximum number of concurrent users in a single VM reached and 'use_controller_vm' is true, can't start new beam !!! Check 'maxusers' value in <client> configuration.

=ERROR REPORT==== 31-Mar-2016::18:04:18 ===
OS_MON (cpu_sup), util/1 unavailable for this OS

=ERROR REPORT==== 31-Mar-2016::18:04:28 ===
OS_MON (cpu_sup), util/1 unavailable for this OS

=ERROR REPORT==== 31-Mar-2016::18:04:38 ===
OS_MON (cpu_sup), util/1 unavailable for this OS

=ERROR REPORT==== 31-Mar-2016::18:04:48 ===
OS_MON (cpu_sup), util/1 unavailable for this OS

=ERROR REPORT==== 31-Mar-2016::18:04:58 ===
OS_MON (cpu_sup), util/1 unavailable for this OS

=ERROR REPORT==== 31-Mar-2016::18:05:09 ===
OS_MON (cpu_sup), util/1 unavailable for this OS

=ERROR REPORT==== 31-Mar-2016::18:05:19 ===
OS_MON (cpu_sup), util/1 unavailable for this OS

=ERROR REPORT==== 31-Mar-2016::18:05:29 ===
OS_MON (cpu_sup), util/1 unavailable for this OS

=ERROR REPORT==== 31-Mar-2016::18:05:39 ===
OS_MON (cpu_sup), util/1 unavailable for this OS

=ERROR REPORT==== 31-Mar-2016::18:05:49 ===
OS_MON (cpu_sup), util/1 unavailable for this OS

=ERROR REPORT==== 31-Mar-2016::18:05:59 ===
OS_MON (cpu_sup), util/1 unavailable for this OS

=ERROR REPORT==== 31-Mar-2016::18:06:09 ===
OS_MON (cpu_sup), util/1 unavailable for this OS

=ERROR REPORT==== 31-Mar-2016::18:06:19 ===
OS_MON (cpu_sup), util/1 unavailable for this OS

=ERROR REPORT==== 31-Mar-2016::18:06:29 ===
OS_MON (cpu_sup), util/1 unavailable for this OS

=ERROR REPORT==== 31-Mar-2016::18:06:39 ===
OS_MON (cpu_sup), util/1 unavailable for this OS

=ERROR REPORT==== 31-Mar-2016::18:06:49 ===
OS_MON (cpu_sup), util/1 unavailable for this OS

=ERROR REPORT==== 31-Mar-2016::18:06:59 ===
OS_MON (cpu_sup), util/1 unavailable for this OS

=ERROR REPORT==== 31-Mar-2016::18:07:09 ===
OS_MON (cpu_sup), util/1 unavailable for this OS

=ERROR REPORT==== 31-Mar-2016::18:07:19 ===
OS_MON (cpu_sup), util/1 unavailable for this OS

=ERROR REPORT==== 31-Mar-2016::18:07:29 ===
OS_MON (cpu_sup), util/1 unavailable for this OS

=ERROR REPORT==== 31-Mar-2016::18:07:39 ===
OS_MON (cpu_sup), util/1 unavailable for this OS

=ERROR REPORT==== 31-Mar-2016::18:07:49 ===
OS_MON (cpu_sup), util/1 unavailable for this OS

=ERROR REPORT==== 31-Mar-2016::18:07:59 ===
OS_MON (cpu_sup), util/1 unavailable for this OS

=ERROR REPORT==== 31-Mar-2016::18:08:09 ===
OS_MON (cpu_sup), util/1 unavailable for this OS

=ERROR REPORT==== 31-Mar-2016::18:08:19 ===
OS_MON (cpu_sup), util/1 unavailable for this OS

=ERROR REPORT==== 31-Mar-2016::18:08:29 ===
OS_MON (cpu_sup), util/1 unavailable for this OS

=ERROR REPORT==== 31-Mar-2016::18:08:39 ===
OS_MON (cpu_sup), util/1 unavailable for this OS

=ERROR REPORT==== 31-Mar-2016::18:08:49 ===
OS_MON (cpu_sup), util/1 unavailable for this OS

=ERROR REPORT==== 31-Mar-2016::18:08:59 ===
OS_MON (cpu_sup), util/1 unavailable for this OS

=ERROR REPORT==== 31-Mar-2016::18:09:09 ===
OS_MON (cpu_sup), util/1 unavailable for this OS

=ERROR REPORT==== 31-Mar-2016::18:09:19 ===
OS_MON (cpu_sup), util/1 unavailable for this OS

=ERROR REPORT==== 31-Mar-2016::18:09:29 ===
OS_MON (cpu_sup), util/1 unavailable for this OS

=ERROR REPORT==== 31-Mar-2016::18:09:39 ===
OS_MON (cpu_sup), util/1 unavailable for this OS

=ERROR REPORT==== 31-Mar-2016::18:09:49 ===
OS_MON (cpu_sup), util/1 unavailable for this OS

=ERROR REPORT==== 31-Mar-2016::18:09:59 ===
OS_MON (cpu_sup), util/1 unavailable for this OS

=ERROR REPORT==== 31-Mar-2016::18:10:09 ===
OS_MON (cpu_sup), util/1 unavailable for this OS

=ERROR REPORT==== 31-Mar-2016::18:10:19 ===
OS_MON (cpu_sup), util/1 unavailable for this OS

=ERROR REPORT==== 31-Mar-2016::18:10:29 ===
OS_MON (cpu_sup), util/1 unavailable for this OS

=ERROR REPORT==== 31-Mar-2016::18:10:39 ===
OS_MON (cpu_sup), util/1 unavailable for this OS

=ERROR REPORT==== 31-Mar-2016::18:10:50 ===
OS_MON (cpu_sup), util/1 unavailable for this OS

=ERROR REPORT==== 31-Mar-2016::18:11:00 ===
OS_MON (cpu_sup), util/1 unavailable for this OS

=ERROR REPORT==== 31-Mar-2016::18:11:10 ===
OS_MON (cpu_sup), util/1 unavailable for this OS

=ERROR REPORT==== 31-Mar-2016::18:11:20 ===
OS_MON (cpu_sup), util/1 unavailable for this OS

=ERROR REPORT==== 31-Mar-2016::18:11:30 ===
OS_MON (cpu_sup), util/1 unavailable for this OS

=ERROR REPORT==== 31-Mar-2016::18:11:40 ===
OS_MON (cpu_sup), util/1 unavailable for this OS

=ERROR REPORT==== 31-Mar-2016::18:11:50 ===
OS_MON (cpu_sup), util/1 unavailable for this OS

=ERROR REPORT==== 31-Mar-2016::18:12:00 ===
OS_MON (cpu_sup), util/1 unavailable for this OS

=ERROR REPORT==== 31-Mar-2016::18:12:10 ===
OS_MON (cpu_sup), util/1 unavailable for this OS

=ERROR REPORT==== 31-Mar-2016::18:12:20 ===
OS_MON (cpu_sup), util/1 unavailable for this OS

=ERROR REPORT==== 31-Mar-2016::18:12:30 ===
OS_MON (cpu_sup), util/1 unavailable for this OS

=ERROR REPORT==== 31-Mar-2016::18:12:40 ===
OS_MON (cpu_sup), util/1 unavailable for this OS

=ERROR REPORT==== 31-Mar-2016::18:12:50 ===
OS_MON (cpu_sup), util/1 unavailable for this OS

=ERROR REPORT==== 31-Mar-2016::18:13:00 ===
OS_MON (cpu_sup), util/1 unavailable for this OS

=ERROR REPORT==== 31-Mar-2016::18:13:10 ===
OS_MON (cpu_sup), util/1 unavailable for this OS

=ERROR REPORT==== 31-Mar-2016::18:13:20 ===
OS_MON (cpu_sup), util/1 unavailable for this OS

=ERROR REPORT==== 31-Mar-2016::18:13:30 ===
OS_MON (cpu_sup), util/1 unavailable for this OS

=ERROR REPORT==== 31-Mar-2016::18:13:40 ===
OS_MON (cpu_sup), util/1 unavailable for this OS

=ERROR REPORT==== 31-Mar-2016::18:13:50 ===
OS_MON (cpu_sup), util/1 unavailable for this OS

=ERROR REPORT==== 31-Mar-2016::18:14:00 ===
OS_MON (cpu_sup), util/1 unavailable for this OS

=ERROR REPORT==== 31-Mar-2016::18:14:10 ===
OS_MON (cpu_sup), util/1 unavailable for this OS

=ERROR REPORT==== 31-Mar-2016::18:14:20 ===
OS_MON (cpu_sup), util/1 unavailable for this OS

=ERROR REPORT==== 31-Mar-2016::18:14:30 ===
OS_MON (cpu_sup), util/1 unavailable for this OS

=ERROR REPORT==== 31-Mar-2016::18:14:40 ===
OS_MON (cpu_sup), util/1 unavailable for this OS

=ERROR REPORT==== 31-Mar-2016::18:14:50 ===
OS_MON (cpu_sup), util/1 unavailable for this OS

=ERROR REPORT==== 31-Mar-2016::18:15:00 ===
OS_MON (cpu_sup), util/1 unavailable for this OS

=ERROR REPORT==== 31-Mar-2016::18:15:10 ===
OS_MON (cpu_sup), util/1 unavailable for this OS

=ERROR REPORT==== 31-Mar-2016::18:15:20 ===
OS_MON (cpu_sup), util/1 unavailable for this OS

=ERROR REPORT==== 31-Mar-2016::18:15:30 ===
OS_MON (cpu_sup), util/1 unavailable for this OS

=ERROR REPORT==== 31-Mar-2016::18:15:40 ===
OS_MON (cpu_sup), util/1 unavailable for this OS

=ERROR REPORT==== 31-Mar-2016::18:15:50 ===
OS_MON (cpu_sup), util/1 unavailable for this OS

=ERROR REPORT==== 31-Mar-2016::18:16:01 ===
OS_MON (cpu_sup), util/1 unavailable for this OS

=ERROR REPORT==== 31-Mar-2016::18:16:11 ===
OS_MON (cpu_sup), util/1 unavailable for this OS

=ERROR REPORT==== 31-Mar-2016::18:16:21 ===
OS_MON (cpu_sup), util/1 unavailable for this OS

=ERROR REPORT==== 31-Mar-2016::18:16:31 ===
OS_MON (cpu_sup), util/1 unavailable for this OS
