# stats: dump at 1459418658
stats: users 800 800
stats: {load,"tsung_controller@daviddeMacBook-Pro"} 1 1.76171875 0 1.76171875 1.76171875 0 0
stats: {cpu,"tsung_controller@daviddeMacBook-Pro"} 1 0 0 0 0 0 0
stats: {freemem,"tsung_controller@daviddeMacBook-Pro"} 1 19.78125 0 19.78125 19.78125 0 0
stats: users_count 800 800
stats: finish_users_count 0 0
stats: connect 777 121.1872803677003 120.87288447912314 606.18994140625 51.865966796875 0 0
stats: size_sent 244577 244577
stats: connected 777 777
# stats: dump at 1459418668
stats: users 800 800
stats: {load,"tsung_controller@daviddeMacBook-Pro"} 1 1.7890625 0.0 1.7890625 1.76171875 1.76171875 1
stats: {cpu,"tsung_controller@daviddeMacBook-Pro"} 1 0.0 0.0 0 0 0.0 1
stats: {freemem,"tsung_controller@daviddeMacBook-Pro"} 1 40.67578125 0.0 40.67578125 19.78125 19.78125 1
stats: users_count 0 800
stats: finish_users_count 0 0
stats: connect 23 473.7241635529891 25.401973873669835 606.18994140625 51.865966796875 121.1872803677003 777
stats: size_sent 7231 251808
stats: connected 23 800
# stats: dump at 1459418678
stats: users 800 800
stats: {load,"tsung_controller@daviddeMacBook-Pro"} 1 1.75 0.0 1.7890625 1.75 1.775390625 2
stats: {cpu,"tsung_controller@daviddeMacBook-Pro"} 1 0.0 0.0 0 0 0.0 2
stats: {freemem,"tsung_controller@daviddeMacBook-Pro"} 1 31.73828125 0.0 40.67578125 19.78125 30.228515625 2
stats: users_count 0 800
stats: finish_users_count 0 0
stats: connect 0 0 0 606.18994140625 51.865966796875 131.32271575927734 800
stats: size_sent 0 251808
stats: connected 0 800
# stats: dump at 1459418688
stats: users 800 800
stats: {load,"tsung_controller@daviddeMacBook-Pro"} 1 1.62890625 0.0 1.7890625 1.62890625 1.7669270833333333 3
stats: {cpu,"tsung_controller@daviddeMacBook-Pro"} 1 0.0 0.0 0 0 0.0 3
stats: {freemem,"tsung_controller@daviddeMacBook-Pro"} 1 37.26171875 0.0 40.67578125 19.78125 30.731770833333332 3
stats: users_count 0 800
stats: finish_users_count 0 0
stats: connect 0 0 0 606.18994140625 51.865966796875 131.32271575927734 800
stats: size_sent 0 251808
stats: connected 0 800
# stats: dump at 1459418698
stats: users 800 800
stats: {load,"tsung_controller@daviddeMacBook-Pro"} 1 1.4609375 0.0 1.7890625 1.4609375 1.732421875 4
stats: {cpu,"tsung_controller@daviddeMacBook-Pro"} 1 0.0 0.0 0 0 0.0 4
stats: {freemem,"tsung_controller@daviddeMacBook-Pro"} 1 25.1875 0.0 40.67578125 19.78125 32.3642578125 4
stats: users_count 0 800
stats: finish_users_count 0 0
stats: connect 0 0 0 606.18994140625 51.865966796875 131.32271575927734 800
stats: size_sent 0 251808
stats: connected 0 800
# stats: dump at 1459418708
stats: users 680 800
stats: {load,"tsung_controller@daviddeMacBook-Pro"} 1 1.4609375 0.0 1.7890625 1.4609375 1.678125 5
stats: {cpu,"tsung_controller@daviddeMacBook-Pro"} 1 0.0 0.0 0 0 0.0 5
stats: {freemem,"tsung_controller@daviddeMacBook-Pro"} 1 39.6796875 0.0 40.67578125 19.78125 30.92890625 5
stats: session 120 52675.09691772461 2765.242450426292 57347.656005859375 48590.85888671875 0 0
stats: users_count 0 800
stats: finish_users_count 120 120
stats: request 120 52673.009729003905 2765.29339025507 57345.569091796875 48588.81396484375 0 0
stats: page 120 52673.009729003905 2765.29339025507 57345.569091796875 48588.81396484375 0 0
stats: connect 0 0 0 606.18994140625 51.865966796875 131.32271575927734 800
stats: 200 120 120
stats: size_rcv 1731480 1731480
stats: size_sent 0 251808
stats: connected -120 680
# stats: dump at 1459418718
stats: users 33 800
stats: {load,"tsung_controller@daviddeMacBook-Pro"} 1 1.390625 0.0 1.7890625 1.390625 1.6419270833333333 6
stats: {cpu,"tsung_controller@daviddeMacBook-Pro"} 1 0.0 0.0 0 0 0.0 6
stats: {freemem,"tsung_controller@daviddeMacBook-Pro"} 1 37.7421875 0.0 40.67578125 19.78125 32.387369791666664 6
stats: session 647 60466.82976228927 818.0253994561652 64153.00390625 48590.85888671875 52675.09691772461 120
stats: users_count 0 800
stats: finish_users_count 647 767
stats: request 641 60463.13536664513 821.6498957714039 64150.85009765625 48588.81396484375 52673.009729003905 120
stats: connect 0 0 0 606.18994140625 51.865966796875 131.32271575927734 800
stats: page 641 60463.13536664513 821.6498957714039 64150.85009765625 48588.81396484375 52673.009729003905 120
stats: 200 90 210
stats: size_rcv 2776865 4508345
stats: size_sent 0 251808
stats: connected -641 39
stats: 500 553 553
# stats: dump at 1459418728
stats: users 1 800
stats: {load,"tsung_controller@daviddeMacBook-Pro"} 1 1.3984375 0.0 1.7890625 1.390625 1.6060267857142858 7
stats: {cpu,"tsung_controller@daviddeMacBook-Pro"} 1 0.0 0.0 0 0 0.0 7
stats: {freemem,"tsung_controller@daviddeMacBook-Pro"} 1 46.2421875 0.0 46.2421875 19.78125 33.15234375 7
stats: session 32 63153.411766052246 593.9537160750414 64285.301025390625 48590.85888671875 59247.784206425174 767
stats: users_count 0 800
stats: finish_users_count 32 799
stats: request 38 62755.918238589635 1063.7525814455016 64283.579833984375 48588.81396484375 59234.731849540076 761
stats: page 38 62755.918238589635 1063.7525814455016 64283.579833984375 48588.81396484375 59234.731849540076 761
stats: connect 0 0 0 606.18994140625 51.865966796875 131.32271575927734 800
stats: 200 30 240
stats: size_rcv 454342 4962687
stats: size_sent 0 251808
stats: connected -38 1
stats: 500 6 559
# stats: dump at 1459418738
stats: users 1 800
stats: {load,"tsung_controller@daviddeMacBook-Pro"} 1 1.421875 0.0 1.7890625 1.390625 1.580078125 8
stats: {cpu,"tsung_controller@daviddeMacBook-Pro"} 1 0.0 0.0 0 0 0.0 8
stats: {freemem,"tsung_controller@daviddeMacBook-Pro"} 1 61.87109375 0.0 61.87109375 19.78125 34.78857421875 8
stats: session 0 0 0 64285.301025390625 48590.85888671875 59404.204834595475 799
stats: users_count 0 800
stats: finish_users_count 0 799
stats: page 0 0 0 64283.579833984375 48588.81396484375 59402.197535126914 799
stats: request 0 0 0 64283.579833984375 48588.81396484375 59402.197535126914 799
stats: 200 0 240
stats: connect 0 0 0 606.18994140625 51.865966796875 131.32271575927734 800
stats: size_rcv 0 4962687
stats: size_sent 0 251808
stats: connected 0 1
stats: 500 0 559
# stats: dump at 1459418748
stats: users 1 800
stats: {load,"tsung_controller@daviddeMacBook-Pro"} 1 1.6484375 0.0 1.7890625 1.390625 1.5625 9
stats: {cpu,"tsung_controller@daviddeMacBook-Pro"} 1 0.0 0.0 0 0 0.0 9
stats: {freemem,"tsung_controller@daviddeMacBook-Pro"} 1 19.19140625 0.0 61.87109375 19.19140625 37.79774305555556 9
stats: session 0 0 0 64285.301025390625 48590.85888671875 59404.204834595475 799
stats: users_count 0 800
stats: finish_users_count 0 799
stats: request 0 0 0 64283.579833984375 48588.81396484375 59402.197535126914 799
stats: connect 0 0 0 606.18994140625 51.865966796875 131.32271575927734 800
stats: page 0 0 0 64283.579833984375 48588.81396484375 59402.197535126914 799
stats: 200 0 240
stats: size_rcv 0 4962687
stats: size_sent 0 251808
stats: connected 0 1
stats: 500 0 559
# stats: dump at 1459418758
stats: users 1 800
stats: {load,"tsung_controller@daviddeMacBook-Pro"} 1 1.9296875 0.0 1.9296875 1.390625 1.57109375 10
stats: {cpu,"tsung_controller@daviddeMacBook-Pro"} 1 0.0 0.0 0 0 0.0 10
stats: {freemem,"tsung_controller@daviddeMacBook-Pro"} 1 41.55859375 0.0 61.87109375 19.19140625 35.937109375 10
stats: session 0 0 0 64285.301025390625 48590.85888671875 59404.204834595475 799
stats: users_count 0 800
stats: finish_users_count 0 799
stats: request 0 0 0 64283.579833984375 48588.81396484375 59402.197535126914 799
stats: page 0 0 0 64283.579833984375 48588.81396484375 59402.197535126914 799
stats: connect 0 0 0 606.18994140625 51.865966796875 131.32271575927734 800
stats: 200 0 240
stats: size_rcv 0 4962687
stats: size_sent 0 251808
stats: connected 0 1
stats: 500 0 559
# stats: dump at 1459418768
stats: users 1 800
stats: {load,"tsung_controller@daviddeMacBook-Pro"} 1 1.7890625 0.0 1.9296875 1.390625 1.6036931818181819 11
stats: {cpu,"tsung_controller@daviddeMacBook-Pro"} 1 0.0 0.0 0 0 0.0 11
stats: {freemem,"tsung_controller@daviddeMacBook-Pro"} 1 17.90234375 0.0 61.87109375 17.90234375 36.44815340909091 11
stats: session 0 0 0 64285.301025390625 48590.85888671875 59404.204834595475 799
stats: users_count 0 800
stats: finish_users_count 0 799
stats: request 0 0 0 64283.579833984375 48588.81396484375 59402.197535126914 799
stats: page 0 0 0 64283.579833984375 48588.81396484375 59402.197535126914 799
stats: connect 0 0 0 606.18994140625 51.865966796875 131.32271575927734 800
stats: 200 0 240
stats: size_rcv 0 4962687
stats: size_sent 0 251808
stats: connected 0 1
stats: 500 0 559
# stats: dump at 1459418778
stats: users 1 800
stats: {load,"tsung_controller@daviddeMacBook-Pro"} 1 1.8984375 0.0 1.9296875 1.390625 1.619140625 12
stats: {cpu,"tsung_controller@daviddeMacBook-Pro"} 1 0.0 0.0 0 0 0.0 12
stats: {freemem,"tsung_controller@daviddeMacBook-Pro"} 1 16.51171875 0.0 61.87109375 16.51171875 34.902669270833336 12
stats: session 0 0 0 64285.301025390625 48590.85888671875 59404.204834595475 799
stats: users_count 0 800
stats: finish_users_count 0 799
stats: page 0 0 0 64283.579833984375 48588.81396484375 59402.197535126914 799
stats: 200 0 240
stats: request 0 0 0 64283.579833984375 48588.81396484375 59402.197535126914 799
stats: connect 0 0 0 606.18994140625 51.865966796875 131.32271575927734 800
stats: size_rcv 0 4962687
stats: size_sent 0 251808
stats: connected 0 1
stats: 500 0 559
# stats: dump at 1459418788
stats: users 1 800
stats: {load,"tsung_controller@daviddeMacBook-Pro"} 1 1.91015625 0.0 1.9296875 1.390625 1.640625 13
stats: {cpu,"tsung_controller@daviddeMacBook-Pro"} 1 0.0 0.0 0 0 0.0 13
stats: {freemem,"tsung_controller@daviddeMacBook-Pro"} 1 30.9765625 0.0 61.87109375 16.51171875 33.48798076923077 13
stats: session 0 0 0 64285.301025390625 48590.85888671875 59404.204834595475 799
stats: users_count 0 800
stats: finish_users_count 0 799
stats: request 0 0 0 64283.579833984375 48588.81396484375 59402.197535126914 799
stats: page 0 0 0 64283.579833984375 48588.81396484375 59402.197535126914 799
stats: 200 0 240
stats: connect 0 0 0 606.18994140625 51.865966796875 131.32271575927734 800
stats: size_rcv 0 4962687
stats: size_sent 0 251808
stats: connected 0 1
stats: 500 0 559
# stats: dump at 1459418798
stats: users 1 800
stats: {load,"tsung_controller@daviddeMacBook-Pro"} 1 1.921875 0.0 1.9296875 1.390625 1.6598772321428572 14
stats: {cpu,"tsung_controller@daviddeMacBook-Pro"} 1 0.0 0.0 0 0 0.0 14
stats: {freemem,"tsung_controller@daviddeMacBook-Pro"} 1 28.1796875 0.0 61.87109375 16.51171875 33.30859374999999 14
stats: session 0 0 0 64285.301025390625 48590.85888671875 59404.204834595475 799
stats: users_count 0 800
stats: finish_users_count 0 799
stats: request 0 0 0 64283.579833984375 48588.81396484375 59402.197535126914 799
stats: page 0 0 0 64283.579833984375 48588.81396484375 59402.197535126914 799
stats: connect 0 0 0 606.18994140625 51.865966796875 131.32271575927734 800
stats: 200 0 240
stats: size_rcv 0 4962687
stats: size_sent 0 251808
stats: connected 0 1
stats: 500 0 559
# stats: dump at 1459418808
stats: users 1 800
stats: {load,"tsung_controller@daviddeMacBook-Pro"} 1 1.94140625 0.0 1.94140625 1.390625 1.67734375 15
stats: {cpu,"tsung_controller@daviddeMacBook-Pro"} 1 0.0 0.0 0 0 0.0 15
stats: {freemem,"tsung_controller@daviddeMacBook-Pro"} 1 22.98046875 0.0 61.87109375 16.51171875 32.96666666666666 15
stats: session 0 0 0 64285.301025390625 48590.85888671875 59404.204834595475 799
stats: users_count 0 800
stats: finish_users_count 0 799
stats: page 0 0 0 64283.579833984375 48588.81396484375 59402.197535126914 799
stats: 200 0 240
stats: request 0 0 0 64283.579833984375 48588.81396484375 59402.197535126914 799
stats: connect 0 0 0 606.18994140625 51.865966796875 131.32271575927734 800
stats: size_rcv 0 4962687
stats: size_sent 0 251808
stats: connected 0 1
stats: 500 0 559
# stats: dump at 1459418818
stats: users 1 800
stats: {load,"tsung_controller@daviddeMacBook-Pro"} 1 1.859375 0.0 1.94140625 1.390625 1.69384765625 16
stats: {cpu,"tsung_controller@daviddeMacBook-Pro"} 1 0.0 0.0 0 0 0.0 16
stats: {freemem,"tsung_controller@daviddeMacBook-Pro"} 1 19.5078125 0.0 61.87109375 16.51171875 32.342529296875 16
stats: session 0 0 0 64285.301025390625 48590.85888671875 59404.204834595475 799
stats: users_count 0 800
stats: finish_users_count 0 799
stats: page 0 0 0 64283.579833984375 48588.81396484375 59402.197535126914 799
stats: request 0 0 0 64283.579833984375 48588.81396484375 59402.197535126914 799
stats: 200 0 240
stats: connect 0 0 0 606.18994140625 51.865966796875 131.32271575927734 800
stats: size_rcv 0 4962687
stats: size_sent 0 251808
stats: connected 0 1
stats: 500 0 559
# stats: dump at 1459418828
stats: users 1 800
stats: {load,"tsung_controller@daviddeMacBook-Pro"} 1 1.73046875 0.0 1.94140625 1.390625 1.7035845588235294 17
stats: {cpu,"tsung_controller@daviddeMacBook-Pro"} 1 0.0 0.0 0 0 0.0 17
stats: {freemem,"tsung_controller@daviddeMacBook-Pro"} 1 40.51171875 0.0 61.87109375 16.51171875 31.58754595588235 17
stats: session 0 0 0 64285.301025390625 48590.85888671875 59404.204834595475 799
stats: users_count 0 800
stats: finish_users_count 0 799
stats: page 0 0 0 64283.579833984375 48588.81396484375 59402.197535126914 799
stats: request 0 0 0 64283.579833984375 48588.81396484375 59402.197535126914 799
stats: 200 0 240
stats: connect 0 0 0 606.18994140625 51.865966796875 131.32271575927734 800
stats: size_rcv 0 4962687
stats: size_sent 0 251808
stats: connected 0 1
stats: 500 0 559
# stats: dump at 1459418838
stats: users 1 800
stats: {load,"tsung_controller@daviddeMacBook-Pro"} 1 1.75 0.0 1.94140625 1.390625 1.705078125 18
stats: {cpu,"tsung_controller@daviddeMacBook-Pro"} 1 0.0 0.0 0 0 0.0 18
stats: {freemem,"tsung_controller@daviddeMacBook-Pro"} 1 38.52734375 0.0 61.87109375 16.51171875 32.083333333333336 18
stats: session 0 0 0 64285.301025390625 48590.85888671875 59404.204834595475 799
stats: users_count 0 800
stats: finish_users_count 0 799
stats: request 0 0 0 64283.579833984375 48588.81396484375 59402.197535126914 799
stats: page 0 0 0 64283.579833984375 48588.81396484375 59402.197535126914 799
stats: connect 0 0 0 606.18994140625 51.865966796875 131.32271575927734 800
stats: 200 0 240
stats: size_rcv 0 4962687
stats: size_sent 0 251808
stats: connected 0 1
stats: 500 0 559
# stats: dump at 1459418848
stats: users 1 800
stats: {load,"tsung_controller@daviddeMacBook-Pro"} 1 1.640625 0.0 1.94140625 1.390625 1.7074424342105263 19
stats: {cpu,"tsung_controller@daviddeMacBook-Pro"} 1 0.0 0.0 0 0 0.0 19
stats: {freemem,"tsung_controller@daviddeMacBook-Pro"} 1 30.0703125 0.0 61.87109375 16.51171875 32.42249177631579 19
stats: session 0 0 0 64285.301025390625 48590.85888671875 59404.204834595475 799
stats: users_count 0 800
stats: finish_users_count 0 799
stats: page 0 0 0 64283.579833984375 48588.81396484375 59402.197535126914 799
stats: 200 0 240
stats: request 0 0 0 64283.579833984375 48588.81396484375 59402.197535126914 799
stats: connect 0 0 0 606.18994140625 51.865966796875 131.32271575927734 800
stats: size_rcv 0 4962687
stats: size_sent 0 251808
stats: connected 0 1
stats: 500 0 559
# stats: dump at 1459418858
stats: users 1 800
stats: {load,"tsung_controller@daviddeMacBook-Pro"} 1 1.69140625 0.0 1.94140625 1.390625 1.7041015625 20
stats: {cpu,"tsung_controller@daviddeMacBook-Pro"} 1 0.0 0.0 0 0 0.0 20
stats: {freemem,"tsung_controller@daviddeMacBook-Pro"} 1 18.25390625 0.0 61.87109375 16.51171875 32.3048828125 20
stats: session 0 0 0 64285.301025390625 48590.85888671875 59404.204834595475 799
stats: users_count 0 800
stats: finish_users_count 0 799
stats: page 0 0 0 64283.579833984375 48588.81396484375 59402.197535126914 799
stats: request 0 0 0 64283.579833984375 48588.81396484375 59402.197535126914 799
stats: 200 0 240
stats: connect 0 0 0 606.18994140625 51.865966796875 131.32271575927734 800
stats: size_rcv 0 4962687
stats: size_sent 0 251808
stats: connected 0 1
stats: 500 0 559
# stats: dump at 1459418868
stats: users 1 800
stats: {load,"tsung_controller@daviddeMacBook-Pro"} 1 1.58984375 0.0 1.94140625 1.390625 1.7034970238095237 21
stats: {cpu,"tsung_controller@daviddeMacBook-Pro"} 1 0.0 0.0 0 0 0.0 21
stats: {freemem,"tsung_controller@daviddeMacBook-Pro"} 1 16.6953125 0.0 61.87109375 16.51171875 31.63578869047619 21
stats: session 0 0 0 64285.301025390625 48590.85888671875 59404.204834595475 799
stats: users_count 0 800
stats: finish_users_count 0 799
stats: page 0 0 0 64283.579833984375 48588.81396484375 59402.197535126914 799
stats: 200 0 240
stats: request 0 0 0 64283.579833984375 48588.81396484375 59402.197535126914 799
stats: connect 0 0 0 606.18994140625 51.865966796875 131.32271575927734 800
stats: size_rcv 0 4962687
stats: size_sent 0 251808
stats: connected 0 1
stats: 500 0 559
# stats: dump at 1459418878
stats: users 1 800
stats: {load,"tsung_controller@daviddeMacBook-Pro"} 1 1.5 0.0 1.94140625 1.390625 1.6983309659090908 22
stats: {cpu,"tsung_controller@daviddeMacBook-Pro"} 1 0.0 0.0 0 0 0.0 22
stats: {freemem,"tsung_controller@daviddeMacBook-Pro"} 1 15.29296875 0.0 61.87109375 15.29296875 30.956676136363637 22
stats: session 0 0 0 64285.301025390625 48590.85888671875 59404.204834595475 799
stats: users_count 0 800
stats: finish_users_count 0 799
stats: request 0 0 0 64283.579833984375 48588.81396484375 59402.197535126914 799
stats: connect 0 0 0 606.18994140625 51.865966796875 131.32271575927734 800
stats: page 0 0 0 64283.579833984375 48588.81396484375 59402.197535126914 799
stats: 200 0 240
stats: size_rcv 0 4962687
stats: size_sent 0 251808
stats: connected 0 1
stats: 500 0 559
# stats: dump at 1459418888
stats: users 1 800
stats: {load,"tsung_controller@daviddeMacBook-Pro"} 1 1.5703125 0.0 1.94140625 1.390625 1.6897078804347827 23
stats: {cpu,"tsung_controller@daviddeMacBook-Pro"} 1 0.0 0.0 0 0 0.0 23
stats: {freemem,"tsung_controller@daviddeMacBook-Pro"} 1 62.40234375 0.0 62.40234375 15.29296875 30.27564538043478 23
stats: session 0 0 0 64285.301025390625 48590.85888671875 59404.204834595475 799
stats: users_count 0 800
stats: finish_users_count 0 799
stats: request 0 0 0 64283.579833984375 48588.81396484375 59402.197535126914 799
stats: page 0 0 0 64283.579833984375 48588.81396484375 59402.197535126914 799
stats: connect 0 0 0 606.18994140625 51.865966796875 131.32271575927734 800
stats: 200 0 240
stats: size_rcv 0 4962687
stats: size_sent 0 251808
stats: connected 0 1
stats: 500 0 559
# stats: dump at 1459418898
stats: users 1 800
stats: {load,"tsung_controller@daviddeMacBook-Pro"} 1 1.55859375 0.0 1.94140625 1.390625 1.6847330729166667 24
stats: {cpu,"tsung_controller@daviddeMacBook-Pro"} 1 0.0 0.0 0 0 0.0 24
stats: {freemem,"tsung_controller@daviddeMacBook-Pro"} 1 38.6328125 0.0 62.40234375 15.29296875 31.6142578125 24
stats: session 0 0 0 64285.301025390625 48590.85888671875 59404.204834595475 799
stats: users_count 0 800
stats: finish_users_count 0 799
stats: request 0 0 0 64283.579833984375 48588.81396484375 59402.197535126914 799
stats: connect 0 0 0 606.18994140625 51.865966796875 131.32271575927734 800
stats: page 0 0 0 64283.579833984375 48588.81396484375 59402.197535126914 799
stats: 200 0 240
stats: size_rcv 0 4962687
stats: size_sent 0 251808
stats: connected 0 1
stats: 500 0 559
# stats: dump at 1459418908
stats: users 1 800
stats: {load,"tsung_controller@daviddeMacBook-Pro"} 1 1.48046875 0.0 1.94140625 1.390625 1.6796875 25
stats: {cpu,"tsung_controller@daviddeMacBook-Pro"} 1 0.0 0.0 0 0 0.0 25
stats: {freemem,"tsung_controller@daviddeMacBook-Pro"} 1 23.875 0.0 62.40234375 15.29296875 31.895 25
stats: session 0 0 0 64285.301025390625 48590.85888671875 59404.204834595475 799
stats: users_count 0 800
stats: finish_users_count 0 799
stats: page 0 0 0 64283.579833984375 48588.81396484375 59402.197535126914 799
stats: request 0 0 0 64283.579833984375 48588.81396484375 59402.197535126914 799
stats: connect 0 0 0 606.18994140625 51.865966796875 131.32271575927734 800
stats: 200 0 240
stats: size_rcv 0 4962687
stats: size_sent 0 251808
stats: connected 0 1
stats: 500 0 559
# stats: dump at 1459418918
stats: users 1 800
stats: {load,"tsung_controller@daviddeMacBook-Pro"} 1 1.55078125 0.0 1.94140625 1.390625 1.6720252403846154 26
stats: {cpu,"tsung_controller@daviddeMacBook-Pro"} 1 0.0 0.0 0 0 0.0 26
stats: {freemem,"tsung_controller@daviddeMacBook-Pro"} 1 16.07421875 0.0 62.40234375 15.29296875 31.58653846153846 26
stats: session 0 0 0 64285.301025390625 48590.85888671875 59404.204834595475 799
stats: users_count 0 800
stats: finish_users_count 0 799
stats: request 0 0 0 64283.579833984375 48588.81396484375 59402.197535126914 799
stats: connect 0 0 0 606.18994140625 51.865966796875 131.32271575927734 800
stats: 200 0 240
stats: page 0 0 0 64283.579833984375 48588.81396484375 59402.197535126914 799
stats: size_rcv 0 4962687
stats: size_sent 0 251808
stats: connected 0 1
stats: 500 0 559
# stats: dump at 1459418928
stats: users 1 800
stats: {load,"tsung_controller@daviddeMacBook-Pro"} 1 1.62109375 0.0 1.94140625 1.390625 1.6675347222222223 27
stats: {cpu,"tsung_controller@daviddeMacBook-Pro"} 1 0.0 0.0 0 0 0.0 27
stats: {freemem,"tsung_controller@daviddeMacBook-Pro"} 1 40.78125 0.0 62.40234375 15.29296875 31.01200810185185 27
stats: session 0 0 0 64285.301025390625 48590.85888671875 59404.204834595475 799
stats: users_count 0 800
stats: finish_users_count 0 799
stats: request 0 0 0 64283.579833984375 48588.81396484375 59402.197535126914 799
stats: connect 0 0 0 606.18994140625 51.865966796875 131.32271575927734 800
stats: page 0 0 0 64283.579833984375 48588.81396484375 59402.197535126914 799
stats: 200 0 240
stats: size_rcv 0 4962687
stats: size_sent 0 251808
stats: connected 0 1
stats: 500 0 559
# stats: dump at 1459418938
stats: users 1 800
stats: {load,"tsung_controller@daviddeMacBook-Pro"} 1 1.609375 0.0 1.94140625 1.390625 1.6658761160714286 28
stats: {cpu,"tsung_controller@daviddeMacBook-Pro"} 1 0.0 0.0 0 0 0.0 28
stats: {freemem,"tsung_controller@daviddeMacBook-Pro"} 1 40.453125 0.0 62.40234375 15.29296875 31.360909598214285 28
stats: session 0 0 0 64285.301025390625 48590.85888671875 59404.204834595475 799
stats: users_count 0 800
stats: finish_users_count 0 799
stats: page 0 0 0 64283.579833984375 48588.81396484375 59402.197535126914 799
stats: request 0 0 0 64283.579833984375 48588.81396484375 59402.197535126914 799
stats: 200 0 240
stats: connect 0 0 0 606.18994140625 51.865966796875 131.32271575927734 800
stats: size_rcv 0 4962687
stats: size_sent 0 251808
stats: connected 0 1
stats: 500 0 559
# stats: dump at 1459418948
stats: users 1 800
stats: {load,"tsung_controller@daviddeMacBook-Pro"} 1 1.51171875 0.0 1.94140625 1.390625 1.663927801724138 29
stats: {cpu,"tsung_controller@daviddeMacBook-Pro"} 1 0.0 0.0 0 0 0.0 29
stats: {freemem,"tsung_controller@daviddeMacBook-Pro"} 1 47.68359375 0.0 62.40234375 15.29296875 31.67443426724138 29
stats: session 0 0 0 64285.301025390625 48590.85888671875 59404.204834595475 799
stats: users_count 0 800
stats: finish_users_count 0 799
stats: page 0 0 0 64283.579833984375 48588.81396484375 59402.197535126914 799
stats: 200 0 240
stats: request 0 0 0 64283.579833984375 48588.81396484375 59402.197535126914 799
stats: connect 0 0 0 606.18994140625 51.865966796875 131.32271575927734 800
stats: size_rcv 0 4962687
stats: size_sent 0 251808
stats: connected 0 1
stats: 500 0 559
# stats: dump at 1459418958
stats: users 1 800
stats: {load,"tsung_controller@daviddeMacBook-Pro"} 1 1.4296875 0.0 1.94140625 1.390625 1.6588541666666667 30
stats: {cpu,"tsung_controller@daviddeMacBook-Pro"} 1 0.0 0.0 0 0 0.0 30
stats: {freemem,"tsung_controller@daviddeMacBook-Pro"} 1 53.078125 0.0 62.40234375 15.29296875 32.208072916666666 30
stats: session 0 0 0 64285.301025390625 48590.85888671875 59404.204834595475 799
stats: users_count 0 800
stats: finish_users_count 0 799
stats: request 0 0 0 64283.579833984375 48588.81396484375 59402.197535126914 799
stats: connect 0 0 0 606.18994140625 51.865966796875 131.32271575927734 800
stats: page 0 0 0 64283.579833984375 48588.81396484375 59402.197535126914 799
stats: 200 0 240
stats: size_rcv 0 4962687
stats: size_sent 0 251808
stats: connected 0 1
stats: 500 0 559
# stats: dump at 1459418968
stats: users 1 800
stats: {load,"tsung_controller@daviddeMacBook-Pro"} 1 1.28125 0.0 1.94140625 1.28125 1.651461693548387 31
stats: {cpu,"tsung_controller@daviddeMacBook-Pro"} 1 0.0 0.0 0 0 0.0 31
stats: {freemem,"tsung_controller@daviddeMacBook-Pro"} 1 37.03515625 0.0 62.40234375 15.29296875 32.88130040322581 31
stats: session 0 0 0 64285.301025390625 48590.85888671875 59404.204834595475 799
stats: users_count 0 800
stats: finish_users_count 0 799
stats: request 0 0 0 64283.579833984375 48588.81396484375 59402.197535126914 799
stats: connect 0 0 0 606.18994140625 51.865966796875 131.32271575927734 800
stats: page 0 0 0 64283.579833984375 48588.81396484375 59402.197535126914 799
stats: 200 0 240
stats: size_rcv 0 4962687
stats: size_sent 0 251808
stats: connected 0 1
stats: 500 0 559
# stats: dump at 1459418978
stats: users 1 800
stats: {load,"tsung_controller@daviddeMacBook-Pro"} 1 1.16015625 0.0 1.94140625 1.16015625 1.639892578125 32
stats: {cpu,"tsung_controller@daviddeMacBook-Pro"} 1 0.0 0.0 0 0 0.0 32
stats: {freemem,"tsung_controller@daviddeMacBook-Pro"} 1 51.44140625 0.0 62.40234375 15.29296875 33.0111083984375 32
stats: session 0 0 0 64285.301025390625 48590.85888671875 59404.204834595475 799
stats: users_count 0 800
stats: finish_users_count 0 799
stats: request 0 0 0 64283.579833984375 48588.81396484375 59402.197535126914 799
stats: connect 0 0 0 606.18994140625 51.865966796875 131.32271575927734 800
stats: page 0 0 0 64283.579833984375 48588.81396484375 59402.197535126914 799
stats: 200 0 240
stats: size_rcv 0 4962687
stats: size_sent 0 251808
stats: connected 0 1
stats: 500 0 559
# stats: dump at 1459418988
stats: users 1 800
stats: {load,"tsung_controller@daviddeMacBook-Pro"} 1 1.140625 0.0 1.94140625 1.140625 1.6253551136363635 33
stats: {cpu,"tsung_controller@daviddeMacBook-Pro"} 1 0.0 0.0 0 0 0.0 33
stats: {freemem,"tsung_controller@daviddeMacBook-Pro"} 1 35.75390625 0.0 62.40234375 15.29296875 33.56960227272727 33
stats: session 0 0 0 64285.301025390625 48590.85888671875 59404.204834595475 799
stats: users_count 0 800
stats: finish_users_count 0 799
stats: request 0 0 0 64283.579833984375 48588.81396484375 59402.197535126914 799
stats: connect 0 0 0 606.18994140625 51.865966796875 131.32271575927734 800
stats: page 0 0 0 64283.579833984375 48588.81396484375 59402.197535126914 799
stats: 200 0 240
stats: size_rcv 0 4962687
stats: size_sent 0 251808
stats: connected 0 1
stats: 500 0 559
# stats: dump at 1459418998
stats: users 1 800
stats: {load,"tsung_controller@daviddeMacBook-Pro"} 1 1.41015625 0.0 1.94140625 1.140625 1.6110983455882353 34
stats: {cpu,"tsung_controller@daviddeMacBook-Pro"} 1 0.0 0.0 0 0 0.0 34
stats: {freemem,"tsung_controller@daviddeMacBook-Pro"} 1 31.61328125 0.0 62.40234375 15.29296875 33.63384650735294 34
stats: session 0 0 0 64285.301025390625 48590.85888671875 59404.204834595475 799
stats: users_count 0 800
stats: finish_users_count 0 799
stats: request 0 0 0 64283.579833984375 48588.81396484375 59402.197535126914 799
stats: connect 0 0 0 606.18994140625 51.865966796875 131.32271575927734 800
stats: page 0 0 0 64283.579833984375 48588.81396484375 59402.197535126914 799
stats: 200 0 240
stats: size_rcv 0 4962687
stats: size_sent 0 251808
stats: connected 0 1
stats: 500 0 559
# stats: dump at 1459419008
stats: users 1 800
stats: {load,"tsung_controller@daviddeMacBook-Pro"} 1 1.5703125 0.0 1.94140625 1.140625 1.605357142857143 35
stats: {cpu,"tsung_controller@daviddeMacBook-Pro"} 1 0.0 0.0 0 0 0.0 35
stats: {freemem,"tsung_controller@daviddeMacBook-Pro"} 1 60.58203125 0.0 62.40234375 15.29296875 33.57611607142857 35
stats: session 0 0 0 64285.301025390625 48590.85888671875 59404.204834595475 799
stats: users_count 0 800
stats: finish_users_count 0 799
stats: request 0 0 0 64283.579833984375 48588.81396484375 59402.197535126914 799
stats: connect 0 0 0 606.18994140625 51.865966796875 131.32271575927734 800
stats: page 0 0 0 64283.579833984375 48588.81396484375 59402.197535126914 799
stats: 200 0 240
stats: size_rcv 0 4962687
stats: size_sent 0 251808
stats: connected 0 1
stats: 500 0 559
# stats: dump at 1459419018
stats: users 1 800
stats: {load,"tsung_controller@daviddeMacBook-Pro"} 1 1.62890625 0.0 1.94140625 1.140625 1.6043836805555556 36
stats: {cpu,"tsung_controller@daviddeMacBook-Pro"} 1 0.0 0.0 0 0 0.0 36
stats: {freemem,"tsung_controller@daviddeMacBook-Pro"} 1 49.59375 0.0 62.40234375 15.29296875 34.32628038194444 36
stats: session 0 0 0 64285.301025390625 48590.85888671875 59404.204834595475 799
stats: users_count 0 800
stats: finish_users_count 0 799
stats: request 0 0 0 64283.579833984375 48588.81396484375 59402.197535126914 799
stats: connect 0 0 0 606.18994140625 51.865966796875 131.32271575927734 800
stats: page 0 0 0 64283.579833984375 48588.81396484375 59402.197535126914 799
stats: 200 0 240
stats: size_rcv 0 4962687
stats: size_sent 0 251808
stats: connected 0 1
stats: 500 0 559
# stats: dump at 1459419028
stats: users 1 800
stats: {load,"tsung_controller@daviddeMacBook-Pro"} 1 1.609375 0.0 1.94140625 1.140625 1.6050464527027026 37
stats: {cpu,"tsung_controller@daviddeMacBook-Pro"} 1 0.0 0.0 0 0 0.0 37
stats: {freemem,"tsung_controller@daviddeMacBook-Pro"} 1 44.75 0.0 62.40234375 15.29296875 34.738914695945944 37
stats: session 0 0 0 64285.301025390625 48590.85888671875 59404.204834595475 799
stats: users_count 0 800
stats: finish_users_count 0 799
stats: request 0 0 0 64283.579833984375 48588.81396484375 59402.197535126914 799
stats: connect 0 0 0 606.18994140625 51.865966796875 131.32271575927734 800
stats: page 0 0 0 64283.579833984375 48588.81396484375 59402.197535126914 799
stats: 200 0 240
stats: size_rcv 0 4962687
stats: size_sent 0 251808
stats: connected 0 1
stats: 500 0 559
# stats: dump at 1459419038
stats: users 1 800
stats: {load,"tsung_controller@daviddeMacBook-Pro"} 1 1.75 0.0 1.94140625 1.140625 1.6051603618421053 38
stats: {cpu,"tsung_controller@daviddeMacBook-Pro"} 1 0.0 0.0 0 0 0.0 38
stats: {freemem,"tsung_controller@daviddeMacBook-Pro"} 1 44.65234375 0.0 62.40234375 15.29296875 35.00236430921053 38
stats: session 0 0 0 64285.301025390625 48590.85888671875 59404.204834595475 799
stats: users_count 0 800
stats: finish_users_count 0 799
stats: request 0 0 0 64283.579833984375 48588.81396484375 59402.197535126914 799
stats: connect 0 0 0 606.18994140625 51.865966796875 131.32271575927734 800
stats: page 0 0 0 64283.579833984375 48588.81396484375 59402.197535126914 799
stats: 200 0 240
stats: size_rcv 0 4962687
stats: size_sent 0 251808
stats: connected 0 1
stats: 500 0 559
# stats: dump at 1459419048
stats: users 1 800
stats: {load,"tsung_controller@daviddeMacBook-Pro"} 1 1.48046875 0.0 1.94140625 1.140625 1.6088741987179487 39
stats: {cpu,"tsung_controller@daviddeMacBook-Pro"} 1 0.0 0.0 0 0 0.0 39
stats: {freemem,"tsung_controller@daviddeMacBook-Pro"} 1 39.62890625 0.0 62.40234375 15.29296875 35.24979967948718 39
stats: session 0 0 0 64285.301025390625 48590.85888671875 59404.204834595475 799
stats: users_count 0 800
stats: finish_users_count 0 799
stats: request 0 0 0 64283.579833984375 48588.81396484375 59402.197535126914 799
stats: connect 0 0 0 606.18994140625 51.865966796875 131.32271575927734 800
stats: page 0 0 0 64283.579833984375 48588.81396484375 59402.197535126914 799
stats: 200 0 240
stats: size_rcv 0 4962687
stats: size_sent 0 251808
stats: connected 0 1
stats: 500 0 559
# stats: dump at 1459419058
stats: users 1 800
stats: {load,"tsung_controller@daviddeMacBook-Pro"} 1 1.48046875 0.0 1.94140625 1.140625 1.6056640625 40
stats: {cpu,"tsung_controller@daviddeMacBook-Pro"} 1 0.0 0.0 0 0 0.0 40
stats: {freemem,"tsung_controller@daviddeMacBook-Pro"} 1 33.71875 0.0 62.40234375 15.29296875 35.35927734375 40
stats: session 0 0 0 64285.301025390625 48590.85888671875 59404.204834595475 799
stats: users_count 0 800
stats: finish_users_count 0 799
stats: request 0 0 0 64283.579833984375 48588.81396484375 59402.197535126914 799
stats: connect 0 0 0 606.18994140625 51.865966796875 131.32271575927734 800
stats: page 0 0 0 64283.579833984375 48588.81396484375 59402.197535126914 799
stats: 200 0 240
stats: size_rcv 0 4962687
stats: size_sent 0 251808
stats: connected 0 1
stats: 500 0 559
# stats: dump at 1459419068
stats: users 1 800
stats: {load,"tsung_controller@daviddeMacBook-Pro"} 1 1.3984375 0.0 1.94140625 1.140625 1.6026105182926829 41
stats: {cpu,"tsung_controller@daviddeMacBook-Pro"} 1 0.0 0.0 0 0 0.0 41
stats: {freemem,"tsung_controller@daviddeMacBook-Pro"} 1 42.0859375 0.0 62.40234375 15.29296875 35.319264481707314 41
stats: session 0 0 0 64285.301025390625 48590.85888671875 59404.204834595475 799
stats: users_count 0 800
stats: finish_users_count 0 799
stats: request 0 0 0 64283.579833984375 48588.81396484375 59402.197535126914 799
stats: connect 0 0 0 606.18994140625 51.865966796875 131.32271575927734 800
stats: page 0 0 0 64283.579833984375 48588.81396484375 59402.197535126914 799
stats: 200 0 240
stats: size_rcv 0 4962687
stats: size_sent 0 251808
stats: connected 0 1
stats: 500 0 559
# stats: dump at 1459419078
stats: users 1 800
stats: {load,"tsung_controller@daviddeMacBook-Pro"} 1 1.33984375 0.0 1.94140625 1.140625 1.597749255952381 42
stats: {cpu,"tsung_controller@daviddeMacBook-Pro"} 1 0.0 0.0 0 0 0.0 42
stats: {freemem,"tsung_controller@daviddeMacBook-Pro"} 1 36.453125 0.0 62.40234375 15.29296875 35.48037574404762 42
stats: session 0 0 0 64285.301025390625 48590.85888671875 59404.204834595475 799
stats: users_count 0 800
stats: finish_users_count 0 799
stats: request 0 0 0 64283.579833984375 48588.81396484375 59402.197535126914 799
stats: connect 0 0 0 606.18994140625 51.865966796875 131.32271575927734 800
stats: page 0 0 0 64283.579833984375 48588.81396484375 59402.197535126914 799
stats: 200 0 240
stats: size_rcv 0 4962687
stats: size_sent 0 251808
stats: connected 0 1
stats: 500 0 559
# stats: dump at 1459419088
stats: users 1 800
stats: {load,"tsung_controller@daviddeMacBook-Pro"} 1 1.2109375 0.0 1.94140625 1.140625 1.591751453488372 43
stats: {cpu,"tsung_controller@daviddeMacBook-Pro"} 1 0.0 0.0 0 0 0.0 43
stats: {freemem,"tsung_controller@daviddeMacBook-Pro"} 1 24.53125 0.0 62.40234375 15.29296875 35.502997819767444 43
stats: session 0 0 0 64285.301025390625 48590.85888671875 59404.204834595475 799
stats: users_count 0 800
stats: finish_users_count 0 799
stats: request 0 0 0 64283.579833984375 48588.81396484375 59402.197535126914 799
stats: connect 0 0 0 606.18994140625 51.865966796875 131.32271575927734 800
stats: page 0 0 0 64283.579833984375 48588.81396484375 59402.197535126914 799
stats: 200 0 240
stats: size_rcv 0 4962687
stats: size_sent 0 251808
stats: connected 0 1
stats: 500 0 559
# stats: dump at 1459419098
stats: users 1 800
stats: {load,"tsung_controller@daviddeMacBook-Pro"} 1 1.26171875 0.0 1.94140625 1.140625 1.5830965909090908 44
stats: {cpu,"tsung_controller@daviddeMacBook-Pro"} 1 0.0 0.0 0 0 0.0 44
stats: {freemem,"tsung_controller@daviddeMacBook-Pro"} 1 48.1328125 0.0 62.40234375 15.29296875 35.25363991477273 44
stats: session 0 0 0 64285.301025390625 48590.85888671875 59404.204834595475 799
stats: users_count 0 800
stats: finish_users_count 0 799
stats: request 0 0 0 64283.579833984375 48588.81396484375 59402.197535126914 799
stats: connect 0 0 0 606.18994140625 51.865966796875 131.32271575927734 800
stats: page 0 0 0 64283.579833984375 48588.81396484375 59402.197535126914 799
stats: 200 0 240
stats: size_rcv 0 4962687
stats: size_sent 0 251808
stats: connected 0 1
stats: 500 0 559
# stats: dump at 1459419108
stats: users 1 800
stats: {load,"tsung_controller@daviddeMacBook-Pro"} 1 1.37890625 0.0 1.94140625 1.140625 1.5759548611111112 45
stats: {cpu,"tsung_controller@daviddeMacBook-Pro"} 1 0.0 0.0 0 0 0.0 45
stats: {freemem,"tsung_controller@daviddeMacBook-Pro"} 1 32.21875 0.0 62.40234375 15.29296875 35.53984375 45
stats: session 0 0 0 64285.301025390625 48590.85888671875 59404.204834595475 799
stats: users_count 0 800
stats: finish_users_count 0 799
stats: request 0 0 0 64283.579833984375 48588.81396484375 59402.197535126914 799
stats: connect 0 0 0 606.18994140625 51.865966796875 131.32271575927734 800
stats: page 0 0 0 64283.579833984375 48588.81396484375 59402.197535126914 799
stats: 200 0 240
stats: size_rcv 0 4962687
stats: size_sent 0 251808
stats: connected 0 1
stats: 500 0 559
# stats: dump at 1459419118
stats: users 1 800
stats: {load,"tsung_controller@daviddeMacBook-Pro"} 1 1.3984375 0.0 1.94140625 1.140625 1.5716711956521738 46
stats: {cpu,"tsung_controller@daviddeMacBook-Pro"} 1 0.0 0.0 0 0 0.0 46
stats: {freemem,"tsung_controller@daviddeMacBook-Pro"} 1 23.7890625 0.0 62.40234375 15.29296875 35.467646059782616 46
stats: session 0 0 0 64285.301025390625 48590.85888671875 59404.204834595475 799
stats: users_count 0 800
stats: finish_users_count 0 799
stats: request 0 0 0 64283.579833984375 48588.81396484375 59402.197535126914 799
stats: connect 0 0 0 606.18994140625 51.865966796875 131.32271575927734 800
stats: page 0 0 0 64283.579833984375 48588.81396484375 59402.197535126914 799
stats: 200 0 240
stats: size_rcv 0 4962687
stats: size_sent 0 251808
stats: connected 0 1
stats: 500 0 559
# stats: dump at 1459419128
stats: users 1 800
stats: {load,"tsung_controller@daviddeMacBook-Pro"} 1 1.41015625 0.0 1.94140625 1.140625 1.5679853723404256 47
stats: {cpu,"tsung_controller@daviddeMacBook-Pro"} 1 0.0 0.0 0 0 0.0 47
stats: {freemem,"tsung_controller@daviddeMacBook-Pro"} 1 28.1484375 0.0 62.40234375 15.29296875 35.219165558510646 47
stats: session 0 0 0 64285.301025390625 48590.85888671875 59404.204834595475 799
stats: users_count 0 800
stats: finish_users_count 0 799
stats: request 0 0 0 64283.579833984375 48588.81396484375 59402.197535126914 799
stats: connect 0 0 0 606.18994140625 51.865966796875 131.32271575927734 800
stats: page 0 0 0 64283.579833984375 48588.81396484375 59402.197535126914 799
stats: 200 0 240
stats: size_rcv 0 4962687
stats: size_sent 0 251808
stats: connected 0 1
stats: 500 0 559
# stats: dump at 1459419138
stats: users 1 800
stats: {load,"tsung_controller@daviddeMacBook-Pro"} 1 1.3515625 0.0 1.94140625 1.140625 1.564697265625 48
stats: {cpu,"tsung_controller@daviddeMacBook-Pro"} 1 0.0 0.0 0 0 0.0 48
stats: {freemem,"tsung_controller@daviddeMacBook-Pro"} 1 23.14453125 0.0 62.40234375 15.29296875 35.07185872395834 48
stats: session 0 0 0 64285.301025390625 48590.85888671875 59404.204834595475 799
stats: users_count 0 800
stats: finish_users_count 0 799
stats: request 0 0 0 64283.579833984375 48588.81396484375 59402.197535126914 799
stats: connect 0 0 0 606.18994140625 51.865966796875 131.32271575927734 800
stats: page 0 0 0 64283.579833984375 48588.81396484375 59402.197535126914 799
stats: 200 0 240
stats: size_rcv 0 4962687
stats: size_sent 0 251808
stats: connected 0 1
stats: 500 0 559
# stats: dump at 1459419148
stats: users 1 800
stats: {load,"tsung_controller@daviddeMacBook-Pro"} 1 1.4609375 0.0 1.94140625 1.140625 1.5603475765306123 49
stats: {cpu,"tsung_controller@daviddeMacBook-Pro"} 1 0.0 0.0 0 0 0.0 49
stats: {freemem,"tsung_controller@daviddeMacBook-Pro"} 1 51.15234375 0.0 62.40234375 15.29296875 34.82844387755103 49
stats: session 0 0 0 64285.301025390625 48590.85888671875 59404.204834595475 799
stats: users_count 0 800
stats: finish_users_count 0 799
stats: request 0 0 0 64283.579833984375 48588.81396484375 59402.197535126914 799
stats: connect 0 0 0 606.18994140625 51.865966796875 131.32271575927734 800
stats: page 0 0 0 64283.579833984375 48588.81396484375 59402.197535126914 799
stats: 200 0 240
stats: size_rcv 0 4962687
stats: size_sent 0 251808
stats: connected 0 1
stats: 500 0 559
# stats: dump at 1459419158
stats: users 1 800
stats: {load,"tsung_controller@daviddeMacBook-Pro"} 1 1.4609375 0.0 1.94140625 1.140625 1.558359375 50
stats: {cpu,"tsung_controller@daviddeMacBook-Pro"} 1 0.0 0.0 0 0 0.0 50
stats: {freemem,"tsung_controller@daviddeMacBook-Pro"} 1 33.4921875 0.0 62.40234375 15.29296875 35.15492187500001 50
stats: session 0 0 0 64285.301025390625 48590.85888671875 59404.204834595475 799
stats: users_count 0 800
stats: finish_users_count 0 799
stats: request 0 0 0 64283.579833984375 48588.81396484375 59402.197535126914 799
stats: connect 0 0 0 606.18994140625 51.865966796875 131.32271575927734 800
stats: page 0 0 0 64283.579833984375 48588.81396484375 59402.197535126914 799
stats: 200 0 240
stats: size_rcv 0 4962687
stats: size_sent 0 251808
stats: connected 0 1
stats: 500 0 559
# stats: dump at 1459419168
stats: users 1 800
stats: {load,"tsung_controller@daviddeMacBook-Pro"} 1 1.390625 0.0 1.94140625 1.140625 1.5564491421568627 51
stats: {cpu,"tsung_controller@daviddeMacBook-Pro"} 1 0.0 0.0 0 0 0.0 51
stats: {freemem,"tsung_controller@daviddeMacBook-Pro"} 1 24.19921875 0.0 62.40234375 15.29296875 35.122319240196084 51
stats: session 0 0 0 64285.301025390625 48590.85888671875 59404.204834595475 799
stats: users_count 0 800
stats: finish_users_count 0 799
stats: request 0 0 0 64283.579833984375 48588.81396484375 59402.197535126914 799
stats: connect 0 0 0 606.18994140625 51.865966796875 131.32271575927734 800
stats: page 0 0 0 64283.579833984375 48588.81396484375 59402.197535126914 799
stats: 200 0 240
stats: size_rcv 0 4962687
stats: size_sent 0 251808
stats: connected 0 1
stats: 500 0 559
# stats: dump at 1459419178
stats: users 1 800
stats: {load,"tsung_controller@daviddeMacBook-Pro"} 1 1.25 0.0 1.94140625 1.140625 1.5532602163461537 52
stats: {cpu,"tsung_controller@daviddeMacBook-Pro"} 1 0.0 0.0 0 0 0.0 52
stats: {freemem,"tsung_controller@daviddeMacBook-Pro"} 1 45.51171875 0.0 62.40234375 15.29296875 34.91225961538462 52
stats: session 0 0 0 64285.301025390625 48590.85888671875 59404.204834595475 799
stats: users_count 0 800
stats: finish_users_count 0 799
stats: request 0 0 0 64283.579833984375 48588.81396484375 59402.197535126914 799
stats: connect 0 0 0 606.18994140625 51.865966796875 131.32271575927734 800
stats: page 0 0 0 64283.579833984375 48588.81396484375 59402.197535126914 799
stats: 200 0 240
stats: size_rcv 0 4962687
stats: size_sent 0 251808
stats: connected 0 1
stats: 500 0 559
# stats: dump at 1459419188
stats: users 1 800
stats: {load,"tsung_controller@daviddeMacBook-Pro"} 1 1.2890625 0.0 1.94140625 1.140625 1.5475383254716981 53
stats: {cpu,"tsung_controller@daviddeMacBook-Pro"} 1 0.0 0.0 0 0 0.0 53
stats: {freemem,"tsung_controller@daviddeMacBook-Pro"} 1 14.8046875 0.0 62.40234375 14.8046875 35.112249410377366 53
stats: session 0 0 0 64285.301025390625 48590.85888671875 59404.204834595475 799
stats: users_count 0 800
stats: finish_users_count 0 799
stats: request 0 0 0 64283.579833984375 48588.81396484375 59402.197535126914 799
stats: connect 0 0 0 606.18994140625 51.865966796875 131.32271575927734 800
stats: page 0 0 0 64283.579833984375 48588.81396484375 59402.197535126914 799
stats: 200 0 240
stats: size_rcv 0 4962687
stats: size_sent 0 251808
stats: connected 0 1
stats: 500 0 559
# stats: dump at 1459419198
stats: users 1 800
stats: {load,"tsung_controller@daviddeMacBook-Pro"} 1 1.23828125 0.0 1.94140625 1.140625 1.5427517361111112 54
stats: {cpu,"tsung_controller@daviddeMacBook-Pro"} 1 0.0 0.0 0 0 0.0 54
stats: {freemem,"tsung_controller@daviddeMacBook-Pro"} 1 39.42578125 0.0 62.40234375 14.8046875 34.73618344907408 54
stats: session 0 0 0 64285.301025390625 48590.85888671875 59404.204834595475 799
stats: users_count 0 800
stats: finish_users_count 0 799
stats: request 0 0 0 64283.579833984375 48588.81396484375 59402.197535126914 799
stats: connect 0 0 0 606.18994140625 51.865966796875 131.32271575927734 800
stats: page 0 0 0 64283.579833984375 48588.81396484375 59402.197535126914 799
stats: 200 0 240
stats: size_rcv 0 4962687
stats: size_sent 0 251808
stats: connected 0 1
stats: 500 0 559
# stats: dump at 1459419208
stats: users 1 800
stats: {load,"tsung_controller@daviddeMacBook-Pro"} 1 1.2109375 0.0 1.94140625 1.140625 1.537215909090909 55
stats: {cpu,"tsung_controller@daviddeMacBook-Pro"} 1 0.0 0.0 0 0 0.0 55
stats: {freemem,"tsung_controller@daviddeMacBook-Pro"} 1 26.65625 0.0 62.40234375 14.8046875 34.82144886363637 55
stats: session 0 0 0 64285.301025390625 48590.85888671875 59404.204834595475 799
stats: users_count 0 800
stats: finish_users_count 0 799
stats: request 0 0 0 64283.579833984375 48588.81396484375 59402.197535126914 799
stats: connect 0 0 0 606.18994140625 51.865966796875 131.32271575927734 800
stats: page 0 0 0 64283.579833984375 48588.81396484375 59402.197535126914 799
stats: 200 0 240
stats: size_rcv 0 4962687
stats: size_sent 0 251808
stats: connected 0 1
stats: 500 0 559
# stats: dump at 1459419218
stats: users 1 800
stats: {load,"tsung_controller@daviddeMacBook-Pro"} 1 1.25 0.0 1.94140625 1.140625 1.5313895089285714 56
stats: {cpu,"tsung_controller@daviddeMacBook-Pro"} 1 0.0 0.0 0 0 0.0 56
stats: {freemem,"tsung_controller@daviddeMacBook-Pro"} 1 37.0390625 0.0 62.40234375 14.8046875 34.67564174107143 56
stats: session 0 0 0 64285.301025390625 48590.85888671875 59404.204834595475 799
stats: users_count 0 800
stats: finish_users_count 0 799
stats: request 0 0 0 64283.579833984375 48588.81396484375 59402.197535126914 799
stats: connect 0 0 0 606.18994140625 51.865966796875 131.32271575927734 800
stats: page 0 0 0 64283.579833984375 48588.81396484375 59402.197535126914 799
stats: 200 0 240
stats: size_rcv 0 4962687
stats: size_sent 0 251808
stats: connected 0 1
stats: 500 0 559
# stats: dump at 1459419228
stats: users 1 800
stats: {load,"tsung_controller@daviddeMacBook-Pro"} 1 1.2890625 0.0 1.94140625 1.140625 1.526452850877193 57
stats: {cpu,"tsung_controller@daviddeMacBook-Pro"} 1 0.0 0.0 0 0 0.0 57
stats: {freemem,"tsung_controller@daviddeMacBook-Pro"} 1 55.65625 0.0 62.40234375 14.8046875 34.7171052631579 57
stats: session 0 0 0 64285.301025390625 48590.85888671875 59404.204834595475 799
stats: users_count 0 800
stats: finish_users_count 0 799
stats: request 0 0 0 64283.579833984375 48588.81396484375 59402.197535126914 799
stats: connect 0 0 0 606.18994140625 51.865966796875 131.32271575927734 800
stats: page 0 0 0 64283.579833984375 48588.81396484375 59402.197535126914 799
stats: 200 0 240
stats: size_rcv 0 4962687
stats: size_sent 0 251808
stats: connected 0 1
stats: 500 0 559
# stats: dump at 1459419238
stats: users 1 800
stats: {load,"tsung_controller@daviddeMacBook-Pro"} 1 1.33984375 0.0 1.94140625 1.140625 1.5223599137931034 58
stats: {cpu,"tsung_controller@daviddeMacBook-Pro"} 1 0.0 0.0 0 0 0.0 58
stats: {freemem,"tsung_controller@daviddeMacBook-Pro"} 1 43.62109375 0.0 62.40234375 14.8046875 35.07812500000001 58
stats: session 0 0 0 64285.301025390625 48590.85888671875 59404.204834595475 799
stats: users_count 0 800
stats: finish_users_count 0 799
stats: request 0 0 0 64283.579833984375 48588.81396484375 59402.197535126914 799
stats: connect 0 0 0 606.18994140625 51.865966796875 131.32271575927734 800
stats: page 0 0 0 64283.579833984375 48588.81396484375 59402.197535126914 799
stats: 200 0 240
stats: size_rcv 0 4962687
stats: size_sent 0 251808
stats: connected 0 1
stats: 500 0 559
# stats: dump at 1459419248
stats: users 1 800
stats: {load,"tsung_controller@daviddeMacBook-Pro"} 1 1.28125 0.0 1.94140625 1.140625 1.5192664194915255 59
stats: {cpu,"tsung_controller@daviddeMacBook-Pro"} 1 0.0 0.0 0 0 0.0 59
stats: {freemem,"tsung_controller@daviddeMacBook-Pro"} 1 44.36328125 0.0 62.40234375 14.8046875 35.222921080508485 59
stats: session 0 0 0 64285.301025390625 48590.85888671875 59404.204834595475 799
stats: users_count 0 800
stats: finish_users_count 0 799
stats: request 0 0 0 64283.579833984375 48588.81396484375 59402.197535126914 799
stats: connect 0 0 0 606.18994140625 51.865966796875 131.32271575927734 800
stats: page 0 0 0 64283.579833984375 48588.81396484375 59402.197535126914 799
stats: 200 0 240
stats: size_rcv 0 4962687
stats: size_sent 0 251808
stats: connected 0 1
stats: 500 0 559
# stats: dump at 1459419258
stats: users 1 800
stats: {load,"tsung_controller@daviddeMacBook-Pro"} 1 1.16015625 0.0 1.94140625 1.140625 1.5152994791666667 60
stats: {cpu,"tsung_controller@daviddeMacBook-Pro"} 1 0.0 0.0 0 0 0.0 60
stats: {freemem,"tsung_controller@daviddeMacBook-Pro"} 1 40.890625 0.0 62.40234375 14.8046875 35.37526041666668 60
stats: session 0 0 0 64285.301025390625 48590.85888671875 59404.204834595475 799
stats: users_count 0 800
stats: finish_users_count 0 799
stats: request 0 0 0 64283.579833984375 48588.81396484375 59402.197535126914 799
stats: connect 0 0 0 606.18994140625 51.865966796875 131.32271575927734 800
stats: page 0 0 0 64283.579833984375 48588.81396484375 59402.197535126914 799
stats: 200 0 240
stats: size_rcv 0 4962687
stats: size_sent 0 251808
stats: connected 0 1
stats: 500 0 559
# stats: dump at 1459419268
stats: users 1 800
stats: {load,"tsung_controller@daviddeMacBook-Pro"} 1 1.12890625 0.0 1.94140625 1.12890625 1.5094774590163935 61
stats: {cpu,"tsung_controller@daviddeMacBook-Pro"} 1 0.0 0.0 0 0 0.0 61
stats: {freemem,"tsung_controller@daviddeMacBook-Pro"} 1 28.37109375 0.0 62.40234375 14.8046875 35.465676229508205 61
stats: session 0 0 0 64285.301025390625 48590.85888671875 59404.204834595475 799
stats: users_count 0 800
stats: finish_users_count 0 799
stats: request 0 0 0 64283.579833984375 48588.81396484375 59402.197535126914 799
stats: connect 0 0 0 606.18994140625 51.865966796875 131.32271575927734 800
stats: page 0 0 0 64283.579833984375 48588.81396484375 59402.197535126914 799
stats: 200 0 240
stats: size_rcv 0 4962687
stats: size_sent 0 251808
stats: connected 0 1
stats: 500 0 559
# stats: dump at 1459419278
stats: users 1 800
stats: {load,"tsung_controller@daviddeMacBook-Pro"} 1 1.26171875 0.0 1.94140625 1.12890625 1.5033392137096775 62
stats: {cpu,"tsung_controller@daviddeMacBook-Pro"} 1 0.0 0.0 0 0 0.0 62
stats: {freemem,"tsung_controller@daviddeMacBook-Pro"} 1 25.76171875 0.0 62.40234375 14.8046875 35.35124747983872 62
stats: session 0 0 0 64285.301025390625 48590.85888671875 59404.204834595475 799
stats: users_count 0 800
stats: finish_users_count 0 799
stats: request 0 0 0 64283.579833984375 48588.81396484375 59402.197535126914 799
stats: connect 0 0 0 606.18994140625 51.865966796875 131.32271575927734 800
stats: page 0 0 0 64283.579833984375 48588.81396484375 59402.197535126914 799
stats: 200 0 240
stats: size_rcv 0 4962687
stats: size_sent 0 251808
stats: connected 0 1
stats: 500 0 559
# stats: dump at 1459419288
stats: users 1 800
stats: {load,"tsung_controller@daviddeMacBook-Pro"} 1 1.2890625 0.0 1.94140625 1.12890625 1.4995039682539681 63
stats: {cpu,"tsung_controller@daviddeMacBook-Pro"} 1 0.0 0.0 0 0 0.0 63
stats: {freemem,"tsung_controller@daviddeMacBook-Pro"} 1 24.3046875 0.0 62.40234375 14.8046875 35.19903273809525 63
stats: session 0 0 0 64285.301025390625 48590.85888671875 59404.204834595475 799
stats: users_count 0 800
stats: finish_users_count 0 799
stats: request 0 0 0 64283.579833984375 48588.81396484375 59402.197535126914 799
stats: connect 0 0 0 606.18994140625 51.865966796875 131.32271575927734 800
stats: page 0 0 0 64283.579833984375 48588.81396484375 59402.197535126914 799
stats: 200 0 240
stats: size_rcv 0 4962687
stats: size_sent 0 251808
stats: connected 0 1
stats: 500 0 559
# stats: dump at 1459419298
stats: users 1 800
stats: {load,"tsung_controller@daviddeMacBook-Pro"} 1 1.25 0.0 1.94140625 1.12890625 1.4962158203125 64
stats: {cpu,"tsung_controller@daviddeMacBook-Pro"} 1 0.0 0.0 0 0 0.0 64
stats: {freemem,"tsung_controller@daviddeMacBook-Pro"} 1 19.50390625 0.0 62.40234375 14.8046875 35.02880859375001 64
stats: session 0 0 0 64285.301025390625 48590.85888671875 59404.204834595475 799
stats: users_count 0 800
stats: finish_users_count 0 799
stats: request 0 0 0 64283.579833984375 48588.81396484375 59402.197535126914 799
stats: connect 0 0 0 606.18994140625 51.865966796875 131.32271575927734 800
stats: page 0 0 0 64283.579833984375 48588.81396484375 59402.197535126914 799
stats: 200 0 240
stats: size_rcv 0 4962687
stats: size_sent 0 251808
stats: connected 0 1
stats: 500 0 559
# stats: dump at 1459419308
stats: users 1 800
stats: {load,"tsung_controller@daviddeMacBook-Pro"} 1 1.44140625 0.0 1.94140625 1.12890625 1.4924278846153847 65
stats: {cpu,"tsung_controller@daviddeMacBook-Pro"} 1 0.0 0.0 0 0 0.0 65
stats: {freemem,"tsung_controller@daviddeMacBook-Pro"} 1 17.78125 0.0 62.40234375 14.8046875 34.7899639423077 65
stats: session 0 0 0 64285.301025390625 48590.85888671875 59404.204834595475 799
stats: users_count 0 800
stats: finish_users_count 0 799
stats: request 0 0 0 64283.579833984375 48588.81396484375 59402.197535126914 799
stats: connect 0 0 0 606.18994140625 51.865966796875 131.32271575927734 800
stats: page 0 0 0 64283.579833984375 48588.81396484375 59402.197535126914 799
stats: 200 0 240
stats: size_rcv 0 4962687
stats: size_sent 0 251808
stats: connected 0 1
stats: 500 0 559
# stats: dump at 1459419318
stats: users 1 800
stats: {load,"tsung_controller@daviddeMacBook-Pro"} 1 1.44140625 0.0 1.94140625 1.12890625 1.4916548295454546 66
stats: {cpu,"tsung_controller@daviddeMacBook-Pro"} 1 0.0 0.0 0 0 0.0 66
stats: {freemem,"tsung_controller@daviddeMacBook-Pro"} 1 46.546875 0.0 62.40234375 14.8046875 34.53225615530304 66
stats: session 0 0 0 64285.301025390625 48590.85888671875 59404.204834595475 799
stats: users_count 0 800
stats: finish_users_count 0 799
stats: request 0 0 0 64283.579833984375 48588.81396484375 59402.197535126914 799
stats: connect 0 0 0 606.18994140625 51.865966796875 131.32271575927734 800
stats: page 0 0 0 64283.579833984375 48588.81396484375 59402.197535126914 799
stats: 200 0 240
stats: size_rcv 0 4962687
stats: size_sent 0 251808
stats: connected 0 1
stats: 500 0 559
# stats: dump at 1459419328
stats: users 1 800
stats: {load,"tsung_controller@daviddeMacBook-Pro"} 1 1.69140625 0.0 1.94140625 1.12890625 1.4909048507462686 67
stats: {cpu,"tsung_controller@daviddeMacBook-Pro"} 1 0.0 0.0 0 0 0.0 67
stats: {freemem,"tsung_controller@daviddeMacBook-Pro"} 1 25.32421875 0.0 62.40234375 14.8046875 34.71157882462687 67
stats: session 0 0 0 64285.301025390625 48590.85888671875 59404.204834595475 799
stats: users_count 0 800
stats: finish_users_count 0 799
stats: request 0 0 0 64283.579833984375 48588.81396484375 59402.197535126914 799
stats: connect 0 0 0 606.18994140625 51.865966796875 131.32271575927734 800
stats: page 0 0 0 64283.579833984375 48588.81396484375 59402.197535126914 799
stats: 200 0 240
stats: size_rcv 0 4962687
stats: size_sent 0 251808
stats: connected 0 1
stats: 500 0 559
# stats: dump at 1459419338
stats: users 1 800
stats: {load,"tsung_controller@daviddeMacBook-Pro"} 1 1.578125 0.0 1.94140625 1.12890625 1.4938534007352942 68
stats: {cpu,"tsung_controller@daviddeMacBook-Pro"} 1 0.0 0.0 0 0 0.0 68
stats: {freemem,"tsung_controller@daviddeMacBook-Pro"} 1 37.9453125 0.0 62.40234375 14.8046875 34.57352941176471 68
stats: session 0 0 0 64285.301025390625 48590.85888671875 59404.204834595475 799
stats: users_count 0 800
stats: finish_users_count 0 799
stats: request 0 0 0 64283.579833984375 48588.81396484375 59402.197535126914 799
stats: connect 0 0 0 606.18994140625 51.865966796875 131.32271575927734 800
stats: page 0 0 0 64283.579833984375 48588.81396484375 59402.197535126914 799
stats: 200 0 240
stats: size_rcv 0 4962687
stats: size_sent 0 251808
stats: connected 0 1
stats: 500 0 559
# stats: dump at 1459419348
stats: users 1 800
stats: {load,"tsung_controller@daviddeMacBook-Pro"} 1 1.421875 0.0 1.94140625 1.12890625 1.4950747282608696 69
stats: {cpu,"tsung_controller@daviddeMacBook-Pro"} 1 0.0 0.0 0 0 0.0 69
stats: {freemem,"tsung_controller@daviddeMacBook-Pro"} 1 20.97265625 0.0 62.40234375 14.8046875 34.62239583333334 69
stats: session 0 0 0 64285.301025390625 48590.85888671875 59404.204834595475 799
stats: users_count 0 800
stats: finish_users_count 0 799
stats: request 0 0 0 64283.579833984375 48588.81396484375 59402.197535126914 799
stats: connect 0 0 0 606.18994140625 51.865966796875 131.32271575927734 800
stats: page 0 0 0 64283.579833984375 48588.81396484375 59402.197535126914 799
stats: 200 0 240
stats: size_rcv 0 4962687
stats: size_sent 0 251808
stats: connected 0 1
stats: 500 0 559
# stats: dump at 1459419358
stats: users 1 800
stats: {load,"tsung_controller@daviddeMacBook-Pro"} 1 1.421875 0.0 1.94140625 1.12890625 1.494029017857143 70
stats: {cpu,"tsung_controller@daviddeMacBook-Pro"} 1 0.0 0.0 0 0 0.0 70
stats: {freemem,"tsung_controller@daviddeMacBook-Pro"} 1 33.0546875 0.0 62.40234375 14.8046875 34.42739955357143 70
stats: session 0 0 0 64285.301025390625 48590.85888671875 59404.204834595475 799
stats: users_count 0 800
stats: finish_users_count 0 799
stats: request 0 0 0 64283.579833984375 48588.81396484375 59402.197535126914 799
stats: connect 0 0 0 606.18994140625 51.865966796875 131.32271575927734 800
stats: page 0 0 0 64283.579833984375 48588.81396484375 59402.197535126914 799
stats: 200 0 240
stats: size_rcv 0 4962687
stats: size_sent 0 251808
stats: connected 0 1
stats: 500 0 559
# stats: dump at 1459419368
stats: users 1 800
stats: {load,"tsung_controller@daviddeMacBook-Pro"} 1 1.578125 0.0 1.94140625 1.12890625 1.493012764084507 71
stats: {cpu,"tsung_controller@daviddeMacBook-Pro"} 1 0.0 0.0 0 0 0.0 71
stats: {freemem,"tsung_controller@daviddeMacBook-Pro"} 1 30.69921875 0.0 62.40234375 14.8046875 34.40806558098592 71
stats: session 0 0 0 64285.301025390625 48590.85888671875 59404.204834595475 799
stats: users_count 0 800
stats: finish_users_count 0 799
stats: request 0 0 0 64283.579833984375 48588.81396484375 59402.197535126914 799
stats: connect 0 0 0 606.18994140625 51.865966796875 131.32271575927734 800
stats: page 0 0 0 64283.579833984375 48588.81396484375 59402.197535126914 799
stats: 200 0 240
stats: size_rcv 0 4962687
stats: size_sent 0 251808
stats: connected 0 1
stats: 500 0 559
# stats: dump at 1459419378
stats: users 1 800
stats: {load,"tsung_controller@daviddeMacBook-Pro"} 1 1.71875 0.0 1.94140625 1.12890625 1.4941948784722223 72
stats: {cpu,"tsung_controller@daviddeMacBook-Pro"} 1 0.0 0.0 0 0 0.0 72
stats: {freemem,"tsung_controller@daviddeMacBook-Pro"} 1 24.87890625 0.0 62.40234375 14.8046875 34.35655381944445 72
stats: session 0 0 0 64285.301025390625 48590.85888671875 59404.204834595475 799
stats: users_count 0 800
stats: finish_users_count 0 799
stats: request 0 0 0 64283.579833984375 48588.81396484375 59402.197535126914 799
stats: connect 0 0 0 606.18994140625 51.865966796875 131.32271575927734 800
stats: page 0 0 0 64283.579833984375 48588.81396484375 59402.197535126914 799
stats: 200 0 240
stats: size_rcv 0 4962687
stats: size_sent 0 251808
stats: connected 0 1
stats: 500 0 559
# stats: dump at 1459419388
stats: users 1 800
stats: {load,"tsung_controller@daviddeMacBook-Pro"} 1 2.0 0.0 2.0 1.12890625 1.4972709760273972 73
stats: {cpu,"tsung_controller@daviddeMacBook-Pro"} 1 0.0 0.0 0 0 0.0 73
stats: {freemem,"tsung_controller@daviddeMacBook-Pro"} 1 52.28125 0.0 62.40234375 14.8046875 34.22672303082192 73
stats: session 0 0 0 64285.301025390625 48590.85888671875 59404.204834595475 799
stats: users_count 0 800
stats: finish_users_count 0 799
stats: request 0 0 0 64283.579833984375 48588.81396484375 59402.197535126914 799
stats: connect 0 0 0 606.18994140625 51.865966796875 131.32271575927734 800
stats: page 0 0 0 64283.579833984375 48588.81396484375 59402.197535126914 799
stats: 200 0 240
stats: size_rcv 0 4962687
stats: size_sent 0 251808
stats: connected 0 1
stats: 500 0 559
# stats: dump at 1459419398
stats: users 1 800
stats: {load,"tsung_controller@daviddeMacBook-Pro"} 1 1.9296875 0.0 2.0 1.12890625 1.5040646114864864 74
stats: {cpu,"tsung_controller@daviddeMacBook-Pro"} 1 0.0 0.0 0 0 0.0 74
stats: {freemem,"tsung_controller@daviddeMacBook-Pro"} 1 31.7109375 0.0 62.40234375 14.8046875 34.47070312500001 74
stats: session 0 0 0 64285.301025390625 48590.85888671875 59404.204834595475 799
stats: users_count 0 800
stats: finish_users_count 0 799
stats: request 0 0 0 64283.579833984375 48588.81396484375 59402.197535126914 799
stats: connect 0 0 0 606.18994140625 51.865966796875 131.32271575927734 800
stats: page 0 0 0 64283.579833984375 48588.81396484375 59402.197535126914 799
stats: 200 0 240
stats: size_rcv 0 4962687
stats: size_sent 0 251808
stats: connected 0 1
stats: 500 0 559
