# stats: dump at 1460363125
stats: users 234 800
stats: {load,"tsung_controller@daviddeMacBook-Pro"} 1 1.98828125 0 1.98828125 1.98828125 0 0
stats: {cpu,"tsung_controller@daviddeMacBook-Pro"} 1 0 0 0 0 0 0
stats: {freemem,"tsung_controller@daviddeMacBook-Pro"} 1 23.4921875 0 23.4921875 23.4921875 0 0
stats: session 617 4054.330548204518 2356.031475410947 8564.326904296875 121.819091796875 0 0
stats: users_count 851 851
stats: finish_users_count 617 617
stats: connect 850 64.15164952895222 173.04384589367487 1526.257080078125 11.22412109375 0 0
stats: page 609 3998.179094186166 2323.3424746313426 7956.246826171875 117.248046875 0 0
stats: 200 646 646
stats: request 609 3998.179094186166 2323.3424746313426 7956.246826171875 117.248046875 0 0
stats: size_rcv 8911834 8911834
stats: size_sent 268380 268380
stats: connected 241 241
# stats: dump at 1460363135
stats: users 227 800
stats: {load,"tsung_controller@daviddeMacBook-Pro"} 1 1.98828125 0.0 1.98828125 1.98828125 1.98828125 1
stats: {cpu,"tsung_controller@daviddeMacBook-Pro"} 1 0.0 0.0 0 0 0.0 1
stats: {freemem,"tsung_controller@daviddeMacBook-Pro"} 1 16.640625 0.0 23.4921875 16.640625 23.4921875 1
stats: session 7 9828.40771484375 1218.0143806723959 11508.425048828125 121.819091796875 4054.330548204518 617
stats: users_count 0 851
stats: finish_users_count 7 624
stats: connect 0 0 0 1526.257080078125 11.22412109375 64.15164952895222 850
stats: 200 0 646
stats: page 15 8942.921663411458 1180.8667102718287 11506.037841796875 117.248046875 3998.179094186166 609
stats: request 15 8942.921663411458 1180.8667102718287 11506.037841796875 117.248046875 3998.179094186166 609
stats: size_rcv 218416 9130250
stats: size_sent 0 268380
stats: connected -15 226
# stats: dump at 1460363145
stats: users 226 800
stats: {load,"tsung_controller@daviddeMacBook-Pro"} 1 2.05859375 0.0 2.05859375 1.98828125 1.98828125 2
stats: {cpu,"tsung_controller@daviddeMacBook-Pro"} 1 0.0 0.0 0 0 0.0 2
stats: {freemem,"tsung_controller@daviddeMacBook-Pro"} 1 19.06640625 0.0 23.4921875 16.640625 20.06640625 2
stats: session 1 19232.923095703125 0.0 19232.923095703125 121.819091796875 4119.1038497533555 624
stats: users_count 0 851
stats: finish_users_count 1 625
stats: connect 0 0 0 1526.257080078125 11.22412109375 64.15164952895222 850
stats: 200 0 646
stats: request 1 19230.6650390625 0.0 19230.6650390625 117.248046875 4117.043098254081 624
stats: page 1 19230.6650390625 0.0 19230.6650390625 117.248046875 4117.043098254081 624
stats: size_rcv 15075 9145325
stats: size_sent 0 268380
stats: connected -1 225
# stats: dump at 1460363155
stats: users 226 800
stats: {load,"tsung_controller@daviddeMacBook-Pro"} 1 2.12890625 0.0 2.12890625 1.98828125 2.01171875 3
stats: {cpu,"tsung_controller@daviddeMacBook-Pro"} 1 0.0 0.0 0 0 0.0 3
stats: {freemem,"tsung_controller@daviddeMacBook-Pro"} 1 16.984375 0.0 23.4921875 16.640625 19.733072916666668 3
stats: session 0 0 0 19232.923095703125 121.819091796875 4143.285960546875 625
stats: users_count 0 851
stats: finish_users_count 0 625
stats: page 0 0 0 19230.6650390625 117.248046875 4141.224893359375 625
stats: connect 0 0 0 1526.257080078125 11.22412109375 64.15164952895222 850
stats: request 0 0 0 19230.6650390625 117.248046875 4141.224893359375 625
stats: 200 0 646
stats: size_rcv 0 9145325
stats: size_sent 0 268380
stats: connected 0 225
# stats: dump at 1460363165
stats: users 226 800
stats: {load,"tsung_controller@daviddeMacBook-Pro"} 1 2.859375 0.0 2.859375 1.98828125 2.041015625 4
stats: {cpu,"tsung_controller@daviddeMacBook-Pro"} 1 0.0 0.0 0 0 0.0 4
stats: {freemem,"tsung_controller@daviddeMacBook-Pro"} 1 50.2890625 0.0 50.2890625 16.640625 19.0458984375 4
stats: session 0 0 0 19232.923095703125 121.819091796875 4143.285960546875 625
stats: users_count 0 851
stats: finish_users_count 0 625
stats: page 0 0 0 19230.6650390625 117.248046875 4141.224893359375 625
stats: request 0 0 0 19230.6650390625 117.248046875 4141.224893359375 625
stats: connect 0 0 0 1526.257080078125 11.22412109375 64.15164952895222 850
stats: 200 0 646
stats: size_rcv 0 9145325
stats: size_sent 0 268380
stats: connected 0 225
# stats: dump at 1460363175
stats: users 226 800
stats: {load,"tsung_controller@daviddeMacBook-Pro"} 1 2.6484375 0.0 2.859375 1.98828125 2.2046875 5
stats: {cpu,"tsung_controller@daviddeMacBook-Pro"} 1 0.0 0.0 0 0 0.0 5
stats: {freemem,"tsung_controller@daviddeMacBook-Pro"} 1 16.203125 0.0 50.2890625 16.203125 25.29453125 5
stats: session 0 0 0 19232.923095703125 121.819091796875 4143.285960546875 625
stats: users_count 0 851
stats: finish_users_count 0 625
stats: request 0 0 0 19230.6650390625 117.248046875 4141.224893359375 625
stats: connect 0 0 0 1526.257080078125 11.22412109375 64.15164952895222 850
stats: page 0 0 0 19230.6650390625 117.248046875 4141.224893359375 625
stats: 200 0 646
stats: size_rcv 0 9145325
stats: size_sent 0 268380
stats: connected 0 225
# stats: dump at 1460363185
stats: users 22 800
stats: {load,"tsung_controller@daviddeMacBook-Pro"} 1 2.62890625 0.0 2.859375 1.98828125 2.2786458333333335 6
stats: {cpu,"tsung_controller@daviddeMacBook-Pro"} 1 0.0 0.0 0 0 0.0 6
stats: {freemem,"tsung_controller@daviddeMacBook-Pro"} 1 46.21875 0.0 50.2890625 16.203125 23.779296875 6
stats: session 204 61848.39221909467 889.2824205085798 63744.35302734375 121.819091796875 4143.285960546875 625
stats: users_count 0 851
stats: finish_users_count 204 829
stats: request 204 61846.36251412186 889.3356044426125 63742.989013671875 117.248046875 4141.224893359375 625
stats: connect 0 0 0 1526.257080078125 11.22412109375 64.15164952895222 850
stats: page 204 61846.36251412186 889.3356044426125 63742.989013671875 117.248046875 4141.224893359375 625
stats: 200 0 646
stats: size_rcv 551160 9696485
stats: size_sent 0 268380
stats: connected -204 21
stats: 500 204 204
