# stats: dump at 1459842120
stats: users 3 14
stats: {load,"tsung_controller@daviddeMacBook-Pro"} 1 4.69921875 0 4.69921875 4.69921875 0 0
stats: {cpu,"tsung_controller@daviddeMacBook-Pro"} 1 0 0 0 0 0 0
stats: {freemem,"tsung_controller@daviddeMacBook-Pro"} 1 86.72265625 0 86.72265625 86.72265625 0 0
stats: session 872 36.77764416615899 6.547355338839227 65.278076171875 27.489013671875 0 0
stats: users_count 875 875
stats: finish_users_count 872 872
stats: request 829 33.73528471096577 4.947039804289869 62.455078125 25.472900390625 0 0
stats: connect 832 13.138784848726713 2.926609271879428 39.55908203125 9.3251953125 0 0
stats: page 829 33.73528471096577 4.947039804289869 62.455078125 25.472900390625 0 0
stats: 200 829 829
stats: size_rcv 275228 275228
stats: size_sent 262688 262688
stats: connected 3 3
# stats: dump at 1459842130
stats: users 1 15
stats: {load,"tsung_controller@daviddeMacBook-Pro"} 1 4.44140625 0.0 4.69921875 4.44140625 4.69921875 1
stats: {cpu,"tsung_controller@daviddeMacBook-Pro"} 1 0.0 0.0 0 0 0.0 1
stats: {freemem,"tsung_controller@daviddeMacBook-Pro"} 1 77.171875 0.0 86.72265625 77.171875 86.72265625 1
stats: session 970 46.305182073534155 65.72767747037214 1197.93603515625 26.89990234375 36.77764416615899 872
stats: users_count 968 1843
stats: finish_users_count 970 1842
stats: request 976 45.10960213082737 65.5154556354942 1196.007080078125 24.821044921875 33.73528471096577 829
stats: connect 974 20.130437768705065 64.28050668850203 1172.843017578125 9.153076171875 13.138784848726713 832
stats: page 976 45.10960213082737 65.5154556354942 1196.007080078125 24.821044921875 33.73528471096577 829
stats: 200 976 1805
stats: size_rcv 324032 599260
stats: size_sent 307452 570140
stats: connected -2 1
