# stats: dump at 1459418508
stats: users 800 800
stats: {load,"tsung_controller@daviddeMacBook-Pro"} 1 1.8203125 0 1.8203125 1.8203125 0 0
stats: {cpu,"tsung_controller@daviddeMacBook-Pro"} 1 0 0 0 0 0 0
stats: {freemem,"tsung_controller@daviddeMacBook-Pro"} 1 45.13671875 0 45.13671875 45.13671875 0 0
stats: users_count 800 800
stats: finish_users_count 0 0
stats: connect 722 362.5570629679923 192.6843363754084 793.360107421875 53.630126953125 0 0
stats: size_sent 227282 227282
stats: connected 722 722
# stats: dump at 1459418518
stats: users 800 800
stats: {load,"tsung_controller@daviddeMacBook-Pro"} 1 1.76953125 0.0 1.8203125 1.76953125 1.8203125 1
stats: {cpu,"tsung_controller@daviddeMacBook-Pro"} 1 0.0 0.0 0 0 0.0 1
stats: {freemem,"tsung_controller@daviddeMacBook-Pro"} 1 27.52734375 0.0 45.13671875 27.52734375 45.13671875 1
stats: users_count 0 800
stats: finish_users_count 0 0
stats: connect 78 608.7440999348958 85.55883033739597 859.923095703125 53.630126953125 362.5570629679923 722
stats: size_sent 24526 251808
stats: connected 78 800
# stats: dump at 1459418528
stats: users 800 800
stats: {load,"tsung_controller@daviddeMacBook-Pro"} 1 1.6484375 0.0 1.8203125 1.6484375 1.794921875 2
stats: {cpu,"tsung_controller@daviddeMacBook-Pro"} 1 0.0 0.0 0 0 0.0 2
stats: {freemem,"tsung_controller@daviddeMacBook-Pro"} 1 23.59765625 0.0 45.13671875 23.59765625 36.33203125 2
stats: users_count 0 800
stats: finish_users_count 0 0
stats: connect 0 0 0 859.923095703125 53.630126953125 386.5602990722654 800
stats: size_sent 0 251808
stats: connected 0 800
# stats: dump at 1459418538
stats: users 800 800
stats: {load,"tsung_controller@daviddeMacBook-Pro"} 1 1.640625 0.0 1.8203125 1.640625 1.74609375 3
stats: {cpu,"tsung_controller@daviddeMacBook-Pro"} 1 0.0 0.0 0 0 0.0 3
stats: {freemem,"tsung_controller@daviddeMacBook-Pro"} 1 34.79296875 0.0 45.13671875 23.59765625 32.087239583333336 3
stats: users_count 0 800
stats: finish_users_count 0 0
stats: connect 0 0 0 859.923095703125 53.630126953125 386.5602990722654 800
stats: size_sent 0 251808
stats: connected 0 800
# stats: dump at 1459418548
stats: users 800 800
stats: {load,"tsung_controller@daviddeMacBook-Pro"} 1 1.5390625 0.0 1.8203125 1.5390625 1.7197265625 4
stats: {cpu,"tsung_controller@daviddeMacBook-Pro"} 1 0.0 0.0 0 0 0.0 4
stats: {freemem,"tsung_controller@daviddeMacBook-Pro"} 1 23.37109375 0.0 45.13671875 23.37109375 32.763671875 4
stats: users_count 0 800
stats: finish_users_count 0 0
stats: connect 0 0 0 859.923095703125 53.630126953125 386.5602990722654 800
stats: size_sent 0 251808
stats: connected 0 800
# stats: dump at 1459418558
stats: users 711 800
stats: {load,"tsung_controller@daviddeMacBook-Pro"} 1 1.609375 0.0 1.8203125 1.5390625 1.68359375 5
stats: {cpu,"tsung_controller@daviddeMacBook-Pro"} 1 0.0 0.0 0 0 0.0 5
stats: {freemem,"tsung_controller@daviddeMacBook-Pro"} 1 16.4140625 0.0 45.13671875 16.4140625 30.88515625 5
stats: session 89 53990.94897735253 2041.3333170410522 56820.85498046875 50957.009033203125 0 0
stats: users_count 0 800
stats: finish_users_count 89 89
stats: page 89 53988.92878225948 2041.4329121080775 56818.64892578125 50954.7041015625 0 0
stats: request 89 53988.92878225948 2041.4329121080775 56818.64892578125 50954.7041015625 0 0
stats: connect 0 0 0 859.923095703125 53.630126953125 386.5602990722654 800
stats: 200 89 89
stats: size_rcv 1235231 1235231
stats: size_sent 0 251808
stats: connected -89 711
# stats: dump at 1459418568
stats: users 84 800
stats: {load,"tsung_controller@daviddeMacBook-Pro"} 1 1.671875 0.0 1.8203125 1.5390625 1.6712239583333333 6
stats: {cpu,"tsung_controller@daviddeMacBook-Pro"} 1 0.0 0.0 0 0 0.0 6
stats: {freemem,"tsung_controller@daviddeMacBook-Pro"} 1 66.484375 0.0 66.484375 16.4140625 28.473307291666668 6
stats: session 627 60673.069808254215 876.9691121441688 64549.501953125 50957.009033203125 53990.94897735253 89
stats: users_count 0 800
stats: finish_users_count 627 716
stats: request 622 60670.66289360807 880.3804928627229 64547.386962890625 50954.7041015625 53988.92878225948 89
stats: connect 0 0 0 859.923095703125 53.630126953125 386.5602990722654 800
stats: page 622 60670.66289360807 880.3804928627229 64547.386962890625 50954.7041015625 53988.92878225948 89
stats: 200 90 179
stats: size_rcv 2676386 3911617
stats: size_sent 0 251808
stats: connected -622 89
stats: 500 535 535
# stats: dump at 1459418573
stats: users 0 800
stats: {load,"tsung_controller@daviddeMacBook-Pro"} 1 1.55859375 0.0 1.8203125 1.5390625 1.6713169642857142 7
stats: {cpu,"tsung_controller@daviddeMacBook-Pro"} 1 0.0 0.0 0 0 0.0 7
stats: {freemem,"tsung_controller@daviddeMacBook-Pro"} 1 41.97265625 0.0 66.484375 16.4140625 33.90345982142857 7
stats: session 84 61945.13262358166 1427.7235434057666 64870.885009765625 50957.009033203125 59842.47098988794 716
stats: users_count 0 800
stats: finish_users_count 84 800
stats: request 89 61873.67748749122 1415.9647733106137 64869.076904296875 50954.7041015625 59834.271422567246 711
stats: connect 0 0 0 859.923095703125 53.630126953125 386.5602990722654 800
stats: page 89 61873.67748749122 1415.9647733106137 64869.076904296875 50954.7041015625 59834.271422567246 711
stats: 200 30 209
stats: size_rcv 574621 4486238
stats: size_sent 0 251808
stats: connected -89 0
stats: 500 56 591
EndMonitor:{1459,418573,594438}
