# stats: dump at 1458813684
stats: users 764 764
stats: {load,"tsung_controller@daviddeMacBook-Pro"} 1 2.2890625 0 2.2890625 2.2890625 0 0
stats: {cpu,"tsung_controller@daviddeMacBook-Pro"} 1 0 0 0 0 0 0
stats: {freemem,"tsung_controller@daviddeMacBook-Pro"} 1 83.4453125 0 83.4453125 83.4453125 0 0
stats: session 98 5461.720880002392 331.88155524263743 7520.0908203125 5120.150146484375 0 0
stats: users_count 862 862
stats: finish_users_count 98 98
stats: page 98 5459.5553202726405 331.9089414477335 7517.833984375 5118.760009765625 0 0
stats: request 98 5459.5553202726405 331.9089414477335 7517.833984375 5118.760009765625 0 0
stats: connect 811 95.34525488160823 136.9098134252855 1264.1689453125 51.489013671875 0 0
stats: size_rcv 263682 263682
stats: size_sent 255251 255251
stats: connected 713 713
stats: 500 98 98
# stats: dump at 1458813694
stats: users 800 800
stats: {load,"tsung_controller@daviddeMacBook-Pro"} 1 2.41015625 0.0 2.41015625 2.2890625 2.2890625 1
stats: {cpu,"tsung_controller@daviddeMacBook-Pro"} 1 0.0 0.0 0 0 0.0 1
stats: {freemem,"tsung_controller@daviddeMacBook-Pro"} 1 61.28125 0.0 83.4453125 61.28125 83.4453125 1
stats: session 0 0 0 7520.0908203125 5120.150146484375 5461.720880002392 98
stats: users_count 36 898
stats: finish_users_count 0 98
stats: connect 87 194.15384226831895 330.92603907573965 1264.1689453125 51.489013671875 95.34525488160823 811
stats: request 0 0 0 7517.833984375 5118.760009765625 5459.5553202726405 98
stats: page 0 0 0 7517.833984375 5118.760009765625 5459.5553202726405 98
stats: size_rcv 0 263682
stats: size_sent 27359 282610
stats: connected 87 800
stats: 500 0 98
# stats: dump at 1458813704
stats: users 796 800
stats: {load,"tsung_controller@daviddeMacBook-Pro"} 1 2.19140625 0.0 2.41015625 2.19140625 2.349609375 2
stats: {cpu,"tsung_controller@daviddeMacBook-Pro"} 1 0.0 0.0 0 0 0.0 2
stats: {freemem,"tsung_controller@daviddeMacBook-Pro"} 1 36.29296875 0.0 83.4453125 36.29296875 72.36328125 2
stats: session 4 21343.316650390625 1394.3261701557292 23070.505859375 5120.150146484375 5461.720880002392 98
stats: users_count 0 898
stats: finish_users_count 4 102
stats: connect 0 0 0 1264.1689453125 51.489013671875 104.9180244836615 898
stats: request 4 21341.19854736328 1394.3025269842553 23068.343017578125 5118.760009765625 5459.5553202726405 98
stats: page 4 21341.19854736328 1394.3025269842553 23068.343017578125 5118.760009765625 5459.5553202726405 98
stats: 200 5 5
stats: size_rcv 57760 321442
stats: size_sent 0 282610
stats: connected -4 796
stats: 500 0 98
# stats: dump at 1458813714
stats: users 787 800
stats: {load,"tsung_controller@daviddeMacBook-Pro"} 1 2.3203125 0.0 2.41015625 2.19140625 2.296875 3
stats: {cpu,"tsung_controller@daviddeMacBook-Pro"} 1 0.0 0.0 0 0 0.0 3
stats: {freemem,"tsung_controller@daviddeMacBook-Pro"} 1 24.23828125 0.0 83.4453125 24.23828125 60.33984375 3
stats: session 9 29109.641682942707 2981.2342348571615 33750.197998046875 5120.150146484375 6084.528557272519 102
stats: users_count 0 898
stats: finish_users_count 9 111
stats: connect 0 0 0 1264.1689453125 51.489013671875 104.9180244836615 898
stats: request 9 29107.55992296007 2981.184728360399 33747.77587890625 5118.760009765625 6082.36485858992 102
stats: page 9 29107.55992296007 2981.184728360399 33747.77587890625 5118.760009765625 6082.36485858992 102
stats: 200 8 13
stats: size_rcv 129960 451402
stats: size_sent 0 282610
stats: connected -9 787
stats: 500 0 98
# stats: dump at 1458813724
stats: users 779 800
stats: {load,"tsung_controller@daviddeMacBook-Pro"} 1 2.19140625 0.0 2.41015625 2.19140625 2.302734375 4
stats: {cpu,"tsung_controller@daviddeMacBook-Pro"} 1 0.0 0.0 0 0 0.0 4
stats: {freemem,"tsung_controller@daviddeMacBook-Pro"} 1 41.48046875 0.0 83.4453125 24.23828125 51.314453125 4
stats: session 8 39181.72869873047 2718.360420959326 43329.39990234375 5120.150146484375 7951.4296215160475 111
stats: users_count 0 898
stats: finish_users_count 8 119
stats: connect 0 0 0 1264.1689453125 51.489013671875 104.9180244836615 898
stats: request 8 39179.82678222656 2718.4330670898657 43327.89501953125 5118.760009765625 7949.272566511824 111
stats: page 8 39179.82678222656 2718.4330670898657 43327.89501953125 5118.760009765625 7949.272566511824 111
stats: 200 8 21
stats: size_rcv 115520 566922
stats: size_sent 0 282610
stats: connected -8 779
stats: 500 0 98
# stats: dump at 1458813734
stats: users 770 800
stats: {load,"tsung_controller@daviddeMacBook-Pro"} 1 2.01171875 0.0 2.41015625 2.01171875 2.28046875 5
stats: {cpu,"tsung_controller@daviddeMacBook-Pro"} 1 0.0 0.0 0 0 0.0 5
stats: {freemem,"tsung_controller@daviddeMacBook-Pro"} 1 65.3203125 0.0 83.4453125 24.23828125 49.34765625 5
stats: session 9 49255.79060872396 3050.486159093673 53984.257080078125 5120.150146484375 10050.945525866597 119
stats: users_count 0 898
stats: finish_users_count 9 128
stats: connect 0 0 0 1264.1689453125 51.489013671875 104.9180244836615 898
stats: request 9 49253.687689887156 3050.4330143127745 53982.2568359375 5118.760009765625 10048.805623030463 119
stats: page 9 49253.687689887156 3050.4330143127745 53982.2568359375 5118.760009765625 10048.805623030463 119
stats: 200 9 30
stats: size_rcv 129960 696882
stats: size_sent 0 282610
stats: connected -9 770
stats: 500 0 98
# stats: dump at 1458813744
stats: users 347 800
stats: {load,"tsung_controller@daviddeMacBook-Pro"} 1 2.078125 0.0 2.41015625 2.01171875 2.2356770833333335 6
stats: {cpu,"tsung_controller@daviddeMacBook-Pro"} 1 0.0 0.0 0 0 0.0 6
stats: {freemem,"tsung_controller@daviddeMacBook-Pro"} 1 83.08984375 0.0 83.4453125 24.23828125 52.009765625 6
stats: session 423 61490.98045432089 954.2386408803471 63719.52099609375 5120.150146484375 12807.536195755005 128
stats: users_count 0 898
stats: finish_users_count 423 551
stats: connect 0 0 0 1264.1689453125 51.489013671875 104.9180244836615 898
stats: request 419 61474.79298681291 947.6656881874954 63717.260009765625 5118.760009765625 12805.398893356323 128
stats: page 419 61474.79298681291 947.6656881874954 63717.260009765625 5118.760009765625 12805.398893356323 128
stats: 200 2 32
stats: size_rcv 1150897 1847779
stats: size_sent 0 282610
stats: connected -419 351
stats: 500 418 516
# stats: dump at 1458813754
stats: users 170 800
stats: {load,"tsung_controller@daviddeMacBook-Pro"} 1 2.0703125 0.0 2.41015625 2.01171875 2.213169642857143 7
stats: {cpu,"tsung_controller@daviddeMacBook-Pro"} 1 0.0 0.0 0 0 0.0 7
stats: {freemem,"tsung_controller@daviddeMacBook-Pro"} 1 68.5625 0.0 83.4453125 24.23828125 56.449776785714285 7
stats: session 177 63733.706798143976 533.8049500602497 65740.07104492188 5120.150146484375 50181.57779534369 551
stats: users_count 0 898
stats: finish_users_count 177 728
stats: request 181 63714.85405111576 539.6584496351647 65737.95703125 5118.760009765625 50085.976818691444 547
stats: connect 0 0 0 1264.1689453125 51.489013671875 104.9180244836615 898
stats: page 181 63714.85405111576 539.6584496351647 65737.95703125 5118.760009765625 50085.976818691444 547
stats: 200 0 32
stats: size_rcv 487053 2334832
stats: size_sent 0 282610
stats: connected -181 170
stats: 500 180 696
# stats: dump at 1458813764
stats: users 170 800
stats: {load,"tsung_controller@daviddeMacBook-Pro"} 1 1.98046875 0.0 2.41015625 1.98046875 2.1953125 8
stats: {cpu,"tsung_controller@daviddeMacBook-Pro"} 1 0.0 0.0 0 0 0.0 8
stats: {freemem,"tsung_controller@daviddeMacBook-Pro"} 1 204.14453125 0.0 204.14453125 24.23828125 57.9638671875 8
stats: session 0 0 0 65740.07104492188 5120.150146484375 53476.5322369586 728
stats: users_count 0 898
stats: finish_users_count 0 728
stats: page 0 0 0 65737.95703125 5118.760009765625 53474.47514158815 728
stats: request 0 0 0 65737.95703125 5118.760009765625 53474.47514158815 728
stats: connect 0 0 0 1264.1689453125 51.489013671875 104.9180244836615 898
stats: 200 0 32
stats: size_rcv 0 2334832
stats: size_sent 0 282610
stats: connected 0 170
stats: 500 0 696
# stats: dump at 1458813774
stats: users 170 800
stats: {load,"tsung_controller@daviddeMacBook-Pro"} 1 1.98046875 0.0 2.41015625 1.98046875 2.1714409722222223 9
stats: {cpu,"tsung_controller@daviddeMacBook-Pro"} 1 0.0 0.0 0 0 0.0 9
stats: {freemem,"tsung_controller@daviddeMacBook-Pro"} 1 211.71875 0.0 211.71875 24.23828125 74.20616319444444 9
stats: session 0 0 0 65740.07104492188 5120.150146484375 53476.5322369586 728
stats: users_count 0 898
stats: finish_users_count 0 728
stats: connect 0 0 0 1264.1689453125 51.489013671875 104.9180244836615 898
stats: request 0 0 0 65737.95703125 5118.760009765625 53474.47514158815 728
stats: page 0 0 0 65737.95703125 5118.760009765625 53474.47514158815 728
stats: 200 0 32
stats: size_rcv 0 2334832
stats: size_sent 0 282610
stats: connected 0 170
stats: 500 0 696
# stats: dump at 1458813784
stats: users 170 800
stats: {load,"tsung_controller@daviddeMacBook-Pro"} 1 2.140625 0.0 2.41015625 1.98046875 2.15234375 10
stats: {cpu,"tsung_controller@daviddeMacBook-Pro"} 1 0.0 0.0 0 0 0.0 10
stats: {freemem,"tsung_controller@daviddeMacBook-Pro"} 1 155.328125 0.0 211.71875 24.23828125 87.957421875 10
stats: session 0 0 0 65740.07104492188 5120.150146484375 53476.5322369586 728
stats: users_count 0 898
stats: finish_users_count 0 728
stats: connect 0 0 0 1264.1689453125 51.489013671875 104.9180244836615 898
stats: request 0 0 0 65737.95703125 5118.760009765625 53474.47514158815 728
stats: 200 0 32
stats: page 0 0 0 65737.95703125 5118.760009765625 53474.47514158815 728
stats: size_rcv 0 2334832
stats: size_sent 0 282610
stats: connected 0 170
stats: 500 0 696
# stats: dump at 1458813794
stats: users 170 800
stats: {load,"tsung_controller@daviddeMacBook-Pro"} 1 1.87890625 0.0 2.41015625 1.87890625 2.151278409090909 11
stats: {cpu,"tsung_controller@daviddeMacBook-Pro"} 1 0.0 0.0 0 0 0.0 11
stats: {freemem,"tsung_controller@daviddeMacBook-Pro"} 1 178.8984375 0.0 211.71875 24.23828125 94.08203125 11
stats: session 0 0 0 65740.07104492188 5120.150146484375 53476.5322369586 728
stats: users_count 0 898
stats: finish_users_count 0 728
stats: request 0 0 0 65737.95703125 5118.760009765625 53474.47514158815 728
stats: connect 0 0 0 1264.1689453125 51.489013671875 104.9180244836615 898
stats: page 0 0 0 65737.95703125 5118.760009765625 53474.47514158815 728
stats: 200 0 32
stats: size_rcv 0 2334832
stats: size_sent 0 282610
stats: connected 0 170
stats: 500 0 696
# stats: dump at 1458813804
stats: users 38 800
stats: {load,"tsung_controller@daviddeMacBook-Pro"} 1 1.8984375 0.0 2.41015625 1.87890625 2.1285807291666665 12
stats: {cpu,"tsung_controller@daviddeMacBook-Pro"} 1 0.0 0.0 0 0 0.0 12
stats: {freemem,"tsung_controller@daviddeMacBook-Pro"} 1 181.87109375 0.0 211.71875 24.23828125 101.15006510416667 12
stats: session 132 119564.27369828658 449.1586939328397 121054.27001953125 5120.150146484375 53476.5322369586 728
stats: users_count 0 898
stats: finish_users_count 132 860
stats: connect 0 0 0 1264.1689453125 51.489013671875 104.9180244836615 898
stats: page 121 119511.4569626485 415.1353683465837 121052.29321289063 5118.760009765625 53474.47514158815 728
stats: 200 0 32
stats: request 121 119511.4569626485 415.1353683465837 121052.29321289063 5118.760009765625 53474.47514158815 728
stats: size_rcv 325537 2660369
stats: size_sent 0 282610
stats: connected -121 49
stats: 500 122 818
# stats: dump at 1458813805
stats: users 0 800
stats: {load,"tsung_controller@daviddeMacBook-Pro"} 1 1.8515625 0.0 2.41015625 1.8515625 2.1108774038461537 13
stats: {cpu,"tsung_controller@daviddeMacBook-Pro"} 1 0.0 0.0 0 0 0.0 13
stats: {freemem,"tsung_controller@daviddeMacBook-Pro"} 1 130.80859375 0.0 211.71875 24.23828125 107.359375 13
stats: session 38 120075.49345960114 233.12706942230713 121054.27001953125 5120.150146484375 63620.232089162426 860
stats: users_count 0 898
stats: finish_users_count 38 898
stats: connect 0 0 0 1264.1689453125 51.489013671875 104.9180244836615 898
stats: 200 0 32
stats: request 49 120084.00001494738 289.7766409343835 121052.29321289063 5118.760009765625 62886.10623740476 849
stats: page 49 120084.00001494738 289.7766409343835 121052.29321289063 5118.760009765625 62886.10623740476 849
stats: size_rcv 131825 2792194
stats: size_sent 0 282610
stats: connected -49 0
stats: 500 48 866
EndMonitor:{1458,813805,830805}
