# stats: dump at 1460946289
stats: users 497 536
stats: {load,"tsung_controller@daviddeMacBook-Pro"} 1 2.55859375 0 2.55859375 2.55859375 0 0
stats: {cpu,"tsung_controller@daviddeMacBook-Pro"} 1 0 0 0 0 0 0
stats: {freemem,"tsung_controller@daviddeMacBook-Pro"} 1 47.28515625 0 47.28515625 47.28515625 0 0
stats: session 359 1088.3127482209707 1581.274500283559 8085.858154296875 114.484130859375 0 0
stats: users_count 856 856
stats: finish_users_count 359 359
stats: connect 799 106.49707703477006 216.00562530727464 2449.953125 50.68798828125 0 0
stats: request 296 1044.7863893251165 1427.5439691263257 6696.97607421875 112.360107421875 0 0
stats: page 296 1044.7863893251165 1427.5439691263257 6696.97607421875 112.360107421875 0 0
stats: 200 785 785
stats: size_rcv 2661611 2661611
stats: size_sent 256281 256281
stats: connected 503 503
# stats: dump at 1460946299
stats: users 332 536
stats: {load,"tsung_controller@daviddeMacBook-Pro"} 1 2.48046875 0.0 2.55859375 2.48046875 2.55859375 1
stats: {cpu,"tsung_controller@daviddeMacBook-Pro"} 1 0.0 0.0 0 0 0.0 1
stats: {freemem,"tsung_controller@daviddeMacBook-Pro"} 1 22.9765625 0.0 47.28515625 22.9765625 47.28515625 1
stats: session 1169 1100.0712278707103 2402.742899203942 12998.7890625 111.223876953125 1088.3127482209707 359
stats: users_count 1004 1860
stats: finish_users_count 1169 1528
stats: request 1188 1141.5655895708383 2427.7653425959043 12996.615966796875 109.148193359375 1044.7863893251165 296
stats: connect 993 79.91281868587917 34.13508659336469 2449.953125 50.52392578125 106.49707703477006 799
stats: page 1188 1141.5655895708383 2427.7653425959043 12996.615966796875 109.148193359375 1044.7863893251165 296
stats: 200 998 1783
stats: size_rcv 3167430 5829041
stats: size_sent 318399 574680
stats: connected -195 308
# stats: dump at 1460946309
stats: users 311 536
stats: {load,"tsung_controller@daviddeMacBook-Pro"} 1 2.5390625 0.0 2.55859375 2.48046875 2.51953125 2
stats: {cpu,"tsung_controller@daviddeMacBook-Pro"} 1 0.0 0.0 0 0 0.0 2
stats: {freemem,"tsung_controller@daviddeMacBook-Pro"} 1 40.61328125 0.0 47.28515625 22.9765625 35.130859375 2
stats: session 977 515.5452407321529 637.3637088770057 12998.7890625 111.223876953125 1097.3086007802283 1528
stats: users_count 956 2816
stats: finish_users_count 977 2505
stats: connect 984 424.1025306267466 636.5143142295051 5961.4150390625 50.52392578125 91.76595619746614 1792
stats: page 985 511.76254411881297 636.0319136759443 12996.615966796875 109.148193359375 1122.261921597298 1484
stats: request 985 511.76254411881297 636.0319136759443 12996.615966796875 109.148193359375 1122.261921597298 1484
stats: 200 985 2768
stats: size_rcv 327020 6156061
stats: size_sent 315648 890328
stats: connected -1 307
# stats: dump at 1460946319
stats: users 326 536
stats: {load,"tsung_controller@daviddeMacBook-Pro"} 1 2.609375 0.0 2.609375 2.48046875 2.5260416666666665 3
stats: {cpu,"tsung_controller@daviddeMacBook-Pro"} 1 0.0 0.0 0 0 0.0 3
stats: {freemem,"tsung_controller@daviddeMacBook-Pro"} 1 28.94921875 0.0 47.28515625 22.9765625 36.958333333333336 3
stats: session 990 188.17493810172033 148.84439252705724 12998.7890625 111.223876953125 870.4092783183642 2505
stats: users_count 1005 3821
stats: finish_users_count 990 3495
stats: request 990 182.2518120659722 135.38088194691488 12996.615966796875 109.148193359375 878.705061809405 2469
stats: connect 992 91.78956776280558 126.63760957701598 5961.4150390625 50.52392578125 209.56825779631774 2776
stats: page 990 182.2518120659722 135.38088194691488 12996.615966796875 109.148193359375 878.705061809405 2469
stats: 200 990 3758
stats: size_rcv 328680 6484741
stats: size_sent 318040 1208368
stats: connected 2 309
# stats: dump at 1460946329
stats: users 314 536
stats: {load,"tsung_controller@daviddeMacBook-Pro"} 1 2.51953125 0.0 2.609375 2.48046875 2.546875 4
stats: {cpu,"tsung_controller@daviddeMacBook-Pro"} 1 0.0 0.0 0 0 0.0 4
stats: {freemem,"tsung_controller@daviddeMacBook-Pro"} 1 52.15625 0.0 52.15625 22.9765625 34.9560546875 4
stats: session 946 302.8972619603096 946.2802997188986 12998.7890625 111.223876953125 677.1583493299587 3495
stats: users_count 934 4755
stats: finish_users_count 946 4441
stats: request 953 303.2363260755508 944.458269661157 12996.615966796875 109.148193359375 679.373255724988 3459
stats: page 953 303.2363260755508 944.458269661157 12996.615966796875 109.148193359375 679.373255724988 3459
stats: connect 950 197.2757023540295 849.1177895629767 12848.056884765625 50.52392578125 178.5607045815502 3768
stats: 200 952 4710
stats: size_rcv 316064 6800805
stats: size_sent 304506 1512874
stats: connected -3 306
# stats: dump at 1460946339
stats: users 314 536
stats: {load,"tsung_controller@daviddeMacBook-Pro"} 1 2.73046875 0.0 2.73046875 2.48046875 2.54140625 5
stats: {cpu,"tsung_controller@daviddeMacBook-Pro"} 1 0.0 0.0 0 0 0.0 5
stats: {freemem,"tsung_controller@daviddeMacBook-Pro"} 1 71.7890625 0.0 71.7890625 22.9765625 38.39609375 5
stats: session 1030 174.24044414631388 101.80889755026274 12998.7890625 111.223876953125 597.4350913584009 4441
stats: users_count 1030 5785
stats: finish_users_count 1030 5471
stats: request 1024 171.36810612678528 96.39888409336483 12996.615966796875 109.148193359375 598.1269968954518 4412
stats: connect 1024 84.90050363540647 90.49801575081041 12848.056884765625 50.52392578125 182.32909116142628 4718
stats: page 1024 171.36810612678528 96.39888409336483 12996.615966796875 109.148193359375 598.1269968954518 4412
stats: 200 1024 5734
stats: size_rcv 339968 7140773
stats: size_sent 328184 1841058
stats: connected 0 306
# stats: dump at 1460946349
stats: users 299 536
stats: {load,"tsung_controller@daviddeMacBook-Pro"} 1 2.69140625 0.0 2.73046875 2.48046875 2.5729166666666665 6
stats: {cpu,"tsung_controller@daviddeMacBook-Pro"} 1 0.0 0.0 0 0 0.0 6
stats: {freemem,"tsung_controller@daviddeMacBook-Pro"} 1 77.2265625 0.0 77.2265625 22.9765625 43.961588541666664 6
stats: session 17 3160.948787913603 5450.984578703699 22146.95703125 111.223876953125 517.7621820861564 5471
stats: users_count 2 5787
stats: finish_users_count 17 5488
stats: request 52 1167.341792179988 3415.5924483782705 22144.871826171875 109.148193359375 517.7368011362328 5436
stats: connect 45 1236.9653211805557 3649.2375591780933 22067.99609375 50.52392578125 164.95415670885848 5742
stats: page 52 1167.341792179988 3415.5924483782705 22144.871826171875 109.148193359375 517.7368011362328 5436
stats: 200 51 5785
stats: size_rcv 16932 7157705
stats: size_sent 14443 1855501
stats: connected -7 299
# stats: dump at 1460946359
stats: users 299 536
stats: {load,"tsung_controller@daviddeMacBook-Pro"} 1 2.58984375 0.0 2.73046875 2.48046875 2.58984375 7
stats: {cpu,"tsung_controller@daviddeMacBook-Pro"} 1 0.0 0.0 0 0 0.0 7
stats: {freemem,"tsung_controller@daviddeMacBook-Pro"} 1 57.95703125 0.0 77.2265625 22.9765625 48.71372767857143 7
stats: session 0 0 0 22146.95703125 111.223876953125 525.9498956975024 5488
stats: users_count 0 5787
stats: finish_users_count 0 5488
stats: request 0 0 0 22144.871826171875 109.148193359375 523.89195046828 5488
stats: connect 0 0 0 22067.99609375 50.52392578125 173.29016887426826 5787
stats: page 0 0 0 22144.871826171875 109.148193359375 523.89195046828 5488
stats: 200 0 5785
stats: size_rcv 0 7157705
stats: size_sent 0 1855501
stats: connected 0 299
# stats: dump at 1460946369
stats: users 299 536
stats: {load,"tsung_controller@daviddeMacBook-Pro"} 1 2.55859375 0.0 2.73046875 2.48046875 2.58984375 8
stats: {cpu,"tsung_controller@daviddeMacBook-Pro"} 1 0.0 0.0 0 0 0.0 8
stats: {freemem,"tsung_controller@daviddeMacBook-Pro"} 1 16.96484375 0.0 77.2265625 16.96484375 49.869140625 8
stats: session 0 0 0 22146.95703125 111.223876953125 525.9498956975024 5488
stats: users_count 0 5787
stats: finish_users_count 0 5488
stats: request 0 0 0 22144.871826171875 109.148193359375 523.89195046828 5488
stats: connect 0 0 0 22067.99609375 50.52392578125 173.29016887426826 5787
stats: page 0 0 0 22144.871826171875 109.148193359375 523.89195046828 5488
stats: 200 0 5785
stats: size_rcv 0 7157705
stats: size_sent 0 1855501
stats: connected 0 299
# stats: dump at 1460946379
stats: users 299 536
stats: {load,"tsung_controller@daviddeMacBook-Pro"} 1 2.55859375 0.0 2.73046875 2.48046875 2.5863715277777777 9
stats: {cpu,"tsung_controller@daviddeMacBook-Pro"} 1 0.0 0.0 0 0 0.0 9
stats: {freemem,"tsung_controller@daviddeMacBook-Pro"} 1 192.84375 0.0 192.84375 16.96484375 46.213107638888886 9
stats: session 0 0 0 22146.95703125 111.223876953125 525.9498956975024 5488
stats: users_count 0 5787
stats: finish_users_count 0 5488
stats: request 0 0 0 22144.871826171875 109.148193359375 523.89195046828 5488
stats: connect 0 0 0 22067.99609375 50.52392578125 173.29016887426826 5787
stats: page 0 0 0 22144.871826171875 109.148193359375 523.89195046828 5488
stats: 200 0 5785
stats: size_rcv 0 7157705
stats: size_sent 0 1855501
stats: connected 0 299
# stats: dump at 1460946389
stats: users 299 536
stats: {load,"tsung_controller@daviddeMacBook-Pro"} 1 2.62109375 0.0 2.73046875 2.48046875 2.58359375 10
stats: {cpu,"tsung_controller@daviddeMacBook-Pro"} 1 0.0 0.0 0 0 0.0 10
stats: {freemem,"tsung_controller@daviddeMacBook-Pro"} 1 181.640625 0.0 192.84375 16.96484375 60.876171875 10
stats: session 0 0 0 22146.95703125 111.223876953125 525.9498956975024 5488
stats: users_count 0 5787
stats: finish_users_count 0 5488
stats: request 0 0 0 22144.871826171875 109.148193359375 523.89195046828 5488
stats: connect 0 0 0 22067.99609375 50.52392578125 173.29016887426826 5787
stats: page 0 0 0 22144.871826171875 109.148193359375 523.89195046828 5488
stats: 200 0 5785
stats: size_rcv 0 7157705
stats: size_sent 0 1855501
stats: connected 0 299
# stats: dump at 1460946399
stats: users 299 536
stats: {load,"tsung_controller@daviddeMacBook-Pro"} 1 2.609375 0.0 2.73046875 2.48046875 2.587002840909091 11
stats: {cpu,"tsung_controller@daviddeMacBook-Pro"} 1 0.0 0.0 0 0 0.0 11
stats: {freemem,"tsung_controller@daviddeMacBook-Pro"} 1 180.50390625 0.0 192.84375 16.96484375 71.85475852272727 11
stats: session 0 0 0 22146.95703125 111.223876953125 525.9498956975024 5488
stats: users_count 0 5787
stats: finish_users_count 0 5488
stats: request 0 0 0 22144.871826171875 109.148193359375 523.89195046828 5488
stats: connect 0 0 0 22067.99609375 50.52392578125 173.29016887426826 5787
stats: page 0 0 0 22144.871826171875 109.148193359375 523.89195046828 5488
stats: 200 0 5785
stats: size_rcv 0 7157705
stats: size_sent 0 1855501
stats: connected 0 299
# stats: dump at 1460946409
stats: users 299 536
stats: {load,"tsung_controller@daviddeMacBook-Pro"} 1 2.58984375 0.0 2.73046875 2.48046875 2.5888671875 12
stats: {cpu,"tsung_controller@daviddeMacBook-Pro"} 1 0.0 0.0 0 0 0.0 12
stats: {freemem,"tsung_controller@daviddeMacBook-Pro"} 1 142.91015625 0.0 192.84375 16.96484375 80.90885416666666 12
stats: session 0 0 0 22146.95703125 111.223876953125 525.9498956975024 5488
stats: users_count 0 5787
stats: finish_users_count 0 5488
stats: request 0 0 0 22144.871826171875 109.148193359375 523.89195046828 5488
stats: connect 0 0 0 22067.99609375 50.52392578125 173.29016887426826 5787
stats: page 0 0 0 22144.871826171875 109.148193359375 523.89195046828 5488
stats: 200 0 5785
stats: size_rcv 0 7157705
stats: size_sent 0 1855501
stats: connected 0 299
# stats: dump at 1460946419
stats: users 299 536
stats: {load,"tsung_controller@daviddeMacBook-Pro"} 1 2.859375 0.0 2.859375 2.48046875 2.5889423076923075 13
stats: {cpu,"tsung_controller@daviddeMacBook-Pro"} 1 0.0 0.0 0 0 0.0 13
stats: {freemem,"tsung_controller@daviddeMacBook-Pro"} 1 159.6796875 0.0 192.84375 16.96484375 85.67818509615384 13
stats: session 0 0 0 22146.95703125 111.223876953125 525.9498956975024 5488
stats: users_count 0 5787
stats: finish_users_count 0 5488
stats: request 0 0 0 22144.871826171875 109.148193359375 523.89195046828 5488
stats: connect 0 0 0 22067.99609375 50.52392578125 173.29016887426826 5787
stats: page 0 0 0 22144.871826171875 109.148193359375 523.89195046828 5488
stats: 200 0 5785
stats: size_rcv 0 7157705
stats: size_sent 0 1855501
stats: connected 0 299
# stats: dump at 1460946429
stats: users 299 536
stats: {load,"tsung_controller@daviddeMacBook-Pro"} 1 3.05078125 0.0 3.05078125 2.48046875 2.6082589285714284 14
stats: {cpu,"tsung_controller@daviddeMacBook-Pro"} 1 0.0 0.0 0 0 0.0 14
stats: {freemem,"tsung_controller@daviddeMacBook-Pro"} 1 59.13671875 0.0 192.84375 16.96484375 90.96400669642857 14
stats: session 0 0 0 22146.95703125 111.223876953125 525.9498956975024 5488
stats: users_count 0 5787
stats: finish_users_count 0 5488
stats: request 0 0 0 22144.871826171875 109.148193359375 523.89195046828 5488
stats: connect 0 0 0 22067.99609375 50.52392578125 173.29016887426826 5787
stats: page 0 0 0 22144.871826171875 109.148193359375 523.89195046828 5488
stats: 200 0 5785
stats: size_rcv 0 7157705
stats: size_sent 0 1855501
stats: connected 0 299
# stats: dump at 1460946439
stats: users 299 536
stats: {load,"tsung_controller@daviddeMacBook-Pro"} 1 3.51171875 0.0 3.51171875 2.48046875 2.6377604166666666 15
stats: {cpu,"tsung_controller@daviddeMacBook-Pro"} 1 0.0 0.0 0 0 0.0 15
stats: {freemem,"tsung_controller@daviddeMacBook-Pro"} 1 26.47265625 0.0 192.84375 16.96484375 88.8421875 15
stats: session 0 0 0 22146.95703125 111.223876953125 525.9498956975024 5488
stats: users_count 0 5787
stats: finish_users_count 0 5488
stats: request 0 0 0 22144.871826171875 109.148193359375 523.89195046828 5488
stats: connect 0 0 0 22067.99609375 50.52392578125 173.29016887426826 5787
stats: page 0 0 0 22144.871826171875 109.148193359375 523.89195046828 5488
stats: 200 0 5785
stats: size_rcv 0 7157705
stats: size_sent 0 1855501
stats: connected 0 299
# stats: dump at 1460946449
stats: users 299 536
stats: {load,"tsung_controller@daviddeMacBook-Pro"} 1 3.4296875 0.0 3.51171875 2.48046875 2.6923828125 16
stats: {cpu,"tsung_controller@daviddeMacBook-Pro"} 1 0.0 0.0 0 0 0.0 16
stats: {freemem,"tsung_controller@daviddeMacBook-Pro"} 1 91.796875 0.0 192.84375 16.96484375 84.944091796875 16
stats: session 0 0 0 22146.95703125 111.223876953125 525.9498956975024 5488
stats: users_count 0 5787
stats: finish_users_count 0 5488
stats: request 0 0 0 22144.871826171875 109.148193359375 523.89195046828 5488
stats: connect 0 0 0 22067.99609375 50.52392578125 173.29016887426826 5787
stats: page 0 0 0 22144.871826171875 109.148193359375 523.89195046828 5488
stats: 200 0 5785
stats: size_rcv 0 7157705
stats: size_sent 0 1855501
stats: connected 0 299
# stats: dump at 1460946459
stats: users 299 536
stats: {load,"tsung_controller@daviddeMacBook-Pro"} 1 3.4296875 0.0 3.51171875 2.48046875 2.7357536764705883 17
stats: {cpu,"tsung_controller@daviddeMacBook-Pro"} 1 0.0 0.0 0 0 0.0 17
stats: {freemem,"tsung_controller@daviddeMacBook-Pro"} 1 24.20703125 0.0 192.84375 16.96484375 85.34719669117646 17
stats: session 0 0 0 22146.95703125 111.223876953125 525.9498956975024 5488
stats: users_count 0 5787
stats: finish_users_count 0 5488
stats: request 0 0 0 22144.871826171875 109.148193359375 523.89195046828 5488
stats: connect 0 0 0 22067.99609375 50.52392578125 173.29016887426826 5787
stats: page 0 0 0 22144.871826171875 109.148193359375 523.89195046828 5488
stats: 200 0 5785
stats: size_rcv 0 7157705
stats: size_sent 0 1855501
stats: connected 0 299
# stats: dump at 1460946469
stats: users 299 536
stats: {load,"tsung_controller@daviddeMacBook-Pro"} 1 3.44140625 0.0 3.51171875 2.48046875 2.7743055555555554 18
stats: {cpu,"tsung_controller@daviddeMacBook-Pro"} 1 0.0 0.0 0 0 0.0 18
stats: {freemem,"tsung_controller@daviddeMacBook-Pro"} 1 15.03515625 0.0 192.84375 15.03515625 81.95052083333333 18
stats: session 0 0 0 22146.95703125 111.223876953125 525.9498956975024 5488
stats: users_count 0 5787
stats: finish_users_count 0 5488
stats: request 0 0 0 22144.871826171875 109.148193359375 523.89195046828 5488
stats: connect 0 0 0 22067.99609375 50.52392578125 173.29016887426826 5787
stats: page 0 0 0 22144.871826171875 109.148193359375 523.89195046828 5488
stats: 200 0 5785
stats: size_rcv 0 7157705
stats: size_sent 0 1855501
stats: connected 0 299
# stats: dump at 1460946479
stats: users 299 536
stats: {load,"tsung_controller@daviddeMacBook-Pro"} 1 3.37109375 0.0 3.51171875 2.48046875 2.8094161184210527 19
stats: {cpu,"tsung_controller@daviddeMacBook-Pro"} 1 0.0 0.0 0 0 0.0 19
stats: {freemem,"tsung_controller@daviddeMacBook-Pro"} 1 77.984375 0.0 192.84375 15.03515625 78.42865953947368 19
stats: session 0 0 0 22146.95703125 111.223876953125 525.9498956975024 5488
stats: users_count 0 5787
stats: finish_users_count 0 5488
stats: request 0 0 0 22144.871826171875 109.148193359375 523.89195046828 5488
stats: connect 0 0 0 22067.99609375 50.52392578125 173.29016887426826 5787
stats: page 0 0 0 22144.871826171875 109.148193359375 523.89195046828 5488
stats: 200 0 5785
stats: size_rcv 0 7157705
stats: size_sent 0 1855501
stats: connected 0 299
# stats: dump at 1460946489
stats: users 299 536
stats: {load,"tsung_controller@daviddeMacBook-Pro"} 1 3.4609375 0.0 3.51171875 2.48046875 2.8375 20
stats: {cpu,"tsung_controller@daviddeMacBook-Pro"} 1 0.0 0.0 0 0 0.0 20
stats: {freemem,"tsung_controller@daviddeMacBook-Pro"} 1 19.7109375 0.0 192.84375 15.03515625 78.4064453125 20
stats: session 0 0 0 22146.95703125 111.223876953125 525.9498956975024 5488
stats: users_count 0 5787
stats: finish_users_count 0 5488
stats: request 0 0 0 22144.871826171875 109.148193359375 523.89195046828 5488
stats: connect 0 0 0 22067.99609375 50.52392578125 173.29016887426826 5787
stats: page 0 0 0 22144.871826171875 109.148193359375 523.89195046828 5488
stats: 200 0 5785
stats: size_rcv 0 7157705
stats: size_sent 0 1855501
stats: connected 0 299
# stats: dump at 1460946499
stats: users 299 536
stats: {load,"tsung_controller@daviddeMacBook-Pro"} 1 3.23828125 0.0 3.51171875 2.48046875 2.8671875 21
stats: {cpu,"tsung_controller@daviddeMacBook-Pro"} 1 0.0 0.0 0 0 0.0 21
stats: {freemem,"tsung_controller@daviddeMacBook-Pro"} 1 51.015625 0.0 192.84375 15.03515625 75.61142113095238 21
stats: session 0 0 0 22146.95703125 111.223876953125 525.9498956975024 5488
stats: users_count 0 5787
stats: finish_users_count 0 5488
stats: request 0 0 0 22144.871826171875 109.148193359375 523.89195046828 5488
stats: connect 0 0 0 22067.99609375 50.52392578125 173.29016887426826 5787
stats: page 0 0 0 22144.871826171875 109.148193359375 523.89195046828 5488
stats: 200 0 5785
stats: size_rcv 0 7157705
stats: size_sent 0 1855501
stats: connected 0 299
# stats: dump at 1460946509
stats: users 299 536
stats: {load,"tsung_controller@daviddeMacBook-Pro"} 1 3.26953125 0.0 3.51171875 2.48046875 2.884055397727273 22
stats: {cpu,"tsung_controller@daviddeMacBook-Pro"} 1 0.0 0.0 0 0 0.0 22
stats: {freemem,"tsung_controller@daviddeMacBook-Pro"} 1 33.66015625 0.0 192.84375 15.03515625 74.49343039772727 22
stats: session 0 0 0 22146.95703125 111.223876953125 525.9498956975024 5488
stats: users_count 0 5787
stats: finish_users_count 0 5488
stats: request 0 0 0 22144.871826171875 109.148193359375 523.89195046828 5488
stats: connect 0 0 0 22067.99609375 50.52392578125 173.29016887426826 5787
stats: page 0 0 0 22144.871826171875 109.148193359375 523.89195046828 5488
stats: 200 0 5785
stats: size_rcv 0 7157705
stats: size_sent 0 1855501
stats: connected 0 299
# stats: dump at 1460946519
stats: users 299 536
stats: {load,"tsung_controller@daviddeMacBook-Pro"} 1 3.3203125 0.0 3.51171875 2.48046875 2.900815217391304 23
stats: {cpu,"tsung_controller@daviddeMacBook-Pro"} 1 0.0 0.0 0 0 0.0 23
stats: {freemem,"tsung_controller@daviddeMacBook-Pro"} 1 37.421875 0.0 192.84375 15.03515625 72.7180706521739 23
stats: session 0 0 0 22146.95703125 111.223876953125 525.9498956975024 5488
stats: users_count 0 5787
stats: finish_users_count 0 5488
stats: request 0 0 0 22144.871826171875 109.148193359375 523.89195046828 5488
stats: connect 0 0 0 22067.99609375 50.52392578125 173.29016887426826 5787
stats: page 0 0 0 22144.871826171875 109.148193359375 523.89195046828 5488
stats: 200 0 5785
stats: size_rcv 0 7157705
stats: size_sent 0 1855501
stats: connected 0 299
# stats: dump at 1460946529
stats: users 299 536
stats: {load,"tsung_controller@daviddeMacBook-Pro"} 1 3.109375 0.0 3.51171875 2.48046875 2.9182942708333335 24
stats: {cpu,"tsung_controller@daviddeMacBook-Pro"} 1 0.0 0.0 0 0 0.0 24
stats: {freemem,"tsung_controller@daviddeMacBook-Pro"} 1 32.0859375 0.0 192.84375 15.03515625 71.24739583333333 24
stats: session 0 0 0 22146.95703125 111.223876953125 525.9498956975024 5488
stats: users_count 0 5787
stats: finish_users_count 0 5488
stats: request 0 0 0 22144.871826171875 109.148193359375 523.89195046828 5488
stats: connect 0 0 0 22067.99609375 50.52392578125 173.29016887426826 5787
stats: page 0 0 0 22144.871826171875 109.148193359375 523.89195046828 5488
stats: 200 0 5785
stats: size_rcv 0 7157705
stats: size_sent 0 1855501
stats: connected 0 299
# stats: dump at 1460946539
stats: users 299 536
stats: {load,"tsung_controller@daviddeMacBook-Pro"} 1 2.94140625 0.0 3.51171875 2.48046875 2.9259375 25
stats: {cpu,"tsung_controller@daviddeMacBook-Pro"} 1 0.0 0.0 0 0 0.0 25
stats: {freemem,"tsung_controller@daviddeMacBook-Pro"} 1 36.953125 0.0 192.84375 15.03515625 69.6809375 25
stats: session 0 0 0 22146.95703125 111.223876953125 525.9498956975024 5488
stats: users_count 0 5787
stats: finish_users_count 0 5488
stats: request 0 0 0 22144.871826171875 109.148193359375 523.89195046828 5488
stats: connect 0 0 0 22067.99609375 50.52392578125 173.29016887426826 5787
stats: page 0 0 0 22144.871826171875 109.148193359375 523.89195046828 5488
stats: 200 0 5785
stats: size_rcv 0 7157705
stats: size_sent 0 1855501
stats: connected 0 299
# stats: dump at 1460946549
stats: users 299 536
stats: {load,"tsung_controller@daviddeMacBook-Pro"} 1 2.9609375 0.0 3.51171875 2.48046875 2.926532451923077 26
stats: {cpu,"tsung_controller@daviddeMacBook-Pro"} 1 0.0 0.0 0 0 0.0 26
stats: {freemem,"tsung_controller@daviddeMacBook-Pro"} 1 38.8515625 0.0 192.84375 15.03515625 68.42217548076923 26
stats: session 0 0 0 22146.95703125 111.223876953125 525.9498956975024 5488
stats: users_count 0 5787
stats: finish_users_count 0 5488
stats: request 0 0 0 22144.871826171875 109.148193359375 523.89195046828 5488
stats: connect 0 0 0 22067.99609375 50.52392578125 173.29016887426826 5787
stats: page 0 0 0 22144.871826171875 109.148193359375 523.89195046828 5488
stats: 200 0 5785
stats: size_rcv 0 7157705
stats: size_sent 0 1855501
stats: connected 0 299
# stats: dump at 1460946559
stats: users 299 536
stats: {load,"tsung_controller@daviddeMacBook-Pro"} 1 2.9609375 0.0 3.51171875 2.48046875 2.927806712962963 27
stats: {cpu,"tsung_controller@daviddeMacBook-Pro"} 1 0.0 0.0 0 0 0.0 27
stats: {freemem,"tsung_controller@daviddeMacBook-Pro"} 1 33.66796875 0.0 192.84375 15.03515625 67.3269675925926 27
stats: session 0 0 0 22146.95703125 111.223876953125 525.9498956975024 5488
stats: users_count 0 5787
stats: finish_users_count 0 5488
stats: request 0 0 0 22144.871826171875 109.148193359375 523.89195046828 5488
stats: connect 0 0 0 22067.99609375 50.52392578125 173.29016887426826 5787
stats: page 0 0 0 22144.871826171875 109.148193359375 523.89195046828 5488
stats: 200 0 5785
stats: size_rcv 0 7157705
stats: size_sent 0 1855501
stats: connected 0 299
# stats: dump at 1460946569
stats: users 299 536
stats: {load,"tsung_controller@daviddeMacBook-Pro"} 1 2.73828125 0.0 3.51171875 2.48046875 2.928989955357143 28
stats: {cpu,"tsung_controller@daviddeMacBook-Pro"} 1 0.0 0.0 0 0 0.0 28
stats: {freemem,"tsung_controller@daviddeMacBook-Pro"} 1 34.94921875 0.0 192.84375 15.03515625 66.12486049107143 28
stats: session 0 0 0 22146.95703125 111.223876953125 525.9498956975024 5488
stats: users_count 0 5787
stats: finish_users_count 0 5488
stats: request 0 0 0 22144.871826171875 109.148193359375 523.89195046828 5488
stats: connect 0 0 0 22067.99609375 50.52392578125 173.29016887426826 5787
stats: page 0 0 0 22144.871826171875 109.148193359375 523.89195046828 5488
stats: 200 0 5785
stats: size_rcv 0 7157705
stats: size_sent 0 1855501
stats: connected 0 299
# stats: dump at 1460946579
stats: users 299 536
stats: {load,"tsung_controller@daviddeMacBook-Pro"} 1 2.94140625 0.0 3.51171875 2.48046875 2.9224137931034484 29
stats: {cpu,"tsung_controller@daviddeMacBook-Pro"} 1 0.0 0.0 0 0 0.0 29
stats: {freemem,"tsung_controller@daviddeMacBook-Pro"} 1 27.2890625 0.0 192.84375 15.03515625 65.04983836206897 29
stats: session 0 0 0 22146.95703125 111.223876953125 525.9498956975024 5488
stats: users_count 0 5787
stats: finish_users_count 0 5488
stats: request 0 0 0 22144.871826171875 109.148193359375 523.89195046828 5488
stats: connect 0 0 0 22067.99609375 50.52392578125 173.29016887426826 5787
stats: page 0 0 0 22144.871826171875 109.148193359375 523.89195046828 5488
stats: 200 0 5785
stats: size_rcv 0 7157705
stats: size_sent 0 1855501
stats: connected 0 299
# stats: dump at 1460946589
stats: users 299 536
stats: {load,"tsung_controller@daviddeMacBook-Pro"} 1 3.828125 0.0 3.828125 2.48046875 2.923046875 30
stats: {cpu,"tsung_controller@daviddeMacBook-Pro"} 1 0.0 0.0 0 0 0.0 30
stats: {freemem,"tsung_controller@daviddeMacBook-Pro"} 1 28.671875 0.0 192.84375 15.03515625 63.79114583333333 30
stats: session 0 0 0 22146.95703125 111.223876953125 525.9498956975024 5488
stats: users_count 0 5787
stats: finish_users_count 0 5488
stats: request 0 0 0 22144.871826171875 109.148193359375 523.89195046828 5488
stats: connect 0 0 0 22067.99609375 50.52392578125 173.29016887426826 5787
stats: page 0 0 0 22144.871826171875 109.148193359375 523.89195046828 5488
stats: 200 0 5785
stats: size_rcv 0 7157705
stats: size_sent 0 1855501
stats: connected 0 299
# stats: dump at 1460946599
stats: users 299 536
stats: {load,"tsung_controller@daviddeMacBook-Pro"} 1 3.55859375 0.0 3.828125 2.48046875 2.952242943548387 31
stats: {cpu,"tsung_controller@daviddeMacBook-Pro"} 1 0.0 0.0 0 0 0.0 31
stats: {freemem,"tsung_controller@daviddeMacBook-Pro"} 1 37.23046875 0.0 192.84375 15.03515625 62.658266129032256 31
stats: session 0 0 0 22146.95703125 111.223876953125 525.9498956975024 5488
stats: users_count 0 5787
stats: finish_users_count 0 5488
stats: request 0 0 0 22144.871826171875 109.148193359375 523.89195046828 5488
stats: connect 0 0 0 22067.99609375 50.52392578125 173.29016887426826 5787
stats: page 0 0 0 22144.871826171875 109.148193359375 523.89195046828 5488
stats: 200 0 5785
stats: size_rcv 0 7157705
stats: size_sent 0 1855501
stats: connected 0 299
# stats: dump at 1460946609
stats: users 299 536
stats: {load,"tsung_controller@daviddeMacBook-Pro"} 1 3.46875 0.0 3.828125 2.48046875 2.97119140625 32
stats: {cpu,"tsung_controller@daviddeMacBook-Pro"} 1 0.0 0.0 0 0 0.0 32
stats: {freemem,"tsung_controller@daviddeMacBook-Pro"} 1 38.01953125 0.0 192.84375 15.03515625 61.8636474609375 32
stats: session 0 0 0 22146.95703125 111.223876953125 525.9498956975024 5488
stats: users_count 0 5787
stats: finish_users_count 0 5488
stats: request 0 0 0 22144.871826171875 109.148193359375 523.89195046828 5488
stats: connect 0 0 0 22067.99609375 50.52392578125 173.29016887426826 5787
stats: page 0 0 0 22144.871826171875 109.148193359375 523.89195046828 5488
stats: 200 0 5785
stats: size_rcv 0 7157705
stats: size_sent 0 1855501
stats: connected 0 299
# stats: dump at 1460946619
stats: users 299 536
stats: {load,"tsung_controller@daviddeMacBook-Pro"} 1 3.25 0.0 3.828125 2.48046875 2.9862689393939394 33
stats: {cpu,"tsung_controller@daviddeMacBook-Pro"} 1 0.0 0.0 0 0 0.0 33
stats: {freemem,"tsung_controller@daviddeMacBook-Pro"} 1 39.46484375 0.0 192.84375 15.03515625 61.141098484848484 33
stats: session 0 0 0 22146.95703125 111.223876953125 525.9498956975024 5488
stats: users_count 0 5787
stats: finish_users_count 0 5488
stats: request 0 0 0 22144.871826171875 109.148193359375 523.89195046828 5488
stats: connect 0 0 0 22067.99609375 50.52392578125 173.29016887426826 5787
stats: page 0 0 0 22144.871826171875 109.148193359375 523.89195046828 5488
stats: 200 0 5785
stats: size_rcv 0 7157705
stats: size_sent 0 1855501
stats: connected 0 299
# stats: dump at 1460946629
stats: users 299 536
stats: {load,"tsung_controller@daviddeMacBook-Pro"} 1 3.05859375 0.0 3.828125 2.48046875 2.9940257352941178 34
stats: {cpu,"tsung_controller@daviddeMacBook-Pro"} 1 0.0 0.0 0 0 0.0 34
stats: {freemem,"tsung_controller@daviddeMacBook-Pro"} 1 38.578125 0.0 192.84375 15.03515625 60.503561580882355 34
stats: session 0 0 0 22146.95703125 111.223876953125 525.9498956975024 5488
stats: users_count 0 5787
stats: finish_users_count 0 5488
stats: request 0 0 0 22144.871826171875 109.148193359375 523.89195046828 5488
stats: connect 0 0 0 22067.99609375 50.52392578125 173.29016887426826 5787
stats: page 0 0 0 22144.871826171875 109.148193359375 523.89195046828 5488
stats: 200 0 5785
stats: size_rcv 0 7157705
stats: size_sent 0 1855501
stats: connected 0 299
# stats: dump at 1460946639
stats: users 299 536
stats: {load,"tsung_controller@daviddeMacBook-Pro"} 1 3.05078125 0.0 3.828125 2.48046875 2.995870535714286 35
stats: {cpu,"tsung_controller@daviddeMacBook-Pro"} 1 0.0 0.0 0 0 0.0 35
stats: {freemem,"tsung_controller@daviddeMacBook-Pro"} 1 33.34765625 0.0 192.84375 15.03515625 59.87712053571428 35
stats: session 0 0 0 22146.95703125 111.223876953125 525.9498956975024 5488
stats: users_count 0 5787
stats: finish_users_count 0 5488
stats: request 0 0 0 22144.871826171875 109.148193359375 523.89195046828 5488
stats: connect 0 0 0 22067.99609375 50.52392578125 173.29016887426826 5787
stats: page 0 0 0 22144.871826171875 109.148193359375 523.89195046828 5488
stats: 200 0 5785
stats: size_rcv 0 7157705
stats: size_sent 0 1855501
stats: connected 0 299
# stats: dump at 1460946649
stats: users 299 536
stats: {load,"tsung_controller@daviddeMacBook-Pro"} 1 2.73828125 0.0 3.828125 2.48046875 2.9973958333333335 36
stats: {cpu,"tsung_controller@daviddeMacBook-Pro"} 1 0.0 0.0 0 0 0.0 36
stats: {freemem,"tsung_controller@daviddeMacBook-Pro"} 1 24.8203125 0.0 192.84375 15.03515625 59.14019097222222 36
stats: session 0 0 0 22146.95703125 111.223876953125 525.9498956975024 5488
stats: users_count 0 5787
stats: finish_users_count 0 5488
stats: request 0 0 0 22144.871826171875 109.148193359375 523.89195046828 5488
stats: connect 0 0 0 22067.99609375 50.52392578125 173.29016887426826 5787
stats: page 0 0 0 22144.871826171875 109.148193359375 523.89195046828 5488
stats: 200 0 5785
stats: size_rcv 0 7157705
stats: size_sent 0 1855501
stats: connected 0 299
# stats: dump at 1460946659
stats: users 299 536
stats: {load,"tsung_controller@daviddeMacBook-Pro"} 1 2.78125 0.0 3.828125 2.48046875 2.9903927364864864 37
stats: {cpu,"tsung_controller@daviddeMacBook-Pro"} 1 0.0 0.0 0 0 0.0 37
stats: {freemem,"tsung_controller@daviddeMacBook-Pro"} 1 30.3046875 0.0 192.84375 15.03515625 58.212626689189186 37
stats: session 0 0 0 22146.95703125 111.223876953125 525.9498956975024 5488
stats: users_count 0 5787
stats: finish_users_count 0 5488
stats: request 0 0 0 22144.871826171875 109.148193359375 523.89195046828 5488
stats: connect 0 0 0 22067.99609375 50.52392578125 173.29016887426826 5787
stats: page 0 0 0 22144.871826171875 109.148193359375 523.89195046828 5488
stats: 200 0 5785
stats: size_rcv 0 7157705
stats: size_sent 0 1855501
stats: connected 0 299
# stats: dump at 1460946669
stats: users 299 536
stats: {load,"tsung_controller@daviddeMacBook-Pro"} 1 2.6484375 0.0 3.828125 2.48046875 2.984888980263158 38
stats: {cpu,"tsung_controller@daviddeMacBook-Pro"} 1 0.0 0.0 0 0 0.0 38
stats: {freemem,"tsung_controller@daviddeMacBook-Pro"} 1 17.8515625 0.0 192.84375 15.03515625 57.4782072368421 38
stats: session 0 0 0 22146.95703125 111.223876953125 525.9498956975024 5488
stats: users_count 0 5787
stats: finish_users_count 0 5488
stats: request 0 0 0 22144.871826171875 109.148193359375 523.89195046828 5488
stats: connect 0 0 0 22067.99609375 50.52392578125 173.29016887426826 5787
stats: page 0 0 0 22144.871826171875 109.148193359375 523.89195046828 5488
stats: 200 0 5785
stats: size_rcv 0 7157705
stats: size_sent 0 1855501
stats: connected 0 299
# stats: dump at 1460946679
stats: users 299 536
stats: {load,"tsung_controller@daviddeMacBook-Pro"} 1 2.69921875 0.0 3.828125 2.48046875 2.976262019230769 39
stats: {cpu,"tsung_controller@daviddeMacBook-Pro"} 1 0.0 0.0 0 0 0.0 39
stats: {freemem,"tsung_controller@daviddeMacBook-Pro"} 1 37.98046875 0.0 192.84375 15.03515625 56.46213942307692 39
stats: session 0 0 0 22146.95703125 111.223876953125 525.9498956975024 5488
stats: users_count 0 5787
stats: finish_users_count 0 5488
stats: request 0 0 0 22144.871826171875 109.148193359375 523.89195046828 5488
stats: connect 0 0 0 22067.99609375 50.52392578125 173.29016887426826 5787
stats: page 0 0 0 22144.871826171875 109.148193359375 523.89195046828 5488
stats: 200 0 5785
stats: size_rcv 0 7157705
stats: size_sent 0 1855501
stats: connected 0 299
# stats: dump at 1460946689
stats: users 299 536
stats: {load,"tsung_controller@daviddeMacBook-Pro"} 1 2.51953125 0.0 3.828125 2.48046875 2.9693359375 40
stats: {cpu,"tsung_controller@daviddeMacBook-Pro"} 1 0.0 0.0 0 0 0.0 40
stats: {freemem,"tsung_controller@daviddeMacBook-Pro"} 1 26.0703125 0.0 192.84375 15.03515625 56.00009765625 40
stats: session 0 0 0 22146.95703125 111.223876953125 525.9498956975024 5488
stats: users_count 0 5787
stats: finish_users_count 0 5488
stats: request 0 0 0 22144.871826171875 109.148193359375 523.89195046828 5488
stats: connect 0 0 0 22067.99609375 50.52392578125 173.29016887426826 5787
stats: page 0 0 0 22144.871826171875 109.148193359375 523.89195046828 5488
stats: 200 0 5785
stats: size_rcv 0 7157705
stats: size_sent 0 1855501
stats: connected 0 299
# stats: dump at 1460946699
stats: users 299 536
stats: {load,"tsung_controller@daviddeMacBook-Pro"} 1 2.37109375 0.0 3.828125 2.37109375 2.9583650914634148 41
stats: {cpu,"tsung_controller@daviddeMacBook-Pro"} 1 0.0 0.0 0 0 0.0 41
stats: {freemem,"tsung_controller@daviddeMacBook-Pro"} 1 23.80078125 0.0 192.84375 15.03515625 55.27010289634146 41
stats: session 0 0 0 22146.95703125 111.223876953125 525.9498956975024 5488
stats: users_count 0 5787
stats: finish_users_count 0 5488
stats: request 0 0 0 22144.871826171875 109.148193359375 523.89195046828 5488
stats: connect 0 0 0 22067.99609375 50.52392578125 173.29016887426826 5787
stats: page 0 0 0 22144.871826171875 109.148193359375 523.89195046828 5488
stats: 200 0 5785
stats: size_rcv 0 7157705
stats: size_sent 0 1855501
stats: connected 0 299
# stats: dump at 1460946709
stats: users 299 536
stats: {load,"tsung_controller@daviddeMacBook-Pro"} 1 2.30859375 0.0 3.828125 2.30859375 2.9443824404761907 42
stats: {cpu,"tsung_controller@daviddeMacBook-Pro"} 1 0.0 0.0 0 0 0.0 42
stats: {freemem,"tsung_controller@daviddeMacBook-Pro"} 1 36.984375 0.0 192.84375 15.03515625 54.520833333333336 42
stats: session 0 0 0 22146.95703125 111.223876953125 525.9498956975024 5488
stats: users_count 0 5787
stats: finish_users_count 0 5488
stats: request 0 0 0 22144.871826171875 109.148193359375 523.89195046828 5488
stats: connect 0 0 0 22067.99609375 50.52392578125 173.29016887426826 5787
stats: page 0 0 0 22144.871826171875 109.148193359375 523.89195046828 5488
stats: 200 0 5785
stats: size_rcv 0 7157705
stats: size_sent 0 1855501
stats: connected 0 299
# stats: dump at 1460946719
stats: users 299 536
stats: {load,"tsung_controller@daviddeMacBook-Pro"} 1 2.33984375 0.0 3.828125 2.30859375 2.9295966569767447 43
stats: {cpu,"tsung_controller@daviddeMacBook-Pro"} 1 0.0 0.0 0 0 0.0 43
stats: {freemem,"tsung_controller@daviddeMacBook-Pro"} 1 26.234375 0.0 192.84375 15.03515625 54.11300872093023 43
stats: session 0 0 0 22146.95703125 111.223876953125 525.9498956975024 5488
stats: users_count 0 5787
stats: finish_users_count 0 5488
stats: request 0 0 0 22144.871826171875 109.148193359375 523.89195046828 5488
stats: connect 0 0 0 22067.99609375 50.52392578125 173.29016887426826 5787
stats: page 0 0 0 22144.871826171875 109.148193359375 523.89195046828 5488
stats: 200 0 5785
stats: size_rcv 0 7157705
stats: size_sent 0 1855501
stats: connected 0 299
# stats: dump at 1460946729
stats: users 299 536
stats: {load,"tsung_controller@daviddeMacBook-Pro"} 1 2.359375 0.0 3.828125 2.30859375 2.9161931818181817 44
stats: {cpu,"tsung_controller@daviddeMacBook-Pro"} 1 0.0 0.0 0 0 0.0 44
stats: {freemem,"tsung_controller@daviddeMacBook-Pro"} 1 32.953125 0.0 192.84375 15.03515625 53.47940340909091 44
stats: session 0 0 0 22146.95703125 111.223876953125 525.9498956975024 5488
stats: users_count 0 5787
stats: finish_users_count 0 5488
stats: request 0 0 0 22144.871826171875 109.148193359375 523.89195046828 5488
stats: connect 0 0 0 22067.99609375 50.52392578125 173.29016887426826 5787
stats: page 0 0 0 22144.871826171875 109.148193359375 523.89195046828 5488
stats: 200 0 5785
stats: size_rcv 0 7157705
stats: size_sent 0 1855501
stats: connected 0 299
# stats: dump at 1460946739
stats: users 299 536
stats: {load,"tsung_controller@daviddeMacBook-Pro"} 1 2.390625 0.0 3.828125 2.30859375 2.9038194444444443 45
stats: {cpu,"tsung_controller@daviddeMacBook-Pro"} 1 0.0 0.0 0 0 0.0 45
stats: {freemem,"tsung_controller@daviddeMacBook-Pro"} 1 22.40625 0.0 192.84375 15.03515625 53.02326388888889 45
stats: session 0 0 0 22146.95703125 111.223876953125 525.9498956975024 5488
stats: users_count 0 5787
stats: finish_users_count 0 5488
stats: request 0 0 0 22144.871826171875 109.148193359375 523.89195046828 5488
stats: connect 0 0 0 22067.99609375 50.52392578125 173.29016887426826 5787
stats: page 0 0 0 22144.871826171875 109.148193359375 523.89195046828 5488
stats: 200 0 5785
stats: size_rcv 0 7157705
stats: size_sent 0 1855501
stats: connected 0 299
# stats: dump at 1460946749
stats: users 299 536
stats: {load,"tsung_controller@daviddeMacBook-Pro"} 1 2.48046875 0.0 3.828125 2.30859375 2.8926630434782608 46
stats: {cpu,"tsung_controller@daviddeMacBook-Pro"} 1 0.0 0.0 0 0 0.0 46
stats: {freemem,"tsung_controller@daviddeMacBook-Pro"} 1 28.43359375 0.0 192.84375 15.03515625 52.35767663043478 46
stats: session 0 0 0 22146.95703125 111.223876953125 525.9498956975024 5488
stats: users_count 0 5787
stats: finish_users_count 0 5488
stats: request 0 0 0 22144.871826171875 109.148193359375 523.89195046828 5488
stats: connect 0 0 0 22067.99609375 50.52392578125 173.29016887426826 5787
stats: page 0 0 0 22144.871826171875 109.148193359375 523.89195046828 5488
stats: 200 0 5785
stats: size_rcv 0 7157705
stats: size_sent 0 1855501
stats: connected 0 299
# stats: dump at 1460946759
stats: users 299 536
stats: {load,"tsung_controller@daviddeMacBook-Pro"} 1 2.328125 0.0 3.828125 2.30859375 2.8838929521276597 47
stats: {cpu,"tsung_controller@daviddeMacBook-Pro"} 1 0.0 0.0 0 0 0.0 47
stats: {freemem,"tsung_controller@daviddeMacBook-Pro"} 1 32.73828125 0.0 192.84375 15.03515625 51.848653590425535 47
stats: session 0 0 0 22146.95703125 111.223876953125 525.9498956975024 5488
stats: users_count 0 5787
stats: finish_users_count 0 5488
stats: request 0 0 0 22144.871826171875 109.148193359375 523.89195046828 5488
stats: connect 0 0 0 22067.99609375 50.52392578125 173.29016887426826 5787
stats: page 0 0 0 22144.871826171875 109.148193359375 523.89195046828 5488
stats: 200 0 5785
stats: size_rcv 0 7157705
stats: size_sent 0 1855501
stats: connected 0 299
# stats: dump at 1460946769
stats: users 299 536
stats: {load,"tsung_controller@daviddeMacBook-Pro"} 1 2.2109375 0.0 3.828125 2.2109375 2.872314453125 48
stats: {cpu,"tsung_controller@daviddeMacBook-Pro"} 1 0.0 0.0 0 0 0.0 48
stats: {freemem,"tsung_controller@daviddeMacBook-Pro"} 1 32.1171875 0.0 192.84375 15.03515625 51.450520833333336 48
stats: session 0 0 0 22146.95703125 111.223876953125 525.9498956975024 5488
stats: users_count 0 5787
stats: finish_users_count 0 5488
stats: request 0 0 0 22144.871826171875 109.148193359375 523.89195046828 5488
stats: connect 0 0 0 22067.99609375 50.52392578125 173.29016887426826 5787
stats: page 0 0 0 22144.871826171875 109.148193359375 523.89195046828 5488
stats: 200 0 5785
stats: size_rcv 0 7157705
stats: size_sent 0 1855501
stats: connected 0 299
# stats: dump at 1460946779
stats: users 299 536
stats: {load,"tsung_controller@daviddeMacBook-Pro"} 1 2.328125 0.0 3.828125 2.2109375 2.8588169642857144 49
stats: {cpu,"tsung_controller@daviddeMacBook-Pro"} 1 0.0 0.0 0 0 0.0 49
stats: {freemem,"tsung_controller@daviddeMacBook-Pro"} 1 20.85546875 0.0 192.84375 15.03515625 51.05596301020408 49
stats: session 0 0 0 22146.95703125 111.223876953125 525.9498956975024 5488
stats: users_count 0 5787
stats: finish_users_count 0 5488
stats: request 0 0 0 22144.871826171875 109.148193359375 523.89195046828 5488
stats: connect 0 0 0 22067.99609375 50.52392578125 173.29016887426826 5787
stats: page 0 0 0 22144.871826171875 109.148193359375 523.89195046828 5488
stats: 200 0 5785
stats: size_rcv 0 7157705
stats: size_sent 0 1855501
stats: connected 0 299
# stats: dump at 1460946789
stats: users 299 536
stats: {load,"tsung_controller@daviddeMacBook-Pro"} 1 2.19921875 0.0 3.828125 2.19921875 2.848203125 50
stats: {cpu,"tsung_controller@daviddeMacBook-Pro"} 1 0.0 0.0 0 0 0.0 50
stats: {freemem,"tsung_controller@daviddeMacBook-Pro"} 1 29.51171875 0.0 192.84375 15.03515625 50.451953125 50
stats: session 0 0 0 22146.95703125 111.223876953125 525.9498956975024 5488
stats: users_count 0 5787
stats: finish_users_count 0 5488
stats: request 0 0 0 22144.871826171875 109.148193359375 523.89195046828 5488
stats: connect 0 0 0 22067.99609375 50.52392578125 173.29016887426826 5787
stats: page 0 0 0 22144.871826171875 109.148193359375 523.89195046828 5488
stats: 200 0 5785
stats: size_rcv 0 7157705
stats: size_sent 0 1855501
stats: connected 0 299
# stats: dump at 1460946799
stats: users 299 536
stats: {load,"tsung_controller@daviddeMacBook-Pro"} 1 2.01171875 0.0 3.828125 2.01171875 2.8354779411764706 51
stats: {cpu,"tsung_controller@daviddeMacBook-Pro"} 1 0.0 0.0 0 0 0.0 51
stats: {freemem,"tsung_controller@daviddeMacBook-Pro"} 1 21.9140625 0.0 192.84375 15.03515625 50.041360294117645 51
stats: session 0 0 0 22146.95703125 111.223876953125 525.9498956975024 5488
stats: users_count 0 5787
stats: finish_users_count 0 5488
stats: request 0 0 0 22144.871826171875 109.148193359375 523.89195046828 5488
stats: connect 0 0 0 22067.99609375 50.52392578125 173.29016887426826 5787
stats: page 0 0 0 22144.871826171875 109.148193359375 523.89195046828 5488
stats: 200 0 5785
stats: size_rcv 0 7157705
stats: size_sent 0 1855501
stats: connected 0 299
# stats: dump at 1460946809
stats: users 299 536
stats: {load,"tsung_controller@daviddeMacBook-Pro"} 1 2.171875 0.0 3.828125 2.01171875 2.819636418269231 52
stats: {cpu,"tsung_controller@daviddeMacBook-Pro"} 1 0.0 0.0 0 0 0.0 52
stats: {freemem,"tsung_controller@daviddeMacBook-Pro"} 1 25.8203125 0.0 192.84375 15.03515625 49.50045072115385 52
stats: session 0 0 0 22146.95703125 111.223876953125 525.9498956975024 5488
stats: users_count 0 5787
stats: finish_users_count 0 5488
stats: request 0 0 0 22144.871826171875 109.148193359375 523.89195046828 5488
stats: connect 0 0 0 22067.99609375 50.52392578125 173.29016887426826 5787
stats: page 0 0 0 22144.871826171875 109.148193359375 523.89195046828 5488
stats: 200 0 5785
stats: size_rcv 0 7157705
stats: size_sent 0 1855501
stats: connected 0 299
# stats: dump at 1460946819
stats: users 299 536
stats: {load,"tsung_controller@daviddeMacBook-Pro"} 1 2.21875 0.0 3.828125 2.01171875 2.807414504716981 53
stats: {cpu,"tsung_controller@daviddeMacBook-Pro"} 1 0.0 0.0 0 0 0.0 53
stats: {freemem,"tsung_controller@daviddeMacBook-Pro"} 1 26.5 0.0 192.84375 15.03515625 49.05365566037736 53
stats: session 0 0 0 22146.95703125 111.223876953125 525.9498956975024 5488
stats: users_count 0 5787
stats: finish_users_count 0 5488
stats: request 0 0 0 22144.871826171875 109.148193359375 523.89195046828 5488
stats: connect 0 0 0 22067.99609375 50.52392578125 173.29016887426826 5787
stats: page 0 0 0 22144.871826171875 109.148193359375 523.89195046828 5488
stats: 200 0 5785
stats: size_rcv 0 7157705
stats: size_sent 0 1855501
stats: connected 0 299
# stats: dump at 1460946829
stats: users 299 536
stats: {load,"tsung_controller@daviddeMacBook-Pro"} 1 2.19140625 0.0 3.828125 2.01171875 2.796513310185185 54
stats: {cpu,"tsung_controller@daviddeMacBook-Pro"} 1 0.0 0.0 0 0 0.0 54
stats: {freemem,"tsung_controller@daviddeMacBook-Pro"} 1 26.10546875 0.0 192.84375 15.03515625 48.635995370370374 54
stats: session 0 0 0 22146.95703125 111.223876953125 525.9498956975024 5488
stats: users_count 0 5787
stats: finish_users_count 0 5488
stats: request 0 0 0 22144.871826171875 109.148193359375 523.89195046828 5488
stats: connect 0 0 0 22067.99609375 50.52392578125 173.29016887426826 5787
stats: page 0 0 0 22144.871826171875 109.148193359375 523.89195046828 5488
stats: 200 0 5785
stats: size_rcv 0 7157705
stats: size_sent 0 1855501
stats: connected 0 299
# stats: dump at 1460946839
stats: users 299 536
stats: {load,"tsung_controller@daviddeMacBook-Pro"} 1 2.23046875 0.0 3.828125 2.01171875 2.7855113636363638 55
stats: {cpu,"tsung_controller@daviddeMacBook-Pro"} 1 0.0 0.0 0 0 0.0 55
stats: {freemem,"tsung_controller@daviddeMacBook-Pro"} 1 40.58203125 0.0 192.84375 15.03515625 48.22634943181818 55
stats: session 0 0 0 22146.95703125 111.223876953125 525.9498956975024 5488
stats: users_count 0 5787
stats: finish_users_count 0 5488
stats: request 0 0 0 22144.871826171875 109.148193359375 523.89195046828 5488
stats: connect 0 0 0 22067.99609375 50.52392578125 173.29016887426826 5787
stats: page 0 0 0 22144.871826171875 109.148193359375 523.89195046828 5488
stats: 200 0 5785
stats: size_rcv 0 7157705
stats: size_sent 0 1855501
stats: connected 0 299
# stats: dump at 1460946849
stats: users 299 536
stats: {load,"tsung_controller@daviddeMacBook-Pro"} 1 2.26953125 0.0 3.828125 2.01171875 2.775599888392857 56
stats: {cpu,"tsung_controller@daviddeMacBook-Pro"} 1 0.0 0.0 0 0 0.0 56
stats: {freemem,"tsung_controller@daviddeMacBook-Pro"} 1 49.80078125 0.0 192.84375 15.03515625 48.08984375 56
stats: session 0 0 0 22146.95703125 111.223876953125 525.9498956975024 5488
stats: users_count 0 5787
stats: finish_users_count 0 5488
stats: request 0 0 0 22144.871826171875 109.148193359375 523.89195046828 5488
stats: connect 0 0 0 22067.99609375 50.52392578125 173.29016887426826 5787
stats: page 0 0 0 22144.871826171875 109.148193359375 523.89195046828 5488
stats: 200 0 5785
stats: size_rcv 0 7157705
stats: size_sent 0 1855501
stats: connected 0 299
# stats: dump at 1460946859
stats: users 299 536
stats: {load,"tsung_controller@daviddeMacBook-Pro"} 1 2.1484375 0.0 3.828125 2.01171875 2.76672149122807 57
stats: {cpu,"tsung_controller@daviddeMacBook-Pro"} 1 0.0 0.0 0 0 0.0 57
stats: {freemem,"tsung_controller@daviddeMacBook-Pro"} 1 24.33984375 0.0 192.84375 15.03515625 48.11986019736842 57
stats: session 0 0 0 22146.95703125 111.223876953125 525.9498956975024 5488
stats: users_count 0 5787
stats: finish_users_count 0 5488
stats: request 0 0 0 22144.871826171875 109.148193359375 523.89195046828 5488
stats: connect 0 0 0 22067.99609375 50.52392578125 173.29016887426826 5787
stats: page 0 0 0 22144.871826171875 109.148193359375 523.89195046828 5488
stats: 200 0 5785
stats: size_rcv 0 7157705
stats: size_sent 0 1855501
stats: connected 0 299
# stats: dump at 1460946869
stats: users 299 536
stats: {load,"tsung_controller@daviddeMacBook-Pro"} 1 1.96875 0.0 3.828125 1.96875 2.756061422413793 58
stats: {cpu,"tsung_controller@daviddeMacBook-Pro"} 1 0.0 0.0 0 0 0.0 58
stats: {freemem,"tsung_controller@daviddeMacBook-Pro"} 1 26.375 0.0 192.84375 15.03515625 47.7098599137931 58
stats: session 0 0 0 22146.95703125 111.223876953125 525.9498956975024 5488
stats: users_count 0 5787
stats: finish_users_count 0 5488
stats: request 0 0 0 22144.871826171875 109.148193359375 523.89195046828 5488
stats: connect 0 0 0 22067.99609375 50.52392578125 173.29016887426826 5787
stats: page 0 0 0 22144.871826171875 109.148193359375 523.89195046828 5488
stats: 200 0 5785
stats: size_rcv 0 7157705
stats: size_sent 0 1855501
stats: connected 0 299
# stats: dump at 1460946879
stats: users 299 536
stats: {load,"tsung_controller@daviddeMacBook-Pro"} 1 1.96875 0.0 3.828125 1.96875 2.742717161016949 59
stats: {cpu,"tsung_controller@daviddeMacBook-Pro"} 1 0.0 0.0 0 0 0.0 59
stats: {freemem,"tsung_controller@daviddeMacBook-Pro"} 1 21.6015625 0.0 192.84375 15.03515625 47.34825211864407 59
stats: session 0 0 0 22146.95703125 111.223876953125 525.9498956975024 5488
stats: users_count 0 5787
stats: finish_users_count 0 5488
stats: request 0 0 0 22144.871826171875 109.148193359375 523.89195046828 5488
stats: connect 0 0 0 22067.99609375 50.52392578125 173.29016887426826 5787
stats: page 0 0 0 22144.871826171875 109.148193359375 523.89195046828 5488
stats: 200 0 5785
stats: size_rcv 0 7157705
stats: size_sent 0 1855501
stats: connected 0 299
# stats: dump at 1460946889
stats: users 3 536
stats: {load,"tsung_controller@daviddeMacBook-Pro"} 1 1.96875 0.0 3.828125 1.96875 2.7298177083333335 60
stats: {cpu,"tsung_controller@daviddeMacBook-Pro"} 1 0.0 0.0 0 0 0.0 60
stats: {freemem,"tsung_controller@daviddeMacBook-Pro"} 1 23.53125 0.0 192.84375 15.03515625 46.919140625 60
stats: session 296 601088.1285788048 957.9091925527016 605334.8278808594 111.223876953125 525.9498956975024 5488
stats: users_count 0 5787
stats: finish_users_count 296 5784
stats: request 0 0 0 22144.871826171875 109.148193359375 523.89195046828 5488
stats: 200 0 5785
stats: connect 0 0 0 22067.99609375 50.52392578125 173.29016887426826 5787
stats: page 0 0 0 22144.871826171875 109.148193359375 523.89195046828 5488
stats: size_rcv 0 7157705
stats: size_sent 0 1855501
stats: connected -296 3
stats: error_timeout 296 296
# stats: dump at 1460946890
stats: users 0 536
stats: {load,"tsung_controller@daviddeMacBook-Pro"} 0 0 0 3.828125 1.96875 2.71734118852459 61
stats: {cpu,"tsung_controller@daviddeMacBook-Pro"} 0 0 0 0 0 0.0 61
stats: {freemem,"tsung_controller@daviddeMacBook-Pro"} 0 0 0 192.84375 15.03515625 46.53573258196721 61
stats: session 3 603614.3116861979 972.6909268600939 605334.8278808594 111.223876953125 31260.113950019724 5784
stats: users_count 0 5787
stats: finish_users_count 3 5787
stats: request 0 0 0 22144.871826171875 109.148193359375 523.89195046828 5488
stats: page 0 0 0 22144.871826171875 109.148193359375 523.89195046828 5488
stats: connect 0 0 0 22067.99609375 50.52392578125 173.29016887426826 5787
stats: 200 0 5785
stats: size_rcv 0 7157705
stats: size_sent 0 1855501
stats: connected -3 0
stats: error_timeout 3 299
EndMonitor:{1460,946890,558222}
