
=INFO REPORT==== 18-Apr-2016::10:24:31 ===
    ts_config_server:(5:<0.71.0>) Config server started, logdir is "/Users/admin/Job/jshy/tsung/tsung-1.6.0/examples/log/20160418-1024"
 
=INFO REPORT==== 18-Apr-2016::10:24:31 ===
              ts_mon:(5:<0.52.0>) starting monitor, global 

=INFO REPORT==== 18-Apr-2016::10:24:31 ===
           ts_config:(5:<0.71.0>) Reading config file: http_simple2.xml

=INFO REPORT==== 18-Apr-2016::10:24:31 ===
      ts_config_http:(4:<0.71.0>) Get user agent: 80 "Mozilla/5.0 (X11; U; Linux i686; en-US; rv:1.7.8) Gecko/20050513 Galeon/1.3.21" 

=INFO REPORT==== 18-Apr-2016::10:24:31 ===
      ts_config_http:(4:<0.71.0>) Get user agent: 20 "Mozilla/5.0 (Windows; U; Windows NT 5.2; fr-FR; rv:1.7.8) Gecko/20050511 Firefox/1.0.4" 

=INFO REPORT==== 18-Apr-2016::10:24:31 ===
           ts_config:(5:<0.71.0>) Session name for id 1 is "http-example"

=INFO REPORT==== 18-Apr-2016::10:24:31 ===
    ts_config_server:(4:<0.71.0>) SYSINFO:Tsung version: 1.6.0

=INFO REPORT==== 18-Apr-2016::10:24:31 ===
    ts_config_server:(4:<0.71.0>) SYSINFO:Erlang version: Erlang R16B03-1 (erts-5.10.4) [source] [64-bit] [smp:4:4] [async-threads:8] [hipe] [kernel-poll:true]


=INFO REPORT==== 18-Apr-2016::10:24:31 ===
    ts_config_server:(4:<0.71.0>) SYSINFO:System architecture x86_64-apple-darwin14.3.0

=INFO REPORT==== 18-Apr-2016::10:24:31 ===
    ts_config_server:(4:<0.71.0>) SYSINFO:Current path: /usr/local/lib/erlang/lib/tsung-1.6.0/ebin/tsung.beam

=INFO REPORT==== 18-Apr-2016::10:24:31 ===
      ts_os_mon_snmp:(5:<0.89.0>) starting os_mon_snmp with args {"myserver",
                                                                  {161,
                                                                   "public",
                                                                   v2,[]},
                                                                  10000,
                                                                  {global,
                                                                   ts_mon}}
=INFO REPORT==== 18-Apr-2016::10:24:39 ===
              ts_mon:(5:<0.72.0>) Activate clients with text backend

=INFO REPORT==== 18-Apr-2016::10:24:39 ===
              ts_mon:(5:<0.72.0>) Starting tsung clients on hosts: [localhost]

=INFO REPORT==== 18-Apr-2016::10:24:39 ===
    ts_config_server:(5:<0.71.0>) Start a launcher on the controller beam localhost

=INFO REPORT==== 18-Apr-2016::10:24:39 ===
    alarm_handler: {set,{{disk_almost_full,"/"},[]}}

=INFO REPORT==== 18-Apr-2016::10:24:39 ===
    alarm_handler: {set,{system_memory_high_watermark,[]}}

=ERROR REPORT==== 18-Apr-2016::10:24:39 ===
OS_MON (cpu_sup), util/1 unavailable for this OS

=INFO REPORT==== 18-Apr-2016::10:24:39 ===
  ts_launcher_static:(5:<0.133.0>) Launch msg receive ("localhost")

=INFO REPORT==== 18-Apr-2016::10:24:39 ===
         ts_launcher:(5:<0.134.0>) Launch msg receive ("localhost")

=INFO REPORT==== 18-Apr-2016::10:24:39 ===
    ts_config_server:(5:<0.71.0>) All remote beams started, syncing 

=INFO REPORT==== 18-Apr-2016::10:24:39 ===
    ts_config_server:(5:<0.71.0>) Undefined ports_range config 

=INFO REPORT==== 18-Apr-2016::10:24:39 ===
    ts_config_server:(5:<0.71.0>) New arrival phase 1 for client "localhost" (last ? true): will start 6000 users

=INFO REPORT==== 18-Apr-2016::10:24:39 ===
         ts_launcher:(5:<0.134.0>) Expected duration of first phase: 60.0 sec (6000 users) 

=INFO REPORT==== 18-Apr-2016::10:24:39 ===
         ts_launcher:(5:<0.134.0>) Can't get file descriptors limit from system, you should verify that 'maxusers' has a good value 
=INFO REPORT==== 18-Apr-2016::10:24:39 ===
         ts_launcher:(5:<0.134.0>) Activate launcher (6000 users) in 995 msec 

=ERROR REPORT==== 18-Apr-2016::10:24:49 ===
OS_MON (cpu_sup), util/1 unavailable for this OS

=ERROR REPORT==== 18-Apr-2016::10:24:59 ===
OS_MON (cpu_sup), util/1 unavailable for this OS

=ERROR REPORT==== 18-Apr-2016::10:25:09 ===
OS_MON (cpu_sup), util/1 unavailable for this OS

=ERROR REPORT==== 18-Apr-2016::10:25:19 ===
OS_MON (cpu_sup), util/1 unavailable for this OS

=ERROR REPORT==== 18-Apr-2016::10:25:29 ===
OS_MON (cpu_sup), util/1 unavailable for this OS

=INFO REPORT==== 18-Apr-2016::10:25:39 ===
         ts_launcher:(5:<0.134.0>) Phase duration exceeded, but not all users were launched (213 users, 3.5% of phase)

=INFO REPORT==== 18-Apr-2016::10:25:39 ===
         ts_launcher:(5:<0.134.0>) This was the last phase, wait for connected users to finish their session

=ERROR REPORT==== 18-Apr-2016::10:25:39 ===
OS_MON (cpu_sup), util/1 unavailable for this OS

=ERROR REPORT==== 18-Apr-2016::10:25:49 ===
OS_MON (cpu_sup), util/1 unavailable for this OS

=ERROR REPORT==== 18-Apr-2016::10:26:00 ===
OS_MON (cpu_sup), util/1 unavailable for this OS

=ERROR REPORT==== 18-Apr-2016::10:26:10 ===
OS_MON (cpu_sup), util/1 unavailable for this OS

=ERROR REPORT==== 18-Apr-2016::10:26:20 ===
OS_MON (cpu_sup), util/1 unavailable for this OS

=ERROR REPORT==== 18-Apr-2016::10:26:30 ===
OS_MON (cpu_sup), util/1 unavailable for this OS

=ERROR REPORT==== 18-Apr-2016::10:26:40 ===
OS_MON (cpu_sup), util/1 unavailable for this OS

=ERROR REPORT==== 18-Apr-2016::10:26:50 ===
OS_MON (cpu_sup), util/1 unavailable for this OS

=ERROR REPORT==== 18-Apr-2016::10:27:00 ===
OS_MON (cpu_sup), util/1 unavailable for this OS

=ERROR REPORT==== 18-Apr-2016::10:27:10 ===
OS_MON (cpu_sup), util/1 unavailable for this OS

=ERROR REPORT==== 18-Apr-2016::10:27:20 ===
OS_MON (cpu_sup), util/1 unavailable for this OS

=ERROR REPORT==== 18-Apr-2016::10:27:30 ===
OS_MON (cpu_sup), util/1 unavailable for this OS

=ERROR REPORT==== 18-Apr-2016::10:27:40 ===
OS_MON (cpu_sup), util/1 unavailable for this OS

=ERROR REPORT==== 18-Apr-2016::10:27:50 ===
OS_MON (cpu_sup), util/1 unavailable for this OS

=ERROR REPORT==== 18-Apr-2016::10:28:00 ===
OS_MON (cpu_sup), util/1 unavailable for this OS

=ERROR REPORT==== 18-Apr-2016::10:28:10 ===
OS_MON (cpu_sup), util/1 unavailable for this OS

=ERROR REPORT==== 18-Apr-2016::10:28:20 ===
OS_MON (cpu_sup), util/1 unavailable for this OS

=ERROR REPORT==== 18-Apr-2016::10:28:30 ===
OS_MON (cpu_sup), util/1 unavailable for this OS

=ERROR REPORT==== 18-Apr-2016::10:28:40 ===
OS_MON (cpu_sup), util/1 unavailable for this OS

=ERROR REPORT==== 18-Apr-2016::10:28:50 ===
OS_MON (cpu_sup), util/1 unavailable for this OS

=ERROR REPORT==== 18-Apr-2016::10:29:00 ===
OS_MON (cpu_sup), util/1 unavailable for this OS

=ERROR REPORT==== 18-Apr-2016::10:29:10 ===
OS_MON (cpu_sup), util/1 unavailable for this OS

=ERROR REPORT==== 18-Apr-2016::10:29:20 ===
OS_MON (cpu_sup), util/1 unavailable for this OS

=ERROR REPORT==== 18-Apr-2016::10:29:30 ===
OS_MON (cpu_sup), util/1 unavailable for this OS

=ERROR REPORT==== 18-Apr-2016::10:29:40 ===
OS_MON (cpu_sup), util/1 unavailable for this OS

=ERROR REPORT==== 18-Apr-2016::10:29:50 ===
OS_MON (cpu_sup), util/1 unavailable for this OS

=ERROR REPORT==== 18-Apr-2016::10:30:00 ===
OS_MON (cpu_sup), util/1 unavailable for this OS

=ERROR REPORT==== 18-Apr-2016::10:30:10 ===
OS_MON (cpu_sup), util/1 unavailable for this OS

=ERROR REPORT==== 18-Apr-2016::10:30:21 ===
OS_MON (cpu_sup), util/1 unavailable for this OS

=ERROR REPORT==== 18-Apr-2016::10:30:31 ===
OS_MON (cpu_sup), util/1 unavailable for this OS

=ERROR REPORT==== 18-Apr-2016::10:30:41 ===
OS_MON (cpu_sup), util/1 unavailable for this OS

=ERROR REPORT==== 18-Apr-2016::10:30:51 ===
OS_MON (cpu_sup), util/1 unavailable for this OS

=ERROR REPORT==== 18-Apr-2016::10:31:01 ===
OS_MON (cpu_sup), util/1 unavailable for this OS

=ERROR REPORT==== 18-Apr-2016::10:31:11 ===
OS_MON (cpu_sup), util/1 unavailable for this OS

=ERROR REPORT==== 18-Apr-2016::10:31:21 ===
OS_MON (cpu_sup), util/1 unavailable for this OS

=ERROR REPORT==== 18-Apr-2016::10:31:31 ===
OS_MON (cpu_sup), util/1 unavailable for this OS

=ERROR REPORT==== 18-Apr-2016::10:31:41 ===
OS_MON (cpu_sup), util/1 unavailable for this OS

=ERROR REPORT==== 18-Apr-2016::10:31:51 ===
OS_MON (cpu_sup), util/1 unavailable for this OS

=ERROR REPORT==== 18-Apr-2016::10:32:01 ===
OS_MON (cpu_sup), util/1 unavailable for this OS

=ERROR REPORT==== 18-Apr-2016::10:32:11 ===
OS_MON (cpu_sup), util/1 unavailable for this OS

=ERROR REPORT==== 18-Apr-2016::10:32:21 ===
OS_MON (cpu_sup), util/1 unavailable for this OS

=ERROR REPORT==== 18-Apr-2016::10:32:31 ===
OS_MON (cpu_sup), util/1 unavailable for this OS

=ERROR REPORT==== 18-Apr-2016::10:32:41 ===
OS_MON (cpu_sup), util/1 unavailable for this OS

=ERROR REPORT==== 18-Apr-2016::10:32:51 ===
OS_MON (cpu_sup), util/1 unavailable for this OS

=ERROR REPORT==== 18-Apr-2016::10:33:01 ===
OS_MON (cpu_sup), util/1 unavailable for this OS

=ERROR REPORT==== 18-Apr-2016::10:33:11 ===
OS_MON (cpu_sup), util/1 unavailable for this OS

=ERROR REPORT==== 18-Apr-2016::10:33:21 ===
OS_MON (cpu_sup), util/1 unavailable for this OS

=ERROR REPORT==== 18-Apr-2016::10:33:31 ===
OS_MON (cpu_sup), util/1 unavailable for this OS

=ERROR REPORT==== 18-Apr-2016::10:33:41 ===
OS_MON (cpu_sup), util/1 unavailable for this OS

=ERROR REPORT==== 18-Apr-2016::10:33:51 ===
OS_MON (cpu_sup), util/1 unavailable for this OS

=ERROR REPORT==== 18-Apr-2016::10:34:01 ===
OS_MON (cpu_sup), util/1 unavailable for this OS

=ERROR REPORT==== 18-Apr-2016::10:34:11 ===
OS_MON (cpu_sup), util/1 unavailable for this OS

=ERROR REPORT==== 18-Apr-2016::10:34:21 ===
OS_MON (cpu_sup), util/1 unavailable for this OS

=ERROR REPORT==== 18-Apr-2016::10:34:31 ===
OS_MON (cpu_sup), util/1 unavailable for this OS

=ERROR REPORT==== 18-Apr-2016::10:34:41 ===
OS_MON (cpu_sup), util/1 unavailable for this OS

=INFO REPORT==== 18-Apr-2016::10:34:42 ===
           ts_client:(3:<0.259.0>) Error: timeout receive in state wait_ack

=INFO REPORT==== 18-Apr-2016::10:34:42 ===
           ts_client:(3:<0.263.0>) Error: timeout receive in state wait_ack

=INFO REPORT==== 18-Apr-2016::10:34:42 ===
           ts_client:(3:<0.265.0>) Error: timeout receive in state wait_ack

=INFO REPORT==== 18-Apr-2016::10:34:42 ===
           ts_client:(3:<0.217.0>) Error: timeout receive in state wait_ack

=INFO REPORT==== 18-Apr-2016::10:34:42 ===
           ts_client:(3:<0.266.0>) Error: timeout receive in state wait_ack

=INFO REPORT==== 18-Apr-2016::10:34:42 ===
           ts_client:(3:<0.230.0>) Error: timeout receive in state wait_ack

=INFO REPORT==== 18-Apr-2016::10:34:42 ===
           ts_client:(3:<0.226.0>) Error: timeout receive in state wait_ack

=INFO REPORT==== 18-Apr-2016::10:34:42 ===
           ts_client:(3:<0.236.0>) Error: timeout receive in state wait_ack

=INFO REPORT==== 18-Apr-2016::10:34:42 ===
           ts_client:(3:<0.222.0>) Error: timeout receive in state wait_ack

=INFO REPORT==== 18-Apr-2016::10:34:42 ===
           ts_client:(3:<0.228.0>) Error: timeout receive in state wait_ack

=INFO REPORT==== 18-Apr-2016::10:34:42 ===
           ts_client:(3:<0.279.0>) Error: timeout receive in state wait_ack

=INFO REPORT==== 18-Apr-2016::10:34:42 ===
           ts_client:(3:<0.244.0>) Error: timeout receive in state wait_ack

=INFO REPORT==== 18-Apr-2016::10:34:42 ===
           ts_client:(3:<0.319.0>) Error: timeout receive in state wait_ack

=INFO REPORT==== 18-Apr-2016::10:34:42 ===
           ts_client:(3:<0.323.0>) Error: timeout receive in state wait_ack

=INFO REPORT==== 18-Apr-2016::10:34:42 ===
           ts_client:(3:<0.212.0>) Error: timeout receive in state wait_ack

=INFO REPORT==== 18-Apr-2016::10:34:42 ===
           ts_client:(3:<0.267.0>) Error: timeout receive in state wait_ack

=INFO REPORT==== 18-Apr-2016::10:34:42 ===
           ts_client:(3:<0.307.0>) Error: timeout receive in state wait_ack

=INFO REPORT==== 18-Apr-2016::10:34:42 ===
           ts_client:(3:<0.330.0>) Error: timeout receive in state wait_ack

=INFO REPORT==== 18-Apr-2016::10:34:42 ===
           ts_client:(3:<0.286.0>) Error: timeout receive in state wait_ack

=INFO REPORT==== 18-Apr-2016::10:34:42 ===
           ts_client:(3:<0.339.0>) Error: timeout receive in state wait_ack

=INFO REPORT==== 18-Apr-2016::10:34:42 ===
           ts_client:(3:<0.257.0>) Error: timeout receive in state wait_ack

=INFO REPORT==== 18-Apr-2016::10:34:42 ===
           ts_client:(3:<0.348.0>) Error: timeout receive in state wait_ack

=INFO REPORT==== 18-Apr-2016::10:34:43 ===
           ts_client:(3:<0.258.0>) Error: timeout receive in state wait_ack

=INFO REPORT==== 18-Apr-2016::10:34:43 ===
           ts_client:(3:<0.351.0>) Error: timeout receive in state wait_ack

=INFO REPORT==== 18-Apr-2016::10:34:43 ===
           ts_client:(3:<0.299.0>) Error: timeout receive in state wait_ack

=INFO REPORT==== 18-Apr-2016::10:34:43 ===
           ts_client:(3:<0.262.0>) Error: timeout receive in state wait_ack

=INFO REPORT==== 18-Apr-2016::10:34:43 ===
           ts_client:(3:<0.347.0>) Error: timeout receive in state wait_ack

=INFO REPORT==== 18-Apr-2016::10:34:43 ===
           ts_client:(3:<0.362.0>) Error: timeout receive in state wait_ack

=INFO REPORT==== 18-Apr-2016::10:34:43 ===
           ts_client:(3:<0.278.0>) Error: timeout receive in state wait_ack

=INFO REPORT==== 18-Apr-2016::10:34:43 ===
           ts_client:(3:<0.368.0>) Error: timeout receive in state wait_ack

=INFO REPORT==== 18-Apr-2016::10:34:43 ===
           ts_client:(3:<0.282.0>) Error: timeout receive in state wait_ack

=INFO REPORT==== 18-Apr-2016::10:34:43 ===
           ts_client:(3:<0.296.0>) Error: timeout receive in state wait_ack

=INFO REPORT==== 18-Apr-2016::10:34:43 ===
           ts_client:(3:<0.395.0>) Error: timeout receive in state wait_ack

=INFO REPORT==== 18-Apr-2016::10:34:43 ===
           ts_client:(3:<0.341.0>) Error: timeout receive in state wait_ack

=INFO REPORT==== 18-Apr-2016::10:34:43 ===
           ts_client:(3:<0.326.0>) Error: timeout receive in state wait_ack

=INFO REPORT==== 18-Apr-2016::10:34:43 ===
           ts_client:(3:<0.389.0>) Error: timeout receive in state wait_ack

=INFO REPORT==== 18-Apr-2016::10:34:43 ===
           ts_client:(3:<0.393.0>) Error: timeout receive in state wait_ack

=INFO REPORT==== 18-Apr-2016::10:34:43 ===
           ts_client:(3:<0.403.0>) Error: timeout receive in state wait_ack

=INFO REPORT==== 18-Apr-2016::10:34:43 ===
           ts_client:(3:<0.399.0>) Error: timeout receive in state wait_ack

=INFO REPORT==== 18-Apr-2016::10:34:43 ===
           ts_client:(3:<0.383.0>) Error: timeout receive in state wait_ack

=INFO REPORT==== 18-Apr-2016::10:34:43 ===
           ts_client:(3:<0.309.0>) Error: timeout receive in state wait_ack

=INFO REPORT==== 18-Apr-2016::10:34:43 ===
           ts_client:(3:<0.284.0>) Error: timeout receive in state wait_ack

=INFO REPORT==== 18-Apr-2016::10:34:43 ===
           ts_client:(3:<0.415.0>) Error: timeout receive in state wait_ack

=INFO REPORT==== 18-Apr-2016::10:34:43 ===
           ts_client:(3:<0.273.0>) Error: timeout receive in state wait_ack

=INFO REPORT==== 18-Apr-2016::10:34:43 ===
           ts_client:(3:<0.281.0>) Error: timeout receive in state wait_ack

=INFO REPORT==== 18-Apr-2016::10:34:43 ===
           ts_client:(3:<0.229.0>) Error: timeout receive in state wait_ack

=INFO REPORT==== 18-Apr-2016::10:34:43 ===
           ts_client:(3:<0.423.0>) Error: timeout receive in state wait_ack

=INFO REPORT==== 18-Apr-2016::10:34:43 ===
           ts_client:(3:<0.421.0>) Error: timeout receive in state wait_ack

=INFO REPORT==== 18-Apr-2016::10:34:43 ===
           ts_client:(3:<0.251.0>) Error: timeout receive in state wait_ack

=INFO REPORT==== 18-Apr-2016::10:34:43 ===
           ts_client:(3:<0.422.0>) Error: timeout receive in state wait_ack

=INFO REPORT==== 18-Apr-2016::10:34:43 ===
           ts_client:(3:<0.317.0>) Error: timeout receive in state wait_ack

=INFO REPORT==== 18-Apr-2016::10:34:43 ===
           ts_client:(3:<0.334.0>) Error: timeout receive in state wait_ack

=INFO REPORT==== 18-Apr-2016::10:34:43 ===
           ts_client:(3:<0.314.0>) Error: timeout receive in state wait_ack

=INFO REPORT==== 18-Apr-2016::10:34:43 ===
           ts_client:(3:<0.336.0>) Error: timeout receive in state wait_ack

=INFO REPORT==== 18-Apr-2016::10:34:43 ===
           ts_client:(3:<0.387.0>) Error: timeout receive in state wait_ack

=INFO REPORT==== 18-Apr-2016::10:34:43 ===
           ts_client:(3:<0.431.0>) Error: timeout receive in state wait_ack

=INFO REPORT==== 18-Apr-2016::10:34:43 ===
           ts_client:(3:<0.201.0>) Error: timeout receive in state wait_ack

=INFO REPORT==== 18-Apr-2016::10:34:43 ===
           ts_client:(3:<0.239.0>) Error: timeout receive in state wait_ack

=INFO REPORT==== 18-Apr-2016::10:34:43 ===
           ts_client:(3:<0.327.0>) Error: timeout receive in state wait_ack

=INFO REPORT==== 18-Apr-2016::10:34:43 ===
           ts_client:(3:<0.353.0>) Error: timeout receive in state wait_ack

=INFO REPORT==== 18-Apr-2016::10:34:43 ===
           ts_client:(3:<0.302.0>) Error: timeout receive in state wait_ack

=INFO REPORT==== 18-Apr-2016::10:34:43 ===
           ts_client:(3:<0.413.0>) Error: timeout receive in state wait_ack

=INFO REPORT==== 18-Apr-2016::10:34:44 ===
           ts_client:(3:<0.390.0>) Error: timeout receive in state wait_ack

=INFO REPORT==== 18-Apr-2016::10:34:44 ===
           ts_client:(3:<0.420.0>) Error: timeout receive in state wait_ack

=INFO REPORT==== 18-Apr-2016::10:34:44 ===
           ts_client:(3:<0.235.0>) Error: timeout receive in state wait_ack

=INFO REPORT==== 18-Apr-2016::10:34:44 ===
           ts_client:(3:<0.450.0>) Error: timeout receive in state wait_ack

=INFO REPORT==== 18-Apr-2016::10:34:44 ===
           ts_client:(3:<0.344.0>) Error: timeout receive in state wait_ack

=INFO REPORT==== 18-Apr-2016::10:34:44 ===
           ts_client:(3:<0.233.0>) Error: timeout receive in state wait_ack

=INFO REPORT==== 18-Apr-2016::10:34:44 ===
           ts_client:(3:<0.349.0>) Error: timeout receive in state wait_ack

=INFO REPORT==== 18-Apr-2016::10:34:44 ===
           ts_client:(3:<0.473.0>) Error: timeout receive in state wait_ack

=INFO REPORT==== 18-Apr-2016::10:34:44 ===
           ts_client:(3:<0.373.0>) Error: timeout receive in state wait_ack

=INFO REPORT==== 18-Apr-2016::10:34:44 ===
           ts_client:(3:<0.384.0>) Error: timeout receive in state wait_ack

=INFO REPORT==== 18-Apr-2016::10:34:44 ===
           ts_client:(3:<0.442.0>) Error: timeout receive in state wait_ack

=INFO REPORT==== 18-Apr-2016::10:34:44 ===
           ts_client:(3:<0.342.0>) Error: timeout receive in state wait_ack

=INFO REPORT==== 18-Apr-2016::10:34:44 ===
           ts_client:(3:<0.414.0>) Error: timeout receive in state wait_ack

=INFO REPORT==== 18-Apr-2016::10:34:44 ===
           ts_client:(3:<0.329.0>) Error: timeout receive in state wait_ack

=INFO REPORT==== 18-Apr-2016::10:34:44 ===
           ts_client:(3:<0.401.0>) Error: timeout receive in state wait_ack

=INFO REPORT==== 18-Apr-2016::10:34:44 ===
           ts_client:(3:<0.479.0>) Error: timeout receive in state wait_ack

=INFO REPORT==== 18-Apr-2016::10:34:44 ===
           ts_client:(3:<0.260.0>) Error: timeout receive in state wait_ack

=INFO REPORT==== 18-Apr-2016::10:34:44 ===
           ts_client:(3:<0.298.0>) Error: timeout receive in state wait_ack

=INFO REPORT==== 18-Apr-2016::10:34:44 ===
           ts_client:(3:<0.255.0>) Error: timeout receive in state wait_ack

=INFO REPORT==== 18-Apr-2016::10:34:44 ===
           ts_client:(3:<0.369.0>) Error: timeout receive in state wait_ack

=INFO REPORT==== 18-Apr-2016::10:34:44 ===
           ts_client:(3:<0.363.0>) Error: timeout receive in state wait_ack

=INFO REPORT==== 18-Apr-2016::10:34:44 ===
           ts_client:(3:<0.482.0>) Error: timeout receive in state wait_ack

=INFO REPORT==== 18-Apr-2016::10:34:44 ===
           ts_client:(3:<0.188.0>) Error: timeout receive in state wait_ack

=INFO REPORT==== 18-Apr-2016::10:34:44 ===
           ts_client:(3:<0.274.0>) Error: timeout receive in state wait_ack

=INFO REPORT==== 18-Apr-2016::10:34:44 ===
           ts_client:(3:<0.489.0>) Error: timeout receive in state wait_ack

=INFO REPORT==== 18-Apr-2016::10:34:44 ===
           ts_client:(3:<0.318.0>) Error: timeout receive in state wait_ack

=INFO REPORT==== 18-Apr-2016::10:34:44 ===
           ts_client:(3:<0.487.0>) Error: timeout receive in state wait_ack

=INFO REPORT==== 18-Apr-2016::10:34:44 ===
           ts_client:(3:<0.331.0>) Error: timeout receive in state wait_ack

=INFO REPORT==== 18-Apr-2016::10:34:44 ===
           ts_client:(3:<0.486.0>) Error: timeout receive in state wait_ack

=INFO REPORT==== 18-Apr-2016::10:34:44 ===
           ts_client:(3:<0.370.0>) Error: timeout receive in state wait_ack

=INFO REPORT==== 18-Apr-2016::10:34:44 ===
           ts_client:(3:<0.449.0>) Error: timeout receive in state wait_ack

=INFO REPORT==== 18-Apr-2016::10:34:44 ===
           ts_client:(3:<0.507.0>) Error: timeout receive in state wait_ack

=INFO REPORT==== 18-Apr-2016::10:34:44 ===
           ts_client:(3:<0.503.0>) Error: timeout receive in state wait_ack

=INFO REPORT==== 18-Apr-2016::10:34:44 ===
           ts_client:(3:<0.426.0>) Error: timeout receive in state wait_ack

=INFO REPORT==== 18-Apr-2016::10:34:44 ===
           ts_client:(3:<0.470.0>) Error: timeout receive in state wait_ack

=INFO REPORT==== 18-Apr-2016::10:34:44 ===
           ts_client:(3:<0.359.0>) Error: timeout receive in state wait_ack

=INFO REPORT==== 18-Apr-2016::10:34:44 ===
           ts_client:(3:<0.145.0>) Error: timeout receive in state wait_ack

=INFO REPORT==== 18-Apr-2016::10:34:44 ===
           ts_client:(3:<0.315.0>) Error: timeout receive in state wait_ack

=INFO REPORT==== 18-Apr-2016::10:34:44 ===
           ts_client:(3:<0.461.0>) Error: timeout receive in state wait_ack

=INFO REPORT==== 18-Apr-2016::10:34:44 ===
           ts_client:(3:<0.428.0>) Error: timeout receive in state wait_ack

=INFO REPORT==== 18-Apr-2016::10:34:44 ===
           ts_client:(3:<0.465.0>) Error: timeout receive in state wait_ack

=INFO REPORT==== 18-Apr-2016::10:34:44 ===
           ts_client:(3:<0.432.0>) Error: timeout receive in state wait_ack

=INFO REPORT==== 18-Apr-2016::10:34:44 ===
           ts_client:(3:<0.377.0>) Error: timeout receive in state wait_ack

=INFO REPORT==== 18-Apr-2016::10:34:44 ===
           ts_client:(3:<0.498.0>) Error: timeout receive in state wait_ack

=INFO REPORT==== 18-Apr-2016::10:34:44 ===
           ts_client:(3:<0.483.0>) Error: timeout receive in state wait_ack

=INFO REPORT==== 18-Apr-2016::10:34:44 ===
           ts_client:(3:<0.521.0>) Error: timeout receive in state wait_ack

=INFO REPORT==== 18-Apr-2016::10:34:44 ===
           ts_client:(3:<0.374.0>) Error: timeout receive in state wait_ack

=INFO REPORT==== 18-Apr-2016::10:34:44 ===
           ts_client:(3:<0.523.0>) Error: timeout receive in state wait_ack

=INFO REPORT==== 18-Apr-2016::10:34:44 ===
           ts_client:(3:<0.328.0>) Error: timeout receive in state wait_ack

=INFO REPORT==== 18-Apr-2016::10:34:44 ===
           ts_client:(3:<0.477.0>) Error: timeout receive in state wait_ack

=INFO REPORT==== 18-Apr-2016::10:34:44 ===
           ts_client:(3:<0.527.0>) Error: timeout receive in state wait_ack

=INFO REPORT==== 18-Apr-2016::10:34:44 ===
           ts_client:(3:<0.456.0>) Error: timeout receive in state wait_ack

=INFO REPORT==== 18-Apr-2016::10:34:44 ===
           ts_client:(3:<0.441.0>) Error: timeout receive in state wait_ack

=INFO REPORT==== 18-Apr-2016::10:34:44 ===
           ts_client:(3:<0.539.0>) Error: timeout receive in state wait_ack

=INFO REPORT==== 18-Apr-2016::10:34:44 ===
           ts_client:(3:<0.538.0>) Error: timeout receive in state wait_ack

=INFO REPORT==== 18-Apr-2016::10:34:44 ===
           ts_client:(3:<0.492.0>) Error: timeout receive in state wait_ack

=INFO REPORT==== 18-Apr-2016::10:34:44 ===
           ts_client:(3:<0.445.0>) Error: timeout receive in state wait_ack

=INFO REPORT==== 18-Apr-2016::10:34:44 ===
           ts_client:(3:<0.540.0>) Error: timeout receive in state wait_ack

=INFO REPORT==== 18-Apr-2016::10:34:45 ===
           ts_client:(3:<0.510.0>) Error: timeout receive in state wait_ack

=INFO REPORT==== 18-Apr-2016::10:34:45 ===
           ts_client:(3:<0.547.0>) Error: timeout receive in state wait_ack

=INFO REPORT==== 18-Apr-2016::10:34:45 ===
           ts_client:(3:<0.418.0>) Error: timeout receive in state wait_ack

=INFO REPORT==== 18-Apr-2016::10:34:45 ===
           ts_client:(3:<0.516.0>) Error: timeout receive in state wait_ack

=INFO REPORT==== 18-Apr-2016::10:34:45 ===
           ts_client:(3:<0.458.0>) Error: timeout receive in state wait_ack

=INFO REPORT==== 18-Apr-2016::10:34:45 ===
           ts_client:(3:<0.551.0>) Error: timeout receive in state wait_ack

=INFO REPORT==== 18-Apr-2016::10:34:45 ===
           ts_client:(3:<0.554.0>) Error: timeout receive in state wait_ack

=INFO REPORT==== 18-Apr-2016::10:34:45 ===
           ts_client:(3:<0.464.0>) Error: timeout receive in state wait_ack

=INFO REPORT==== 18-Apr-2016::10:34:45 ===
           ts_client:(3:<0.448.0>) Error: timeout receive in state wait_ack

=INFO REPORT==== 18-Apr-2016::10:34:45 ===
           ts_client:(3:<0.425.0>) Error: timeout receive in state wait_ack

=INFO REPORT==== 18-Apr-2016::10:34:45 ===
           ts_client:(3:<0.518.0>) Error: timeout receive in state wait_ack

=INFO REPORT==== 18-Apr-2016::10:34:45 ===
           ts_client:(3:<0.559.0>) Error: timeout receive in state wait_ack

=INFO REPORT==== 18-Apr-2016::10:34:45 ===
           ts_client:(3:<0.463.0>) Error: timeout receive in state wait_ack

=INFO REPORT==== 18-Apr-2016::10:34:45 ===
           ts_client:(3:<0.562.0>) Error: timeout receive in state wait_ack

=INFO REPORT==== 18-Apr-2016::10:34:45 ===
           ts_client:(3:<0.561.0>) Error: timeout receive in state wait_ack

=INFO REPORT==== 18-Apr-2016::10:34:45 ===
           ts_client:(3:<0.392.0>) Error: timeout receive in state wait_ack

=INFO REPORT==== 18-Apr-2016::10:34:45 ===
           ts_client:(3:<0.382.0>) Error: timeout receive in state wait_ack

=INFO REPORT==== 18-Apr-2016::10:34:45 ===
           ts_client:(3:<0.264.0>) Error: timeout receive in state wait_ack

=INFO REPORT==== 18-Apr-2016::10:34:45 ===
           ts_client:(3:<0.565.0>) Error: timeout receive in state wait_ack

=INFO REPORT==== 18-Apr-2016::10:34:45 ===
           ts_client:(3:<0.570.0>) Error: timeout receive in state wait_ack

=INFO REPORT==== 18-Apr-2016::10:34:45 ===
           ts_client:(3:<0.573.0>) Error: timeout receive in state wait_ack

=INFO REPORT==== 18-Apr-2016::10:34:45 ===
           ts_client:(3:<0.466.0>) Error: timeout receive in state wait_ack

=INFO REPORT==== 18-Apr-2016::10:34:45 ===
           ts_client:(3:<0.576.0>) Error: timeout receive in state wait_ack

=INFO REPORT==== 18-Apr-2016::10:34:45 ===
           ts_client:(3:<0.536.0>) Error: timeout receive in state wait_ack

=INFO REPORT==== 18-Apr-2016::10:34:45 ===
           ts_client:(3:<0.582.0>) Error: timeout receive in state wait_ack

=INFO REPORT==== 18-Apr-2016::10:34:45 ===
           ts_client:(3:<0.417.0>) Error: timeout receive in state wait_ack

=INFO REPORT==== 18-Apr-2016::10:34:45 ===
           ts_client:(3:<0.590.0>) Error: timeout receive in state wait_ack

=INFO REPORT==== 18-Apr-2016::10:34:45 ===
           ts_client:(3:<0.452.0>) Error: timeout receive in state wait_ack

=INFO REPORT==== 18-Apr-2016::10:34:45 ===
           ts_client:(3:<0.592.0>) Error: timeout receive in state wait_ack

=INFO REPORT==== 18-Apr-2016::10:34:45 ===
           ts_client:(3:<0.444.0>) Error: timeout receive in state wait_ack

=INFO REPORT==== 18-Apr-2016::10:34:45 ===
           ts_client:(3:<0.598.0>) Error: timeout receive in state wait_ack

=INFO REPORT==== 18-Apr-2016::10:34:45 ===
           ts_client:(3:<0.419.0>) Error: timeout receive in state wait_ack

=INFO REPORT==== 18-Apr-2016::10:34:45 ===
           ts_client:(3:<0.451.0>) Error: timeout receive in state wait_ack

=INFO REPORT==== 18-Apr-2016::10:34:45 ===
           ts_client:(3:<0.599.0>) Error: timeout receive in state wait_ack

=INFO REPORT==== 18-Apr-2016::10:34:45 ===
           ts_client:(3:<0.563.0>) Error: timeout receive in state wait_ack

=INFO REPORT==== 18-Apr-2016::10:34:45 ===
           ts_client:(3:<0.372.0>) Error: timeout receive in state wait_ack

=INFO REPORT==== 18-Apr-2016::10:34:45 ===
           ts_client:(3:<0.583.0>) Error: timeout receive in state wait_ack

=INFO REPORT==== 18-Apr-2016::10:34:45 ===
           ts_client:(3:<0.455.0>) Error: timeout receive in state wait_ack

=INFO REPORT==== 18-Apr-2016::10:34:45 ===
           ts_client:(3:<0.611.0>) Error: timeout receive in state wait_ack

=INFO REPORT==== 18-Apr-2016::10:34:45 ===
           ts_client:(3:<0.501.0>) Error: timeout receive in state wait_ack

=INFO REPORT==== 18-Apr-2016::10:34:45 ===
           ts_client:(3:<0.513.0>) Error: timeout receive in state wait_ack

=INFO REPORT==== 18-Apr-2016::10:34:45 ===
           ts_client:(3:<0.345.0>) Error: timeout receive in state wait_ack

=INFO REPORT==== 18-Apr-2016::10:34:45 ===
           ts_client:(3:<0.612.0>) Error: timeout receive in state wait_ack

=INFO REPORT==== 18-Apr-2016::10:34:45 ===
           ts_client:(3:<0.471.0>) Error: timeout receive in state wait_ack

=INFO REPORT==== 18-Apr-2016::10:34:45 ===
           ts_client:(3:<0.614.0>) Error: timeout receive in state wait_ack

=INFO REPORT==== 18-Apr-2016::10:34:45 ===
           ts_client:(3:<0.515.0>) Error: timeout receive in state wait_ack

=INFO REPORT==== 18-Apr-2016::10:34:45 ===
           ts_client:(3:<0.585.0>) Error: timeout receive in state wait_ack

=INFO REPORT==== 18-Apr-2016::10:34:45 ===
           ts_client:(3:<0.522.0>) Error: timeout receive in state wait_ack

=INFO REPORT==== 18-Apr-2016::10:34:45 ===
           ts_client:(3:<0.400.0>) Error: timeout receive in state wait_ack

=INFO REPORT==== 18-Apr-2016::10:34:45 ===
           ts_client:(3:<0.532.0>) Error: timeout receive in state wait_ack

=INFO REPORT==== 18-Apr-2016::10:34:45 ===
           ts_client:(3:<0.619.0>) Error: timeout receive in state wait_ack

=INFO REPORT==== 18-Apr-2016::10:34:45 ===
           ts_client:(3:<0.588.0>) Error: timeout receive in state wait_ack

=INFO REPORT==== 18-Apr-2016::10:34:45 ===
           ts_client:(3:<0.629.0>) Error: timeout receive in state wait_ack

=INFO REPORT==== 18-Apr-2016::10:34:45 ===
           ts_client:(3:<0.620.0>) Error: timeout receive in state wait_ack

=INFO REPORT==== 18-Apr-2016::10:34:45 ===
           ts_client:(3:<0.495.0>) Error: timeout receive in state wait_ack

=INFO REPORT==== 18-Apr-2016::10:34:45 ===
           ts_client:(3:<0.541.0>) Error: timeout receive in state wait_ack

=INFO REPORT==== 18-Apr-2016::10:34:45 ===
           ts_client:(3:<0.535.0>) Error: timeout receive in state wait_ack

=INFO REPORT==== 18-Apr-2016::10:34:45 ===
           ts_client:(3:<0.569.0>) Error: timeout receive in state wait_ack

=INFO REPORT==== 18-Apr-2016::10:34:45 ===
           ts_client:(3:<0.634.0>) Error: timeout receive in state wait_ack

=INFO REPORT==== 18-Apr-2016::10:34:45 ===
           ts_client:(3:<0.424.0>) Error: timeout receive in state wait_ack

=INFO REPORT==== 18-Apr-2016::10:34:45 ===
           ts_client:(3:<0.472.0>) Error: timeout receive in state wait_ack

=INFO REPORT==== 18-Apr-2016::10:34:46 ===
           ts_client:(3:<0.644.0>) Error: timeout receive in state wait_ack

=INFO REPORT==== 18-Apr-2016::10:34:46 ===
           ts_client:(3:<0.502.0>) Error: timeout receive in state wait_ack

=INFO REPORT==== 18-Apr-2016::10:34:46 ===
           ts_client:(3:<0.430.0>) Error: timeout receive in state wait_ack

=INFO REPORT==== 18-Apr-2016::10:34:46 ===
           ts_client:(3:<0.361.0>) Error: timeout receive in state wait_ack

=INFO REPORT==== 18-Apr-2016::10:34:46 ===
           ts_client:(3:<0.659.0>) Error: timeout receive in state wait_ack

=INFO REPORT==== 18-Apr-2016::10:34:46 ===
           ts_client:(3:<0.649.0>) Error: timeout receive in state wait_ack

=INFO REPORT==== 18-Apr-2016::10:34:46 ===
           ts_client:(3:<0.654.0>) Error: timeout receive in state wait_ack

=INFO REPORT==== 18-Apr-2016::10:34:46 ===
           ts_client:(3:<0.663.0>) Error: timeout receive in state wait_ack

=INFO REPORT==== 18-Apr-2016::10:34:46 ===
           ts_client:(3:<0.625.0>) Error: timeout receive in state wait_ack

=INFO REPORT==== 18-Apr-2016::10:34:46 ===
           ts_client:(3:<0.660.0>) Error: timeout receive in state wait_ack

=INFO REPORT==== 18-Apr-2016::10:34:46 ===
           ts_client:(3:<0.657.0>) Error: timeout receive in state wait_ack

=INFO REPORT==== 18-Apr-2016::10:34:46 ===
           ts_client:(3:<0.560.0>) Error: timeout receive in state wait_ack

=INFO REPORT==== 18-Apr-2016::10:34:46 ===
           ts_client:(3:<0.666.0>) Error: timeout receive in state wait_ack

=INFO REPORT==== 18-Apr-2016::10:34:46 ===
           ts_client:(3:<0.668.0>) Error: timeout receive in state wait_ack

=INFO REPORT==== 18-Apr-2016::10:34:46 ===
           ts_client:(3:<0.543.0>) Error: timeout receive in state wait_ack

=INFO REPORT==== 18-Apr-2016::10:34:46 ===
           ts_client:(3:<0.534.0>) Error: timeout receive in state wait_ack

=INFO REPORT==== 18-Apr-2016::10:34:46 ===
           ts_client:(3:<0.475.0>) Error: timeout receive in state wait_ack

=INFO REPORT==== 18-Apr-2016::10:34:46 ===
           ts_client:(3:<0.558.0>) Error: timeout receive in state wait_ack

=INFO REPORT==== 18-Apr-2016::10:34:46 ===
           ts_client:(3:<0.617.0>) Error: timeout receive in state wait_ack

=INFO REPORT==== 18-Apr-2016::10:34:46 ===
           ts_client:(3:<0.545.0>) Error: timeout receive in state wait_ack

=INFO REPORT==== 18-Apr-2016::10:34:46 ===
           ts_client:(3:<0.626.0>) Error: timeout receive in state wait_ack

=INFO REPORT==== 18-Apr-2016::10:34:46 ===
           ts_client:(3:<0.557.0>) Error: timeout receive in state wait_ack

=INFO REPORT==== 18-Apr-2016::10:34:46 ===
           ts_client:(3:<0.391.0>) Error: timeout receive in state wait_ack

=INFO REPORT==== 18-Apr-2016::10:34:46 ===
           ts_client:(3:<0.528.0>) Error: timeout receive in state wait_ack

=INFO REPORT==== 18-Apr-2016::10:34:46 ===
           ts_client:(3:<0.641.0>) Error: timeout receive in state wait_ack

=INFO REPORT==== 18-Apr-2016::10:34:46 ===
           ts_client:(3:<0.433.0>) Error: timeout receive in state wait_ack

=INFO REPORT==== 18-Apr-2016::10:34:46 ===
           ts_client:(3:<0.509.0>) Error: timeout receive in state wait_ack

=INFO REPORT==== 18-Apr-2016::10:34:46 ===
           ts_client:(3:<0.675.0>) Error: timeout receive in state wait_ack

=INFO REPORT==== 18-Apr-2016::10:34:46 ===
           ts_client:(3:<0.676.0>) Error: timeout receive in state wait_ack

=INFO REPORT==== 18-Apr-2016::10:34:46 ===
           ts_client:(3:<0.672.0>) Error: timeout receive in state wait_ack

=INFO REPORT==== 18-Apr-2016::10:34:46 ===
           ts_client:(3:<0.678.0>) Error: timeout receive in state wait_ack

=INFO REPORT==== 18-Apr-2016::10:34:46 ===
           ts_client:(3:<0.546.0>) Error: timeout receive in state wait_ack

=INFO REPORT==== 18-Apr-2016::10:34:46 ===
           ts_client:(3:<0.691.0>) Error: timeout receive in state wait_ack

=INFO REPORT==== 18-Apr-2016::10:34:46 ===
           ts_client:(3:<0.556.0>) Error: timeout receive in state wait_ack

=INFO REPORT==== 18-Apr-2016::10:34:46 ===
           ts_client:(3:<0.533.0>) Error: timeout receive in state wait_ack

=INFO REPORT==== 18-Apr-2016::10:34:46 ===
           ts_client:(3:<0.530.0>) Error: timeout receive in state wait_ack

=INFO REPORT==== 18-Apr-2016::10:34:46 ===
           ts_client:(3:<0.594.0>) Error: timeout receive in state wait_ack

=INFO REPORT==== 18-Apr-2016::10:34:46 ===
           ts_client:(3:<0.480.0>) Error: timeout receive in state wait_ack

=INFO REPORT==== 18-Apr-2016::10:34:46 ===
           ts_client:(3:<0.637.0>) Error: timeout receive in state wait_ack

=INFO REPORT==== 18-Apr-2016::10:34:46 ===
           ts_client:(3:<0.693.0>) Error: timeout receive in state wait_ack

=INFO REPORT==== 18-Apr-2016::10:34:46 ===
           ts_client:(3:<0.656.0>) Error: timeout receive in state wait_ack

=INFO REPORT==== 18-Apr-2016::10:34:46 ===
           ts_client:(3:<0.682.0>) Error: timeout receive in state wait_ack

=INFO REPORT==== 18-Apr-2016::10:34:46 ===
           ts_client:(3:<0.437.0>) Error: timeout receive in state wait_ack

=INFO REPORT==== 18-Apr-2016::10:34:46 ===
           ts_client:(3:<0.703.0>) Error: timeout receive in state wait_ack

=INFO REPORT==== 18-Apr-2016::10:34:46 ===
           ts_client:(3:<0.671.0>) Error: timeout receive in state wait_ack

=INFO REPORT==== 18-Apr-2016::10:34:46 ===
           ts_client:(3:<0.704.0>) Error: timeout receive in state wait_ack

=INFO REPORT==== 18-Apr-2016::10:34:46 ===
           ts_client:(3:<0.674.0>) Error: timeout receive in state wait_ack

=INFO REPORT==== 18-Apr-2016::10:34:46 ===
           ts_client:(3:<0.597.0>) Error: timeout receive in state wait_ack

=INFO REPORT==== 18-Apr-2016::10:34:46 ===
           ts_client:(3:<0.628.0>) Error: timeout receive in state wait_ack

=INFO REPORT==== 18-Apr-2016::10:34:46 ===
           ts_client:(3:<0.716.0>) Error: timeout receive in state wait_ack

=INFO REPORT==== 18-Apr-2016::10:34:46 ===
           ts_client:(3:<0.511.0>) Error: timeout receive in state wait_ack

=INFO REPORT==== 18-Apr-2016::10:34:46 ===
           ts_client:(3:<0.718.0>) Error: timeout receive in state wait_ack

=INFO REPORT==== 18-Apr-2016::10:34:46 ===
           ts_client:(3:<0.608.0>) Error: timeout receive in state wait_ack

=INFO REPORT==== 18-Apr-2016::10:34:46 ===
           ts_client:(3:<0.717.0>) Error: timeout receive in state wait_ack

=INFO REPORT==== 18-Apr-2016::10:34:46 ===
           ts_client:(3:<0.722.0>) Error: timeout receive in state wait_ack

=INFO REPORT==== 18-Apr-2016::10:34:46 ===
           ts_client:(3:<0.721.0>) Error: timeout receive in state wait_ack

=INFO REPORT==== 18-Apr-2016::10:34:46 ===
           ts_client:(3:<0.577.0>) Error: timeout receive in state wait_ack

=INFO REPORT==== 18-Apr-2016::10:34:46 ===
           ts_client:(3:<0.725.0>) Error: timeout receive in state wait_ack

=INFO REPORT==== 18-Apr-2016::10:34:46 ===
           ts_client:(3:<0.642.0>) Error: timeout receive in state wait_ack

=INFO REPORT==== 18-Apr-2016::10:34:46 ===
           ts_client:(3:<0.633.0>) Error: timeout receive in state wait_ack

=INFO REPORT==== 18-Apr-2016::10:34:46 ===
           ts_client:(3:<0.728.0>) Error: timeout receive in state wait_ack

=INFO REPORT==== 18-Apr-2016::10:34:46 ===
           ts_client:(3:<0.605.0>) Error: timeout receive in state wait_ack

=INFO REPORT==== 18-Apr-2016::10:34:47 ===
           ts_client:(3:<0.736.0>) Error: timeout receive in state wait_ack

=INFO REPORT==== 18-Apr-2016::10:34:47 ===
           ts_client:(3:<0.734.0>) Error: timeout receive in state wait_ack

=INFO REPORT==== 18-Apr-2016::10:34:47 ===
           ts_client:(3:<0.596.0>) Error: timeout receive in state wait_ack

=INFO REPORT==== 18-Apr-2016::10:34:47 ===
           ts_client:(3:<0.525.0>) Error: timeout receive in state wait_ack

=INFO REPORT==== 18-Apr-2016::10:34:47 ===
           ts_client:(3:<0.726.0>) Error: timeout receive in state wait_ack

=INFO REPORT==== 18-Apr-2016::10:34:47 ===
           ts_client:(3:<0.652.0>) Error: timeout receive in state wait_ack

=INFO REPORT==== 18-Apr-2016::10:34:47 ===
           ts_client:(3:<0.645.0>) Error: timeout receive in state wait_ack

=INFO REPORT==== 18-Apr-2016::10:34:47 ===
           ts_client:(3:<0.646.0>) Error: timeout receive in state wait_ack

=INFO REPORT==== 18-Apr-2016::10:34:47 ===
           ts_client:(3:<0.651.0>) Error: timeout receive in state wait_ack

=INFO REPORT==== 18-Apr-2016::10:34:47 ===
           ts_client:(3:<0.708.0>) Error: timeout receive in state wait_ack

=INFO REPORT==== 18-Apr-2016::10:34:47 ===
           ts_client:(3:<0.606.0>) Error: timeout receive in state wait_ack

=INFO REPORT==== 18-Apr-2016::10:34:47 ===
           ts_client:(3:<0.755.0>) Error: timeout receive in state wait_ack

=INFO REPORT==== 18-Apr-2016::10:34:47 ===
           ts_client:(3:<0.706.0>) Error: timeout receive in state wait_ack

=INFO REPORT==== 18-Apr-2016::10:34:47 ===
           ts_client:(3:<0.747.0>) Error: timeout receive in state wait_ack

=INFO REPORT==== 18-Apr-2016::10:34:47 ===
           ts_client:(3:<0.711.0>) Error: timeout receive in state wait_ack

=INFO REPORT==== 18-Apr-2016::10:34:47 ===
           ts_client:(3:<0.653.0>) Error: timeout receive in state wait_ack

=INFO REPORT==== 18-Apr-2016::10:34:47 ===
           ts_client:(3:<0.723.0>) Error: timeout receive in state wait_ack

=INFO REPORT==== 18-Apr-2016::10:34:47 ===
           ts_client:(3:<0.760.0>) Error: timeout receive in state wait_ack

=INFO REPORT==== 18-Apr-2016::10:34:47 ===
           ts_client:(3:<0.589.0>) Error: timeout receive in state wait_ack

=INFO REPORT==== 18-Apr-2016::10:34:47 ===
           ts_client:(3:<0.474.0>) Error: timeout receive in state wait_ack

=INFO REPORT==== 18-Apr-2016::10:34:47 ===
           ts_client:(3:<0.767.0>) Error: timeout receive in state wait_ack

=INFO REPORT==== 18-Apr-2016::10:34:47 ===
           ts_client:(3:<0.408.0>) Error: timeout receive in state wait_ack

=INFO REPORT==== 18-Apr-2016::10:34:47 ===
           ts_client:(3:<0.778.0>) Error: timeout receive in state wait_ack

=INFO REPORT==== 18-Apr-2016::10:34:47 ===
           ts_client:(3:<0.670.0>) Error: timeout receive in state wait_ack

=INFO REPORT==== 18-Apr-2016::10:34:47 ===
           ts_client:(3:<0.780.0>) Error: timeout receive in state wait_ack

=INFO REPORT==== 18-Apr-2016::10:34:47 ===
           ts_client:(3:<0.783.0>) Error: timeout receive in state wait_ack

=INFO REPORT==== 18-Apr-2016::10:34:47 ===
           ts_client:(3:<0.700.0>) Error: timeout receive in state wait_ack

=INFO REPORT==== 18-Apr-2016::10:34:47 ===
           ts_client:(3:<0.603.0>) Error: timeout receive in state wait_ack

=INFO REPORT==== 18-Apr-2016::10:34:47 ===
           ts_client:(3:<0.791.0>) Error: timeout receive in state wait_ack

=INFO REPORT==== 18-Apr-2016::10:34:47 ===
           ts_client:(3:<0.566.0>) Error: timeout receive in state wait_ack

=INFO REPORT==== 18-Apr-2016::10:34:47 ===
           ts_client:(3:<0.740.0>) Error: timeout receive in state wait_ack

=INFO REPORT==== 18-Apr-2016::10:34:47 ===
           ts_client:(3:<0.677.0>) Error: timeout receive in state wait_ack

=INFO REPORT==== 18-Apr-2016::10:34:47 ===
           ts_client:(3:<0.537.0>) Error: timeout receive in state wait_ack

=INFO REPORT==== 18-Apr-2016::10:34:48 ===
           ts_client:(3:<0.803.0>) Error: timeout receive in state wait_ack

=INFO REPORT==== 18-Apr-2016::10:34:48 ===
           ts_client:(3:<0.346.0>) Error: timeout receive in state wait_ack

=INFO REPORT==== 18-Apr-2016::10:34:48 ===
           ts_client:(3:<0.744.0>) Error: timeout receive in state wait_ack

=INFO REPORT==== 18-Apr-2016::10:34:48 ===
           ts_client:(3:<0.771.0>) Error: timeout receive in state wait_ack

=INFO REPORT==== 18-Apr-2016::10:34:48 ===
           ts_client:(3:<0.729.0>) Error: timeout receive in state wait_ack

=INFO REPORT==== 18-Apr-2016::10:34:48 ===
           ts_client:(3:<0.795.0>) Error: timeout receive in state wait_ack

=INFO REPORT==== 18-Apr-2016::10:34:48 ===
           ts_client:(3:<0.735.0>) Error: timeout receive in state wait_ack

=INFO REPORT==== 18-Apr-2016::10:34:48 ===
           ts_client:(3:<0.622.0>) Error: timeout receive in state wait_ack

=INFO REPORT==== 18-Apr-2016::10:34:48 ===
           ts_client:(3:<0.764.0>) Error: timeout receive in state wait_ack

=INFO REPORT==== 18-Apr-2016::10:34:48 ===
           ts_client:(3:<0.697.0>) Error: timeout receive in state wait_ack

=INFO REPORT==== 18-Apr-2016::10:34:48 ===
           ts_client:(3:<0.621.0>) Error: timeout receive in state wait_ack

=INFO REPORT==== 18-Apr-2016::10:34:48 ===
           ts_client:(3:<0.750.0>) Error: timeout receive in state wait_ack

=INFO REPORT==== 18-Apr-2016::10:34:48 ===
           ts_client:(3:<0.768.0>) Error: timeout receive in state wait_ack

=INFO REPORT==== 18-Apr-2016::10:34:48 ===
           ts_client:(3:<0.692.0>) Error: timeout receive in state wait_ack

=INFO REPORT==== 18-Apr-2016::10:34:48 ===
           ts_client:(3:<0.601.0>) Error: timeout receive in state wait_ack

=INFO REPORT==== 18-Apr-2016::10:34:48 ===
           ts_client:(3:<0.529.0>) Error: timeout receive in state wait_ack

=INFO REPORT==== 18-Apr-2016::10:34:48 ===
           ts_client:(3:<0.447.0>) Error: timeout receive in state wait_ack

=INFO REPORT==== 18-Apr-2016::10:34:49 ===
           ts_client:(3:<0.701.0>) Error: timeout receive in state wait_ack

=INFO REPORT==== 18-Apr-2016::10:34:49 ===
           ts_client:(3:<0.732.0>) Error: timeout receive in state wait_ack

=INFO REPORT==== 18-Apr-2016::10:34:49 ===
           ts_client:(3:<0.632.0>) Error: timeout receive in state wait_ack

=INFO REPORT==== 18-Apr-2016::10:34:49 ===
           ts_client:(3:<0.623.0>) Error: timeout receive in state wait_ack

=INFO REPORT==== 18-Apr-2016::10:34:49 ===
           ts_client:(3:<0.793.0>) Error: timeout receive in state wait_ack

=INFO REPORT==== 18-Apr-2016::10:34:49 ===
           ts_client:(3:<0.610.0>) Error: timeout receive in state wait_ack

=INFO REPORT==== 18-Apr-2016::10:34:50 ===
     ts_launcher_mgr:(5:<0.127.0>) No more active users 'tsung_controller@daviddeMacBook-Pro' "71116"

=INFO REPORT==== 18-Apr-2016::10:34:50 ===
              ts_mon:(5:<0.72.0>) stopping monitor (normal)
