# stats: dump at 1458813370
stats: users 763 763
stats: {load,"tsung_controller@daviddeMacBook-Pro"} 1 1.98828125 0 1.98828125 1.98828125 0 0
stats: {cpu,"tsung_controller@daviddeMacBook-Pro"} 1 0 0 0 0 0 0
stats: {freemem,"tsung_controller@daviddeMacBook-Pro"} 1 31.8125 0 31.8125 31.8125 0 0
stats: session 100 6356.8863916015625 580.0892764610046 7346.72802734375 5141.447998046875 0 0
stats: users_count 863 863
stats: finish_users_count 100 100
stats: request 100 6354.777119140625 580.1311347336464 7344.944091796875 5139.565185546875 0 0
stats: connect 800 720.1749652099603 638.6289576337632 3581.06298828125 51.7880859375 0 0
stats: page 100 6354.777119140625 580.1311347336464 7344.944091796875 5139.565185546875 0 0
stats: size_rcv 269060 269060
stats: size_sent 251800 251800
stats: connected 700 700
stats: 500 100 100
# stats: dump at 1458813380
stats: users 800 800
stats: {load,"tsung_controller@daviddeMacBook-Pro"} 1 1.91015625 0.0 1.98828125 1.91015625 1.98828125 1
stats: {cpu,"tsung_controller@daviddeMacBook-Pro"} 1 0.0 0.0 0 0 0.0 1
stats: {freemem,"tsung_controller@daviddeMacBook-Pro"} 1 17.59765625 0.0 31.8125 17.59765625 31.8125 1
stats: session 0 0 0 7346.72802734375 5141.447998046875 6356.8863916015625 100
stats: users_count 37 900
stats: finish_users_count 0 100
stats: request 0 0 0 7344.944091796875 5139.565185546875 6354.777119140625 100
stats: size_rcv 0 269060
stats: connect 100 111.61610351562501 189.70324624138803 3581.06298828125 51.7880859375 720.1749652099603 800
stats: page 0 0 0 7344.944091796875 5139.565185546875 6354.777119140625 100
stats: size_sent 31444 283244
stats: connected 100 800
stats: 500 0 100
# stats: dump at 1458813390
stats: users 800 800
stats: {load,"tsung_controller@daviddeMacBook-Pro"} 1 2.0703125 0.0 2.0703125 1.91015625 1.94921875 2
stats: {cpu,"tsung_controller@daviddeMacBook-Pro"} 1 0.0 0.0 0 0 0.0 2
stats: {freemem,"tsung_controller@daviddeMacBook-Pro"} 1 18.33984375 0.0 31.8125 17.59765625 24.705078125 2
stats: session 0 0 0 7346.72802734375 5141.447998046875 6356.8863916015625 100
stats: users_count 0 900
stats: finish_users_count 0 100
stats: request 0 0 0 7344.944091796875 5139.565185546875 6354.777119140625 100
stats: size_rcv 0 269060
stats: connect 0 0 0 3581.06298828125 51.7880859375 652.5573139105898 900
stats: page 0 0 0 7344.944091796875 5139.565185546875 6354.777119140625 100
stats: size_sent 0 283244
stats: connected 0 800
stats: 500 0 100
