# stats: dump at 1459243141
stats: users 640 654
stats: {load,"tsung_controller@daviddeMacBook-Pro"} 1 7.140625 0 7.140625 7.140625 0 0
stats: {cpu,"tsung_controller@daviddeMacBook-Pro"} 1 0 0 0 0 0 0
stats: {freemem,"tsung_controller@daviddeMacBook-Pro"} 1 323.06640625 0 323.06640625 323.06640625 0 0
stats: session 254 6009.707561823328 268.9962094491491 6922.778076171875 5602.580078125 0 0
stats: users_count 894 894
stats: finish_users_count 254 254
stats: request 213 5905.854312234082 125.24691182154476 6618.4521484375 5596.715087890625 0 0
stats: connect 838 25.898782734654688 30.812225513026352 200.18798828125 8.387939453125 0 0
stats: page 213 5905.854312234082 125.24691182154476 6618.4521484375 5596.715087890625 0 0
stats: 200 246 246
stats: size_rcv 3225459 3225459
stats: size_sent 264588 264588
stats: connected 625 625
# stats: dump at 1459243151
stats: users 694 800
stats: {load,"tsung_controller@daviddeMacBook-Pro"} 1 7.55859375 0.0 7.55859375 7.140625 7.140625 1
stats: {cpu,"tsung_controller@daviddeMacBook-Pro"} 1 0.0 0.0 0 0 0.0 1
stats: {freemem,"tsung_controller@daviddeMacBook-Pro"} 1 256.21875 0.0 323.06640625 256.21875 323.06640625 1
stats: session 343 8336.496666021321 2157.1514122150693 12838.02099609375 5221.06689453125 6009.707561823328 254
stats: users_count 397 1291
stats: finish_users_count 343 597
stats: request 370 7969.818239284208 1954.379007188016 12501.884033203125 5219.090087890625 5905.854312234082 213
stats: connect 439 44.60608660930382 160.2248917869808 1215.080078125 8.387939453125 25.898782734654688 838
stats: page 370 7969.818239284208 1954.379007188016 12501.884033203125 5219.090087890625 5905.854312234082 213
stats: 200 356 602
stats: size_rcv 4239297 7464756
stats: size_sent 138534 403122
stats: connected 69 694
# stats: dump at 1459243161
stats: users 235 800
stats: {load,"tsung_controller@daviddeMacBook-Pro"} 1 6.5390625 0.0 7.55859375 6.5390625 7.349609375 2
stats: {cpu,"tsung_controller@daviddeMacBook-Pro"} 1 0.0 0.0 0 0 0.0 2
stats: {freemem,"tsung_controller@daviddeMacBook-Pro"} 1 212.546875 0.0 323.06640625 212.546875 289.642578125 2
stats: session 459 15443.23176125919 1347.9238298358725 19081.583984375 5221.06689453125 7346.539492710954 597
stats: users_count 0 1291
stats: finish_users_count 459 1056
stats: request 457 15267.622157925329 1338.4485942142849 18934.777099609375 5219.090087890625 7215.745655301916 583
stats: connect 0 0 0 1215.080078125 8.387939453125 32.32987623580658 1277
stats: page 457 15267.622157925329 1338.4485942142849 18934.777099609375 5219.090087890625 7215.745655301916 583
stats: 200 457 1059
stats: size_rcv 464869 7929625
stats: size_sent 0 403122
stats: connected -457 237
# stats: dump at 1459243171
stats: users 33 800
stats: {load,"tsung_controller@daviddeMacBook-Pro"} 1 7.94921875 0.0 7.94921875 6.5390625 7.079427083333333 3
stats: {cpu,"tsung_controller@daviddeMacBook-Pro"} 1 0.0 0.0 0 0 0.0 3
stats: {freemem,"tsung_controller@daviddeMacBook-Pro"} 1 251.36328125 0.0 323.06640625 212.546875 263.9440104166667 3
stats: session 202 18895.63784155514 529.4724026865988 19982.010986328125 5221.06689453125 10865.840393528795 1056
stats: users_count 0 1291
stats: finish_users_count 202 1258
stats: request 218 18828.318194748077 565.2529834807697 19979.6201171875 5219.090087890625 10753.926003089318 1040
stats: connect 1 19911.7900390625 0.0 19911.7900390625 8.387939453125 32.32987623580658 1277
stats: page 218 18828.318194748077 565.2529834807697 19979.6201171875 5219.090087890625 10753.926003089318 1040
stats: 200 218 1277
stats: size_rcv 69978 7999603
stats: size_sent 314 403436
stats: connected -217 20
# stats: dump at 1459243181
stats: users 32 800
stats: {load,"tsung_controller@daviddeMacBook-Pro"} 1 7.78125 0.0 7.94921875 6.5390625 7.296875 4
stats: {cpu,"tsung_controller@daviddeMacBook-Pro"} 1 0.0 0.0 0 0 0.0 4
stats: {freemem,"tsung_controller@daviddeMacBook-Pro"} 1 226.2734375 0.0 323.06640625 212.546875 260.798828125 4
stats: session 1 28622.079833984375 0.0 28622.079833984375 5221.06689453125 12155.203735739704 1258
stats: users_count 0 1291
stats: finish_users_count 1 1259
stats: request 1 28619.902099609375 0.0 28619.902099609375 5219.090087890625 12153.144999736067 1258
stats: connect 13 36710.27657376803 109.29003420583967 36928.697021484375 8.387939453125 47.88500938355829 1278
stats: page 1 28619.902099609375 0.0 28619.902099609375 5219.090087890625 12153.144999736067 1258
stats: 200 1 1278
stats: size_rcv 321 7999924
stats: size_sent 4106 407542
stats: connected 12 32
# stats: dump at 1459243191
stats: users 32 800
stats: {load,"tsung_controller@daviddeMacBook-Pro"} 1 9.66015625 0.0 9.66015625 6.5390625 7.39375 5
stats: {cpu,"tsung_controller@daviddeMacBook-Pro"} 1 0.0 0.0 0 0 0.0 5
stats: {freemem,"tsung_controller@daviddeMacBook-Pro"} 1 231.27734375 0.0 323.06640625 212.546875 253.89375 5
stats: session 0 0 0 28622.079833984375 5221.06689453125 12168.283065444426 1259
stats: users_count 0 1291
stats: finish_users_count 0 1259
stats: request 0 0 0 28619.902099609375 5219.090087890625 12166.224234922622 1259
stats: connect 0 0 0 36928.697021484375 8.387939453125 417.0647850125266 1291
stats: page 0 0 0 28619.902099609375 5219.090087890625 12166.224234922622 1259
stats: 200 0 1278
stats: size_rcv 0 7999924
stats: size_sent 0 407542
stats: connected 0 32
# stats: dump at 1459243201
stats: users 32 800
stats: {load,"tsung_controller@daviddeMacBook-Pro"} 1 9.76953125 0.0 9.76953125 6.5390625 7.771484375 6
stats: {cpu,"tsung_controller@daviddeMacBook-Pro"} 1 0.0 0.0 0 0 0.0 6
stats: {freemem,"tsung_controller@daviddeMacBook-Pro"} 1 271.23046875 0.0 323.06640625 212.546875 250.12434895833334 6
stats: session 0 0 0 28622.079833984375 5221.06689453125 12168.283065444426 1259
stats: users_count 0 1291
stats: finish_users_count 0 1259
stats: request 0 0 0 28619.902099609375 5219.090087890625 12166.224234922622 1259
stats: connect 0 0 0 36928.697021484375 8.387939453125 417.0647850125266 1291
stats: page 0 0 0 28619.902099609375 5219.090087890625 12166.224234922622 1259
stats: 200 0 1278
stats: size_rcv 0 7999924
stats: size_sent 0 407542
stats: connected 0 32
# stats: dump at 1459243211
stats: users 32 800
stats: {load,"tsung_controller@daviddeMacBook-Pro"} 1 9.44921875 0.0 9.76953125 6.5390625 8.056919642857142 7
stats: {cpu,"tsung_controller@daviddeMacBook-Pro"} 1 0.0 0.0 0 0 0.0 7
stats: {freemem,"tsung_controller@daviddeMacBook-Pro"} 1 120.78515625 0.0 323.06640625 120.78515625 253.13950892857142 7
stats: session 0 0 0 28622.079833984375 5221.06689453125 12168.283065444426 1259
stats: users_count 0 1291
stats: finish_users_count 0 1259
stats: request 0 0 0 28619.902099609375 5219.090087890625 12166.224234922622 1259
stats: connect 0 0 0 36928.697021484375 8.387939453125 417.0647850125266 1291
stats: page 0 0 0 28619.902099609375 5219.090087890625 12166.224234922622 1259
stats: 200 0 1278
stats: size_rcv 0 7999924
stats: size_sent 0 407542
stats: connected 0 32
# stats: dump at 1459243221
stats: users 32 800
stats: {load,"tsung_controller@daviddeMacBook-Pro"} 1 8.390625 0.0 9.76953125 6.5390625 8.23095703125 8
stats: {cpu,"tsung_controller@daviddeMacBook-Pro"} 1 0.0 0.0 0 0 0.0 8
stats: {freemem,"tsung_controller@daviddeMacBook-Pro"} 1 23.1875 0.0 323.06640625 23.1875 236.59521484375 8
stats: session 0 0 0 28622.079833984375 5221.06689453125 12168.283065444426 1259
stats: users_count 0 1291
stats: finish_users_count 0 1259
stats: request 0 0 0 28619.902099609375 5219.090087890625 12166.224234922622 1259
stats: connect 0 0 0 36928.697021484375 8.387939453125 417.0647850125266 1291
stats: page 0 0 0 28619.902099609375 5219.090087890625 12166.224234922622 1259
stats: 200 0 1278
stats: size_rcv 0 7999924
stats: size_sent 0 407542
stats: connected 0 32
# stats: dump at 1459243231
stats: users 32 800
stats: {load,"tsung_controller@daviddeMacBook-Pro"} 1 7.328125 0.0 9.76953125 6.5390625 8.248697916666666 9
stats: {cpu,"tsung_controller@daviddeMacBook-Pro"} 1 0.0 0.0 0 0 0.0 9
stats: {freemem,"tsung_controller@daviddeMacBook-Pro"} 1 45.75390625 0.0 323.06640625 23.1875 212.88324652777777 9
stats: session 0 0 0 28622.079833984375 5221.06689453125 12168.283065444426 1259
stats: users_count 0 1291
stats: finish_users_count 0 1259
stats: request 0 0 0 28619.902099609375 5219.090087890625 12166.224234922622 1259
stats: connect 0 0 0 36928.697021484375 8.387939453125 417.0647850125266 1291
stats: page 0 0 0 28619.902099609375 5219.090087890625 12166.224234922622 1259
stats: 200 0 1278
stats: size_rcv 0 7999924
stats: size_sent 0 407542
stats: connected 0 32
# stats: dump at 1459243241
stats: users 19 800
stats: {load,"tsung_controller@daviddeMacBook-Pro"} 1 6.4296875 0.0 9.76953125 6.4296875 8.156640625 10
stats: {cpu,"tsung_controller@daviddeMacBook-Pro"} 1 0.0 0.0 0 0 0.0 10
stats: {freemem,"tsung_controller@daviddeMacBook-Pro"} 1 73.32421875 0.0 323.06640625 23.1875 196.1703125 10
stats: session 13 96733.77501502403 110.93927718331675 96945.798828125 5221.06689453125 12168.283065444426 1259
stats: users_count 0 1291
stats: finish_users_count 13 1272
stats: request 13 96731.59363731972 110.98866198195755 96943.7138671875 5219.090087890625 12166.224234922622 1259
stats: connect 0 0 0 36928.697021484375 8.387939453125 417.0647850125266 1291
stats: page 13 96731.59363731972 110.98866198195755 96943.7138671875 5219.090087890625 12166.224234922622 1259
stats: 200 13 1291
stats: size_rcv 4173 8004097
stats: size_sent 0 407542
stats: connected -13 19
# stats: dump at 1459243251
stats: users 19 800
stats: {load,"tsung_controller@daviddeMacBook-Pro"} 1 5.8203125 0.0 9.76953125 5.8203125 7.999644886363637 11
stats: {cpu,"tsung_controller@daviddeMacBook-Pro"} 1 0.0 0.0 0 0 0.0 11
stats: {freemem,"tsung_controller@daviddeMacBook-Pro"} 1 32.04296875 0.0 323.06640625 23.1875 185.00248579545453 11
stats: session 0 0 0 96945.798828125 5221.06689453125 13032.55303033793 1272
stats: users_count 0 1291
stats: finish_users_count 0 1272
stats: request 0 0 0 96943.7138671875 5219.090087890625 13030.492947368502 1272
stats: connect 0 0 0 36928.697021484375 8.387939453125 417.0647850125266 1291
stats: page 0 0 0 96943.7138671875 5219.090087890625 13030.492947368502 1272
stats: 200 0 1291
stats: size_rcv 0 8004097
stats: size_sent 0 407542
stats: connected 0 19
