# stats: dump at 1459415782
stats: users 732 732
stats: {load,"tsung_controller@daviddeMacBook-Pro"} 1 2.3203125 0 2.3203125 2.3203125 0 0
stats: {cpu,"tsung_controller@daviddeMacBook-Pro"} 1 0 0 0 0 0 0
stats: {freemem,"tsung_controller@daviddeMacBook-Pro"} 1 28.21484375 0 28.21484375 28.21484375 0 0
stats: session 100 5172.9151391601545 61.91187219985081 5573.057861328125 5115.2509765625 0 0
stats: users_count 832 832
stats: finish_users_count 100 100
stats: request 100 5170.559519042968 61.79395512742648 5571.288818359375 5113.403076171875 0 0
stats: connect 777 81.75663641459538 43.16186437046253 569.883056640625 51.443115234375 0 0
stats: page 100 5170.559519042968 61.79395512742648 5571.288818359375 5113.403076171875 0 0
stats: 200 100 100
stats: size_rcv 32100 32100
stats: size_sent 244577 244577
stats: connected 677 677
# stats: dump at 1459415792
stats: users 576 800
stats: {load,"tsung_controller@daviddeMacBook-Pro"} 1 2.19921875 0.0 2.3203125 2.19921875 2.3203125 1
stats: {cpu,"tsung_controller@daviddeMacBook-Pro"} 1 0.0 0.0 0 0 0.0 1
stats: {freemem,"tsung_controller@daviddeMacBook-Pro"} 1 20.25 0.0 28.21484375 20.25 28.21484375 1
stats: session 224 8464.43958064488 1920.9939430694017 11422.132080078125 5115.2509765625 5172.9151391601545 100
stats: users_count 68 900
stats: finish_users_count 224 324
stats: request 224 8462.459499904084 1920.9829850707986 11420.18798828125 5113.403076171875 5170.559519042968 100
stats: connect 123 86.42054512830282 60.34413474799002 569.883056640625 51.443115234375 81.75663641459538 777
stats: page 224 8462.459499904084 1920.9829850707986 11420.18798828125 5113.403076171875 5170.559519042968 100
stats: 200 224 324
stats: size_rcv 1385187 1417287
stats: size_sent 38667 283244
stats: connected -101 576
# stats: dump at 1459415802
stats: users 308 800
stats: {load,"tsung_controller@daviddeMacBook-Pro"} 1 2.171875 0.0 2.3203125 2.171875 2.259765625 2
stats: {cpu,"tsung_controller@daviddeMacBook-Pro"} 1 0.0 0.0 0 0 0.0 2
stats: {freemem,"tsung_controller@daviddeMacBook-Pro"} 1 24.59375 0.0 28.21484375 20.25 24.232421875 2
stats: session 268 16583.01453820983 2599.743211390861 20793.368896484375 5115.2509765625 7448.536975248359 324
stats: users_count 0 900
stats: finish_users_count 268 592
stats: request 261 16480.11410440613 2559.1438159322997 20761.828125 5113.403076171875 7446.440987292628 324
stats: connect 0 0 0 569.883056640625 51.443115234375 82.3940372721354 900
stats: page 261 16480.11410440613 2559.1438159322997 20761.828125 5113.403076171875 7446.440987292628 324
stats: 200 290 614
stats: size_rcv 2263560 3680847
stats: size_sent 0 283244
stats: connected -261 315
# stats: dump at 1459415812
stats: users 200 800
stats: {load,"tsung_controller@daviddeMacBook-Pro"} 1 2.0703125 0.0 2.3203125 2.0703125 2.23046875 3
stats: {cpu,"tsung_controller@daviddeMacBook-Pro"} 1 0.0 0.0 0 0 0.0 3
stats: {freemem,"tsung_controller@daviddeMacBook-Pro"} 1 43.78125 0.0 43.78125 20.25 24.352864583333332 3
stats: session 108 23168.556075484656 1352.9636491611802 24457.054931640625 5115.2509765625 11583.739655778214 592
stats: users_count 0 900
stats: finish_users_count 108 700
stats: request 115 22994.656833814533 1475.8217973670662 24454.968994140625 5113.403076171875 11476.848993389422 585
stats: connect 0 0 0 569.883056640625 51.443115234375 82.3940372721354 900
stats: page 115 22994.656833814533 1475.8217973670662 24454.968994140625 5113.403076171875 11476.848993389422 585
stats: 200 86 700
stats: size_rcv 564936 4245783
stats: size_sent 0 283244
stats: connected -115 200
# stats: dump at 1459415822
stats: users 200 800
stats: {load,"tsung_controller@daviddeMacBook-Pro"} 1 1.98046875 0.0 2.3203125 1.98046875 2.1904296875 4
stats: {cpu,"tsung_controller@daviddeMacBook-Pro"} 1 0.0 0.0 0 0 0.0 4
stats: {freemem,"tsung_controller@daviddeMacBook-Pro"} 1 43.57421875 0.0 43.78125 20.25 29.2099609375 4
stats: session 0 0 0 24457.054931640625 5115.2509765625 13371.111331961496 700
stats: users_count 0 900
stats: finish_users_count 0 700
stats: connect 0 0 0 569.883056640625 51.443115234375 82.3940372721354 900
stats: request 0 0 0 24454.968994140625 5113.403076171875 13369.06028145926 700
stats: page 0 0 0 24454.968994140625 5113.403076171875 13369.06028145926 700
stats: 200 0 700
stats: size_rcv 0 4245783
stats: size_sent 0 283244
stats: connected 0 200
# stats: dump at 1459415832
stats: users 200 800
stats: {load,"tsung_controller@daviddeMacBook-Pro"} 1 2.05859375 0.0 2.3203125 1.98046875 2.1484375 5
stats: {cpu,"tsung_controller@daviddeMacBook-Pro"} 1 0.0 0.0 0 0 0.0 5
stats: {freemem,"tsung_controller@daviddeMacBook-Pro"} 1 21.71484375 0.0 43.78125 20.25 32.0828125 5
stats: session 0 0 0 24457.054931640625 5115.2509765625 13371.111331961496 700
stats: users_count 0 900
stats: finish_users_count 0 700
stats: request 0 0 0 24454.968994140625 5113.403076171875 13369.06028145926 700
stats: page 0 0 0 24454.968994140625 5113.403076171875 13369.06028145926 700
stats: 200 0 700
stats: connect 0 0 0 569.883056640625 51.443115234375 82.3940372721354 900
stats: size_rcv 0 4245783
stats: size_sent 0 283244
stats: connected 0 200
# stats: dump at 1459415838
stats: users 0 800
stats: {load,"tsung_controller@daviddeMacBook-Pro"} 1 3.01171875 0.0 3.01171875 1.98046875 2.1334635416666665 6
stats: {cpu,"tsung_controller@daviddeMacBook-Pro"} 1 0.0 0.0 0 0 0.0 6
stats: {freemem,"tsung_controller@daviddeMacBook-Pro"} 1 52.78515625 0.0 52.78515625 20.25 30.354817708333332 6
stats: session 200 60315.553364257816 131.9046218853479 61706.18603515625 5115.2509765625 13371.111331961496 700
stats: users_count 0 900
stats: finish_users_count 200 900
stats: connect 0 0 0 569.883056640625 51.443115234375 82.3940372721354 900
stats: page 200 60313.55378417969 131.90694778467923 61704.327880859375 5113.403076171875 13369.06028145926 700
stats: request 200 60313.55378417969 131.90694778467923 61704.327880859375 5113.403076171875 13369.06028145926 700
stats: 200 0 700
stats: size_rcv 538160 4783943
stats: size_sent 0 283244
stats: connected -200 0
stats: 500 200 200
EndMonitor:{1459,415838,875748}
