
=INFO REPORT==== 28-Mar-2016::14:42:29 ===
    ts_config_server:(5:<0.71.0>) Config server started, logdir is "/Users/admin/Job/jshy/tsung/tsung-1.6.0/examples/log/20160328-1442"
 
=INFO REPORT==== 28-Mar-2016::14:42:29 ===
              ts_mon:(5:<0.52.0>) starting monitor, global 

=INFO REPORT==== 28-Mar-2016::14:42:29 ===
           ts_config:(5:<0.71.0>) Reading config file: http_simple2.xml

=INFO REPORT==== 28-Mar-2016::14:42:29 ===
      ts_config_http:(4:<0.71.0>) Get user agent: 80 "Mozilla/5.0 (X11; U; Linux i686; en-US; rv:1.7.8) Gecko/20050513 Galeon/1.3.21" 

=INFO REPORT==== 28-Mar-2016::14:42:29 ===
      ts_config_http:(4:<0.71.0>) Get user agent: 20 "Mozilla/5.0 (Windows; U; Windows NT 5.2; fr-FR; rv:1.7.8) Gecko/20050511 Firefox/1.0.4" 

=INFO REPORT==== 28-Mar-2016::14:42:29 ===
           ts_config:(5:<0.71.0>) Session name for id 1 is "http-example"

=INFO REPORT==== 28-Mar-2016::14:42:29 ===
    ts_config_server:(4:<0.71.0>) SYSINFO:Tsung version: 1.6.0

=INFO REPORT==== 28-Mar-2016::14:42:29 ===
    ts_config_server:(4:<0.71.0>) SYSINFO:Erlang version: Erlang R16B03-1 (erts-5.10.4) [source] [64-bit] [smp:4:4] [async-threads:8] [hipe] [kernel-poll:true]


=INFO REPORT==== 28-Mar-2016::14:42:29 ===
    ts_config_server:(4:<0.71.0>) SYSINFO:System architecture x86_64-apple-darwin14.3.0

=INFO REPORT==== 28-Mar-2016::14:42:29 ===
    ts_config_server:(4:<0.71.0>) SYSINFO:Current path: /usr/local/lib/erlang/lib/tsung-1.6.0/ebin/tsung.beam

=INFO REPORT==== 28-Mar-2016::14:42:29 ===
      ts_os_mon_snmp:(5:<0.89.0>) starting os_mon_snmp with args {"myserver",
                                                                  {161,
                                                                   "public",
                                                                   v2,[]},
                                                                  10000,
                                                                  {global,
                                                                   ts_mon}}
=INFO REPORT==== 28-Mar-2016::14:42:37 ===
              ts_mon:(5:<0.72.0>) Activate clients with text backend

=INFO REPORT==== 28-Mar-2016::14:42:37 ===
              ts_mon:(5:<0.72.0>) Starting tsung clients on hosts: [localhost]

=INFO REPORT==== 28-Mar-2016::14:42:37 ===
    ts_config_server:(5:<0.71.0>) Start a launcher on the controller beam localhost

=INFO REPORT==== 28-Mar-2016::14:42:37 ===
    alarm_handler: {set,{{disk_almost_full,"/"},[]}}

=INFO REPORT==== 28-Mar-2016::14:42:37 ===
    alarm_handler: {set,{system_memory_high_watermark,[]}}

=ERROR REPORT==== 28-Mar-2016::14:42:37 ===
OS_MON (cpu_sup), util/1 unavailable for this OS

=INFO REPORT==== 28-Mar-2016::14:42:37 ===
  ts_launcher_static:(5:<0.133.0>) Launch msg receive ("localhost")

=INFO REPORT==== 28-Mar-2016::14:42:37 ===
         ts_launcher:(5:<0.134.0>) Launch msg receive ("localhost")

=INFO REPORT==== 28-Mar-2016::14:42:37 ===
    ts_config_server:(5:<0.71.0>) All remote beams started, syncing 

=INFO REPORT==== 28-Mar-2016::14:42:37 ===
    ts_config_server:(5:<0.71.0>) Undefined ports_range config 

=INFO REPORT==== 28-Mar-2016::14:42:37 ===
    ts_config_server:(5:<0.71.0>) New arrival phase 1 for client "localhost" (last ? true): will start 6000 users

=INFO REPORT==== 28-Mar-2016::14:42:37 ===
         ts_launcher:(5:<0.134.0>) Expected duration of first phase: 60.0 sec (6000 users) 

=INFO REPORT==== 28-Mar-2016::14:42:37 ===
         ts_launcher:(5:<0.134.0>) Can't get file descriptors limit from system, you should verify that 'maxusers' has a good value 
=INFO REPORT==== 28-Mar-2016::14:42:37 ===
         ts_launcher:(5:<0.134.0>) Activate launcher (6000 users) in 989 msec 

=INFO REPORT==== 28-Mar-2016::14:42:46 ===
         ts_launcher:(5:<0.134.0>) Max number of concurrent clients reached, must start a new beam

=INFO REPORT==== 28-Mar-2016::14:42:46 ===
    ts_config_server:(0:<0.71.0>) Maximum number of concurrent users in a single VM reached and 'use_controller_vm' is true, can't start new beam !!! Check 'maxusers' value in <client> configuration.

=ERROR REPORT==== 28-Mar-2016::14:42:47 ===
OS_MON (cpu_sup), util/1 unavailable for this OS

=ERROR REPORT==== 28-Mar-2016::14:42:57 ===
OS_MON (cpu_sup), util/1 unavailable for this OS

=ERROR REPORT==== 28-Mar-2016::14:43:07 ===
OS_MON (cpu_sup), util/1 unavailable for this OS

=ERROR REPORT==== 28-Mar-2016::14:43:17 ===
OS_MON (cpu_sup), util/1 unavailable for this OS

=ERROR REPORT==== 28-Mar-2016::14:43:27 ===
OS_MON (cpu_sup), util/1 unavailable for this OS

=ERROR REPORT==== 28-Mar-2016::14:43:37 ===
OS_MON (cpu_sup), util/1 unavailable for this OS

=ERROR REPORT==== 28-Mar-2016::14:43:47 ===
OS_MON (cpu_sup), util/1 unavailable for this OS

=ERROR REPORT==== 28-Mar-2016::14:43:58 ===
OS_MON (cpu_sup), util/1 unavailable for this OS

=ERROR REPORT==== 28-Mar-2016::14:44:08 ===
OS_MON (cpu_sup), util/1 unavailable for this OS

=ERROR REPORT==== 28-Mar-2016::14:44:18 ===
OS_MON (cpu_sup), util/1 unavailable for this OS

=ERROR REPORT==== 28-Mar-2016::14:44:28 ===
OS_MON (cpu_sup), util/1 unavailable for this OS

=ERROR REPORT==== 28-Mar-2016::14:44:38 ===
OS_MON (cpu_sup), util/1 unavailable for this OS

=ERROR REPORT==== 28-Mar-2016::14:44:48 ===
OS_MON (cpu_sup), util/1 unavailable for this OS

=ERROR REPORT==== 28-Mar-2016::14:44:58 ===
OS_MON (cpu_sup), util/1 unavailable for this OS

=ERROR REPORT==== 28-Mar-2016::14:45:08 ===
OS_MON (cpu_sup), util/1 unavailable for this OS

=ERROR REPORT==== 28-Mar-2016::14:45:18 ===
OS_MON (cpu_sup), util/1 unavailable for this OS

=ERROR REPORT==== 28-Mar-2016::14:45:28 ===
OS_MON (cpu_sup), util/1 unavailable for this OS

=ERROR REPORT==== 28-Mar-2016::14:45:38 ===
OS_MON (cpu_sup), util/1 unavailable for this OS

=ERROR REPORT==== 28-Mar-2016::14:45:48 ===
OS_MON (cpu_sup), util/1 unavailable for this OS

=ERROR REPORT==== 28-Mar-2016::14:45:58 ===
OS_MON (cpu_sup), util/1 unavailable for this OS

=ERROR REPORT==== 28-Mar-2016::14:46:08 ===
OS_MON (cpu_sup), util/1 unavailable for this OS

=ERROR REPORT==== 28-Mar-2016::14:46:18 ===
OS_MON (cpu_sup), util/1 unavailable for this OS

=ERROR REPORT==== 28-Mar-2016::14:46:28 ===
OS_MON (cpu_sup), util/1 unavailable for this OS

=ERROR REPORT==== 28-Mar-2016::14:46:38 ===
OS_MON (cpu_sup), util/1 unavailable for this OS

=ERROR REPORT==== 28-Mar-2016::14:46:48 ===
OS_MON (cpu_sup), util/1 unavailable for this OS

=ERROR REPORT==== 28-Mar-2016::14:46:58 ===
OS_MON (cpu_sup), util/1 unavailable for this OS

=ERROR REPORT==== 28-Mar-2016::14:47:08 ===
OS_MON (cpu_sup), util/1 unavailable for this OS

=ERROR REPORT==== 28-Mar-2016::14:47:18 ===
OS_MON (cpu_sup), util/1 unavailable for this OS

=ERROR REPORT==== 28-Mar-2016::14:47:28 ===
OS_MON (cpu_sup), util/1 unavailable for this OS

=ERROR REPORT==== 28-Mar-2016::14:47:38 ===
OS_MON (cpu_sup), util/1 unavailable for this OS

=ERROR REPORT==== 28-Mar-2016::14:47:48 ===
OS_MON (cpu_sup), util/1 unavailable for this OS

=ERROR REPORT==== 28-Mar-2016::14:47:58 ===
OS_MON (cpu_sup), util/1 unavailable for this OS

=ERROR REPORT==== 28-Mar-2016::14:48:08 ===
OS_MON (cpu_sup), util/1 unavailable for this OS

=ERROR REPORT==== 28-Mar-2016::14:48:18 ===
OS_MON (cpu_sup), util/1 unavailable for this OS

=ERROR REPORT==== 28-Mar-2016::14:48:28 ===
OS_MON (cpu_sup), util/1 unavailable for this OS

=ERROR REPORT==== 28-Mar-2016::14:48:38 ===
OS_MON (cpu_sup), util/1 unavailable for this OS

=ERROR REPORT==== 28-Mar-2016::14:48:48 ===
OS_MON (cpu_sup), util/1 unavailable for this OS

=ERROR REPORT==== 28-Mar-2016::14:48:58 ===
OS_MON (cpu_sup), util/1 unavailable for this OS

=ERROR REPORT==== 28-Mar-2016::14:49:09 ===
OS_MON (cpu_sup), util/1 unavailable for this OS

=ERROR REPORT==== 28-Mar-2016::14:49:19 ===
OS_MON (cpu_sup), util/1 unavailable for this OS

=ERROR REPORT==== 28-Mar-2016::14:49:29 ===
OS_MON (cpu_sup), util/1 unavailable for this OS

=ERROR REPORT==== 28-Mar-2016::14:49:39 ===
OS_MON (cpu_sup), util/1 unavailable for this OS

=ERROR REPORT==== 28-Mar-2016::14:49:49 ===
OS_MON (cpu_sup), util/1 unavailable for this OS

=ERROR REPORT==== 28-Mar-2016::14:49:59 ===
OS_MON (cpu_sup), util/1 unavailable for this OS

=ERROR REPORT==== 28-Mar-2016::14:50:09 ===
OS_MON (cpu_sup), util/1 unavailable for this OS

=ERROR REPORT==== 28-Mar-2016::14:50:19 ===
OS_MON (cpu_sup), util/1 unavailable for this OS

=ERROR REPORT==== 28-Mar-2016::14:50:29 ===
OS_MON (cpu_sup), util/1 unavailable for this OS

=ERROR REPORT==== 28-Mar-2016::14:50:39 ===
OS_MON (cpu_sup), util/1 unavailable for this OS

=ERROR REPORT==== 28-Mar-2016::14:50:49 ===
OS_MON (cpu_sup), util/1 unavailable for this OS
