# stats: dump at 1459392743
stats: users 740 740
stats: {load,"tsung_controller@daviddeMacBook-Pro"} 1 2.3984375 0 2.3984375 2.3984375 0 0
stats: {cpu,"tsung_controller@daviddeMacBook-Pro"} 1 0 0 0 0 0 0
stats: {freemem,"tsung_controller@daviddeMacBook-Pro"} 1 19.5859375 0 19.5859375 19.5859375 0 0
stats: session 100 5333.244140625 217.68957917479207 5721.949951171875 5123.45703125 0 0
stats: users_count 840 840
stats: finish_users_count 100 100
stats: request 100 5331.135485839844 217.71206055837732 5720.005859375 5121.567138671875 0 0
stats: connect 780 248.7729129106575 627.4911181235267 4877.179931640625 52.782958984375 0 0
stats: page 100 5331.135485839844 217.71206055837732 5720.005859375 5121.567138671875 0 0
stats: 200 100 100
stats: size_rcv 32100 32100
stats: size_sent 245508 245508
stats: connected 680 680
# stats: dump at 1459392753
stats: users 590 800
stats: {load,"tsung_controller@daviddeMacBook-Pro"} 1 2.41015625 0.0 2.41015625 2.3984375 2.3984375 1
stats: {cpu,"tsung_controller@daviddeMacBook-Pro"} 1 0.0 0.0 0 0 0.0 1
stats: {freemem,"tsung_controller@daviddeMacBook-Pro"} 1 17.48828125 0.0 19.5859375 17.48828125 19.5859375 1
stats: session 210 8254.335264369418 2483.971565585787 14795.919921875 4767.640869140625 5333.244140625 100
stats: users_count 60 900
stats: finish_users_count 210 310
stats: request 210 8252.340405273437 2483.976156997961 14793.7958984375 4765.318115234375 5331.135485839844 100
stats: 200 209 309
stats: connect 120 434.7528869628906 1414.5000029728842 12067.43115234375 52.782958984375 248.7729129106575 780
stats: page 210 8252.340405273437 2483.976156997961 14793.7958984375 4765.318115234375 5331.135485839844 100
stats: size_rcv 633957 666057
stats: size_sent 37736 283244
stats: connected -90 590
# stats: dump at 1459392763
stats: users 289 800
stats: {load,"tsung_controller@daviddeMacBook-Pro"} 1 2.4296875 0.0 2.4296875 2.3984375 2.404296875 2
stats: {cpu,"tsung_controller@daviddeMacBook-Pro"} 1 0.0 0.0 0 0 0.0 2
stats: {freemem,"tsung_controller@daviddeMacBook-Pro"} 1 15.34375 0.0 19.5859375 15.34375 18.537109375 2
stats: session 301 16818.198546349417 2777.4731193903353 21101.217041015625 4767.640869140625 7312.047805097025 310
stats: users_count 0 900
stats: finish_users_count 301 611
stats: request 293 16719.768012245364 2751.8384092819592 21099.460205078125 4765.318115234375 7310.016237714213 310
stats: page 293 16719.768012245364 2751.8384092819592 21099.460205078125 4765.318115234375 7310.016237714213 310
stats: connect 0 0 0 12067.43115234375 52.782958984375 273.5702427842886 900
stats: 200 303 612
stats: size_rcv 1175193 1841250
stats: size_sent 0 283244
stats: connected -293 297
# stats: dump at 1459392773
stats: users 200 800
stats: {load,"tsung_controller@daviddeMacBook-Pro"} 1 2.2109375 0.0 2.4296875 2.2109375 2.4127604166666665 3
stats: {cpu,"tsung_controller@daviddeMacBook-Pro"} 1 0.0 0.0 0 0 0.0 3
stats: {freemem,"tsung_controller@daviddeMacBook-Pro"} 1 24.23828125 0.0 24.23828125 15.34375 17.47265625 3
stats: session 89 24333.102204397823 1813.6260037612992 32793.402099609375 4767.640869140625 11995.11060888912 611
stats: users_count 0 900
stats: finish_users_count 89 700
stats: request 97 24002.551521222616 2056.165143961425 32791.39111328125 4765.318115234375 11882.25051621774 603
stats: page 97 24002.551521222616 2056.165143961425 32791.39111328125 4765.318115234375 11882.25051621774 603
stats: connect 0 0 0 12067.43115234375 52.782958984375 273.5702427842886 900
stats: 200 87 699
stats: size_rcv 118797 1960047
stats: size_sent 0 283244
stats: connected -97 200
# stats: dump at 1459392783
stats: users 200 800
stats: {load,"tsung_controller@daviddeMacBook-Pro"} 1 2.3984375 0.0 2.4296875 2.2109375 2.3623046875 4
stats: {cpu,"tsung_controller@daviddeMacBook-Pro"} 1 0.0 0.0 0 0 0.0 4
stats: {freemem,"tsung_controller@daviddeMacBook-Pro"} 1 31.25 0.0 31.25 15.34375 19.1640625 4
stats: session 0 0 0 32793.402099609375 4767.640869140625 13563.798111746655 700
stats: users_count 0 900
stats: finish_users_count 0 700
stats: request 0 0 0 32791.39111328125 4765.318115234375 13561.777941196986 700
stats: page 0 0 0 32791.39111328125 4765.318115234375 13561.777941196986 700
stats: connect 0 0 0 12067.43115234375 52.782958984375 273.5702427842886 900
stats: 200 0 699
stats: size_rcv 0 1960047
stats: size_sent 0 283244
stats: connected 0 200
# stats: dump at 1459392793
stats: users 200 800
stats: {load,"tsung_controller@daviddeMacBook-Pro"} 1 2.578125 0.0 2.578125 2.2109375 2.36953125 5
stats: {cpu,"tsung_controller@daviddeMacBook-Pro"} 1 0.0 0.0 0 0 0.0 5
stats: {freemem,"tsung_controller@daviddeMacBook-Pro"} 1 27.5859375 0.0 31.25 15.34375 21.58125 5
stats: session 0 0 0 32793.402099609375 4767.640869140625 13563.798111746655 700
stats: users_count 0 900
stats: finish_users_count 0 700
stats: request 0 0 0 32791.39111328125 4765.318115234375 13561.777941196986 700
stats: page 0 0 0 32791.39111328125 4765.318115234375 13561.777941196986 700
stats: connect 0 0 0 12067.43115234375 52.782958984375 273.5702427842886 900
stats: 200 0 699
stats: size_rcv 0 1960047
stats: size_sent 0 283244
stats: connected 0 200
# stats: dump at 1459392803
stats: users 0 800
stats: {load,"tsung_controller@daviddeMacBook-Pro"} 1 2.328125 0.0 2.578125 2.2109375 2.404296875 6
stats: {cpu,"tsung_controller@daviddeMacBook-Pro"} 1 0.0 0.0 0 0 0.0 6
stats: {freemem,"tsung_controller@daviddeMacBook-Pro"} 1 35.28515625 0.0 35.28515625 15.34375 22.58203125 6
stats: session 200 60316.901994628905 304.129755398979 63189.97802734375 4767.640869140625 13563.798111746655 700
stats: users_count 0 900
stats: finish_users_count 200 900
stats: connect 0 0 0 12067.43115234375 52.782958984375 273.5702427842886 900
stats: request 200 60314.89076782227 304.1669684555343 63188.322021484375 4765.318115234375 13561.777941196986 700
stats: page 200 60314.89076782227 304.1669684555343 63188.322021484375 4765.318115234375 13561.777941196986 700
stats: 200 0 699
stats: size_rcv 537544 2497591
stats: size_sent 0 283244
stats: connected -200 0
stats: 500 200 200
# stats: dump at 1459392804
stats: users 0 800
stats: {load,"tsung_controller@daviddeMacBook-Pro"} 1 2.12890625 0.0 2.578125 2.12890625 2.3934151785714284 7
stats: {cpu,"tsung_controller@daviddeMacBook-Pro"} 1 0.0 0.0 0 0 0.0 7
stats: {freemem,"tsung_controller@daviddeMacBook-Pro"} 1 35.26171875 0.0 35.28515625 15.34375 24.396763392857142 7
stats: session 0 0 0 63189.97802734375 4767.640869140625 23953.376752387154 900
stats: users_count 0 900
stats: finish_users_count 0 900
stats: request 0 0 0 63188.322021484375 4765.318115234375 23951.35856933594 900
stats: connect 0 0 0 12067.43115234375 52.782958984375 273.5702427842886 900
stats: page 0 0 0 63188.322021484375 4765.318115234375 23951.35856933594 900
stats: 200 0 699
stats: size_rcv 0 2497591
stats: size_sent 0 283244
stats: connected 0 0
stats: 500 0 200
EndMonitor:{1459,392804,655271}
