
=INFO REPORT==== 24-Mar-2016::17:53:35 ===
    ts_config_server:(5:<0.71.0>) Config server started, logdir is "/Users/admin/Job/jshy/tsung/tsung-1.6.0/examples/log/20160324-1753"
 
=INFO REPORT==== 24-Mar-2016::17:53:35 ===
              ts_mon:(5:<0.52.0>) starting monitor, global 

=INFO REPORT==== 24-Mar-2016::17:53:35 ===
           ts_config:(5:<0.71.0>) Reading config file: http_simple2.xml

=INFO REPORT==== 24-Mar-2016::17:53:35 ===
      ts_config_http:(4:<0.71.0>) Get user agent: 80 "Mozilla/5.0 (X11; U; Linux i686; en-US; rv:1.7.8) Gecko/20050513 Galeon/1.3.21" 

=INFO REPORT==== 24-Mar-2016::17:53:35 ===
      ts_config_http:(4:<0.71.0>) Get user agent: 20 "Mozilla/5.0 (Windows; U; Windows NT 5.2; fr-FR; rv:1.7.8) Gecko/20050511 Firefox/1.0.4" 

=INFO REPORT==== 24-Mar-2016::17:53:35 ===
           ts_config:(5:<0.71.0>) Session name for id 1 is "http-example"

=INFO REPORT==== 24-Mar-2016::17:53:35 ===
    ts_config_server:(4:<0.71.0>) SYSINFO:Tsung version: 1.6.0

=INFO REPORT==== 24-Mar-2016::17:53:35 ===
    ts_config_server:(4:<0.71.0>) SYSINFO:Erlang version: Erlang R16B03-1 (erts-5.10.4) [source] [64-bit] [smp:4:4] [async-threads:8] [hipe] [kernel-poll:true]


=INFO REPORT==== 24-Mar-2016::17:53:35 ===
    ts_config_server:(4:<0.71.0>) SYSINFO:System architecture x86_64-apple-darwin14.3.0

=INFO REPORT==== 24-Mar-2016::17:53:35 ===
    ts_config_server:(4:<0.71.0>) SYSINFO:Current path: /usr/local/lib/erlang/lib/tsung-1.6.0/ebin/tsung.beam

=INFO REPORT==== 24-Mar-2016::17:53:35 ===
      ts_os_mon_snmp:(5:<0.89.0>) starting os_mon_snmp with args {"myserver",
                                                                  {161,
                                                                   "public",
                                                                   v2,[]},
                                                                  10000,
                                                                  {global,
                                                                   ts_mon}}
=INFO REPORT==== 24-Mar-2016::17:53:43 ===
              ts_mon:(5:<0.72.0>) Activate clients with text backend

=INFO REPORT==== 24-Mar-2016::17:53:43 ===
              ts_mon:(5:<0.72.0>) Starting tsung clients on hosts: [localhost]

=INFO REPORT==== 24-Mar-2016::17:53:43 ===
    ts_config_server:(5:<0.71.0>) Start a launcher on the controller beam localhost

=INFO REPORT==== 24-Mar-2016::17:53:43 ===
    alarm_handler: {set,{{disk_almost_full,"/"},[]}}

=INFO REPORT==== 24-Mar-2016::17:53:43 ===
    alarm_handler: {set,{system_memory_high_watermark,[]}}

=ERROR REPORT==== 24-Mar-2016::17:53:43 ===
OS_MON (cpu_sup), util/1 unavailable for this OS

=INFO REPORT==== 24-Mar-2016::17:53:43 ===
  ts_launcher_static:(5:<0.132.0>) Launch msg receive ("localhost")

=INFO REPORT==== 24-Mar-2016::17:53:43 ===
         ts_launcher:(5:<0.133.0>) Launch msg receive ("localhost")

=INFO REPORT==== 24-Mar-2016::17:53:43 ===
    ts_config_server:(5:<0.71.0>) All remote beams started, syncing 

=INFO REPORT==== 24-Mar-2016::17:53:43 ===
    ts_config_server:(5:<0.71.0>) Undefined ports_range config 

=INFO REPORT==== 24-Mar-2016::17:53:43 ===
    ts_config_server:(5:<0.71.0>) New arrival phase 1 for client "localhost" (last ? true): will start 6000 users

=INFO REPORT==== 24-Mar-2016::17:53:43 ===
         ts_launcher:(5:<0.133.0>) Expected duration of first phase: 60.0 sec (6000 users) 

=INFO REPORT==== 24-Mar-2016::17:53:43 ===
         ts_launcher:(5:<0.133.0>) Can't get file descriptors limit from system, you should verify that 'maxusers' has a good value 
=INFO REPORT==== 24-Mar-2016::17:53:43 ===
         ts_launcher:(5:<0.133.0>) Activate launcher (6000 users) in 992 msec 

=ERROR REPORT==== 24-Mar-2016::17:53:53 ===
OS_MON (cpu_sup), util/1 unavailable for this OS
