# stats: dump at 1459842009
stats: users 169 169
stats: {load,"tsung_controller@daviddeMacBook-Pro"} 1 6.0390625 0 6.0390625 6.0390625 0 0
stats: {cpu,"tsung_controller@daviddeMacBook-Pro"} 1 0 0 0 0 0 0
stats: {freemem,"tsung_controller@daviddeMacBook-Pro"} 1 19.73828125 0 19.73828125 19.73828125 0 0
stats: session 683 277.59748610221436 446.8606685234691 2700.555908203125 43.9970703125 0 0
stats: users_count 852 852
stats: finish_users_count 683 683
stats: request 660 240.75418627189867 392.1846377094019 2698.433837890625 41.802978515625 0 0
stats: connect 794 23.747189922957336 121.07356412101596 2421.26416015625 8.952880859375 0 0
stats: page 660 240.75418627189867 392.1846377094019 2698.433837890625 41.802978515625 0 0
stats: 200 791 791
stats: size_rcv 10089250 10089250
stats: size_sent 250708 250708
stats: connected 134 134
# stats: dump at 1459842019
stats: users 18 193
stats: {load,"tsung_controller@daviddeMacBook-Pro"} 1 5.5703125 0.0 6.0390625 5.5703125 6.0390625 1
stats: {cpu,"tsung_controller@daviddeMacBook-Pro"} 1 0.0 0.0 0 0 0.0 1
stats: {freemem,"tsung_controller@daviddeMacBook-Pro"} 1 22.30078125 0.0 22.30078125 19.73828125 19.73828125 1
stats: session 1083 498.681071865261 960.5275846185326 6326.297119140625 27.662109375 277.59748610221436 683
stats: users_count 932 1784
stats: finish_users_count 1083 1766
stats: request 1062 532.5554852099515 976.8563725298407 6324.093994140625 25.68896484375 240.75418627189867 660
stats: connect 944 28.0549546581204 131.1492843778953 2421.26416015625 8.952880859375 23.747189922957336 794
stats: page 1062 532.5554852099515 976.8563725298407 6324.093994140625 25.68896484375 240.75418627189867 660
stats: 200 946 1737
stats: size_rcv 4509005 14598255
stats: size_sent 297952 548660
stats: connected -118 16
# stats: dump at 1459842029
stats: users 30 193
stats: {load,"tsung_controller@daviddeMacBook-Pro"} 1 5.76171875 0.0 6.0390625 5.5703125 5.8046875 2
stats: {cpu,"tsung_controller@daviddeMacBook-Pro"} 1 0.0 0.0 0 0 0.0 2
stats: {freemem,"tsung_controller@daviddeMacBook-Pro"} 1 38.71484375 0.0 38.71484375 19.73828125 21.01953125 2
stats: session 986 38.56862802873032 82.54650241800675 6326.297119140625 27.39990234375 413.1770576658494 1766
stats: users_count 998 2782
stats: finish_users_count 986 2752
stats: request 988 36.44806797784351 82.4656707655435 6324.093994140625 25.4130859375 420.71526610477446 1722
stats: connect 988 16.03494571577682 82.43997803108662 2421.26416015625 8.598876953125 26.086965475312876 1738
stats: page 988 36.44806797784351 82.4656707655435 6324.093994140625 25.4130859375 420.71526610477446 1722
stats: 200 988 2725
stats: size_rcv 328016 14926271
stats: size_sent 312008 860668
stats: connected 0 16
# stats: dump at 1459842039
stats: users 22 193
stats: {load,"tsung_controller@daviddeMacBook-Pro"} 1 4.94921875 0.0 6.0390625 4.94921875 5.790364583333333 3
stats: {cpu,"tsung_controller@daviddeMacBook-Pro"} 1 0.0 0.0 0 0 0.0 3
stats: {freemem,"tsung_controller@daviddeMacBook-Pro"} 1 56.02734375 0.0 56.02734375 19.73828125 26.91796875 3
stats: session 959 115.28368453263491 1006.9288874386698 12824.061767578125 26.72900390625 278.9605200124339 2752
stats: users_count 951 3733
stats: finish_users_count 959 3711
stats: request 966 86.22031593717647 819.7584145249788 12803.551025390625 25.137939453125 280.620804204624 2710
stats: connect 966 65.57190699606949 819.8001850176141 12784.47216796875 8.598876953125 22.443753618224974 2726
stats: page 966 86.22031593717647 819.7584145249788 12803.551025390625 25.137939453125 280.620804204624 2710
stats: 200 966 3691
stats: size_rcv 320712 15246983
stats: size_sent 304852 1165520
stats: connected 0 16
# stats: dump at 1459842049
stats: users 22 193
stats: {load,"tsung_controller@daviddeMacBook-Pro"} 1 4.48828125 0.0 6.0390625 4.48828125 5.580078125 4
stats: {cpu,"tsung_controller@daviddeMacBook-Pro"} 1 0.0 0.0 0 0 0.0 4
stats: {freemem,"tsung_controller@daviddeMacBook-Pro"} 1 52.33203125 0.0 56.02734375 19.73828125 34.1953125 4
stats: session 1005 102.49110745102615 1206.2437324403093 22155.028076171875 26.72900390625 236.66300310994743 3711
stats: users_count 1005 4738
stats: finish_users_count 1005 4716
stats: request 1010 125.45888913598394 1329.3726096836504 22153.618896484375 25.06396484375 229.5351481474003 3676
stats: page 1010 125.45888913598394 1329.3726096836504 22153.618896484375 25.06396484375 229.5351481474003 3676
stats: connect 1011 104.05473869467113 1328.5407325933759 22123.06201171875 8.598876953125 33.728097107661 3692
stats: 200 1010 4701
stats: size_rcv 335320 15582303
stats: size_sent 319022 1484542
stats: connected 1 17
# stats: dump at 1459842059
stats: users 21 193
stats: {load,"tsung_controller@daviddeMacBook-Pro"} 1 4.58984375 0.0 6.0390625 4.48828125 5.36171875 5
stats: {cpu,"tsung_controller@daviddeMacBook-Pro"} 1 0.0 0.0 0 0 0.0 5
stats: {freemem,"tsung_controller@daviddeMacBook-Pro"} 1 30.58984375 0.0 56.02734375 19.73828125 37.82265625 5
stats: session 971 34.77967704042225 3.710706640413165 22155.028076171875 26.72900390625 208.0703917576964 4716
stats: users_count 970 5708
stats: finish_users_count 971 5687
stats: connect 967 12.596847076573807 1.9988098480827434 22123.06201171875 8.102783203125 48.84615678116031 4703
stats: request 967 32.58056766861098 3.5106160195593623 22153.618896484375 24.77685546875 207.10300525334767 4686
stats: 200 967 5668
stats: page 967 32.58056766861098 3.5106160195593623 22153.618896484375 24.77685546875 207.10300525334767 4686
stats: size_rcv 321044 15903347
stats: size_sent 305078 1789620
stats: connected 0 17
# stats: dump at 1459842069
stats: users 15 193
stats: {load,"tsung_controller@daviddeMacBook-Pro"} 1 4.19140625 0.0 6.0390625 4.19140625 5.233072916666667 6
stats: {cpu,"tsung_controller@daviddeMacBook-Pro"} 1 0.0 0.0 0 0 0.0 6
stats: {freemem,"tsung_controller@daviddeMacBook-Pro"} 1 49.8046875 0.0 56.02734375 19.73828125 36.6171875 6
stats: session 116 725.6729631095097 5203.9976334744615 40066.132080078125 26.72900390625 178.48268576324006 5687
stats: users_count 110 5818
stats: finish_users_count 116 5803
stats: connect 148 554.1977522566511 4616.013338634182 40043.81103515625 8.102783203125 42.663955284804906 5670
stats: page 150 567.7808837890625 4585.404207137142 40064.114013671875 24.77685546875 177.24926438222784 5653
stats: request 150 567.7808837890625 4585.404207137142 40064.114013671875 24.77685546875 177.24926438222784 5653
stats: 200 150 5818
stats: size_rcv 49800 15953147
stats: size_sent 46704 1836324
stats: connected -2 15
# stats: dump at 1459842079
stats: users 15 193
stats: {load,"tsung_controller@daviddeMacBook-Pro"} 1 4.44140625 0.0 6.0390625 4.19140625 5.084263392857143 7
stats: {cpu,"tsung_controller@daviddeMacBook-Pro"} 1 0.0 0.0 0 0 0.0 7
stats: {freemem,"tsung_controller@daviddeMacBook-Pro"} 1 47.48046875 0.0 56.02734375 19.73828125 38.50111607142857 7
stats: session 0 0 0 40066.132080078125 26.72900390625 189.4208336474667 5803
stats: users_count 0 5818
stats: finish_users_count 0 5803
stats: request 0 0 0 40064.114013671875 24.77685546875 187.3439986422701 5803
stats: connect 0 0 0 40043.81103515625 8.102783203125 55.67650288738883 5818
stats: page 0 0 0 40064.114013671875 24.77685546875 187.3439986422701 5803
stats: 200 0 5818
stats: size_rcv 0 15953147
stats: size_sent 0 1836324
stats: connected 0 15
# stats: dump at 1459842089
stats: users 15 193
stats: {load,"tsung_controller@daviddeMacBook-Pro"} 1 4.7890625 0.0 6.0390625 4.19140625 5.00390625 8
stats: {cpu,"tsung_controller@daviddeMacBook-Pro"} 1 0.0 0.0 0 0 0.0 8
stats: {freemem,"tsung_controller@daviddeMacBook-Pro"} 1 45.5859375 0.0 56.02734375 19.73828125 39.62353515625 8
stats: session 0 0 0 40066.132080078125 26.72900390625 189.4208336474667 5803
stats: users_count 0 5818
stats: finish_users_count 0 5803
stats: request 0 0 0 40064.114013671875 24.77685546875 187.3439986422701 5803
stats: connect 0 0 0 40043.81103515625 8.102783203125 55.67650288738883 5818
stats: page 0 0 0 40064.114013671875 24.77685546875 187.3439986422701 5803
stats: 200 0 5818
stats: size_rcv 0 15953147
stats: size_sent 0 1836324
stats: connected 0 15
# stats: dump at 1459842099
stats: users 15 193
stats: {load,"tsung_controller@daviddeMacBook-Pro"} 1 5.73828125 0.0 6.0390625 4.19140625 4.980034722222222 9
stats: {cpu,"tsung_controller@daviddeMacBook-Pro"} 1 0.0 0.0 0 0 0.0 9
stats: {freemem,"tsung_controller@daviddeMacBook-Pro"} 1 41.66015625 0.0 56.02734375 19.73828125 40.28602430555556 9
stats: session 0 0 0 40066.132080078125 26.72900390625 189.4208336474667 5803
stats: users_count 0 5818
stats: finish_users_count 0 5803
stats: request 0 0 0 40064.114013671875 24.77685546875 187.3439986422701 5803
stats: connect 0 0 0 40043.81103515625 8.102783203125 55.67650288738883 5818
stats: page 0 0 0 40064.114013671875 24.77685546875 187.3439986422701 5803
stats: 200 0 5818
stats: size_rcv 0 15953147
stats: size_sent 0 1836324
stats: connected 0 15
