# stats: dump at 1459152852
stats: users 777 777
stats: {load,"tsung_controller@daviddeMacBook-Pro"} 1 4.1484375 0 4.1484375 4.1484375 0 0
stats: {cpu,"tsung_controller@daviddeMacBook-Pro"} 1 0 0 0 0 0 0
stats: {freemem,"tsung_controller@daviddeMacBook-Pro"} 1 22.4296875 0 22.4296875 22.4296875 0 0
stats: session 100 5184.271169433594 65.33800214797705 5513.77294921875 5118.10498046875 0 0
stats: users_count 877 877
stats: finish_users_count 100 100
stats: request 100 5182.122539062499 65.39019736470026 5512.26904296875 5114.31787109375 0 0
stats: connect 827 97.78329936423066 148.80806671049285 1231.6650390625 50.720947265625 0 0
stats: page 100 5182.122539062499 65.39019736470026 5512.26904296875 5114.31787109375 0 0
stats: 200 100 100
stats: size_rcv 32100 32100
stats: size_sent 260275 260275
stats: connected 727 727
# stats: dump at 1459152862
stats: users 800 800
stats: {load,"tsung_controller@daviddeMacBook-Pro"} 1 3.578125 0.0 4.1484375 3.578125 4.1484375 1
stats: {cpu,"tsung_controller@daviddeMacBook-Pro"} 1 0.0 0.0 0 0 0.0 1
stats: {freemem,"tsung_controller@daviddeMacBook-Pro"} 1 20.43359375 0.0 22.4296875 20.43359375 22.4296875 1
stats: session 0 0 0 5513.77294921875 5118.10498046875 5184.271169433594 100
stats: users_count 23 900
stats: finish_users_count 0 100
stats: 200 0 100
stats: request 0 0 0 5512.26904296875 5114.31787109375 5182.122539062499 100
stats: connect 73 110.99926088934075 176.24973741408212 1231.6650390625 50.720947265625 97.78329936423066 827
stats: page 0 0 0 5512.26904296875 5114.31787109375 5182.122539062499 100
stats: size_rcv 0 32100
stats: size_sent 22969 283244
stats: connected 73 800
# stats: dump at 1459152872
stats: users 800 800
stats: {load,"tsung_controller@daviddeMacBook-Pro"} 1 4.109375 0.0 4.1484375 3.578125 3.86328125 2
stats: {cpu,"tsung_controller@daviddeMacBook-Pro"} 1 0.0 0.0 0 0 0.0 2
stats: {freemem,"tsung_controller@daviddeMacBook-Pro"} 1 19.50390625 0.0 22.4296875 19.50390625 21.431640625 2
stats: session 0 0 0 5513.77294921875 5118.10498046875 5184.271169433594 100
stats: users_count 0 900
stats: finish_users_count 0 100
stats: request 0 0 0 5512.26904296875 5114.31787109375 5182.122539062499 100
stats: 200 0 100
stats: connect 0 0 0 1231.6650390625 50.720947265625 98.85526068793403 900
stats: page 0 0 0 5512.26904296875 5114.31787109375 5182.122539062499 100
stats: size_rcv 0 32100
stats: size_sent 0 283244
stats: connected 0 800
