# stats: dump at 1458813583
stats: users 800 800
stats: {load,"tsung_controller@daviddeMacBook-Pro"} 1 2.16015625 0 2.16015625 2.16015625 0 0
stats: {cpu,"tsung_controller@daviddeMacBook-Pro"} 1 0 0 0 0 0 0
stats: {freemem,"tsung_controller@daviddeMacBook-Pro"} 1 45.6953125 0 45.6953125 45.6953125 0 0
stats: session 100 5615.296330566404 199.6476278952691 6118.587158203125 5128.431884765625 0 0
stats: users_count 900 900
stats: finish_users_count 100 100
stats: request 100 5613.090749511719 199.65013667933673 6117.22119140625 5126.35693359375 0 0
stats: connect 831 460.09606595733675 581.0701862650526 2502.22998046875 52.324951171875 0 0
stats: page 100 5613.090749511719 199.65013667933673 6117.22119140625 5126.35693359375 0 0
stats: size_rcv 269052 269052
stats: size_sent 261543 261543
stats: connected 731 731
stats: 500 100 100
# stats: dump at 1458813593
stats: users 302 800
stats: {load,"tsung_controller@daviddeMacBook-Pro"} 1 2.140625 0.0 2.16015625 2.140625 2.16015625 1
stats: {cpu,"tsung_controller@daviddeMacBook-Pro"} 1 0.0 0.0 0 0 0.0 1
stats: {freemem,"tsung_controller@daviddeMacBook-Pro"} 1 44.8203125 0.0 45.6953125 44.8203125 45.6953125 1
stats: session 498 5811.356657097138 646.0175235282314 7595.305908203125 5107.25 5615.296330566404 100
stats: users_count 0 900
stats: finish_users_count 498 598
stats: connect 69 434.48451653079707 617.3955323763262 2502.22998046875 51.531982421875 460.09606595733675 831
stats: request 498 5809.364071520455 646.0078541380757 7593.498046875 5105.8369140625 5613.090749511719 100
stats: page 498 5809.364071520455 646.0078541380757 7593.498046875 5105.8369140625 5613.090749511719 100
stats: size_rcv 61254 330306
stats: size_sent 21701 283244
stats: connected -429 302
stats: 204 498 498
stats: 500 0 100
# stats: dump at 1458813603
stats: users 302 800
stats: {load,"tsung_controller@daviddeMacBook-Pro"} 1 2.12109375 0.0 2.16015625 2.12109375 2.150390625 2
stats: {cpu,"tsung_controller@daviddeMacBook-Pro"} 1 0.0 0.0 0 0 0.0 2
stats: {freemem,"tsung_controller@daviddeMacBook-Pro"} 1 80.046875 0.0 80.046875 44.8203125 45.2578125 2
stats: session 0 0 0 7595.305908203125 5107.25 5778.570649316078 598
stats: users_count 0 900
stats: finish_users_count 0 598
stats: request 0 0 0 7593.498046875 5105.8369140625 5776.542445766486 598
stats: page 0 0 0 7593.498046875 5105.8369140625 5776.542445766486 598
stats: connect 0 0 0 2502.22998046875 51.531982421875 458.13251383463535 900
stats: size_rcv 0 330306
stats: size_sent 0 283244
stats: connected 0 302
stats: 204 0 498
stats: 500 0 100
# stats: dump at 1458813613
stats: users 302 800
stats: {load,"tsung_controller@daviddeMacBook-Pro"} 1 2.1015625 0.0 2.16015625 2.1015625 2.140625 3
stats: {cpu,"tsung_controller@daviddeMacBook-Pro"} 1 0.0 0.0 0 0 0.0 3
stats: {freemem,"tsung_controller@daviddeMacBook-Pro"} 1 48.6015625 0.0 80.046875 44.8203125 56.854166666666664 3
stats: session 0 0 0 7595.305908203125 5107.25 5778.570649316078 598
stats: users_count 0 900
stats: finish_users_count 0 598
stats: connect 0 0 0 2502.22998046875 51.531982421875 458.13251383463535 900
stats: request 0 0 0 7593.498046875 5105.8369140625 5776.542445766486 598
stats: page 0 0 0 7593.498046875 5105.8369140625 5776.542445766486 598
stats: size_rcv 0 330306
stats: size_sent 0 283244
stats: connected 0 302
stats: 204 0 498
stats: 500 0 100
# stats: dump at 1458813623
stats: users 302 800
stats: {load,"tsung_controller@daviddeMacBook-Pro"} 1 2.08984375 0.0 2.16015625 2.08984375 2.130859375 4
stats: {cpu,"tsung_controller@daviddeMacBook-Pro"} 1 0.0 0.0 0 0 0.0 4
stats: {freemem,"tsung_controller@daviddeMacBook-Pro"} 1 41.8203125 0.0 80.046875 41.8203125 54.791015625 4
stats: session 0 0 0 7595.305908203125 5107.25 5778.570649316078 598
stats: users_count 0 900
stats: finish_users_count 0 598
stats: request 0 0 0 7593.498046875 5105.8369140625 5776.542445766486 598
stats: connect 0 0 0 2502.22998046875 51.531982421875 458.13251383463535 900
stats: page 0 0 0 7593.498046875 5105.8369140625 5776.542445766486 598
stats: size_rcv 0 330306
stats: size_sent 0 283244
stats: connected 0 302
stats: 204 0 498
stats: 500 0 100
# stats: dump at 1458813633
stats: users 302 800
stats: {load,"tsung_controller@daviddeMacBook-Pro"} 1 1.921875 0.0 2.16015625 1.921875 2.12265625 5
stats: {cpu,"tsung_controller@daviddeMacBook-Pro"} 1 0.0 0.0 0 0 0.0 5
stats: {freemem,"tsung_controller@daviddeMacBook-Pro"} 1 22.05078125 0.0 80.046875 22.05078125 52.196875 5
stats: session 0 0 0 7595.305908203125 5107.25 5778.570649316078 598
stats: users_count 0 900
stats: finish_users_count 0 598
stats: request 0 0 0 7593.498046875 5105.8369140625 5776.542445766486 598
stats: page 0 0 0 7593.498046875 5105.8369140625 5776.542445766486 598
stats: connect 0 0 0 2502.22998046875 51.531982421875 458.13251383463535 900
stats: size_rcv 0 330306
stats: size_sent 0 283244
stats: connected 0 302
stats: 204 0 498
stats: 500 0 100
# stats: dump at 1458813643
stats: users 0 800
stats: {load,"tsung_controller@daviddeMacBook-Pro"} 1 1.859375 0.0 2.16015625 1.859375 2.0891927083333335 6
stats: {cpu,"tsung_controller@daviddeMacBook-Pro"} 1 0.0 0.0 0 0 0.0 6
stats: {freemem,"tsung_controller@daviddeMacBook-Pro"} 1 54.86328125 0.0 80.046875 22.05078125 47.172526041666664 6
stats: session 302 61290.04890007373 908.1889197741032 63811.444091796875 5107.25 5778.570649316078 598
stats: users_count 0 900
stats: finish_users_count 302 900
stats: request 302 61287.949918026956 908.2183338170121 63809.5849609375 5105.8369140625 5776.542445766486 598
stats: page 302 61287.949918026956 908.2183338170121 63809.5849609375 5105.8369140625 5776.542445766486 598
stats: connect 0 0 0 2502.22998046875 51.531982421875 458.13251383463535 900
stats: 200 2 2
stats: size_rcv 834738 1165044
stats: size_sent 0 283244
stats: connected -302 0
stats: 204 0 498
stats: 500 300 400
# stats: dump at 1458813644
stats: users 0 800
stats: {load,"tsung_controller@daviddeMacBook-Pro"} 1 1.73046875 0.0 2.16015625 1.73046875 2.056361607142857 7
stats: {cpu,"tsung_controller@daviddeMacBook-Pro"} 1 0.0 0.0 0 0 0.0 7
stats: {freemem,"tsung_controller@daviddeMacBook-Pro"} 1 88.08984375 0.0 88.08984375 22.05078125 48.271205357142854 7
stats: session 0 0 0 63811.444091796875 5107.25 24405.755573459202 900
stats: users_count 0 900
stats: finish_users_count 0 900
stats: request 0 0 0 63809.5849609375 5105.8369140625 24403.703619791668 900
stats: connect 0 0 0 2502.22998046875 51.531982421875 458.13251383463535 900
stats: page 0 0 0 63809.5849609375 5105.8369140625 24403.703619791668 900
stats: 200 0 2
stats: size_rcv 0 1165044
stats: size_sent 0 283244
stats: connected 0 0
stats: 204 0 498
stats: 500 0 400
EndMonitor:{1458,813644,454889}
