# stats: dump at 1459404904
stats: users 800 800
stats: {load,"tsung_controller@daviddeMacBook-Pro"} 1 5.83984375 0 5.83984375 5.83984375 0 0
stats: {cpu,"tsung_controller@daviddeMacBook-Pro"} 1 0 0 0 0 0 0
stats: {freemem,"tsung_controller@daviddeMacBook-Pro"} 1 27.9140625 0 27.9140625 27.9140625 0 0
stats: users_count 800 800
stats: finish_users_count 0 0
stats: connect 797 319.2927996588772 474.76526329608197 2374.778076171875 52.742919921875 0 0
stats: size_sent 250869 250869
stats: connected 797 797
# stats: dump at 1459404914
stats: users 601 800
stats: {load,"tsung_controller@daviddeMacBook-Pro"} 1 5.1796875 0.0 5.83984375 5.1796875 5.83984375 1
stats: {cpu,"tsung_controller@daviddeMacBook-Pro"} 1 0.0 0.0 0 0 0.0 1
stats: {freemem,"tsung_controller@daviddeMacBook-Pro"} 1 19.75 0.0 27.9140625 19.75 27.9140625 1
stats: session 199 15430.386877012013 620.4103997073852 16471.97802734375 13728.578857421875 0 0
stats: users_count 0 800
stats: finish_users_count 199 199
stats: page 196 15422.736812669404 623.3868901483871 16470.677978515625 13726.928955078125 0 0
stats: request 196 15422.736812669404 623.3868901483871 16470.677978515625 13726.928955078125 0 0
stats: connect 3 2055.0693359375 983.8769867798056 3418.85693359375 52.742919921875 319.2927996588772 797
stats: 200 197 197
stats: size_rcv 62916 62916
stats: size_sent 939 251808
stats: connected -193 604
# stats: dump at 1459404924
stats: users 180 800
stats: {load,"tsung_controller@daviddeMacBook-Pro"} 1 4.91015625 0.0 5.83984375 4.91015625 5.509765625 2
stats: {cpu,"tsung_controller@daviddeMacBook-Pro"} 1 0.0 0.0 0 0 0.0 2
stats: {freemem,"tsung_controller@daviddeMacBook-Pro"} 1 31.70703125 0.0 31.70703125 19.75 23.83203125 2
stats: session 421 19492.57066740273 1802.9276040849754 23337.05712890625 13728.578857421875 15430.386877012013 199
stats: users_count 0 800
stats: finish_users_count 421 620
stats: request 422 19454.78155835771 1821.8919721023426 23334.884033203125 13726.928955078125 15422.736812669404 196
stats: connect 0 0 0 3418.85693359375 52.742919921875 325.80196166992204 800
stats: page 422 19454.78155835771 1821.8919721023426 23334.884033203125 13726.928955078125 15422.736812669404 196
stats: 200 421 618
stats: size_rcv 403522 466438
stats: size_sent 0 251808
stats: connected -422 182
# stats: dump at 1459404934
stats: users 100 800
stats: {load,"tsung_controller@daviddeMacBook-Pro"} 1 4.30859375 0.0 5.83984375 4.30859375 5.309895833333333 3
stats: {cpu,"tsung_controller@daviddeMacBook-Pro"} 1 0.0 0.0 0 0 0.0 3
stats: {freemem,"tsung_controller@daviddeMacBook-Pro"} 1 23.8125 0.0 31.70703125 19.75 26.45703125 3
stats: session 80 22368.877191162108 1078.513661472972 24829.81005859375 13728.578857421875 18188.7407088741 620
stats: users_count 0 800
stats: finish_users_count 80 700
stats: request 82 22345.809814453132 1073.8656347969397 24827.93603515625 13726.928955078125 18176.01008561514 618
stats: connect 0 0 0 3418.85693359375 52.742919921875 325.80196166992204 800
stats: page 82 22345.809814453132 1073.8656347969397 24827.93603515625 13726.928955078125 18176.01008561514 618
stats: 200 82 700
stats: size_rcv 830502 1296940
stats: size_sent 0 251808
stats: connected -82 100
# stats: dump at 1459404944
stats: users 100 800
stats: {load,"tsung_controller@daviddeMacBook-Pro"} 1 4.0390625 0.0 5.83984375 4.0390625 5.0595703125 4
stats: {cpu,"tsung_controller@daviddeMacBook-Pro"} 1 0.0 0.0 0 0 0.0 4
stats: {freemem,"tsung_controller@daviddeMacBook-Pro"} 1 45.9140625 0.0 45.9140625 19.75 25.7958984375 4
stats: session 0 0 0 24829.81005859375 13728.578857421875 18666.470592564154 700
stats: users_count 0 800
stats: finish_users_count 0 700
stats: request 0 0 0 24827.93603515625 13726.928955078125 18664.47233956473 700
stats: connect 0 0 0 3418.85693359375 52.742919921875 325.80196166992204 800
stats: page 0 0 0 24827.93603515625 13726.928955078125 18664.47233956473 700
stats: 200 0 700
stats: size_rcv 0 1296940
stats: size_sent 0 251808
stats: connected 0 100
# stats: dump at 1459404954
stats: users 100 800
stats: {load,"tsung_controller@daviddeMacBook-Pro"} 1 4.16015625 0.0 5.83984375 4.0390625 4.85546875 5
stats: {cpu,"tsung_controller@daviddeMacBook-Pro"} 1 0.0 0.0 0 0 0.0 5
stats: {freemem,"tsung_controller@daviddeMacBook-Pro"} 1 36.04296875 0.0 45.9140625 19.75 29.81953125 5
stats: session 0 0 0 24829.81005859375 13728.578857421875 18666.470592564154 700
stats: users_count 0 800
stats: finish_users_count 0 700
stats: connect 0 0 0 3418.85693359375 52.742919921875 325.80196166992204 800
stats: request 0 0 0 24827.93603515625 13726.928955078125 18664.47233956473 700
stats: page 0 0 0 24827.93603515625 13726.928955078125 18664.47233956473 700
stats: 200 0 700
stats: size_rcv 0 1296940
stats: size_sent 0 251808
stats: connected 0 100
# stats: dump at 1459404959
stats: users 0 800
stats: {load,"tsung_controller@daviddeMacBook-Pro"} 1 4.55078125 0.0 5.83984375 4.0390625 4.739583333333333 6
stats: {cpu,"tsung_controller@daviddeMacBook-Pro"} 1 0.0 0.0 0 0 0.0 6
stats: {freemem,"tsung_controller@daviddeMacBook-Pro"} 1 30.98046875 0.0 45.9140625 19.75 30.856770833333332 6
stats: session 100 60318.76155029297 108.38027587596441 60821.743896484375 13728.578857421875 18666.470592564154 700
stats: users_count 0 800
stats: finish_users_count 100 800
stats: connect 0 0 0 3418.85693359375 52.742919921875 325.80196166992204 800
stats: request 100 60316.59975341797 108.54182108420352 60819.595947265625 13726.928955078125 18664.47233956473 700
stats: page 100 60316.59975341797 108.54182108420352 60819.595947265625 13726.928955078125 18664.47233956473 700
stats: 200 0 700
stats: size_rcv 269060 1566000
stats: size_sent 0 251808
stats: connected -100 0
stats: 500 100 100
EndMonitor:{1459,404959,595042}
