# stats: dump at 1459147302
stats: users 773 773
stats: {load,"tsung_controller@daviddeMacBook-Pro"} 1 1.98828125 0 1.98828125 1.98828125 0 0
stats: {cpu,"tsung_controller@daviddeMacBook-Pro"} 1 0 0 0 0 0 0
stats: {freemem,"tsung_controller@daviddeMacBook-Pro"} 1 28.9375 0 28.9375 28.9375 0 0
stats: session 94 5171.944593064327 27.29647480228089 5234.552978515625 5117.54296875 0 0
stats: users_count 867 867
stats: finish_users_count 94 94
stats: request 94 5169.809209296044 27.392281839710392 5232.596923828125 5115.673095703125 0 0
stats: connect 778 96.7504926745261 140.2807436336698 1224.099853515625 52.12109375 0 0
stats: page 94 5169.809209296044 27.392281839710392 5232.596923828125 5115.673095703125 0 0
stats: 200 94 94
stats: size_rcv 30174 30174
stats: size_sent 244890 244890
stats: connected 684 684
# stats: dump at 1459147312
stats: users 793 800
stats: {load,"tsung_controller@daviddeMacBook-Pro"} 1 1.98828125 0.0 1.98828125 1.98828125 1.98828125 1
stats: {cpu,"tsung_controller@daviddeMacBook-Pro"} 1 0.0 0.0 0 0 0.0 1
stats: {freemem,"tsung_controller@daviddeMacBook-Pro"} 1 16.0546875 0.0 28.9375 16.0546875 28.9375 1
stats: session 7 11779.572544642857 2376.675828300976 14544.241943359375 5117.54296875 5171.944593064327 94
stats: users_count 27 894
stats: finish_users_count 7 101
stats: request 7 11777.63636997768 2376.6359127870955 14542.18896484375 5115.673095703125 5169.809209296044 94
stats: connect 116 900.6740680563039 1497.9029332866733 5593.52001953125 51.29296875 96.7504926745261 778
stats: page 7 11777.63636997768 2376.6359127870955 14542.18896484375 5115.673095703125 5169.809209296044 94
stats: 200 7 101
stats: size_rcv 2247 32421
stats: size_sent 36452 281342
stats: connected 109 793
# stats: dump at 1459147322
stats: users 793 800
stats: {load,"tsung_controller@daviddeMacBook-Pro"} 1 1.921875 0.0 1.98828125 1.921875 1.98828125 2
stats: {cpu,"tsung_controller@daviddeMacBook-Pro"} 1 0.0 0.0 0 0 0.0 2
stats: {freemem,"tsung_controller@daviddeMacBook-Pro"} 1 20.1875 0.0 28.9375 16.0546875 22.49609375 2
stats: session 0 0 0 14544.241943359375 5117.54296875 5629.899005549968 101
stats: users_count 0 894
stats: finish_users_count 0 101
stats: request 0 0 0 14542.18896484375 5115.673095703125 5627.777428353187 101
stats: connect 0 0 0 5593.52001953125 51.29296875 201.06272393211697 894
stats: page 0 0 0 14542.18896484375 5115.673095703125 5627.777428353187 101
stats: 200 0 101
stats: size_rcv 0 32421
stats: size_sent 0 281342
stats: connected 0 793
# stats: dump at 1459147332
stats: users 793 800
stats: {load,"tsung_controller@daviddeMacBook-Pro"} 1 1.78125 0.0 1.98828125 1.78125 1.9661458333333333 3
stats: {cpu,"tsung_controller@daviddeMacBook-Pro"} 1 0.0 0.0 0 0 0.0 3
stats: {freemem,"tsung_controller@daviddeMacBook-Pro"} 1 20.296875 0.0 28.9375 16.0546875 21.7265625 3
stats: session 0 0 0 14544.241943359375 5117.54296875 5629.899005549968 101
stats: users_count 0 894
stats: finish_users_count 0 101
stats: request 0 0 0 14542.18896484375 5115.673095703125 5627.777428353187 101
stats: connect 0 0 0 5593.52001953125 51.29296875 201.06272393211697 894
stats: page 0 0 0 14542.18896484375 5115.673095703125 5627.777428353187 101
stats: 200 0 101
stats: size_rcv 0 32421
stats: size_sent 0 281342
stats: connected 0 793
# stats: dump at 1459147342
stats: users 793 800
stats: {load,"tsung_controller@daviddeMacBook-Pro"} 1 1.80859375 0.0 1.98828125 1.78125 1.919921875 4
stats: {cpu,"tsung_controller@daviddeMacBook-Pro"} 1 0.0 0.0 0 0 0.0 4
stats: {freemem,"tsung_controller@daviddeMacBook-Pro"} 1 54.578125 0.0 54.578125 16.0546875 21.369140625 4
stats: session 0 0 0 14544.241943359375 5117.54296875 5629.899005549968 101
stats: users_count 0 894
stats: finish_users_count 0 101
stats: request 0 0 0 14542.18896484375 5115.673095703125 5627.777428353187 101
stats: connect 0 0 0 5593.52001953125 51.29296875 201.06272393211697 894
stats: page 0 0 0 14542.18896484375 5115.673095703125 5627.777428353187 101
stats: 200 0 101
stats: size_rcv 0 32421
stats: size_sent 0 281342
stats: connected 0 793
