# stats: dump at 1459231222
stats: users 767 768
stats: {load,"tsung_controller@daviddeMacBook-Pro"} 1 1.98046875 0 1.98046875 1.98046875 0 0
stats: {cpu,"tsung_controller@daviddeMacBook-Pro"} 1 0 0 0 0 0 0
stats: {freemem,"tsung_controller@daviddeMacBook-Pro"} 1 18.01171875 0 18.01171875 18.01171875 0 0
stats: session 57 7865.038210149397 277.8291431434837 8417.64501953125 6583.2138671875 0 0
stats: users_count 824 824
stats: finish_users_count 57 57
stats: connect 363 41.09990059508438 179.0898482411475 1199.093017578125 8.155029296875 0 0
stats: page 52 7859.15346116286 244.44821571948367 8159.01611328125 6581.200927734375 0 0
stats: request 52 7859.15346116286 244.44821571948367 8159.01611328125 6581.200927734375 0 0
stats: 200 54 54
stats: size_rcv 612500 612500
stats: size_sent 114646 114646
stats: connected 311 311
# stats: dump at 1459231232
stats: users 570 800
stats: {load,"tsung_controller@daviddeMacBook-Pro"} 1 2.05859375 0.0 2.05859375 1.98046875 1.98046875 1
stats: {cpu,"tsung_controller@daviddeMacBook-Pro"} 1 0.0 0.0 0 0 0.0 1
stats: {freemem,"tsung_controller@daviddeMacBook-Pro"} 1 17.1875 0.0 18.01171875 17.1875 18.01171875 1
stats: session 276 10135.81892726732 1301.117207842762 12485.98193359375 4884.52197265625 7865.038210149397 57
stats: users_count 79 903
stats: finish_users_count 276 333
stats: request 277 10075.490968559627 1324.8112132086599 12484.001953125 4882.408935546875 7859.15346116286 52
stats: connect 138 4199.547092603601 1453.4690709714203 4775.34716796875 8.155029296875 41.09990059508438 363
stats: page 277 10075.490968559627 1324.8112132086599 12484.001953125 4882.408935546875 7859.15346116286 52
stats: 200 275 329
stats: size_rcv 5162448 5774948
stats: size_sent 43500 158146
stats: connected -139 172
# stats: dump at 1459231242
stats: users 407 800
stats: {load,"tsung_controller@daviddeMacBook-Pro"} 1 2.05078125 0.0 2.05859375 1.98046875 2.01953125 2
stats: {cpu,"tsung_controller@daviddeMacBook-Pro"} 1 0.0 0.0 0 0 0.0 2
stats: {freemem,"tsung_controller@daviddeMacBook-Pro"} 1 22.765625 0.0 22.765625 17.1875 17.599609375 2
stats: session 163 13489.634352233512 1387.9809537766428 19572.9931640625 4884.52197265625 9747.126732445333 333
stats: users_count 0 903
stats: finish_users_count 163 496
stats: connect 4 18634.99072265625 3509.8828957066708 20676.052978515625 8.155029296875 1186.540444501622 501
stats: request 167 13437.259356287424 1408.658636800619 19571.66015625 4882.408935546875 9725.188383803907 329
stats: page 167 13437.259356287424 1408.658636800619 19571.66015625 4882.408935546875 9725.188383803907 329
stats: 200 167 496
stats: size_rcv 53607 5828555
stats: size_sent 1256 159402
stats: connected -163 9
# stats: dump at 1459231252
stats: users 407 800
stats: {load,"tsung_controller@daviddeMacBook-Pro"} 1 1.9609375 0.0 2.05859375 1.9609375 2.0299479166666665 3
stats: {cpu,"tsung_controller@daviddeMacBook-Pro"} 1 0.0 0.0 0 0 0.0 3
stats: {freemem,"tsung_controller@daviddeMacBook-Pro"} 1 28.7265625 0.0 28.7265625 17.1875 19.321614583333332 3
stats: session 0 0 0 19572.9931640625 4884.52197265625 10977.023389754755 496
stats: users_count 0 903
stats: finish_users_count 0 496
stats: request 0 0 0 19571.66015625 4882.408935546875 10975.018731394124 496
stats: page 0 0 0 19571.66015625 4882.408935546875 10975.018731394124 496
stats: 200 0 496
stats: connect 2 20622.453002929688 14.4100341796875 20676.052978515625 8.155029296875 1324.7459912592824 505
stats: size_rcv 0 5828555
stats: size_sent 628 160030
stats: connected 2 11
# stats: dump at 1459231262
stats: users 407 800
stats: {load,"tsung_controller@daviddeMacBook-Pro"} 1 2.03125 0.0 2.05859375 1.9609375 2.0126953125 4
stats: {cpu,"tsung_controller@daviddeMacBook-Pro"} 1 0.0 0.0 0 0 0.0 4
stats: {freemem,"tsung_controller@daviddeMacBook-Pro"} 1 17.81640625 0.0 28.7265625 17.1875 21.6728515625 4
stats: session 0 0 0 19572.9931640625 4884.52197265625 10977.023389754755 496
stats: users_count 0 903
stats: finish_users_count 0 496
stats: request 0 0 0 19571.66015625 4882.408935546875 10975.018731394124 496
stats: connect 54 37313.750768590864 81.55582629310096 37398.0791015625 8.155029296875 1400.8710682283963 507
stats: 200 0 496
stats: page 0 0 0 19571.66015625 4882.408935546875 10975.018731394124 496
stats: size_rcv 0 5828555
stats: size_sent 17076 177106
stats: connected 54 65
# stats: dump at 1459231272
stats: users 407 800
stats: {load,"tsung_controller@daviddeMacBook-Pro"} 1 2.01953125 0.0 2.05859375 1.9609375 2.01640625 5
stats: {cpu,"tsung_controller@daviddeMacBook-Pro"} 1 0.0 0.0 0 0 0.0 5
stats: {freemem,"tsung_controller@daviddeMacBook-Pro"} 1 19.6953125 0.0 28.7265625 17.1875 20.9015625 5
stats: session 0 0 0 19572.9931640625 4884.52197265625 10977.023389754755 496
stats: users_count 0 903
stats: finish_users_count 0 496
stats: request 0 0 0 19571.66015625 4882.408935546875 10975.018731394124 496
stats: connect 0 0 0 37398.0791015625 8.155029296875 4857.72579874457 561
stats: page 0 0 0 19571.66015625 4882.408935546875 10975.018731394124 496
stats: 200 0 496
stats: size_rcv 0 5828555
stats: size_sent 0 177106
stats: connected 0 65
# stats: dump at 1459231282
stats: users 405 800
stats: {load,"tsung_controller@daviddeMacBook-Pro"} 1 1.78125 0.0 2.05859375 1.78125 2.0169270833333335 6
stats: {cpu,"tsung_controller@daviddeMacBook-Pro"} 1 0.0 0.0 0 0 0.0 6
stats: {freemem,"tsung_controller@daviddeMacBook-Pro"} 1 17.43359375 0.0 28.7265625 17.1875 20.700520833333332 6
stats: session 2 65137.656494140625 1130.871337890625 66268.52783203125 4884.52197265625 10977.023389754755 496
stats: users_count 0 903
stats: finish_users_count 2 498
stats: request 2 65135.595947265625 1130.7119140625 66266.30786132813 4882.408935546875 10975.018731394124 496
stats: connect 0 0 0 37398.0791015625 8.155029296875 4857.72579874457 561
stats: page 2 65135.595947265625 1130.7119140625 66266.30786132813 4882.408935546875 10975.018731394124 496
stats: 200 2 498
stats: size_rcv 642 5829197
stats: size_sent 0 177106
stats: connected -2 63
