# stats: dump at 1459308896
stats: users 748 748
stats: {load,"tsung_controller@daviddeMacBook-Pro"} 1 2.4296875 0 2.4296875 2.4296875 0 0
stats: {cpu,"tsung_controller@daviddeMacBook-Pro"} 1 0 0 0 0 0 0
stats: {freemem,"tsung_controller@daviddeMacBook-Pro"} 1 23.12109375 0 23.12109375 23.12109375 0 0
stats: session 98 5378.130321269135 234.4700145886593 5710.8310546875 5031.132080078125 0 0
stats: users_count 846 846
stats: finish_users_count 98 98
stats: request 98 5375.875572983095 234.69487880132337 5709.0810546875 5028.93505859375 0 0
stats: connect 806 13.63568615025977 5.108154053215105 47.921142578125 8.8828125 0 0
stats: page 98 5375.875572983095 234.69487880132337 5709.0810546875 5028.93505859375 0 0
stats: size_rcv 264164 264164
stats: size_sent 254500 254500
stats: connected 708 708
stats: 500 98 98
# stats: dump at 1459308906
stats: users 798 800
stats: {load,"tsung_controller@daviddeMacBook-Pro"} 1 2.28125 0.0 2.4296875 2.28125 2.4296875 1
stats: {cpu,"tsung_controller@daviddeMacBook-Pro"} 1 0.0 0.0 0 0 0.0 1
stats: {freemem,"tsung_controller@daviddeMacBook-Pro"} 1 21.71484375 0.0 23.12109375 21.71484375 23.12109375 1
stats: session 2 7069.7183837890625 15.7965087890625 7085.514892578125 5031.132080078125 5378.130321269135 98
stats: users_count 52 898
stats: finish_users_count 2 100
stats: request 2 7067.8350830078125 15.8309326171875 7083.666015625 5028.93505859375 5375.875572983095 98
stats: connect 92 18.366571841032606 10.795281143847163 59.1650390625 8.580078125 13.63568615025977 806
stats: page 2 7067.8350830078125 15.8309326171875 7083.666015625 5028.93505859375 5375.875572983095 98
stats: size_rcv 5388 269552
stats: size_sent 29008 283508
stats: connected 90 798
stats: 500 2 100
# stats: dump at 1459308916
stats: users 798 800
stats: {load,"tsung_controller@daviddeMacBook-Pro"} 1 2.23828125 0.0 2.4296875 2.23828125 2.35546875 2
stats: {cpu,"tsung_controller@daviddeMacBook-Pro"} 1 0.0 0.0 0 0 0.0 2
stats: {freemem,"tsung_controller@daviddeMacBook-Pro"} 1 20.34765625 0.0 23.12109375 20.34765625 22.41796875 2
stats: session 0 0 0 7085.514892578125 5031.132080078125 5411.962082519533 100
stats: users_count 0 898
stats: finish_users_count 0 100
stats: request 0 0 0 7083.666015625 5028.93505859375 5409.714763183589 100
stats: connect 0 0 0 59.1650390625 8.580078125 14.12036486245476 898
stats: page 0 0 0 7083.666015625 5028.93505859375 5409.714763183589 100
stats: size_rcv 0 269552
stats: size_sent 0 283508
stats: connected 0 798
stats: 500 0 100
# stats: dump at 1459308926
stats: users 798 800
stats: {load,"tsung_controller@daviddeMacBook-Pro"} 1 2.05078125 0.0 2.4296875 2.05078125 2.31640625 3
stats: {cpu,"tsung_controller@daviddeMacBook-Pro"} 1 0.0 0.0 0 0 0.0 3
stats: {freemem,"tsung_controller@daviddeMacBook-Pro"} 1 47.99609375 0.0 47.99609375 20.34765625 21.727864583333332 3
stats: session 0 0 0 7085.514892578125 5031.132080078125 5411.962082519533 100
stats: users_count 0 898
stats: finish_users_count 0 100
stats: request 0 0 0 7083.666015625 5028.93505859375 5409.714763183589 100
stats: connect 0 0 0 59.1650390625 8.580078125 14.12036486245476 898
stats: page 0 0 0 7083.666015625 5028.93505859375 5409.714763183589 100
stats: size_rcv 0 269552
stats: size_sent 0 283508
stats: connected 0 798
stats: 500 0 100
