# stats: dump at 1459153980
stats: users 791 791
stats: {load,"tsung_controller@daviddeMacBook-Pro"} 1 1.78125 0 1.78125 1.78125 0 0
stats: {cpu,"tsung_controller@daviddeMacBook-Pro"} 1 0 0 0 0 0 0
stats: {freemem,"tsung_controller@daviddeMacBook-Pro"} 1 29.9765625 0 29.9765625 29.9765625 0 0
stats: session 99 5170.193196614583 24.797639933300903 5224.89892578125 5116.01806640625 0 0
stats: users_count 890 890
stats: finish_users_count 99 99
stats: request 99 5168.014118233113 24.811420606437203 5222.698974609375 5113.8759765625 0 0
stats: connect 816 90.82246787875303 121.62559545646826 1221.7060546875 50.51806640625 0 0
stats: page 99 5168.014118233113 24.811420606437203 5222.698974609375 5113.8759765625 0 0
stats: 200 99 99
stats: size_rcv 31779 31779
stats: size_sent 256832 256832
stats: connected 717 717
# stats: dump at 1459153990
stats: users 534 800
stats: {load,"tsung_controller@daviddeMacBook-Pro"} 1 1.80859375 0.0 1.80859375 1.78125 1.78125 1
stats: {cpu,"tsung_controller@daviddeMacBook-Pro"} 1 0.0 0.0 0 0 0.0 1
stats: {freemem,"tsung_controller@daviddeMacBook-Pro"} 1 14.421875 0.0 29.9765625 14.421875 29.9765625 1
stats: session 266 9821.382636278193 2525.6442411864437 14366.259033203125 5116.01806640625 5170.193196614583 99
stats: users_count 9 899
stats: finish_users_count 266 365
stats: connect 83 105.30858492564008 162.76572083264162 1221.7060546875 50.51806640625 90.82246787875303 816
stats: request 231 9300.744587687703 2298.3120379040392 14350.572998046875 5113.8759765625 5168.014118233113 99
stats: page 231 9300.744587687703 2298.3120379040392 14350.572998046875 5113.8759765625 5168.014118233113 99
stats: 200 234 333
stats: size_rcv 1896615 1928394
stats: size_sent 26099 282931
stats: connected -148 569
# stats: dump at 1459154000
stats: users 303 800
stats: {load,"tsung_controller@daviddeMacBook-Pro"} 1 1.76171875 0.0 1.80859375 1.76171875 1.794921875 2
stats: {cpu,"tsung_controller@daviddeMacBook-Pro"} 1 0.0 0.0 0 0 0.0 2
stats: {freemem,"tsung_controller@daviddeMacBook-Pro"} 1 141.91796875 0.0 141.91796875 14.421875 22.19921875 2
stats: session 231 17787.96645233022 1985.4334940258384 20980.60693359375 5116.01806640625 8559.827144424227 365
stats: users_count 0 899
stats: finish_users_count 231 596
stats: connect 0 0 0 1221.7060546875 50.51806640625 92.1598958152287 899
stats: request 266 17188.0424832222 2408.0922235128733 20978.9560546875 5113.8759765625 8060.925446851325 330
stats: page 266 17188.0424832222 2408.0922235128733 20978.9560546875 5113.8759765625 8060.925446851325 330
stats: 200 263 596
stats: size_rcv 2463132 4391526
stats: size_sent 0 282931
stats: connected -266 303
# stats: dump at 1459154010
stats: users 200 800
stats: {load,"tsung_controller@daviddeMacBook-Pro"} 1 1.87890625 0.0 1.87890625 1.76171875 1.7838541666666667 3
stats: {cpu,"tsung_controller@daviddeMacBook-Pro"} 1 0.0 0.0 0 0 0.0 3
stats: {freemem,"tsung_controller@daviddeMacBook-Pro"} 1 132.859375 0.0 141.91796875 14.421875 62.10546875 3
stats: session 103 23495.56066301957 610.2764136581987 26621.946044921875 5116.01806640625 12136.505298998529 596
stats: users_count 0 899
stats: finish_users_count 103 699
stats: connect 0 0 0 1221.7060546875 50.51806640625 92.1598958152287 899
stats: request 103 23493.558043841018 610.2799404571816 26619.620849609375 5113.8759765625 12134.437412748395 596
stats: page 103 23493.558043841018 610.2799404571816 26619.620849609375 5113.8759765625 12134.437412748395 596
stats: 200 103 699
stats: size_rcv 90015 4481541
stats: size_sent 0 282931
stats: connected -103 200
# stats: dump at 1459154020
stats: users 200 800
stats: {load,"tsung_controller@daviddeMacBook-Pro"} 1 1.96875 0.0 1.96875 1.76171875 1.8076171875 4
stats: {cpu,"tsung_controller@daviddeMacBook-Pro"} 1 0.0 0.0 0 0 0.0 4
stats: {freemem,"tsung_controller@daviddeMacBook-Pro"} 1 182.8203125 0.0 182.8203125 14.421875 79.7939453125 4
stats: session 0 0 0 26621.946044921875 5116.01806640625 13810.300295413646 699
stats: users_count 0 899
stats: finish_users_count 0 699
stats: connect 0 0 0 1221.7060546875 50.51806640625 92.1598958152287 899
stats: request 0 0 0 26619.620849609375 5113.8759765625 13808.242026485934 699
stats: page 0 0 0 26619.620849609375 5113.8759765625 13808.242026485934 699
stats: 200 0 699
stats: size_rcv 0 4481541
stats: size_sent 0 282931
stats: connected 0 200
# stats: dump at 1459154030
stats: users 200 800
stats: {load,"tsung_controller@daviddeMacBook-Pro"} 1 1.8203125 0.0 1.96875 1.76171875 1.83984375 5
stats: {cpu,"tsung_controller@daviddeMacBook-Pro"} 1 0.0 0.0 0 0 0.0 5
stats: {freemem,"tsung_controller@daviddeMacBook-Pro"} 1 94.82421875 0.0 182.8203125 14.421875 100.39921875 5
stats: session 0 0 0 26621.946044921875 5116.01806640625 13810.300295413646 699
stats: users_count 0 899
stats: finish_users_count 0 699
stats: connect 0 0 0 1221.7060546875 50.51806640625 92.1598958152287 899
stats: 200 0 699
stats: request 0 0 0 26619.620849609375 5113.8759765625 13808.242026485934 699
stats: page 0 0 0 26619.620849609375 5113.8759765625 13808.242026485934 699
stats: size_rcv 0 4481541
stats: size_sent 0 282931
stats: connected 0 200
# stats: dump at 1459154036
stats: users 0 800
stats: {load,"tsung_controller@daviddeMacBook-Pro"} 1 1.78125 0.0 1.96875 1.76171875 1.8365885416666667 6
stats: {cpu,"tsung_controller@daviddeMacBook-Pro"} 1 0.0 0.0 0 0 0.0 6
stats: {freemem,"tsung_controller@daviddeMacBook-Pro"} 1 18.3828125 0.0 182.8203125 14.421875 99.47005208333333 6
stats: session 200 60199.734451904296 178.58018178682852 61322.029052734375 5116.01806640625 13810.300295413646 699
stats: users_count 0 899
stats: finish_users_count 200 899
stats: connect 0 0 0 1221.7060546875 50.51806640625 92.1598958152287 899
stats: page 200 60197.65808471679 178.57839636068874 61319.880859375 5113.8759765625 13808.242026485934 699
stats: request 200 60197.65808471679 178.57839636068874 61319.880859375 5113.8759765625 13808.242026485934 699
stats: 200 200 899
stats: size_rcv 64200 4545741
stats: size_sent 0 282931
stats: connected -200 0
EndMonitor:{1459,154036,45438}
