# stats: dump at 1459404853
stats: users 783 783
stats: {load,"tsung_controller@daviddeMacBook-Pro"} 1 4.390625 0 4.390625 4.390625 0 0
stats: {cpu,"tsung_controller@daviddeMacBook-Pro"} 1 0 0 0 0 0 0
stats: {freemem,"tsung_controller@daviddeMacBook-Pro"} 1 40.828125 0 40.828125 40.828125 0 0
stats: session 100 5207.915590820309 59.813627190473454 5597.216064453125 5144.296142578125 0 0
stats: users_count 883 883
stats: finish_users_count 100 100
stats: request 100 5205.717922363279 59.81277237415486 5594.655029296875 5137.769775390625 0 0
stats: connect 828 107.22396275617075 122.98565504770647 1252.137939453125 52.11083984375 0 0
stats: page 100 5205.717922363279 59.81277237415486 5594.655029296875 5137.769775390625 0 0
stats: 200 100 100
stats: size_rcv 32100 32100
stats: size_sent 260604 260604
stats: connected 728 728
# stats: dump at 1459404863
stats: users 583 800
stats: {load,"tsung_controller@daviddeMacBook-Pro"} 1 4.6796875 0.0 4.6796875 4.390625 4.390625 1
stats: {cpu,"tsung_controller@daviddeMacBook-Pro"} 1 0.0 0.0 0 0 0.0 1
stats: {freemem,"tsung_controller@daviddeMacBook-Pro"} 1 16.609375 0.0 40.828125 16.609375 40.828125 1
stats: session 217 9115.677598241287 1810.1770513341628 11895.211181640625 5144.296142578125 5207.915590820309 100
stats: users_count 17 900
stats: finish_users_count 217 317
stats: request 217 9113.497178319414 1810.193269483588 11892.06298828125 5137.769775390625 5205.717922363279 100
stats: page 217 9113.497178319414 1810.193269483588 11892.06298828125 5137.769775390625 5205.717922363279 100
stats: connect 72 149.08521864149301 268.3757298231586 1469.928955078125 52.11083984375 107.22396275617075 828
stats: 200 217 317
stats: size_rcv 1672153 1704253
stats: size_sent 22640 283244
stats: connected -145 583
# stats: dump at 1459404873
stats: users 339 800
stats: {load,"tsung_controller@daviddeMacBook-Pro"} 1 5.19921875 0.0 5.19921875 4.390625 4.53515625 2
stats: {cpu,"tsung_controller@daviddeMacBook-Pro"} 1 0.0 0.0 0 0 0.0 2
stats: {freemem,"tsung_controller@daviddeMacBook-Pro"} 1 48.33203125 0.0 48.33203125 16.609375 28.71875 2
stats: session 244 17469.933590748256 2238.42800309413 21784.3330078125 5144.296142578125 7882.945103786719 317
stats: users_count 0 900
stats: finish_users_count 244 561
stats: request 215 16969.640920239835 1891.028703206415 21360.069091796875 5137.769775390625 7880.759242686565 317
stats: connect 0 0 0 1469.928955078125 52.11083984375 110.57286322699653 900
stats: page 215 16969.640920239835 1891.028703206415 21360.069091796875 5137.769775390625 7880.759242686565 317
stats: 200 237 554
stats: size_rcv 1949495 3653748
stats: size_sent 0 283244
stats: connected -215 368
# stats: dump at 1459404883
stats: users 201 800
stats: {load,"tsung_controller@daviddeMacBook-Pro"} 1 5.83984375 0.0 5.83984375 4.390625 4.756510416666667 3
stats: {cpu,"tsung_controller@daviddeMacBook-Pro"} 1 0.0 0.0 0 0 0.0 3
stats: {freemem,"tsung_controller@daviddeMacBook-Pro"} 1 18.71484375 0.0 48.33203125 16.609375 35.256510416666664 3
stats: session 138 23750.658930239468 1300.323921081993 26289.387939453125 5144.296142578125 12052.68697690368 561
stats: users_count 0 900
stats: finish_users_count 138 699
stats: request 167 23299.27749286582 1544.712697404786 26287.635009765625 5137.769775390625 11553.897514630085 532
stats: connect 0 0 0 1469.928955078125 52.11083984375 110.57286322699653 900
stats: page 167 23299.27749286582 1544.712697404786 26287.635009765625 5137.769775390625 11553.897514630085 532
stats: 200 147 701
stats: size_rcv 1410823 5064571
stats: size_sent 0 283244
stats: connected -167 201
