# stats: dump at 1458798956
stats: users 781 781
stats: {load,"tsung_controller@daviddeMacBook-Pro"} 1 2.3515625 0 2.3515625 2.3515625 0 0
stats: {cpu,"tsung_controller@daviddeMacBook-Pro"} 1 0 0 0 0 0 0
stats: {freemem,"tsung_controller@daviddeMacBook-Pro"} 1 43.58203125 0 43.58203125 43.58203125 0 0
stats: session 100 5648.800832519533 170.8425423239602 6278.376953125 5275.009033203125 0 0
stats: users_count 881 881
stats: finish_users_count 100 100
stats: connect 816 95.1402139102711 135.66991702308812 1258.385009765625 50.47607421875 0 0
stats: request 100 5646.689406738284 170.8461202304529 6276.322998046875 5272.94091796875 0 0
stats: page 100 5646.689406738284 170.8461202304529 6276.322998046875 5272.94091796875 0 0
stats: size_rcv 268260 268260
stats: size_sent 256824 256824
stats: connected 716 716
stats: 500 100 100
# stats: dump at 1458798966
stats: users 800 800
stats: {load,"tsung_controller@daviddeMacBook-Pro"} 1 2.2890625 0.0 2.3515625 2.2890625 2.3515625 1
stats: {cpu,"tsung_controller@daviddeMacBook-Pro"} 1 0.0 0.0 0 0 0.0 1
stats: {freemem,"tsung_controller@daviddeMacBook-Pro"} 1 24.234375 0.0 43.58203125 24.234375 43.58203125 1
stats: session 0 0 0 6278.376953125 5275.009033203125 5648.800832519533 100
stats: users_count 19 900
stats: finish_users_count 0 100
stats: request 0 0 0 6276.322998046875 5272.94091796875 5646.689406738284 100
stats: connect 84 131.84989420572916 238.98636566170222 1258.385009765625 50.47607421875 95.1402139102711 816
stats: page 0 0 0 6276.322998046875 5272.94091796875 5646.689406738284 100
stats: size_rcv 0 268260
stats: size_sent 26420 283244
stats: connected 84 800
stats: 500 0 100
# stats: dump at 1458798976
stats: users 800 800
stats: {load,"tsung_controller@daviddeMacBook-Pro"} 1 2.25 0.0 2.3515625 2.25 2.3203125 2
stats: {cpu,"tsung_controller@daviddeMacBook-Pro"} 1 0.0 0.0 0 0 0.0 2
stats: {freemem,"tsung_controller@daviddeMacBook-Pro"} 1 27.5625 0.0 43.58203125 24.234375 33.908203125 2
stats: session 0 0 0 6278.376953125 5275.009033203125 5648.800832519533 100
stats: users_count 0 900
stats: finish_users_count 0 100
stats: request 0 0 0 6276.322998046875 5272.94091796875 5646.689406738284 100
stats: connect 0 0 0 1258.385009765625 50.47607421875 98.56645073784719 900
stats: page 0 0 0 6276.322998046875 5272.94091796875 5646.689406738284 100
stats: size_rcv 0 268260
stats: size_sent 0 283244
stats: connected 0 800
stats: 500 0 100
# stats: dump at 1458798986
stats: users 800 800
stats: {load,"tsung_controller@daviddeMacBook-Pro"} 1 2.12890625 0.0 2.3515625 2.12890625 2.296875 3
stats: {cpu,"tsung_controller@daviddeMacBook-Pro"} 1 0.0 0.0 0 0 0.0 3
stats: {freemem,"tsung_controller@daviddeMacBook-Pro"} 1 29.53125 0.0 43.58203125 24.234375 31.79296875 3
stats: session 0 0 0 6278.376953125 5275.009033203125 5648.800832519533 100
stats: users_count 0 900
stats: finish_users_count 0 100
stats: request 0 0 0 6276.322998046875 5272.94091796875 5646.689406738284 100
stats: page 0 0 0 6276.322998046875 5272.94091796875 5646.689406738284 100
stats: connect 0 0 0 1258.385009765625 50.47607421875 98.56645073784719 900
stats: size_rcv 0 268260
stats: size_sent 0 283244
stats: connected 0 800
stats: 500 0 100
# stats: dump at 1458798996
stats: users 800 800
stats: {load,"tsung_controller@daviddeMacBook-Pro"} 1 2.03125 0.0 2.3515625 2.03125 2.2548828125 4
stats: {cpu,"tsung_controller@daviddeMacBook-Pro"} 1 0.0 0.0 0 0 0.0 4
stats: {freemem,"tsung_controller@daviddeMacBook-Pro"} 1 22.86328125 0.0 43.58203125 22.86328125 31.2275390625 4
stats: session 0 0 0 6278.376953125 5275.009033203125 5648.800832519533 100
stats: users_count 0 900
stats: finish_users_count 0 100
stats: connect 0 0 0 1258.385009765625 50.47607421875 98.56645073784719 900
stats: request 0 0 0 6276.322998046875 5272.94091796875 5646.689406738284 100
stats: page 0 0 0 6276.322998046875 5272.94091796875 5646.689406738284 100
stats: size_rcv 0 268260
stats: size_sent 0 283244
stats: connected 0 800
stats: 500 0 100
# stats: dump at 1458799006
stats: users 800 800
stats: {load,"tsung_controller@daviddeMacBook-Pro"} 1 2.109375 0.0 2.3515625 2.03125 2.21015625 5
stats: {cpu,"tsung_controller@daviddeMacBook-Pro"} 1 0.0 0.0 0 0 0.0 5
stats: {freemem,"tsung_controller@daviddeMacBook-Pro"} 1 58.4375 0.0 58.4375 22.86328125 29.5546875 5
stats: session 0 0 0 6278.376953125 5275.009033203125 5648.800832519533 100
stats: users_count 0 900
stats: finish_users_count 0 100
stats: request 0 0 0 6276.322998046875 5272.94091796875 5646.689406738284 100
stats: connect 0 0 0 1258.385009765625 50.47607421875 98.56645073784719 900
stats: page 0 0 0 6276.322998046875 5272.94091796875 5646.689406738284 100
stats: size_rcv 0 268260
stats: size_sent 0 283244
stats: connected 0 800
stats: 500 0 100
# stats: dump at 1458799016
stats: users 374 800
stats: {load,"tsung_controller@daviddeMacBook-Pro"} 1 2.01953125 0.0 2.3515625 2.01953125 2.193359375 6
stats: {cpu,"tsung_controller@daviddeMacBook-Pro"} 1 0.0 0.0 0 0 0.0 6
stats: {freemem,"tsung_controller@daviddeMacBook-Pro"} 1 37.37890625 0.0 58.4375 22.86328125 34.368489583333336 6
stats: session 426 61637.28883841788 1023.4989372562111 63924.48681640625 5275.009033203125 5648.800832519533 100
stats: users_count 0 900
stats: finish_users_count 426 526
stats: request 421 61616.57266054131 1014.9943784719504 63922.991943359375 5272.94091796875 5646.689406738284 100
stats: connect 0 0 0 1258.385009765625 50.47607421875 98.56645073784719 900
stats: page 421 61616.57266054131 1014.9943784719504 63922.991943359375 5272.94091796875 5646.689406738284 100
stats: size_rcv 1129453 1397713
stats: size_sent 0 283244
stats: connected -421 379
stats: 500 423 523
# stats: dump at 1458799026
stats: users 200 800
stats: {load,"tsung_controller@daviddeMacBook-Pro"} 1 1.94140625 0.0 2.3515625 1.94140625 2.1685267857142856 7
stats: {cpu,"tsung_controller@daviddeMacBook-Pro"} 1 0.0 0.0 0 0 0.0 7
stats: {freemem,"tsung_controller@daviddeMacBook-Pro"} 1 18.43359375 0.0 58.4375 18.43359375 34.798549107142854 7
stats: session 174 63883.64449757543 582.623185391042 65708.2119140625 5275.009033203125 50993.08959775279 526
stats: users_count 0 900
stats: finish_users_count 174 700
stats: page 179 63862.66637433441 585.6466167363251 65706.11401367188 5272.94091796875 50873.79276537758 521
stats: request 179 63862.66637433441 585.6466167363251 65706.11401367188 5272.94091796875 50873.79276537758 521
stats: connect 0 0 0 1258.385009765625 50.47607421875 98.56645073784719 900
stats: size_rcv 480275 1877988
stats: size_sent 0 283244
stats: connected -179 200
stats: 500 177 700
# stats: dump at 1458799036
stats: users 200 800
stats: {load,"tsung_controller@daviddeMacBook-Pro"} 1 1.71875 0.0 2.3515625 1.71875 2.14013671875 8
stats: {cpu,"tsung_controller@daviddeMacBook-Pro"} 1 0.0 0.0 0 0 0.0 8
stats: {freemem,"tsung_controller@daviddeMacBook-Pro"} 1 23.0546875 0.0 58.4375 18.43359375 32.7529296875 8
stats: session 0 0 0 65708.2119140625 5275.009033203125 54197.313244280136 700
stats: users_count 0 900
stats: finish_users_count 0 700
stats: request 0 0 0 65706.11401367188 5272.94091796875 54195.233302525114 700
stats: page 0 0 0 65706.11401367188 5272.94091796875 54195.233302525114 700
stats: connect 0 0 0 1258.385009765625 50.47607421875 98.56645073784719 900
stats: size_rcv 0 1877988
stats: size_sent 0 283244
stats: connected 0 200
stats: 500 0 700
# stats: dump at 1458799046
stats: users 200 800
stats: {load,"tsung_controller@daviddeMacBook-Pro"} 1 2.44140625 0.0 2.44140625 1.71875 2.0933159722222223 9
stats: {cpu,"tsung_controller@daviddeMacBook-Pro"} 1 0.0 0.0 0 0 0.0 9
stats: {freemem,"tsung_controller@daviddeMacBook-Pro"} 1 28.14453125 0.0 58.4375 18.43359375 31.67534722222222 9
stats: session 0 0 0 65708.2119140625 5275.009033203125 54197.313244280136 700
stats: users_count 0 900
stats: finish_users_count 0 700
stats: page 0 0 0 65706.11401367188 5272.94091796875 54195.233302525114 700
stats: size_rcv 0 1877988
stats: request 0 0 0 65706.11401367188 5272.94091796875 54195.233302525114 700
stats: connect 0 0 0 1258.385009765625 50.47607421875 98.56645073784719 900
stats: size_sent 0 283244
stats: connected 0 200
stats: 500 0 700
# stats: dump at 1458799056
stats: users 200 800
stats: {load,"tsung_controller@daviddeMacBook-Pro"} 1 2.2890625 0.0 2.44140625 1.71875 2.128125 10
stats: {cpu,"tsung_controller@daviddeMacBook-Pro"} 1 0.0 0.0 0 0 0.0 10
stats: {freemem,"tsung_controller@daviddeMacBook-Pro"} 1 150.625 0.0 150.625 18.43359375 31.322265625 10
stats: session 0 0 0 65708.2119140625 5275.009033203125 54197.313244280136 700
stats: users_count 0 900
stats: finish_users_count 0 700
stats: request 0 0 0 65706.11401367188 5272.94091796875 54195.233302525114 700
stats: connect 0 0 0 1258.385009765625 50.47607421875 98.56645073784719 900
stats: page 0 0 0 65706.11401367188 5272.94091796875 54195.233302525114 700
stats: size_rcv 0 1877988
stats: size_sent 0 283244
stats: connected 0 200
stats: 500 0 700
# stats: dump at 1458799066
stats: users 200 800
stats: {load,"tsung_controller@daviddeMacBook-Pro"} 1 2.171875 0.0 2.44140625 1.71875 2.1427556818181817 11
stats: {cpu,"tsung_controller@daviddeMacBook-Pro"} 1 0.0 0.0 0 0 0.0 11
stats: {freemem,"tsung_controller@daviddeMacBook-Pro"} 1 136.79296875 0.0 150.625 18.43359375 42.16796875 11
stats: session 0 0 0 65708.2119140625 5275.009033203125 54197.313244280136 700
stats: users_count 0 900
stats: finish_users_count 0 700
stats: page 0 0 0 65706.11401367188 5272.94091796875 54195.233302525114 700
stats: request 0 0 0 65706.11401367188 5272.94091796875 54195.233302525114 700
stats: connect 0 0 0 1258.385009765625 50.47607421875 98.56645073784719 900
stats: size_rcv 0 1877988
stats: size_sent 0 283244
stats: connected 0 200
stats: 500 0 700
# stats: dump at 1458799076
stats: users 28 800
stats: {load,"tsung_controller@daviddeMacBook-Pro"} 1 1.98828125 0.0 2.44140625 1.71875 2.1451822916666665 12
stats: {cpu,"tsung_controller@daviddeMacBook-Pro"} 1 0.0 0.0 0 0 0.0 12
stats: {freemem,"tsung_controller@daviddeMacBook-Pro"} 1 125.2265625 0.0 150.625 18.43359375 50.053385416666664 12
stats: session 172 119724.56477249501 384.39670339516164 121156.2490234375 5275.009033203125 54197.313244280136 700
stats: users_count 0 900
stats: finish_users_count 172 872
stats: request 148 119671.96250461887 389.608353108668 121154.15405273438 5272.94091796875 54195.233302525114 700
stats: connect 0 0 0 1258.385009765625 50.47607421875 98.56645073784719 900
stats: page 148 119671.96250461887 389.608353108668 121154.15405273438 5272.94091796875 54195.233302525114 700
stats: size_rcv 396972 2274960
stats: size_sent 0 283244
stats: connected -148 52
stats: 500 149 849
# stats: dump at 1458799081
stats: users 0 800
stats: {load,"tsung_controller@daviddeMacBook-Pro"} 1 2.25 0.0 2.44140625 1.71875 2.133112980769231 13
stats: {cpu,"tsung_controller@daviddeMacBook-Pro"} 1 0.0 0.0 0 0 0.0 13
stats: {freemem,"tsung_controller@daviddeMacBook-Pro"} 1 117.91796875 0.0 150.625 18.43359375 55.8359375 13
stats: session 28 120298.38643101284 327.2483406535725 121539.47705078125 5275.009033203125 67122.41331635922 872
stats: users_count 0 900
stats: finish_users_count 28 900
stats: connect 0 0 0 1258.385009765625 50.47607421875 98.56645073784719 900
stats: request 52 120175.74912203275 281.2019634606254 121537.5478515625 5272.94091796875 65622.7756632679 848
stats: page 52 120175.74912203275 281.2019634606254 121537.5478515625 5272.94091796875 65622.7756632679 848
stats: size_rcv 139484 2414444
stats: size_sent 0 283244
stats: connected -52 0
stats: 500 51 900
EndMonitor:{1458,799081,815051}
