# stats: dump at 1459242991
stats: users 752 752
stats: {load,"tsung_controller@daviddeMacBook-Pro"} 1 12.12890625 0 12.12890625 12.12890625 0 0
stats: {cpu,"tsung_controller@daviddeMacBook-Pro"} 1 0 0 0 0 0 0
stats: {freemem,"tsung_controller@daviddeMacBook-Pro"} 1 412.5703125 0 412.5703125 412.5703125 0 0
stats: session 99 5116.758394491793 62.53116085700855 5269.327880859375 5032.72607421875 0 0
stats: users_count 851 851
stats: finish_users_count 99 99
stats: request 99 5114.631204624367 62.541364150942385 5267.451904296875 5030.77001953125 0 0
stats: 200 99 99
stats: connect 821 31.71971883088463 49.62826160258259 1162.086181640625 8.18701171875 0 0
stats: page 99 5114.631204624367 62.541364150942385 5267.451904296875 5030.77001953125 0 0
stats: size_rcv 31779 31779
stats: size_sent 259218 259218
stats: connected 722 722
# stats: dump at 1459243001
stats: users 206 800
stats: {load,"tsung_controller@daviddeMacBook-Pro"} 1 11.609375 0.0 12.12890625 11.609375 12.12890625 1
stats: {cpu,"tsung_controller@daviddeMacBook-Pro"} 1 0.0 0.0 0 0 0.0 1
stats: {freemem,"tsung_controller@daviddeMacBook-Pro"} 1 373.35546875 0.0 412.5703125 373.35546875 412.5703125 1
stats: session 594 8661.673260518604 1325.897010507208 12099.509033203125 5032.72607421875 5116.758394491793 99
stats: users_count 48 899
stats: finish_users_count 594 693
stats: page 590 8646.686287986633 1320.0293273863024 12097.3291015625 5030.77001953125 5114.631204624367 99
stats: request 590 8646.686287986633 1320.0293273863024 12097.3291015625 5030.77001953125 5114.631204624367 99
stats: connect 78 20.396033653846153 14.621195054603497 1162.086181640625 8.18701171875 31.71971883088463 821
stats: 200 601 700
stats: size_rcv 6026950 6058729
stats: size_sent 24612 283830
stats: connected -512 210
# stats: dump at 1459243011
stats: users 202 800
stats: {load,"tsung_controller@daviddeMacBook-Pro"} 1 11.3203125 0.0 12.12890625 11.3203125 11.869140625 2
stats: {cpu,"tsung_controller@daviddeMacBook-Pro"} 1 0.0 0.0 0 0 0.0 2
stats: {freemem,"tsung_controller@daviddeMacBook-Pro"} 1 376.6640625 0.0 412.5703125 373.35546875 392.962890625 2
stats: session 4 12366.398315429688 840.5247332991631 13370.779052734375 5032.72607421875 8155.256851086202 693
stats: users_count 0 899
stats: finish_users_count 4 697
stats: request 8 11467.705078125 1158.3241672764525 13368.518798828125 5030.77001953125 8139.177647561575 689
stats: page 8 11467.705078125 1158.3241672764525 13368.518798828125 5030.77001953125 8139.177647561575 689
stats: connect 0 0 0 1162.086181640625 8.18701171875 30.73724114032957 899
stats: 200 3 703
stats: size_rcv 87265 6145994
stats: size_sent 0 283830
stats: connected -8 202
# stats: dump at 1459243021
stats: users 202 800
stats: {load,"tsung_controller@daviddeMacBook-Pro"} 1 11.328125 0.0 12.12890625 11.3203125 11.686197916666666 3
stats: {cpu,"tsung_controller@daviddeMacBook-Pro"} 1 0.0 0.0 0 0 0.0 3
stats: {freemem,"tsung_controller@daviddeMacBook-Pro"} 1 363.6015625 0.0 412.5703125 363.6015625 387.5299479166667 3
stats: session 0 0 0 13370.779052734375 5032.72607421875 8179.424090479852 697
stats: users_count 0 899
stats: finish_users_count 0 697
stats: request 0 0 0 13368.518798828125 5030.77001953125 8177.381692675646 697
stats: connect 0 0 0 1162.086181640625 8.18701171875 30.73724114032957 899
stats: page 0 0 0 13368.518798828125 5030.77001953125 8177.381692675646 697
stats: 200 0 703
stats: size_rcv 0 6145994
stats: size_sent 0 283830
stats: connected 0 202
# stats: dump at 1459243031
stats: users 202 800
stats: {load,"tsung_controller@daviddeMacBook-Pro"} 1 11.078125 0.0 12.12890625 11.078125 11.5966796875 4
stats: {cpu,"tsung_controller@daviddeMacBook-Pro"} 1 0.0 0.0 0 0 0.0 4
stats: {freemem,"tsung_controller@daviddeMacBook-Pro"} 1 348.3984375 0.0 412.5703125 348.3984375 381.5478515625 4
stats: session 0 0 0 13370.779052734375 5032.72607421875 8179.424090479852 697
stats: users_count 0 899
stats: finish_users_count 0 697
stats: request 0 0 0 13368.518798828125 5030.77001953125 8177.381692675646 697
stats: connect 0 0 0 1162.086181640625 8.18701171875 30.73724114032957 899
stats: page 0 0 0 13368.518798828125 5030.77001953125 8177.381692675646 697
stats: 200 0 703
stats: size_rcv 0 6145994
stats: size_sent 0 283830
stats: connected 0 202
