# stats: dump at 1459416241
stats: users 753 753
stats: {load,"tsung_controller@daviddeMacBook-Pro"} 1 2.01953125 0 2.01953125 2.01953125 0 0
stats: {cpu,"tsung_controller@daviddeMacBook-Pro"} 1 0 0 0 0 0 0
stats: {freemem,"tsung_controller@daviddeMacBook-Pro"} 1 31.9140625 0 31.9140625 31.9140625 0 0
stats: session 100 5302.559606933592 136.33683484595494 5992.22900390625 5119.18212890625 0 0
stats: users_count 853 853
stats: finish_users_count 100 100
stats: request 100 5300.455952148436 136.43035640328767 5990.179931640625 5117.3310546875 0 0
stats: page 100 5300.455952148436 136.43035640328767 5990.179931640625 5117.3310546875 0 0
stats: connect 802 87.82034081057134 66.70557029113503 665.373046875 51.178955078125 0 0
stats: size_rcv 269060 269060
stats: size_sent 252434 252434
stats: connected 702 702
stats: 500 100 100
# stats: dump at 1459416251
stats: users 569 800
stats: {load,"tsung_controller@daviddeMacBook-Pro"} 1 1.7890625 0.0 2.01953125 1.7890625 2.01953125 1
stats: {cpu,"tsung_controller@daviddeMacBook-Pro"} 1 0.0 0.0 0 0 0.0 1
stats: {freemem,"tsung_controller@daviddeMacBook-Pro"} 1 21.5546875 0.0 31.9140625 21.5546875 31.9140625 1
stats: session 231 8724.684573483157 1883.1151997651136 11399.27783203125 5119.18212890625 5302.559606933592 100
stats: users_count 47 900
stats: finish_users_count 231 331
stats: request 231 8722.667200394002 1883.1260911345905 11397.552978515625 5117.3310546875 5300.455952148436 100
stats: connect 98 76.29697215800381 12.426451869125573 665.373046875 50.527099609375 87.82034081057134 802
stats: page 231 8722.667200394002 1883.1260911345905 11397.552978515625 5117.3310546875 5300.455952148436 100
stats: 200 95 95
stats: size_rcv 1750719 2019779
stats: size_sent 30810 283244
stats: connected -133 569
stats: 500 136 236
# stats: dump at 1459416261
stats: users 322 800
stats: {load,"tsung_controller@daviddeMacBook-Pro"} 1 1.828125 0.0 2.01953125 1.7890625 1.904296875 2
stats: {cpu,"tsung_controller@daviddeMacBook-Pro"} 1 0.0 0.0 0 0 0.0 2
stats: {freemem,"tsung_controller@daviddeMacBook-Pro"} 1 25.1953125 0.0 31.9140625 21.5546875 26.734375 2
stats: session 247 16984.189526268347 2507.9876160090826 21250.5810546875 5119.18212890625 7690.809961232532 331
stats: users_count 0 900
stats: finish_users_count 247 578
stats: 200 104 199
stats: request 202 16184.3595816735 2043.5217385054987 20471.359130859375 5117.3310546875 7688.766521165734 331
stats: connect 0 0 0 665.373046875 50.527099609375 86.56557400173621 900
stats: page 202 16184.3595816735 2043.5217385054987 20471.359130859375 5117.3310546875 7688.766521165734 331
stats: size_rcv 1755946 3775725
stats: size_sent 0 283244
stats: connected -202 367
stats: 500 100 336
# stats: dump at 1459416271
stats: users 0 800
stats: {load,"tsung_controller@daviddeMacBook-Pro"} 1 1.69921875 0.0 2.01953125 1.69921875 1.87890625 3
stats: {cpu,"tsung_controller@daviddeMacBook-Pro"} 1 0.0 0.0 0 0 0.0 3
stats: {freemem,"tsung_controller@daviddeMacBook-Pro"} 1 22.70703125 0.0 31.9140625 21.5546875 26.221354166666668 3
stats: session 322 29014.34267562961 4432.2722065152 33634.64111328125 5119.18212890625 11662.202266706316 578
stats: users_count 0 900
stats: finish_users_count 322 900
stats: request 367 27976.44774392776 4992.784556336142 33632.450927734375 5117.3310546875 10908.484716705261 533
stats: connect 0 0 0 665.373046875 50.527099609375 86.56557400173621 900
stats: 200 96 295
stats: page 367 27976.44774392776 4992.784556336142 33632.450927734375 5117.3310546875 10908.484716705261 533
stats: size_rcv 1614199 5389924
stats: size_sent 0 283244
stats: connected -367 0
stats: 500 69 405
# stats: dump at 1459416272
stats: users 0 800
stats: {load,"tsung_controller@daviddeMacBook-Pro"} 1 1.66015625 0.0 2.01953125 1.66015625 1.833984375 4
stats: {cpu,"tsung_controller@daviddeMacBook-Pro"} 1 0.0 0.0 0 0 0.0 4
stats: {freemem,"tsung_controller@daviddeMacBook-Pro"} 1 52.21484375 0.0 52.21484375 21.5546875 25.3427734375 4
stats: session 0 0 0 33634.64111328125 5119.18212890625 17870.41250189887 900
stats: users_count 0 900
stats: finish_users_count 0 900
stats: request 0 0 0 33632.450927734375 5117.3310546875 17868.420751139325 900
stats: page 0 0 0 33632.450927734375 5117.3310546875 17868.420751139325 900
stats: connect 0 0 0 665.373046875 50.527099609375 86.56557400173621 900
stats: 200 0 295
stats: size_rcv 0 5389924
stats: size_sent 0 283244
stats: connected 0 0
stats: 500 0 405
EndMonitor:{1459,416272,671077}
