# stats: dump at 1459152899
stats: users 689 689
stats: {load,"tsung_controller@daviddeMacBook-Pro"} 1 4.30859375 0 4.30859375 4.30859375 0 0
stats: {cpu,"tsung_controller@daviddeMacBook-Pro"} 1 0 0 0 0 0 0
stats: {freemem,"tsung_controller@daviddeMacBook-Pro"} 1 141.91796875 0 141.91796875 141.91796875 0 0
stats: session 225 5200.351438802086 188.82467618505652 6337.055908203125 5108.56884765625 0 0
stats: users_count 914 914
stats: finish_users_count 225 225
stats: request 217 5199.7048643613225 192.11877854261598 6335.218994140625 5106.64404296875 0 0
stats: connect 755 688.9292926712544 626.5061387319258 2462.650146484375 52.400146484375 0 0
stats: page 217 5199.7048643613225 192.11877854261598 6335.218994140625 5106.64404296875 0 0
stats: size_rcv 26691 26691
stats: size_sent 237667 237667
stats: connected 538 538
stats: 204 217 217
# stats: dump at 1459152909
stats: users 654 732
stats: {load,"tsung_controller@daviddeMacBook-Pro"} 1 3.87890625 0.0 4.30859375 3.87890625 4.30859375 1
stats: {cpu,"tsung_controller@daviddeMacBook-Pro"} 1 0.0 0.0 0 0 0.0 1
stats: {freemem,"tsung_controller@daviddeMacBook-Pro"} 1 112.74609375 0.0 141.91796875 112.74609375 141.91796875 1
stats: session 1051 5935.789187009401 645.0051062510415 8745.669921875 5107.04296875 5200.351438802086 225
stats: users_count 1016 1930
stats: finish_users_count 1051 1276
stats: request 1013 5959.189126800807 633.9634178472782 8743.8291015625 5104.890869140625 5199.7048643613225 217
stats: page 1013 5959.189126800807 633.9634178472782 8743.8291015625 5104.890869140625 5199.7048643613225 217
stats: connect 1125 402.9217332899302 579.4175401317943 3655.93505859375 51.88818359375 688.9292926712544 755
stats: size_rcv 124599 151290
stats: size_sent 353989 591656
stats: connected 112 650
stats: 204 1013 1230
# stats: dump at 1459152919
stats: users 626 732
stats: {load,"tsung_controller@daviddeMacBook-Pro"} 1 3.44140625 0.0 4.30859375 3.44140625 4.09375 2
stats: {cpu,"tsung_controller@daviddeMacBook-Pro"} 1 0.0 0.0 0 0 0.0 2
stats: {freemem,"tsung_controller@daviddeMacBook-Pro"} 1 103.5234375 0.0 141.91796875 103.5234375 127.33203125 2
stats: session 1023 5216.695621792522 241.915398649611 8745.669921875 5107.04296875 5806.10776589134 1276
stats: users_count 995 2925
stats: finish_users_count 1023 2299
stats: connect 1000 156.42592333984402 294.3712660999072 3655.93505859375 50.921142578125 517.7811520840258 1880
stats: size_rcv 126321 277611
stats: request 1027 5210.117069114379 248.8340745478817 8743.8291015625 5104.890869140625 5825.198813833841 1230
stats: page 1027 5210.117069114379 248.8340745478817 8743.8291015625 5104.890869140625 5825.198813833841 1230
stats: size_sent 314760 906416
stats: connected -27 623
stats: 204 1027 2257
# stats: dump at 1459152929
stats: users 571 732
stats: {load,"tsung_controller@daviddeMacBook-Pro"} 1 3.51953125 0.0 4.30859375 3.44140625 3.8763020833333335 3
stats: {cpu,"tsung_controller@daviddeMacBook-Pro"} 1 0.0 0.0 0 0 0.0 3
stats: {freemem,"tsung_controller@daviddeMacBook-Pro"} 1 122.12890625 0.0 141.91796875 103.5234375 119.39583333333333 3
stats: session 1028 5219.892129267233 262.23817299122237 8745.669921875 5105.0361328125 5543.833462536364 2299
stats: users_count 973 3898
stats: finish_users_count 1028 3327
stats: request 1023 5224.9025115221 275.8841613360598 8743.8291015625 5102.768798828125 5545.318906068273 2257
stats: connect 971 105.0225278184539 182.1227429763806 3655.93505859375 50.784912109375 392.31058654785164 2880
stats: page 1023 5224.9025115221 275.8841613360598 8743.8291015625 5102.768798828125 5545.318906068273 2257
stats: size_rcv 125829 403440
stats: size_sent 305459 1211875
stats: connected -52 571
stats: 204 1023 3280
# stats: dump at 1459152939
stats: users 606 732
stats: {load,"tsung_controller@daviddeMacBook-Pro"} 1 3.19921875 0.0 4.30859375 3.19921875 3.787109375 4
stats: {cpu,"tsung_controller@daviddeMacBook-Pro"} 1 0.0 0.0 0 0 0.0 4
stats: {freemem,"tsung_controller@daviddeMacBook-Pro"} 1 107.7890625 0.0 141.91796875 103.5234375 120.0791015625 4
stats: session 943 5229.614291210316 271.20078337025666 8745.669921875 5105.0361328125 5443.739777354318 3327
stats: users_count 978 4876
stats: finish_users_count 943 4270
stats: connect 983 142.1604319326997 263.9857882699949 3655.93505859375 50.784912109375 319.8731144558638 3851
stats: request 957 5226.778027445797 268.93085041319915 8743.8291015625 5102.768798828125 5445.384158622926 3280
stats: page 957 5226.778027445797 268.93085041319915 8743.8291015625 5102.768798828125 5445.384158622926 3280
stats: size_rcv 117711 521151
stats: size_sent 309175 1521050
stats: connected 26 597
stats: 204 957 4237
# stats: dump at 1459152949
stats: users 573 732
stats: {load,"tsung_controller@daviddeMacBook-Pro"} 1 3.7109375 0.0 4.30859375 3.19921875 3.66953125 5
stats: {cpu,"tsung_controller@daviddeMacBook-Pro"} 1 0.0 0.0 0 0 0.0 5
stats: {freemem,"tsung_controller@daviddeMacBook-Pro"} 1 92.3828125 0.0 141.91796875 92.3828125 117.62109375 5
stats: session 1012 5187.0747608290285 173.49278739285873 8745.669921875 5105.0361328125 5396.451643060689 4270
stats: users_count 979 5855
stats: finish_users_count 1012 5282
stats: request 1003 5184.207315553338 168.59502966189902 8743.8291015625 5102.768798828125 5396.0081691170235 4237
stats: connect 968 101.48123849916065 163.79760137927755 3655.93505859375 50.784912109375 283.7350162100487 4834
stats: page 1003 5184.207315553338 168.59502966189902 8743.8291015625 5102.768798828125 5396.0081691170235 4237
stats: size_rcv 123369 644520
stats: size_sent 304440 1825490
stats: connected -35 562
stats: 204 1003 5240
# stats: dump at 1459152959
stats: users 96 732
stats: {load,"tsung_controller@daviddeMacBook-Pro"} 1 3.69921875 0.0 4.30859375 3.19921875 3.6764322916666665 6
stats: {cpu,"tsung_controller@daviddeMacBook-Pro"} 1 0.0 0.0 0 0 0.0 6
stats: {freemem,"tsung_controller@daviddeMacBook-Pro"} 1 73.61328125 0.0 141.91796875 73.61328125 113.41471354166667 6
stats: session 482 5218.693921101046 256.4615645562187 8745.669921875 5105.0361328125 5356.336269183665 5282
stats: users_count 5 5860
stats: finish_users_count 482 5764
stats: connect 58 387.79531755118535 547.8633859908716 3655.93505859375 50.784912109375 253.32797435824935 5802
stats: request 524 5216.398779949158 258.30324859459535 8743.8291015625 5102.768798828125 5355.46689886428 5240
stats: page 524 5216.398779949158 258.30324859459535 8743.8291015625 5102.768798828125 5355.46689886428 5240
stats: size_rcv 64452 708972
stats: size_sent 18210 1843700
stats: connected -466 96
stats: 204 524 5764
# stats: dump at 1459152969
stats: users 96 732
stats: {load,"tsung_controller@daviddeMacBook-Pro"} 1 3.5 0.0 4.30859375 3.19921875 3.6796875 7
stats: {cpu,"tsung_controller@daviddeMacBook-Pro"} 1 0.0 0.0 0 0 0.0 7
stats: {freemem,"tsung_controller@daviddeMacBook-Pro"} 1 43.34375 0.0 141.91796875 43.34375 107.72879464285714 7
stats: session 0 0 0 8745.669921875 5105.0361328125 5344.826274080295 5764
stats: users_count 0 5860
stats: finish_users_count 0 5764
stats: request 0 0 0 8743.8291015625 5102.768798828125 5342.824342599269 5764
stats: page 0 0 0 8743.8291015625 5102.768798828125 5342.824342599269 5764
stats: connect 0 0 0 3655.93505859375 50.784912109375 254.65887980282108 5860
stats: size_rcv 0 708972
stats: size_sent 0 1843700
stats: connected 0 96
stats: 204 0 5764
# stats: dump at 1459152979
stats: users 0 732
stats: {load,"tsung_controller@daviddeMacBook-Pro"} 1 3.51953125 0.0 4.30859375 3.19921875 3.6572265625 8
stats: {cpu,"tsung_controller@daviddeMacBook-Pro"} 1 0.0 0.0 0 0 0.0 8
stats: {freemem,"tsung_controller@daviddeMacBook-Pro"} 1 48.24609375 0.0 141.91796875 43.34375 99.6806640625 8
stats: session 96 83648.73489888506 143.12988188611175 84713.25 5105.0361328125 5344.826274080295 5764
stats: users_count 0 5860
stats: finish_users_count 96 5860
stats: connect 0 0 0 3655.93505859375 50.784912109375 254.65887980282108 5860
stats: request 96 83646.58912658693 143.21667197391358 84711.19921875 5102.768798828125 5342.824342599269 5764
stats: page 96 83646.58912658693 143.21667197391358 84711.19921875 5102.768798828125 5342.824342599269 5764
stats: 200 96 96
stats: size_rcv 30816 739788
stats: size_sent 0 1843700
stats: connected -96 0
stats: 204 0 5764
# stats: dump at 1459152980
stats: users 0 732
stats: {load,"tsung_controller@daviddeMacBook-Pro"} 1 4.30859375 0.0 4.30859375 3.19921875 3.6419270833333335 9
stats: {cpu,"tsung_controller@daviddeMacBook-Pro"} 1 0.0 0.0 0 0 0.0 9
stats: {freemem,"tsung_controller@daviddeMacBook-Pro"} 1 101.2421875 0.0 141.91796875 43.34375 93.96571180555556 9
stats: session 0 0 0 84713.25 5105.0361328125 6627.6206815856285 5860
stats: users_count 0 5860
stats: finish_users_count 0 5860
stats: connect 0 0 0 3655.93505859375 50.784912109375 254.65887980282108 5860
stats: request 0 0 0 84711.19921875 5102.768798828125 6625.616393668009 5860
stats: page 0 0 0 84711.19921875 5102.768798828125 6625.616393668009 5860
stats: 200 0 96
stats: size_rcv 0 739788
stats: size_sent 0 1843700
stats: connected 0 0
stats: 204 0 5764
EndMonitor:{1459,152980,20831}
