
=INFO REPORT==== 7-Sep-2016::15:06:15 ===
    ts_config_server:(5:<0.71.0>) Config server started, logdir is "/Users/admin/Job/jshy/tsung/tsung-1.6.0/examples/log/20160907-1506"
 
=INFO REPORT==== 7-Sep-2016::15:06:15 ===
              ts_mon:(5:<0.52.0>) starting monitor, global 

=INFO REPORT==== 7-Sep-2016::15:06:15 ===
           ts_config:(5:<0.71.0>) Reading config file: h5_login.xml

=INFO REPORT==== 7-Sep-2016::15:06:15 ===
    ts_config_server:(0:<0.71.0>) Error while parsing XML config file: {fatal,
                                                                        {{failed_validation,
                                                                          {element,
                                                                           option,
                                                                           isnt_comprise_in_the_rule,
                                                                           {seq,
                                                                            [{'*',
                                                                              user_agent}]}}},
                                                                         {file,
                                                                          "h5_login.xml"},
                                                                         {line,
                                                                          63},
                                                                         {col,
                                                                          1}}}

=ERROR REPORT==== 7-Sep-2016::15:06:15 ===
** Generic server ts_config_server terminating 
** Last message in was {get_monitor_hosts}
** When Server state == {state,undefined,
                               "/Users/admin/Job/jshy/tsung/tsung-1.6.0/examples/log/20160907-1506",
                               0,0,0,undefined,1,undefined,
                               'daviddeMacBook-Pro',0,0,undefined,undefined}
** Reason for termination == 
** {{badrecord,config},
    [{ts_config_server,handle_call,3,
                       [{file,"src/tsung_controller/ts_config_server.erl"},
                        {line,335}]},
     {gen_server,handle_msg,5,[{file,"gen_server.erl"},{line,585}]},
     {proc_lib,init_p_do_apply,3,[{file,"proc_lib.erl"},{line,239}]}]}

=INFO REPORT==== 7-Sep-2016::15:06:15 ===
    ts_config_server:(5:<0.90.0>) Config server started, logdir is "/Users/admin/Job/jshy/tsung/tsung-1.6.0/examples/log/20160907-1506"
 