# stats: dump at 1460361837
stats: users 20 40
stats: {load,"tsung_controller@daviddeMacBook-Pro"} 1 5.2890625 0 5.2890625 5.2890625 0 0
stats: {cpu,"tsung_controller@daviddeMacBook-Pro"} 1 0 0 0 0 0 0
stats: {freemem,"tsung_controller@daviddeMacBook-Pro"} 1 19.48046875 0 19.48046875 19.48046875 0 0
stats: session 843 246.5293469774059 208.71056887989894 3667.4638671875 168.087890625 0 0
stats: users_count 863 863
stats: finish_users_count 843 843
stats: request 808 244.62613247408711 213.14151477308937 3665.3271484375 165.907958984375 0 0
stats: connect 820 123.409389588891 180.05847225044042 3553.014892578125 77.281982421875 0 0
stats: page 808 244.62613247408711 213.14151477308937 3665.3271484375 165.907958984375 0 0
stats: 200 808 808
stats: size_rcv 260984 260984
stats: size_sent 258084 258084
stats: connected 12 12
# stats: dump at 1460361847
stats: users 39 40
stats: {load,"tsung_controller@daviddeMacBook-Pro"} 1 4.859375 0.0 5.2890625 4.859375 5.2890625 1
stats: {cpu,"tsung_controller@daviddeMacBook-Pro"} 1 0.0 0.0 0 0 0.0 1
stats: {freemem,"tsung_controller@daviddeMacBook-Pro"} 1 18.109375 0.0 19.48046875 18.109375 19.48046875 1
stats: session 908 233.18813455052313 72.55536827167731 3667.4638671875 168.087890625 246.5293469774059 843
stats: users_count 927 1790
stats: finish_users_count 908 1751
stats: connect 905 115.04027214261049 66.56055891936529 3553.014892578125 77.281982421875 123.409389588891 820
stats: page 907 231.88392553361012 72.55979152950921 3665.3271484375 165.907958984375 244.62613247408711 808
stats: 200 907 1715
stats: request 907 231.88392553361012 72.55979152950921 3665.3271484375 165.907958984375 244.62613247408711 808
stats: size_rcv 292961 553945
stats: size_sent 284761 542845
stats: connected -2 10
# stats: dump at 1460361857
stats: users 21 47
stats: {load,"tsung_controller@daviddeMacBook-Pro"} 1 4.6015625 0.0 5.2890625 4.6015625 5.07421875 2
stats: {cpu,"tsung_controller@daviddeMacBook-Pro"} 1 0.0 0.0 0 0 0.0 2
stats: {freemem,"tsung_controller@daviddeMacBook-Pro"} 1 17.13671875 0.0 19.48046875 17.13671875 18.794921875 2
stats: session 1011 276.6593059837876 427.26306525628087 6015.413818359375 162.933837890625 239.61111688967915 1751
stats: users_count 993 2783
stats: finish_users_count 1011 2762
stats: request 1011 274.5979812878643 427.2594107656494 6013.3369140625 160.727783203125 237.88725101926926 1715
stats: connect 1008 150.8279588487412 368.57319880299013 4777.493896484375 77.281982421875 119.01863521852356 1725
stats: page 1011 274.5979812878643 427.2594107656494 6013.3369140625 160.727783203125 237.88725101926926 1715
stats: 200 1011 2726
stats: size_rcv 326553 880498
stats: size_sent 317304 860149
stats: connected -3 7
# stats: dump at 1460361867
stats: users 25 63
stats: {load,"tsung_controller@daviddeMacBook-Pro"} 1 4.359375 0.0 5.2890625 4.359375 4.916666666666667 3
stats: {cpu,"tsung_controller@daviddeMacBook-Pro"} 1 0.0 0.0 0 0 0.0 3
stats: {freemem,"tsung_controller@daviddeMacBook-Pro"} 1 25.7421875 0.0 25.7421875 17.13671875 18.2421875 3
stats: session 972 353.69569478604035 631.6349391888311 6068.4150390625 162.933837890625 253.17220276011494 2762
stats: users_count 976 3759
stats: finish_users_count 972 3734
stats: request 971 350.46264045000316 631.1836785973162 6066.2578125 160.727783203125 251.5022724064848 2726
stats: connect 975 226.80735526842952 602.6371675494336 5924.365966796875 77.281982421875 130.750723846134 2733
stats: page 971 350.46264045000316 631.1836785973162 6066.2578125 160.727783203125 251.5022724064848 2726
stats: 200 971 3697
stats: size_rcv 313633 1194131
stats: size_sent 306727 1166876
stats: connected 4 11
# stats: dump at 1460361877
stats: users 34 63
stats: {load,"tsung_controller@daviddeMacBook-Pro"} 1 4.1484375 0.0 5.2890625 4.1484375 4.77734375 4
stats: {cpu,"tsung_controller@daviddeMacBook-Pro"} 1 0.0 0.0 0 0 0.0 4
stats: {freemem,"tsung_controller@daviddeMacBook-Pro"} 1 16.3203125 0.0 25.7421875 16.3203125 20.1171875 4
stats: session 1015 253.5318164543564 418.9588076127377 10240.474853515625 109.56787109375 279.33953919535855 3734
stats: users_count 1024 4783
stats: finish_users_count 1015 4749
stats: connect 1012 123.68270572466339 174.07666639434424 5924.365966796875 52.421142578125 156.00833324115507 3708
stats: page 1012 247.54169159538637 376.0484217834047 10238.53515625 107.407958984375 277.49375668299444 3697
stats: request 1012 247.54169159538637 376.0484217834047 10238.53515625 107.407958984375 277.49375668299444 3697
stats: 200 1012 4709
stats: size_rcv 326876 1521007
stats: size_sent 318276 1485152
stats: connected 0 11
# stats: dump at 1460361887
stats: users 24 63
stats: {load,"tsung_controller@daviddeMacBook-Pro"} 1 4.12890625 0.0 5.2890625 4.12890625 4.6515625 5
stats: {cpu,"tsung_controller@daviddeMacBook-Pro"} 1 0.0 0.0 0 0 0.0 5
stats: {freemem,"tsung_controller@daviddeMacBook-Pro"} 1 17.375 0.0 25.7421875 16.3203125 19.3578125 5
stats: session 970 440.4225777222939 963.8758344839583 10506.468994140625 109.56787109375 273.8236751014194 4749
stats: users_count 960 5743
stats: finish_users_count 970 5719
stats: request 974 433.359461978231 933.9184636321856 10504.296142578125 107.407958984375 271.05682955012986 4709
stats: connect 978 280.89008679224185 746.0955267295899 5939.779052734375 51.89697265625 149.07749954482253 4720
stats: page 974 433.359461978231 933.9184636321856 10504.296142578125 107.407958984375 271.05682955012986 4709
stats: 200 974 5683
stats: size_rcv 314602 1835609
stats: size_sent 307610 1792762
stats: connected 4 15
# stats: dump at 1460361893
stats: users 0 63
stats: {load,"tsung_controller@daviddeMacBook-Pro"} 1 4.25 0.0 5.2890625 4.12890625 4.564453125 6
stats: {cpu,"tsung_controller@daviddeMacBook-Pro"} 1 0.0 0.0 0 0 0.0 6
stats: {freemem,"tsung_controller@daviddeMacBook-Pro"} 1 16.98828125 0.0 25.7421875 16.3203125 19.02734375 6
stats: session 29 642.4503384294181 2209.7081713518073 12334.01904296875 109.56787109375 302.0805269185637 5719
stats: users_count 5 5748
stats: finish_users_count 29 5748
stats: request 65 550.78388671875 1880.1176804009685 12331.81494140625 107.407958984375 298.87361012112586 5683
stats: page 65 550.78388671875 1880.1176804009685 12331.81494140625 107.407958984375 298.87361012112586 5683
stats: connect 50 106.1812353515625 14.38822543311458 5939.779052734375 51.89697265625 171.70170283158564 5698
stats: 200 65 5748
stats: size_rcv 20995 1856604
stats: size_sent 15730 1808492
stats: connected -15 0
EndMonitor:{1460,361893,314330}
