# stats: dump at 1459416931
stats: users 753 753
stats: {load,"tsung_controller@daviddeMacBook-Pro"} 1 1.6015625 0 1.6015625 1.6015625 0 0
stats: {cpu,"tsung_controller@daviddeMacBook-Pro"} 1 0 0 0 0 0 0
stats: {freemem,"tsung_controller@daviddeMacBook-Pro"} 1 56.14453125 0 56.14453125 56.14453125 0 0
stats: session 100 5251.129589843747 166.11939933334529 6222.384033203125 5112.8330078125 0 0
stats: users_count 853 853
stats: finish_users_count 100 100
stats: request 100 5248.92760986328 166.18878193175624 6220.22900390625 5110.631103515625 0 0
stats: page 100 5248.92760986328 166.18878193175624 6220.22900390625 5110.631103515625 0 0
stats: connect 789 90.38292327610117 77.37436076068752 700.39990234375 51.3310546875 0 0
stats: size_rcv 269060 269060
stats: size_sent 248341 248341
stats: connected 689 689
stats: 500 100 100
# stats: dump at 1459416941
stats: users 564 800
stats: {load,"tsung_controller@daviddeMacBook-Pro"} 1 1.75 0.0 1.75 1.6015625 1.6015625 1
stats: {cpu,"tsung_controller@daviddeMacBook-Pro"} 1 0.0 0.0 0 0 0.0 1
stats: {freemem,"tsung_controller@daviddeMacBook-Pro"} 1 18.828125 0.0 56.14453125 18.828125 56.14453125 1
stats: session 236 8990.239989199881 2049.0489141962653 12317.897216796875 5112.8330078125 5251.129589843747 100
stats: users_count 47 900
stats: finish_users_count 236 336
stats: request 236 8988.212980626002 2049.0416313995097 12315.829833984375 5110.631103515625 5248.92760986328 100
stats: connect 111 110.13273331925676 78.24359944854893 700.39990234375 51.3310546875 90.38292327610117 789
stats: page 236 8988.212980626002 2049.0416313995097 12315.829833984375 5110.631103515625 5248.92760986328 100
stats: 200 99 99
stats: size_rcv 1967832 2236892
stats: size_sent 34903 283244
stats: connected -125 564
stats: 500 138 238
# stats: dump at 1459416951
stats: users 3 800
stats: {load,"tsung_controller@daviddeMacBook-Pro"} 1 1.7890625 0.0 1.7890625 1.6015625 1.67578125 2
stats: {cpu,"tsung_controller@daviddeMacBook-Pro"} 1 0.0 0.0 0 0 0.0 2
stats: {freemem,"tsung_controller@daviddeMacBook-Pro"} 1 46.0078125 0.0 56.14453125 18.828125 37.486328125 2
stats: session 561 20072.264038738722 3904.6313440999706 26252.818115234375 5112.8330078125 7877.4095132010325 336
stats: users_count 0 900
stats: finish_users_count 561 897
stats: request 561 20070.29530440548 3904.6347675065663 26250.802978515625 5110.631103515625 7875.330429803763 336
stats: connect 0 0 0 700.39990234375 51.3310546875 92.8187331814237 900
stats: page 561 20070.29530440548 3904.6347675065663 26250.802978515625 5110.631103515625 7875.330429803763 336
stats: 200 100 199
stats: size_rcv 1881909 4118801
stats: size_sent 0 283244
stats: connected -561 3
stats: 500 100 338
# stats: dump at 1459416961
stats: users 2 800
stats: {load,"tsung_controller@daviddeMacBook-Pro"} 1 1.75 0.0 1.7890625 1.6015625 1.7135416666666667 3
stats: {cpu,"tsung_controller@daviddeMacBook-Pro"} 1 0.0 0.0 0 0 0.0 3
stats: {freemem,"tsung_controller@daviddeMacBook-Pro"} 1 40.0390625 0.0 56.14453125 18.828125 40.326822916666664 3
stats: session 1 27937.10205078125 0.0 27937.10205078125 5112.8330078125 15504.291774992163 897
stats: users_count 0 900
stats: finish_users_count 1 898
stats: request 1 27934.968994140625 0.0 27934.968994140625 5110.631103515625 15502.281705892463 897
stats: connect 0 0 0 700.39990234375 51.3310546875 92.8187331814237 900
stats: page 1 27934.968994140625 0.0 27934.968994140625 5110.631103515625 15502.281705892463 897
stats: 200 0 199
stats: size_rcv 0 4118801
stats: size_sent 0 283244
stats: connected -1 2
stats: 500 0 338
# stats: dump at 1459416971
stats: users 2 800
stats: {load,"tsung_controller@daviddeMacBook-Pro"} 1 1.62890625 0.0 1.7890625 1.6015625 1.72265625 4
stats: {cpu,"tsung_controller@daviddeMacBook-Pro"} 1 0.0 0.0 0 0 0.0 4
stats: {freemem,"tsung_controller@daviddeMacBook-Pro"} 1 37.0703125 0.0 56.14453125 18.828125 40.2548828125 4
stats: session 0 0 0 27937.10205078125 5112.8330078125 15518.136775299277 898
stats: users_count 0 900
stats: finish_users_count 0 898
stats: request 0 0 0 27934.968994140625 5110.631103515625 15516.126569242406 898
stats: page 0 0 0 27934.968994140625 5110.631103515625 15516.126569242406 898
stats: connect 0 0 0 700.39990234375 51.3310546875 92.8187331814237 900
stats: 200 0 199
stats: size_rcv 0 4118801
stats: size_sent 0 283244
stats: connected 0 2
stats: 500 0 338
