# stats: dump at 1458790687
stats: users 0 2
stats: {load,"tsung_controller@daviddeMacBook-Pro"} 1 4.80859375 0 4.80859375 4.80859375 0 0
stats: {cpu,"tsung_controller@daviddeMacBook-Pro"} 1 0 0 0 0 0 0
stats: {freemem,"tsung_controller@daviddeMacBook-Pro"} 1 15.046875 0 15.046875 15.046875 0 0
stats: session 5 163.507421875 25.423987123780957 190.7490234375 117.220947265625 0 0
stats: users_count 5 5
stats: finish_users_count 5 5
stats: connect 5 77.4619140625 12.273640263446921 89.43798828125 54.98486328125 0 0
stats: request 5 160.374658203125 24.139193535791755 183.14111328125 115.578125 0 0
stats: page 5 160.374658203125 24.139193535791755 183.14111328125 115.578125 0 0
stats: 200 5 5
stats: size_rcv 1615 1615
stats: size_sent 1445 1445
stats: connected 0 0
# stats: dump at 1458790697
stats: users 0 2
stats: {load,"tsung_controller@daviddeMacBook-Pro"} 1 4.37890625 0.0 4.80859375 4.37890625 4.80859375 1
stats: {cpu,"tsung_controller@daviddeMacBook-Pro"} 1 0.0 0.0 0 0 0.0 1
stats: {freemem,"tsung_controller@daviddeMacBook-Pro"} 1 29.6875 0.0 29.6875 15.046875 15.046875 1
stats: session 9 226.37586805555554 112.99294308670942 541.682861328125 117.220947265625 163.507421875 5
stats: users_count 9 14
stats: finish_users_count 9 14
stats: 200 9 14
stats: request 9 224.46983506944446 112.93094672837992 539.6640625 115.578125 160.374658203125 5
stats: connect 9 88.47531467013889 9.393361092322673 97.81396484375 54.98486328125 77.4619140625 5
stats: page 9 224.46983506944446 112.93094672837992 539.6640625 115.578125 160.374658203125 5
stats: size_rcv 2907 4522
stats: size_sent 2617 4062
stats: connected 0 0
