# stats: dump at 1458789420
stats: users 1 1
stats: {load,"tsung_controller@daviddeMacBook-Pro"} 1 1.83984375 0 1.83984375 1.83984375 0 0
stats: {cpu,"tsung_controller@daviddeMacBook-Pro"} 1 0 0 0 0 0 0
stats: {freemem,"tsung_controller@daviddeMacBook-Pro"} 1 56.99609375 0 56.99609375 56.99609375 0 0
stats: session 2 179.68212890625 22.85595703125 202.5380859375 156.826171875 0 0
stats: users_count 3 3
stats: finish_users_count 2 2
stats: request 1 149.970947265625 0.0 149.970947265625 149.970947265625 0 0
stats: connect 1 72.74609375 0.0 72.74609375 72.74609375 0 0
stats: page 1 149.970947265625 0.0 149.970947265625 149.970947265625 0 0
stats: 200 1 1
stats: size_rcv 323 323
stats: size_sent 289 289
stats: connected 0 0
# stats: dump at 1458789430
stats: users 0 1
stats: {load,"tsung_controller@daviddeMacBook-Pro"} 1 1.859375 0.0 1.859375 1.83984375 1.83984375 1
stats: {cpu,"tsung_controller@daviddeMacBook-Pro"} 1 0.0 0.0 0 0 0.0 1
stats: {freemem,"tsung_controller@daviddeMacBook-Pro"} 1 15.453125 0.0 56.99609375 15.453125 56.99609375 1
stats: session 2 150.118896484375 1.381103515625 202.5380859375 148.73779296875 179.68212890625 2
stats: users_count 1 4
stats: finish_users_count 2 4
stats: 200 3 4
stats: request 3 165.62662760416666 24.737473115568548 200.56982421875 146.69091796875 149.970947265625 1
stats: connect 3 79.485595703125 12.357737544050241 96.9580078125 70.4228515625 72.74609375 1
stats: page 3 165.62662760416666 24.737473115568548 200.56982421875 146.69091796875 149.970947265625 1
stats: size_rcv 969 1292
stats: size_sent 867 1156
stats: connected 0 0
# stats: dump at 1458789440
stats: users 0 3
stats: {load,"tsung_controller@daviddeMacBook-Pro"} 1 1.80078125 0.0 1.859375 1.80078125 1.849609375 2
stats: {cpu,"tsung_controller@daviddeMacBook-Pro"} 1 0.0 0.0 0 0 0.0 2
stats: {freemem,"tsung_controller@daviddeMacBook-Pro"} 1 23.9140625 0.0 56.99609375 15.453125 36.224609375 2
stats: session 8 176.63671875 19.898312524463726 215.5029296875 147.508056640625 164.9005126953125 4
stats: users_count 8 12
stats: finish_users_count 8 12
stats: 200 8 12
stats: request 8 174.85003662109375 19.790719787707825 213.64501953125 146.031982421875 161.71270751953125 4
stats: connect 8 83.62411499023438 8.847937573082461 99.134033203125 69.94287109375 77.80072021484375 4
stats: page 8 174.85003662109375 19.790719787707825 213.64501953125 146.031982421875 161.71270751953125 4
stats: size_rcv 2584 3876
stats: size_sent 2320 3476
stats: connected 0 0
# stats: dump at 1458789450
stats: users 0 3
stats: {load,"tsung_controller@daviddeMacBook-Pro"} 1 1.75 0.0 1.859375 1.75 1.8333333333333333 3
stats: {cpu,"tsung_controller@daviddeMacBook-Pro"} 1 0.0 0.0 0 0 0.0 3
stats: {freemem,"tsung_controller@daviddeMacBook-Pro"} 1 47.72265625 0.0 56.99609375 15.453125 32.12109375 3
stats: session 6 157.89729817708334 20.370153756996846 215.5029296875 119.60888671875 172.72465006510416 12
stats: users_count 6 18
stats: finish_users_count 6 18
stats: request 6 155.95499674479166 20.338447200345733 213.64501953125 117.70703125 170.4709269205729 12
stats: 200 6 18
stats: connect 6 74.20552571614583 10.537088122428429 99.134033203125 55.85791015625 81.6829833984375 12
stats: page 6 155.95499674479166 20.338447200345733 213.64501953125 117.70703125 170.4709269205729 12
stats: size_rcv 1938 5814
stats: size_sent 1742 5218
stats: connected 0 0
# stats: dump at 1458789460
stats: users 0 3
stats: {load,"tsung_controller@daviddeMacBook-Pro"} 1 1.7109375 0.0 1.859375 1.7109375 1.8125 4
stats: {cpu,"tsung_controller@daviddeMacBook-Pro"} 1 0.0 0.0 0 0 0.0 4
stats: {freemem,"tsung_controller@daviddeMacBook-Pro"} 1 44.63671875 0.0 56.99609375 15.453125 36.021484375 4
stats: session 4 178.3424072265625 36.73565793058606 226.391845703125 119.60888671875 167.78219943576389 18
stats: users_count 4 22
stats: finish_users_count 4 22
stats: request 4 176.262451171875 36.77408416856977 224.1708984375 117.70703125 165.63228352864584 18
stats: connect 4 88.6092529296875 22.871970573120848 122.488037109375 55.85791015625 79.19049750434027 18
stats: page 4 176.262451171875 36.77408416856977 224.1708984375 117.70703125 165.63228352864584 18
stats: 200 4 22
stats: size_rcv 1292 7106
stats: size_sent 1164 6382
stats: connected 0 0
# stats: dump at 1458789470
stats: users 0 3
stats: {load,"tsung_controller@daviddeMacBook-Pro"} 1 1.76171875 0.0 1.859375 1.7109375 1.7921875 5
stats: {cpu,"tsung_controller@daviddeMacBook-Pro"} 1 0.0 0.0 0 0 0.0 5
stats: {freemem,"tsung_controller@daviddeMacBook-Pro"} 1 38.08203125 0.0 56.99609375 15.453125 37.74453125 5
stats: session 5 165.141650390625 15.08744702001971 226.391845703125 119.60888671875 169.7022372159091 22
stats: users_count 5 27
stats: finish_users_count 5 27
stats: request 5 163.40615234375 15.128689029630316 224.1708984375 117.70703125 167.56504128196022 22
stats: connect 5 78.859375 7.423425747736238 122.488037109375 55.85791015625 80.90299849076705 22
stats: page 5 163.40615234375 15.128689029630316 224.1708984375 117.70703125 167.56504128196022 22
stats: 200 5 27
stats: size_rcv 1615 8721
stats: size_sent 1453 7835
stats: connected 0 0
# stats: dump at 1458789479
stats: users 0 3
stats: {load,"tsung_controller@daviddeMacBook-Pro"} 1 2.0390625 0.0 2.0390625 1.7109375 1.787109375 6
stats: {cpu,"tsung_controller@daviddeMacBook-Pro"} 1 0.0 0.0 0 0 0.0 6
stats: {freemem,"tsung_controller@daviddeMacBook-Pro"} 1 31.0234375 0.0 56.99609375 15.453125 37.80078125 6
stats: session 3 195.044677734375 20.69099789788366 226.391845703125 119.60888671875 168.85768410011573 27
stats: users_count 3 30
stats: finish_users_count 3 30
stats: request 3 193.171630859375 20.64909052023684 224.1708984375 117.70703125 166.79487666377315 27
stats: 200 3 30
stats: connect 3 93.65559895833333 11.221121783184147 122.488037109375 55.85791015625 80.52454969618056 27
stats: page 3 193.171630859375 20.64909052023684 224.1708984375 117.70703125 166.79487666377315 27
stats: size_rcv 969 9690
stats: size_sent 883 8718
stats: connected 0 0
EndMonitor:{1458,789480,9198}
