This file contains any messages produced by compilers while
running configure, to aid debugging if configure makes a mistake.

It was created by fast_xml configure 1.1.2, which was
generated by GNU Autoconf 2.69.  Invocation command line was

  $ ./configure 

## --------- ##
## Platform. ##
## --------- ##

hostname = ntest-im1
uname -m = x86_64
uname -r = 2.6.32-431.29.2.el6.x86_64
uname -s = Linux
uname -v = #1 SMP Tue Sep 9 21:36:05 UTC 2014

/usr/bin/uname -p = unknown
/bin/uname -X     = unknown

/bin/arch              = x86_64
/usr/bin/arch -k       = unknown
/usr/convex/getsysinfo = unknown
/usr/bin/hostinfo      = unknown
/bin/machine           = unknown
/usr/bin/oslevel       = unknown
/bin/universe          = unknown

PATH: /usr/local/lib/erlang/erts-8.1/bin
PATH: /usr/local/lib/erlang/bin
PATH: /usr/lib64/qt-3.3/bin
PATH: /usr/local/sbin
PATH: /usr/local/bin
PATH: /sbin
PATH: /bin
PATH: /usr/sbin
PATH: /usr/bin
PATH: /usr/local/include/libmongoc-1.0
PATH: /usr/local/include/libbson-1.0
PATH: /root/bin


## ----------- ##
## Core tests. ##
## ----------- ##

configure:2079: checking for gcc
configure:2106: result: cc
configure:2335: checking for C compiler version
configure:2344: cc --version >&5
cc (GCC) 4.4.7 20120313 (Red Hat 4.4.7-17)
Copyright (C) 2010 Free Software Foundation, Inc.
This is free software; see the source for copying conditions.  There is NO
warranty; not even for MERCHANTABILITY or FITNESS FOR A PARTICULAR PURPOSE.

configure:2355: $? = 0
configure:2344: cc -v >&5
Using built-in specs.
Target: x86_64-redhat-linux
Configured with: ../configure --prefix=/usr --mandir=/usr/share/man --infodir=/usr/share/info --with-bugurl=http://bugzilla.redhat.com/bugzilla --enable-bootstrap --enable-shared --enable-threads=posix --enable-checking=release --with-system-zlib --enable-__cxa_atexit --disable-libunwind-exceptions --enable-gnu-unique-object --enable-languages=c,c++,objc,obj-c++,java,fortran,ada --enable-java-awt=gtk --disable-dssi --with-java-home=/usr/lib/jvm/java-1.5.0-gcj-1.5.0.0/jre --enable-libgcj-multifile --enable-java-maintainer-mode --with-ecj-jar=/usr/share/java/eclipse-ecj.jar --disable-libjava-multilib --with-ppl --with-cloog --with-tune=generic --with-arch_32=i686 --build=x86_64-redhat-linux
Thread model: posix
gcc version 4.4.7 20120313 (Red Hat 4.4.7-17) (GCC) 
configure:2355: $? = 0
configure:2344: cc -V >&5
cc: '-V' option must have argument
configure:2355: $? = 1
configure:2344: cc -qversion >&5
cc: unrecognized option '-qversion'
cc: no input files
configure:2355: $? = 1
configure:2375: checking whether the C compiler works
configure:2397: cc    conftest.c  >&5
configure:2401: $? = 0
configure:2449: result: yes
configure:2452: checking for C compiler default output file name
configure:2454: result: a.out
configure:2460: checking for suffix of executables
configure:2467: cc -o conftest    conftest.c  >&5
configure:2471: $? = 0
configure:2493: result: 
configure:2515: checking whether we are cross compiling
configure:2523: cc -o conftest    conftest.c  >&5
configure:2527: $? = 0
configure:2534: ./conftest
configure:2538: $? = 0
configure:2553: result: no
configure:2558: checking for suffix of object files
configure:2580: cc -c   conftest.c >&5
configure:2584: $? = 0
configure:2605: result: o
configure:2609: checking whether we are using the GNU C compiler
configure:2628: cc -c   conftest.c >&5
configure:2628: $? = 0
configure:2637: result: yes
configure:2646: checking whether cc accepts -g
configure:2666: cc -c -g  conftest.c >&5
configure:2666: $? = 0
configure:2707: result: yes
configure:2724: checking for cc option to accept ISO C89
configure:2787: cc  -c   conftest.c >&5
configure:2787: $? = 0
configure:2800: result: none needed
configure:2820: checking whether make sets $(MAKE)
configure:2842: result: yes
configure:2858: checking for an ANSI C-conforming const
configure:2924: cc -c  -Wall  conftest.c >&5
configure:2924: $? = 0
configure:2931: result: yes
configure:2946: checking how to run the C preprocessor
configure:2977: cc -E  conftest.c
configure:2977: $? = 0
configure:2991: cc -E  conftest.c
conftest.c:9:28: error: ac_nonexistent.h: No such file or directory
configure:2991: $? = 1
configure: failed program was:
| /* confdefs.h */
| #define PACKAGE_NAME "fast_xml"
| #define PACKAGE_TARNAME "fast_xml"
| #define PACKAGE_VERSION "1.1.2"
| #define PACKAGE_STRING "fast_xml 1.1.2"
| #define PACKAGE_BUGREPORT ""
| #define PACKAGE_URL ""
| /* end confdefs.h.  */
| #include <ac_nonexistent.h>
configure:3016: result: cc -E
configure:3036: cc -E  conftest.c
configure:3036: $? = 0
configure:3050: cc -E  conftest.c
conftest.c:9:28: error: ac_nonexistent.h: No such file or directory
configure:3050: $? = 1
configure: failed program was:
| /* confdefs.h */
| #define PACKAGE_NAME "fast_xml"
| #define PACKAGE_TARNAME "fast_xml"
| #define PACKAGE_VERSION "1.1.2"
| #define PACKAGE_STRING "fast_xml 1.1.2"
| #define PACKAGE_BUGREPORT ""
| #define PACKAGE_URL ""
| /* end confdefs.h.  */
| #include <ac_nonexistent.h>
configure:3079: checking for grep that handles long lines and -e
configure:3137: result: /bin/grep
configure:3142: checking for egrep
configure:3204: result: /bin/grep -E
configure:3209: checking for ANSI C header files
configure:3229: cc -c  -Wall  conftest.c >&5
configure:3229: $? = 0
configure:3302: cc -o conftest  -Wall   conftest.c  >&5
configure:3302: $? = 0
configure:3302: ./conftest
configure:3302: $? = 0
configure:3313: result: yes
configure:3326: checking for sys/types.h
configure:3326: cc -c  -Wall  conftest.c >&5
configure:3326: $? = 0
configure:3326: result: yes
configure:3326: checking for sys/stat.h
configure:3326: cc -c  -Wall  conftest.c >&5
configure:3326: $? = 0
configure:3326: result: yes
configure:3326: checking for stdlib.h
configure:3326: cc -c  -Wall  conftest.c >&5
configure:3326: $? = 0
configure:3326: result: yes
configure:3326: checking for string.h
configure:3326: cc -c  -Wall  conftest.c >&5
configure:3326: $? = 0
configure:3326: result: yes
configure:3326: checking for memory.h
configure:3326: cc -c  -Wall  conftest.c >&5
configure:3326: $? = 0
configure:3326: result: yes
configure:3326: checking for strings.h
configure:3326: cc -c  -Wall  conftest.c >&5
configure:3326: $? = 0
configure:3326: result: yes
configure:3326: checking for inttypes.h
configure:3326: cc -c  -Wall  conftest.c >&5
configure:3326: $? = 0
configure:3326: result: yes
configure:3326: checking for stdint.h
configure:3326: cc -c  -Wall  conftest.c >&5
configure:3326: $? = 0
configure:3326: result: yes
configure:3326: checking for unistd.h
configure:3326: cc -c  -Wall  conftest.c >&5
configure:3326: $? = 0
configure:3326: result: yes
configure:3340: checking for stdlib.h
configure:3340: result: yes
configure:3350: checking for GNU libc compatible malloc
configure:3374: cc -o conftest  -Wall   conftest.c  >&5
configure:3374: $? = 0
configure:3374: ./conftest
configure:3374: $? = 0
configure:3384: result: yes
configure:3405: checking for ANSI C header files
configure:3509: result: yes
configure:3571: checking for erl
configure:3589: found /usr/local/lib/erlang/erts-8.1/bin/erl
configure:3601: result: /usr/local/lib/erlang/erts-8.1/bin/erl
configure:3680: checking for erlc
configure:3698: found /usr/local/lib/erlang/erts-8.1/bin/erlc
configure:3710: result: /usr/local/lib/erlang/erts-8.1/bin/erlc
configure:3745: checking expat.h usability
configure:3745: cc -c  -Wall  conftest.c >&5
configure:3745: $? = 0
configure:3745: result: yes
configure:3745: checking expat.h presence
configure:3745: cc -E  conftest.c
configure:3745: $? = 0
configure:3745: result: yes
configure:3745: checking for expat.h
configure:3745: result: yes
configure:3759: checking for library containing XML_ParserCreate
configure:3790: cc -o conftest  -Wall   conftest.c  >&5
/tmp/cc43xZEF.o: In function `main':
conftest.c:(.text+0xa): undefined reference to `XML_ParserCreate'
collect2: ld returned 1 exit status
configure:3790: $? = 1
configure: failed program was:
| /* confdefs.h */
| #define PACKAGE_NAME "fast_xml"
| #define PACKAGE_TARNAME "fast_xml"
| #define PACKAGE_VERSION "1.1.2"
| #define PACKAGE_STRING "fast_xml 1.1.2"
| #define PACKAGE_BUGREPORT ""
| #define PACKAGE_URL ""
| #define STDC_HEADERS 1
| #define HAVE_SYS_TYPES_H 1
| #define HAVE_SYS_STAT_H 1
| #define HAVE_STDLIB_H 1
| #define HAVE_STRING_H 1
| #define HAVE_MEMORY_H 1
| #define HAVE_STRINGS_H 1
| #define HAVE_INTTYPES_H 1
| #define HAVE_STDINT_H 1
| #define HAVE_UNISTD_H 1
| #define HAVE_STDLIB_H 1
| #define HAVE_MALLOC 1
| #define STDC_HEADERS 1
| #define HAVE_EXPAT_H 1
| /* end confdefs.h.  */
| 
| /* Override any GCC internal prototype to avoid an error.
|    Use char because int might match the return type of a GCC
|    builtin and then its argument prototype would still apply.  */
| #ifdef __cplusplus
| extern "C"
| #endif
| char XML_ParserCreate ();
| int
| main ()
| {
| return XML_ParserCreate ();
|   ;
|   return 0;
| }
configure:3790: cc -o conftest  -Wall   conftest.c -lexpat   >&5
configure:3790: $? = 0
configure:3807: result: -lexpat
configure:3986: creating ./config.status

## ---------------------- ##
## Running config.status. ##
## ---------------------- ##

This file was extended by fast_xml config.status 1.1.2, which was
generated by GNU Autoconf 2.69.  Invocation command line was

  CONFIG_FILES    = 
  CONFIG_HEADERS  = 
  CONFIG_LINKS    = 
  CONFIG_COMMANDS = 
  $ ./config.status 

on ntest-im1

config.status:728: creating vars.config

## ---------------- ##
## Cache variables. ##
## ---------------- ##

ac_cv_c_compiler_gnu=yes
ac_cv_c_const=yes
ac_cv_env_CC_set=set
ac_cv_env_CC_value=cc
ac_cv_env_CFLAGS_set=set
ac_cv_env_CFLAGS_value=
ac_cv_env_CPPFLAGS_set=set
ac_cv_env_CPPFLAGS_value=
ac_cv_env_CPP_set=
ac_cv_env_CPP_value=
ac_cv_env_ERLCFLAGS_set=
ac_cv_env_ERLCFLAGS_value=
ac_cv_env_ERLC_set=
ac_cv_env_ERLC_value=
ac_cv_env_ERL_set=
ac_cv_env_ERL_value=
ac_cv_env_LDFLAGS_set=set
ac_cv_env_LDFLAGS_value=
ac_cv_env_LIBS_set=
ac_cv_env_LIBS_value=
ac_cv_env_build_alias_set=
ac_cv_env_build_alias_value=
ac_cv_env_host_alias_set=
ac_cv_env_host_alias_value=
ac_cv_env_target_alias_set=
ac_cv_env_target_alias_value=
ac_cv_func_malloc_0_nonnull=yes
ac_cv_header_expat_h=yes
ac_cv_header_inttypes_h=yes
ac_cv_header_memory_h=yes
ac_cv_header_stdc=yes
ac_cv_header_stdint_h=yes
ac_cv_header_stdlib_h=yes
ac_cv_header_string_h=yes
ac_cv_header_strings_h=yes
ac_cv_header_sys_stat_h=yes
ac_cv_header_sys_types_h=yes
ac_cv_header_unistd_h=yes
ac_cv_objext=o
ac_cv_path_EGREP='/bin/grep -E'
ac_cv_path_GREP=/bin/grep
ac_cv_path_ac_pt_ERL=/usr/local/lib/erlang/erts-8.1/bin/erl
ac_cv_path_ac_pt_ERLC=/usr/local/lib/erlang/erts-8.1/bin/erlc
ac_cv_prog_CPP='cc -E'
ac_cv_prog_ac_ct_CC=cc
ac_cv_prog_cc_c89=
ac_cv_prog_cc_g=yes
ac_cv_prog_make_make_set=yes
ac_cv_search_XML_ParserCreate=-lexpat

## ----------------- ##
## Output variables. ##
## ----------------- ##

CC='cc'
CFLAGS=' -Wall'
CPP='cc -E'
CPPFLAGS=''
DEFS='-DPACKAGE_NAME=\"fast_xml\" -DPACKAGE_TARNAME=\"fast_xml\" -DPACKAGE_VERSION=\"1.1.2\" -DPACKAGE_STRING=\"fast_xml\ 1.1.2\" -DPACKAGE_BUGREPORT=\"\" -DPACKAGE_URL=\"\" -DSTDC_HEADERS=1 -DHAVE_SYS_TYPES_H=1 -DHAVE_SYS_STAT_H=1 -DHAVE_STDLIB_H=1 -DHAVE_STRING_H=1 -DHAVE_MEMORY_H=1 -DHAVE_STRINGS_H=1 -DHAVE_INTTYPES_H=1 -DHAVE_STDINT_H=1 -DHAVE_UNISTD_H=1 -DHAVE_STDLIB_H=1 -DHAVE_MALLOC=1 -DSTDC_HEADERS=1 -DHAVE_EXPAT_H=1'
ECHO_C=''
ECHO_N='-n'
ECHO_T=''
EGREP='/bin/grep -E'
ERL='/usr/local/lib/erlang/erts-8.1/bin/erl'
ERLC='/usr/local/lib/erlang/erts-8.1/bin/erlc'
ERLCFLAGS=''
EXEEXT=''
GREP='/bin/grep'
LDFLAGS=''
LIBOBJS=''
LIBS='-lexpat '
LTLIBOBJS=''
OBJEXT='o'
PACKAGE_BUGREPORT=''
PACKAGE_NAME='fast_xml'
PACKAGE_STRING='fast_xml 1.1.2'
PACKAGE_TARNAME='fast_xml'
PACKAGE_URL=''
PACKAGE_VERSION='1.1.2'
PATH_SEPARATOR=':'
SET_MAKE=''
SHELL='/bin/sh'
ac_ct_CC='cc'
bindir='${exec_prefix}/bin'
build_alias=''
datadir='${datarootdir}'
datarootdir='${prefix}/share'
docdir='${datarootdir}/doc/${PACKAGE_TARNAME}'
dvidir='${docdir}'
exec_prefix='${prefix}'
gcov='false'
host_alias=''
htmldir='${docdir}'
includedir='${prefix}/include'
infodir='${datarootdir}/info'
libdir='${exec_prefix}/lib'
libexecdir='${exec_prefix}/libexec'
localedir='${datarootdir}/locale'
localstatedir='${prefix}/var'
mandir='${datarootdir}/man'
oldincludedir='/usr/include'
pdfdir='${docdir}'
prefix='/usr/local'
program_transform_name='s,x,x,'
psdir='${docdir}'
sbindir='${exec_prefix}/sbin'
sharedstatedir='${prefix}/com'
sysconfdir='${prefix}/etc'
target_alias=''

## ----------- ##
## confdefs.h. ##
## ----------- ##

/* confdefs.h */
#define PACKAGE_NAME "fast_xml"
#define PACKAGE_TARNAME "fast_xml"
#define PACKAGE_VERSION "1.1.2"
#define PACKAGE_STRING "fast_xml 1.1.2"
#define PACKAGE_BUGREPORT ""
#define PACKAGE_URL ""
#define STDC_HEADERS 1
#define HAVE_SYS_TYPES_H 1
#define HAVE_SYS_STAT_H 1
#define HAVE_STDLIB_H 1
#define HAVE_STRING_H 1
#define HAVE_MEMORY_H 1
#define HAVE_STRINGS_H 1
#define HAVE_INTTYPES_H 1
#define HAVE_STDINT_H 1
#define HAVE_UNISTD_H 1
#define HAVE_STDLIB_H 1
#define HAVE_MALLOC 1
#define STDC_HEADERS 1
#define HAVE_EXPAT_H 1

configure: exit 0
