# stats: dump at 1459243058
stats: users 754 754
stats: {load,"tsung_controller@daviddeMacBook-Pro"} 1 9.94140625 0 9.94140625 9.94140625 0 0
stats: {cpu,"tsung_controller@daviddeMacBook-Pro"} 1 0 0 0 0 0 0
stats: {freemem,"tsung_controller@daviddeMacBook-Pro"} 1 292.92578125 0 292.92578125 292.92578125 0 0
stats: session 89 5158.5078371883765 1736.4595721204237 7887.217041015625 692.06005859375 0 0
stats: users_count 843 843
stats: finish_users_count 89 89
stats: request 87 5094.9474059357035 1707.8742622209713 7207.6611328125 689.805908203125 0 0
stats: connect 627 22.800842771879978 22.085315241661267 137.416015625 8.85205078125 0 0
stats: page 87 5094.9474059357035 1707.8742622209713 7207.6611328125 689.805908203125 0 0
stats: 200 87 87
stats: size_rcv 3074905 3074905
stats: size_sent 197934 197934
stats: connected 540 540
# stats: dump at 1459243068
stats: users 466 800
stats: {load,"tsung_controller@daviddeMacBook-Pro"} 1 10.078125 0.0 10.078125 9.94140625 9.94140625 1
stats: {cpu,"tsung_controller@daviddeMacBook-Pro"} 1 0.0 0.0 0 0 0.0 1
stats: {freemem,"tsung_controller@daviddeMacBook-Pro"} 1 290.8125 0.0 292.92578125 290.8125 292.92578125 1
stats: session 360 10625.429080539277 1760.8270128962154 14304.47998046875 692.06005859375 5158.5078371883765 89
stats: users_count 72 915
stats: finish_users_count 360 449
stats: page 357 10558.057290982808 1729.017418258889 13944.77490234375 689.805908203125 5094.9474059357035 87
stats: request 357 10558.057290982808 1729.017418258889 13944.77490234375 689.805908203125 5094.9474059357035 87
stats: connect 287 2106.3040945870534 1687.303889447026 3493.322998046875 8.85205078125 22.800842771879978 627
stats: 200 357 444
stats: size_rcv 114597 3189502
stats: size_sent 90622 288556
stats: connected -70 470
# stats: dump at 1459243078
stats: users 29 800
stats: {load,"tsung_controller@daviddeMacBook-Pro"} 1 9.94921875 0.0 10.078125 9.94140625 10.009765625 2
stats: {cpu,"tsung_controller@daviddeMacBook-Pro"} 1 0.0 0.0 0 0 0.0 2
stats: {freemem,"tsung_controller@daviddeMacBook-Pro"} 1 297.71875 0.0 297.71875 290.8125 291.869140625 2
stats: session 437 16584.965694052124 2576.8175864257732 21623.843994140625 692.06005859375 9541.785448783754 449
stats: users_count 0 915
stats: finish_users_count 437 886
stats: request 434 16464.432033275127 2508.5059180856197 21374.671142578125 689.805908203125 9487.583056750604 444
stats: connect 0 0 0 3493.322998046875 8.85205078125 677.0299820180012 914
stats: page 434 16464.432033275127 2508.5059180856197 21374.671142578125 689.805908203125 9487.583056750604 444
stats: 200 434 878
stats: size_rcv 732800 3922302
stats: size_sent 0 288556
stats: connected -434 36
# stats: dump at 1459243088
stats: users 8 800
stats: {load,"tsung_controller@daviddeMacBook-Pro"} 1 8.73046875 0.0 10.078125 8.73046875 9.989583333333334 3
stats: {cpu,"tsung_controller@daviddeMacBook-Pro"} 1 0.0 0.0 0 0 0.0 3
stats: {freemem,"tsung_controller@daviddeMacBook-Pro"} 1 305.76171875 0.0 305.76171875 290.8125 293.8190104166667 3
stats: session 21 21697.219680059527 39.79576399452054 21760.06005859375 692.06005859375 13015.679091201675 886
stats: users_count 0 915
stats: finish_users_count 21 907
stats: connect 0 0 0 3493.322998046875 8.85205078125 677.0299820180012 914
stats: request 29 21642.5814335264 95.3431180855283 21758.30712890625 689.805908203125 12936.276058813979 878
stats: page 29 21642.5814335264 95.3431180855283 21758.30712890625 689.805908203125 12936.276058813979 878
stats: 200 29 907
stats: size_rcv 9309 3931611
stats: size_sent 0 288556
stats: connected -29 7
# stats: dump at 1459243098
stats: users 8 800
stats: {load,"tsung_controller@daviddeMacBook-Pro"} 1 8.0 0.0 10.078125 8.0 9.6748046875 4
stats: {cpu,"tsung_controller@daviddeMacBook-Pro"} 1 0.0 0.0 0 0 0.0 4
stats: {freemem,"tsung_controller@daviddeMacBook-Pro"} 1 255.2265625 0.0 305.76171875 255.2265625 296.8046875 4
stats: session 0 0 0 21760.06005859375 692.06005859375 13216.684992376995 907
stats: users_count 0 915
stats: finish_users_count 0 907
stats: connect 0 0 0 3493.322998046875 8.85205078125 677.0299820180012 914
stats: request 0 0 0 21758.30712890625 689.805908203125 13214.647454477332 907
stats: page 0 0 0 21758.30712890625 689.805908203125 13214.647454477332 907
stats: 200 0 907
stats: size_rcv 0 3931611
stats: size_sent 0 288556
stats: connected 0 7
# stats: dump at 1459243108
stats: users 8 800
stats: {load,"tsung_controller@daviddeMacBook-Pro"} 1 6.8515625 0.0 10.078125 6.8515625 9.33984375 5
stats: {cpu,"tsung_controller@daviddeMacBook-Pro"} 1 0.0 0.0 0 0 0.0 5
stats: {freemem,"tsung_controller@daviddeMacBook-Pro"} 1 268.0390625 0.0 305.76171875 255.2265625 288.4890625 5
stats: session 0 0 0 21760.06005859375 692.06005859375 13216.684992376995 907
stats: users_count 0 915
stats: finish_users_count 0 907
stats: request 0 0 0 21758.30712890625 689.805908203125 13214.647454477332 907
stats: connect 0 0 0 3493.322998046875 8.85205078125 677.0299820180012 914
stats: page 0 0 0 21758.30712890625 689.805908203125 13214.647454477332 907
stats: 200 0 907
stats: size_rcv 0 3931611
stats: size_sent 0 288556
stats: connected 0 7
# stats: dump at 1459243118
stats: users 1 800
stats: {load,"tsung_controller@daviddeMacBook-Pro"} 1 7.83984375 0.0 10.078125 6.8515625 8.925130208333334 6
stats: {cpu,"tsung_controller@daviddeMacBook-Pro"} 1 0.0 0.0 0 0 0.0 6
stats: {freemem,"tsung_controller@daviddeMacBook-Pro"} 1 266.00390625 0.0 305.76171875 255.2265625 285.0807291666667 6
stats: session 7 60995.013671875 274.5829866154756 61452.77587890625 692.06005859375 13216.684992376995 907
stats: users_count 0 915
stats: finish_users_count 7 914
stats: request 7 60993.12925502232 274.84920846525847 61451.56103515625 689.805908203125 13214.647454477332 907
stats: connect 0 0 0 3493.322998046875 8.85205078125 677.0299820180012 914
stats: page 7 60993.12925502232 274.84920846525847 61451.56103515625 689.805908203125 13214.647454477332 907
stats: 200 7 914
stats: size_rcv 2247 3933858
stats: size_sent 0 288556
stats: connected -7 0
