# stats: dump at 1459135469
stats: users 779 779
stats: {load,"tsung_controller@daviddeMacBook-Pro"} 1 2.19140625 0 2.19140625 2.19140625 0 0
stats: {cpu,"tsung_controller@daviddeMacBook-Pro"} 1 0 0 0 0 0 0
stats: {freemem,"tsung_controller@daviddeMacBook-Pro"} 1 35.31640625 0 35.31640625 35.31640625 0 0
stats: session 98 5382.783203124999 213.3399538822581 6003.5830078125 5121.114990234375 0 0
stats: users_count 877 877
stats: finish_users_count 98 98
stats: request 98 5380.558177714446 213.5336338135459 6001.427978515625 5119.708984375 0 0
stats: connect 808 118.97814548605744 324.40545347011243 5227.701171875 51.593017578125 0 0
stats: page 98 5380.558177714446 213.5336338135459 6001.427978515625 5119.708984375 0 0
stats: size_rcv 263380 263380
stats: size_sent 254312 254312
stats: connected 710 710
stats: 500 98 98
# stats: dump at 1459135479
stats: users 798 800
stats: {load,"tsung_controller@daviddeMacBook-Pro"} 1 2.23828125 0.0 2.23828125 2.19140625 2.19140625 1
stats: {cpu,"tsung_controller@daviddeMacBook-Pro"} 1 0.0 0.0 0 0 0.0 1
stats: {freemem,"tsung_controller@daviddeMacBook-Pro"} 1 19.69140625 0.0 35.31640625 19.69140625 35.31640625 1
stats: session 2 10045.744018554688 25.7869873046875 10071.531005859375 5121.114990234375 5382.783203124999 98
stats: users_count 21 898
stats: finish_users_count 2 100
stats: request 2 10043.648071289063 25.6890869140625 10069.337158203125 5119.708984375 5380.558177714446 98
stats: page 2 10043.648071289063 25.6890869140625 10069.337158203125 5119.708984375 5380.558177714446 98
stats: connect 90 341.57708062065973 1202.4618432384436 7417.923095703125 51.593017578125 118.97814548605744 808
stats: size_rcv 5372 268752
stats: size_sent 28298 282610
stats: connected 88 798
stats: error_connect_etimedout 2 2
stats: 500 2 100
# stats: dump at 1459135489
stats: users 798 800
stats: {load,"tsung_controller@daviddeMacBook-Pro"} 1 2.12890625 0.0 2.23828125 2.12890625 2.21484375 2
stats: {cpu,"tsung_controller@daviddeMacBook-Pro"} 1 0.0 0.0 0 0 0.0 2
stats: {freemem,"tsung_controller@daviddeMacBook-Pro"} 1 25.1953125 0.0 35.31640625 19.69140625 27.50390625 2
stats: session 0 0 0 10071.531005859375 5121.114990234375 5476.042419433593 100
stats: users_count 0 898
stats: finish_users_count 0 100
stats: connect 0 0 0 7417.923095703125 51.593017578125 141.28761559977036 898
stats: request 0 0 0 10069.337158203125 5119.708984375 5473.819975585939 100
stats: page 0 0 0 10069.337158203125 5119.708984375 5473.819975585939 100
stats: size_rcv 0 268752
stats: size_sent 0 282610
stats: connected 0 798
stats: error_connect_etimedout 0 2
stats: 500 0 100
# stats: dump at 1459135499
stats: users 798 800
stats: {load,"tsung_controller@daviddeMacBook-Pro"} 1 2.0390625 0.0 2.23828125 2.0390625 2.1861979166666665 3
stats: {cpu,"tsung_controller@daviddeMacBook-Pro"} 1 0.0 0.0 0 0 0.0 3
stats: {freemem,"tsung_controller@daviddeMacBook-Pro"} 1 22.8984375 0.0 35.31640625 19.69140625 26.734375 3
stats: session 0 0 0 10071.531005859375 5121.114990234375 5476.042419433593 100
stats: users_count 0 898
stats: finish_users_count 0 100
stats: connect 0 0 0 7417.923095703125 51.593017578125 141.28761559977036 898
stats: request 0 0 0 10069.337158203125 5119.708984375 5473.819975585939 100
stats: page 0 0 0 10069.337158203125 5119.708984375 5473.819975585939 100
stats: size_rcv 0 268752
stats: size_sent 0 282610
stats: connected 0 798
stats: error_connect_etimedout 0 2
stats: 500 0 100
# stats: dump at 1459135509
stats: users 798 800
stats: {load,"tsung_controller@daviddeMacBook-Pro"} 1 2.19140625 0.0 2.23828125 2.0390625 2.1494140625 4
stats: {cpu,"tsung_controller@daviddeMacBook-Pro"} 1 0.0 0.0 0 0 0.0 4
stats: {freemem,"tsung_controller@daviddeMacBook-Pro"} 1 105.87890625 0.0 105.87890625 19.69140625 25.775390625 4
stats: session 0 0 0 10071.531005859375 5121.114990234375 5476.042419433593 100
stats: users_count 0 898
stats: finish_users_count 0 100
stats: request 0 0 0 10069.337158203125 5119.708984375 5473.819975585939 100
stats: page 0 0 0 10069.337158203125 5119.708984375 5473.819975585939 100
stats: connect 0 0 0 7417.923095703125 51.593017578125 141.28761559977036 898
stats: size_rcv 0 268752
stats: size_sent 0 282610
stats: connected 0 798
stats: error_connect_etimedout 0 2
stats: 500 0 100
# stats: dump at 1459135519
stats: users 798 800
stats: {load,"tsung_controller@daviddeMacBook-Pro"} 1 2.01171875 0.0 2.23828125 2.01171875 2.1578125 5
stats: {cpu,"tsung_controller@daviddeMacBook-Pro"} 1 0.0 0.0 0 0 0.0 5
stats: {freemem,"tsung_controller@daviddeMacBook-Pro"} 1 99.98046875 0.0 105.87890625 19.69140625 41.79609375 5
stats: session 0 0 0 10071.531005859375 5121.114990234375 5476.042419433593 100
stats: users_count 0 898
stats: finish_users_count 0 100
stats: request 0 0 0 10069.337158203125 5119.708984375 5473.819975585939 100
stats: page 0 0 0 10069.337158203125 5119.708984375 5473.819975585939 100
stats: connect 0 0 0 7417.923095703125 51.593017578125 141.28761559977036 898
stats: size_rcv 0 268752
stats: size_sent 0 282610
stats: connected 0 798
stats: error_connect_etimedout 0 2
stats: 500 0 100
# stats: dump at 1459135529
stats: users 376 800
stats: {load,"tsung_controller@daviddeMacBook-Pro"} 1 1.9296875 0.0 2.23828125 1.9296875 2.1334635416666665 6
stats: {cpu,"tsung_controller@daviddeMacBook-Pro"} 1 0.0 0.0 0 0 0.0 6
stats: {freemem,"tsung_controller@daviddeMacBook-Pro"} 1 102.89453125 0.0 105.87890625 19.69140625 51.493489583333336 6
stats: session 422 61667.158219902434 1075.4580944472448 65305.16796875 5121.114990234375 5476.042419433593 100
stats: users_count 0 898
stats: finish_users_count 422 522
stats: request 412 61617.94994346841 1044.2835266247769 65303.06298828125 5119.708984375 5473.819975585939 100
stats: connect 0 0 0 7417.923095703125 51.593017578125 141.28761559977036 898
stats: page 412 61617.94994346841 1044.2835266247769 65303.06298828125 5119.708984375 5473.819975585939 100
stats: size_rcv 1107384 1376136
stats: size_sent 0 282610
stats: connected -412 386
stats: error_connect_etimedout 0 2
stats: 500 414 514
# stats: dump at 1459135539
stats: users 150 800
stats: {load,"tsung_controller@daviddeMacBook-Pro"} 1 2.01953125 0.0 2.23828125 1.9296875 2.1043526785714284 7
stats: {cpu,"tsung_controller@daviddeMacBook-Pro"} 1 0.0 0.0 0 0 0.0 7
stats: {freemem,"tsung_controller@daviddeMacBook-Pro"} 1 106.796875 0.0 106.796875 19.69140625 58.836495535714285 7
stats: session 226 63816.78641692305 1577.0506093465817 70648.28393554688 5121.114990234375 50902.57664893139 522
stats: users_count 0 898
stats: finish_users_count 226 748
stats: request 236 63806.042781506556 1543.8904946174637 70646.40991210938 5119.708984375 50652.29955911636 512
stats: connect 0 0 0 7417.923095703125 51.593017578125 141.28761559977036 898
stats: size_rcv 634352 2010488
stats: page 236 63806.042781506556 1543.8904946174637 70646.40991210938 5119.708984375 50652.29955911636 512
stats: size_sent 0 282610
stats: connected -236 150
stats: error_connect_etimedout 0 2
stats: 500 234 748
