# stats: dump at 1459156536
stats: users 753 753
stats: {load,"tsung_controller@daviddeMacBook-Pro"} 1 2.19140625 0 2.19140625 2.19140625 0 0
stats: {cpu,"tsung_controller@daviddeMacBook-Pro"} 1 0 0 0 0 0 0
stats: {freemem,"tsung_controller@daviddeMacBook-Pro"} 1 31.94140625 0 31.94140625 31.94140625 0 0
stats: session 100 5036.631555175779 8.033403682816104 5072.926025390625 5029.212890625 0 0
stats: users_count 853 853
stats: finish_users_count 100 100
stats: request 100 5034.491030273436 7.953384490782474 5070.89697265625 5027.23095703125 0 0
stats: connect 802 14.258633506565616 39.70639091871403 1134.30517578125 8.662109375 0 0
stats: page 100 5034.491030273436 7.953384490782474 5070.89697265625 5027.23095703125 0 0
stats: 200 100 100
stats: size_rcv 32100 32100
stats: size_sent 253228 253228
stats: connected 702 702
# stats: dump at 1459156546
stats: users 267 800
stats: {load,"tsung_controller@daviddeMacBook-Pro"} 1 2.3203125 0.0 2.3203125 2.19140625 2.19140625 1
stats: {cpu,"tsung_controller@daviddeMacBook-Pro"} 1 0.0 0.0 0 0 0.0 1
stats: {freemem,"tsung_controller@daviddeMacBook-Pro"} 1 22.58203125 0.0 31.94140625 22.58203125 31.94140625 1
stats: session 533 8946.986303848358 1312.0389001850615 13147.118896484375 5029.212890625 5036.631555175779 100
stats: users_count 47 900
stats: finish_users_count 533 633
stats: connect 98 48.03378607302296 190.2695344902413 1134.30517578125 8.662109375 14.258633506565616 802
stats: page 533 8944.916798432363 1312.035184884816 13144.94287109375 5027.23095703125 5034.491030273436 100
stats: request 533 8944.916798432363 1312.035184884816 13144.94287109375 5027.23095703125 5034.491030273436 100
stats: 200 540 640
stats: size_rcv 5345577 5377677
stats: size_sent 30916 284144
stats: connected -435 267
# stats: dump at 1459156556
stats: users 199 800
stats: {load,"tsung_controller@daviddeMacBook-Pro"} 1 2.26953125 0.0 2.3203125 2.19140625 2.255859375 2
stats: {cpu,"tsung_controller@daviddeMacBook-Pro"} 1 0.0 0.0 0 0 0.0 2
stats: {freemem,"tsung_controller@daviddeMacBook-Pro"} 1 54.16015625 0.0 54.16015625 22.58203125 27.26171875 2
stats: session 68 12345.244445800781 535.4754988549222 13688.64599609375 5029.212890625 8329.23673849724 633
stats: users_count 0 900
stats: finish_users_count 68 701
stats: request 68 12343.241713579962 535.4723268357341 13686.837158203125 5027.23095703125 8327.156013573132 633
stats: page 68 12343.241713579962 535.4723268357341 13686.837158203125 5027.23095703125 8327.156013573132 633
stats: connect 0 0 0 1134.30517578125 8.662109375 17.936372341579858 900
stats: 200 61 701
stats: size_rcv 416437 5794114
stats: size_sent 0 284144
stats: connected -68 199
# stats: dump at 1459156566
stats: users 199 800
stats: {load,"tsung_controller@daviddeMacBook-Pro"} 1 2.4609375 0.0 2.4609375 2.19140625 2.2604166666666665 3
stats: {cpu,"tsung_controller@daviddeMacBook-Pro"} 1 0.0 0.0 0 0 0.0 3
stats: {freemem,"tsung_controller@daviddeMacBook-Pro"} 1 91.06640625 0.0 91.06640625 22.58203125 36.227864583333336 3
stats: session 0 0 0 13688.64599609375 5029.212890625 8718.806673014558 701
stats: users_count 0 900
stats: finish_users_count 0 701
stats: request 0 0 0 13686.837158203125 5027.23095703125 8716.733513716448 701
stats: connect 0 0 0 1134.30517578125 8.662109375 17.936372341579858 900
stats: page 0 0 0 13686.837158203125 5027.23095703125 8716.733513716448 701
stats: 200 0 701
stats: size_rcv 0 5794114
stats: size_sent 0 284144
stats: connected 0 199
