# stats: dump at 1458789226
stats: users 0 1
stats: {load,"tsung_controller@daviddeMacBook-Pro"} 1 1.8984375 0 1.8984375 1.8984375 0 0
stats: {cpu,"tsung_controller@daviddeMacBook-Pro"} 1 0 0 0 0 0 0
stats: {freemem,"tsung_controller@daviddeMacBook-Pro"} 1 38.33203125 0 38.33203125 38.33203125 0 0
stats: session 4 31.303466796875 2.0879445367888025 34.8779296875 29.60107421875 0 0
stats: users_count 4 4
stats: finish_users_count 4 4
stats: request 4 28.44549560546875 0.3724582031901772 28.926025390625 27.945068359375 0 0
stats: connect 4 12.0435791015625 0.8818683216996516 13.248046875 10.775146484375 0 0
stats: page 4 28.44549560546875 0.3724582031901772 28.926025390625 27.945068359375 0 0
stats: 200 4 4
stats: size_rcv 1292 1292
stats: size_sent 1160 1160
stats: connected 0 0
# stats: dump at 1458789236
stats: users 0 1
stats: {load,"tsung_controller@daviddeMacBook-Pro"} 1 1.91015625 0.0 1.91015625 1.8984375 1.8984375 1
stats: {cpu,"tsung_controller@daviddeMacBook-Pro"} 1 0.0 0.0 0 0 0.0 1
stats: {freemem,"tsung_controller@daviddeMacBook-Pro"} 1 16.9375 0.0 38.33203125 16.9375 38.33203125 1
stats: session 5 32.163232421875 2.1551134436767527 35.648193359375 29.60107421875 31.303466796875 4
stats: users_count 5 9
stats: finish_users_count 5 9
stats: connect 5 10.97255859375 1.063719796492685 13.248046875 9.779052734375 12.0435791015625 4
stats: page 5 30.413818359375 2.290610910036642 34.39697265625 27.614990234375 28.44549560546875 4
stats: 200 5 9
stats: request 5 30.413818359375 2.290610910036642 34.39697265625 27.614990234375 28.44549560546875 4
stats: size_rcv 1615 2907
stats: size_sent 1450 2610
stats: connected 0 0
# stats: dump at 1458789246
stats: users 0 1
stats: {load,"tsung_controller@daviddeMacBook-Pro"} 1 1.69140625 0.0 1.91015625 1.69140625 1.904296875 2
stats: {cpu,"tsung_controller@daviddeMacBook-Pro"} 1 0.0 0.0 0 0 0.0 2
stats: {freemem,"tsung_controller@daviddeMacBook-Pro"} 1 15.11328125 0.0 38.33203125 15.11328125 27.634765625 2
stats: session 6 29.479654947916668 3.183055929509865 35.648193359375 25.35791015625 31.781114366319443 9
stats: users_count 6 15
stats: finish_users_count 6 15
stats: request 5 26.5087890625 2.2688637203162934 34.39697265625 23.501953125 29.53900824652778 9
stats: connect 5 9.942236328125 0.9311018576335433 13.248046875 8.39208984375 11.448567708333334 9
stats: page 5 26.5087890625 2.2688637203162934 34.39697265625 23.501953125 29.53900824652778 9
stats: 200 5 14
stats: size_rcv 1615 4522
stats: size_sent 1466 4076
stats: connected 0 0
# stats: dump at 1458789256
stats: users 0 1
stats: {load,"tsung_controller@daviddeMacBook-Pro"} 1 1.80859375 0.0 1.91015625 1.69140625 1.8333333333333333 3
stats: {cpu,"tsung_controller@daviddeMacBook-Pro"} 1 0.0 0.0 0 0 0.0 3
stats: {freemem,"tsung_controller@daviddeMacBook-Pro"} 1 17.19140625 0.0 38.33203125 15.11328125 23.4609375 3
stats: session 3 36.515055338541664 6.729840392526291 43.451171875 25.35791015625 30.860530598958334 15
stats: users_count 3 18
stats: finish_users_count 3 18
stats: request 4 34.153564453125 5.959867466370659 41.794189453125 23.501953125 28.456787109375 14
stats: 200 4 18
stats: connect 4 14.37420654296875 4.9060285128725125 22.406005859375 8.39208984375 10.910592215401786 14
stats: page 4 34.153564453125 5.959867466370659 41.794189453125 23.501953125 28.456787109375 14
stats: size_rcv 1292 5814
stats: size_sent 1160 5236
stats: connected 0 0
# stats: dump at 1458789266
stats: users 0 1
stats: {load,"tsung_controller@daviddeMacBook-Pro"} 1 1.69140625 0.0 1.91015625 1.69140625 1.8271484375 4
stats: {cpu,"tsung_controller@daviddeMacBook-Pro"} 1 0.0 0.0 0 0 0.0 4
stats: {freemem,"tsung_controller@daviddeMacBook-Pro"} 1 16.34375 0.0 38.33203125 15.11328125 21.8935546875 4
stats: session 3 30.930582682291668 2.5927213010237606 43.451171875 25.35791015625 31.80295138888889 18
stats: users_count 3 21
stats: finish_users_count 3 21
stats: request 3 28.934651692708332 2.792661432699807 41.794189453125 23.501953125 29.722737630208332 18
stats: 200 3 21
stats: connect 3 12.69091796875 2.111434383347464 22.406005859375 8.39208984375 11.680284288194445 18
stats: page 3 28.934651692708332 2.792661432699807 41.794189453125 23.501953125 29.722737630208332 18
stats: size_rcv 969 6783
stats: size_sent 878 6114
stats: connected 0 0
# stats: dump at 1458789276
stats: users 0 1
stats: {load,"tsung_controller@daviddeMacBook-Pro"} 1 1.66015625 0.0 1.91015625 1.66015625 1.8 5
stats: {cpu,"tsung_controller@daviddeMacBook-Pro"} 1 0.0 0.0 0 0 0.0 5
stats: {freemem,"tsung_controller@daviddeMacBook-Pro"} 1 16.2578125 0.0 38.33203125 15.11328125 20.78359375 5
stats: session 1 27.872802734375 0.0 43.451171875 25.35791015625 31.678327287946427 21
stats: users_count 1 22
stats: finish_users_count 1 22
stats: request 1 26.041015625 0.0 41.794189453125 23.501953125 29.61015392485119 21
stats: 200 1 22
stats: connect 1 9.50390625 0.0 22.406005859375 8.39208984375 11.82466052827381 21
stats: page 1 26.041015625 0.0 41.794189453125 23.501953125 29.61015392485119 21
stats: size_rcv 323 7106
stats: size_sent 290 6404
stats: connected 0 0
# stats: dump at 1458789286
stats: users 0 1
stats: {load,"tsung_controller@daviddeMacBook-Pro"} 1 1.7109375 0.0 1.91015625 1.66015625 1.7766927083333333 6
stats: {cpu,"tsung_controller@daviddeMacBook-Pro"} 1 0.0 0.0 0 0 0.0 6
stats: {freemem,"tsung_controller@daviddeMacBook-Pro"} 1 16.65234375 0.0 38.33203125 15.11328125 20.029296875 6
stats: session 4 29.83099365234375 1.1858361706648934 43.451171875 25.35791015625 31.505348899147727 22
stats: users_count 4 26
stats: finish_users_count 4 26
stats: connect 4 10.947509765625 1.4340759007053696 22.406005859375 8.39208984375 11.719171697443182 22
stats: request 4 28.07305908203125 1.471795459134913 41.794189453125 23.501953125 29.447920365767047 22
stats: page 4 28.07305908203125 1.471795459134913 41.794189453125 23.501953125 29.447920365767047 22
stats: 200 4 26
stats: size_rcv 1292 8398
stats: size_sent 1168 7572
stats: connected 0 0
# stats: dump at 1458789296
stats: users 0 1
stats: {load,"tsung_controller@daviddeMacBook-Pro"} 1 1.83984375 0.0 1.91015625 1.66015625 1.7672991071428572 7
stats: {cpu,"tsung_controller@daviddeMacBook-Pro"} 1 0.0 0.0 0 0 0.0 7
stats: {freemem,"tsung_controller@daviddeMacBook-Pro"} 1 47.57421875 0.0 47.57421875 15.11328125 19.546875 7
stats: session 3 27.25732421875 1.6820869872430149 43.451171875 24.89794921875 31.247755784254807 26
stats: users_count 3 29
stats: finish_users_count 3 29
stats: page 3 25.432698567708332 1.662995336034273 41.794189453125 23.091064453125 29.236403245192307 26
stats: request 3 25.432698567708332 1.662995336034273 41.794189453125 23.091064453125 29.236403245192307 26
stats: 200 3 29
stats: connect 3 9.805989583333334 0.8044148284581285 22.406005859375 8.39208984375 11.600454477163462 26
stats: size_rcv 969 9367
stats: size_sent 878 8450
stats: connected 0 0
# stats: dump at 1458789306
stats: users 0 1
stats: {load,"tsung_controller@daviddeMacBook-Pro"} 1 1.7890625 0.0 1.91015625 1.66015625 1.7763671875 8
stats: {cpu,"tsung_controller@daviddeMacBook-Pro"} 1 0.0 0.0 0 0 0.0 8
stats: {freemem,"tsung_controller@daviddeMacBook-Pro"} 1 53.39453125 0.0 53.39453125 15.11328125 23.05029296875 8
stats: session 8 28.903656005859375 2.8963965222893022 43.451171875 24.740966796875 30.834952518857758 29
stats: users_count 8 37
stats: finish_users_count 8 37
stats: connect 8 10.487945556640625 0.9860399557032545 22.406005859375 8.39208984375 11.414820177801724 29
stats: page 8 27.152008056640625 2.7866271307842925 41.794189453125 23.0048828125 28.842916554418103 29
stats: request 8 27.152008056640625 2.7866271307842925 41.794189453125 23.0048828125 28.842916554418103 29
stats: 200 8 37
stats: size_rcv 2584 11951
stats: size_sent 2336 10786
stats: connected 0 0
# stats: dump at 1458789316
stats: users 1 1
stats: {load,"tsung_controller@daviddeMacBook-Pro"} 1 1.671875 0.0 1.91015625 1.66015625 1.7777777777777777 9
stats: {cpu,"tsung_controller@daviddeMacBook-Pro"} 1 0.0 0.0 0 0 0.0 9
stats: {freemem,"tsung_controller@daviddeMacBook-Pro"} 1 29.328125 0.0 53.39453125 15.11328125 26.421875 9
stats: session 5 29.733544921875 2.7765773379949614 43.451171875 24.740966796875 30.417374894425677 37
stats: users_count 6 43
stats: finish_users_count 5 42
stats: request 5 27.873046875 2.8337800996693736 41.794189453125 23.0048828125 28.47731471706081 37
stats: connect 5 10.531787109375 0.4303772096868025 22.406005859375 8.39208984375 11.214414854307432 37
stats: 200 5 42
stats: page 5 27.873046875 2.8337800996693736 41.794189453125 23.0048828125 28.47731471706081 37
stats: size_rcv 1615 13566
stats: size_sent 1474 12260
stats: connected 0 0
# stats: dump at 1458789326
stats: users 0 1
stats: {load,"tsung_controller@daviddeMacBook-Pro"} 1 1.55859375 0.0 1.91015625 1.55859375 1.7671875 10
stats: {cpu,"tsung_controller@daviddeMacBook-Pro"} 1 0.0 0.0 0 0 0.0 10
stats: {freemem,"tsung_controller@daviddeMacBook-Pro"} 1 22.21875 0.0 53.39453125 15.11328125 26.7125 10
stats: session 6 30.037312825520832 1.8634467723411812 43.451171875 24.740966796875 30.33596656436012 42
stats: users_count 5 48
stats: finish_users_count 6 48
stats: request 6 28.445149739583332 1.8412819883513412 41.794189453125 23.0048828125 28.405378069196427 42
stats: connect 6 10.5194091796875 0.6401148796478359 22.406005859375 8.39208984375 11.13314964657738 42
stats: page 6 28.445149739583332 1.8412819883513412 41.794189453125 23.0048828125 28.405378069196427 42
stats: 200 6 48
stats: size_rcv 1938 15504
stats: size_sent 1740 14000
stats: connected 0 0
# stats: dump at 1458789336
stats: users 0 1
stats: {load,"tsung_controller@daviddeMacBook-Pro"} 1 1.55859375 0.0 1.91015625 1.55859375 1.7482244318181819 11
stats: {cpu,"tsung_controller@daviddeMacBook-Pro"} 1 0.0 0.0 0 0 0.0 11
stats: {freemem,"tsung_controller@daviddeMacBook-Pro"} 1 51.15234375 0.0 53.39453125 15.11328125 26.303977272727273 11
stats: session 7 32.30409458705357 5.4692573512209535 44.097900390625 24.740966796875 30.298634847005207 48
stats: users_count 7 55
stats: finish_users_count 7 55
stats: request 7 30.500453404017858 5.311358773931118 42.10400390625 23.0048828125 28.410349527994793 48
stats: connect 7 12.179861886160714 1.4953677239652634 22.406005859375 8.39208984375 11.056432088216146 48
stats: page 7 30.500453404017858 5.311358773931118 42.10400390625 23.0048828125 28.410349527994793 48
stats: 200 7 55
stats: size_rcv 2261 17765
stats: size_sent 2038 16038
stats: connected 0 0
# stats: dump at 1458789346
stats: users 0 1
stats: {load,"tsung_controller@daviddeMacBook-Pro"} 1 1.3984375 0.0 1.91015625 1.3984375 1.732421875 12
stats: {cpu,"tsung_controller@daviddeMacBook-Pro"} 1 0.0 0.0 0 0 0.0 12
stats: {freemem,"tsung_controller@daviddeMacBook-Pro"} 1 47.56640625 0.0 53.39453125 15.11328125 28.374674479166668 12
stats: session 7 30.892020089285715 1.2336732391607308 44.097900390625 24.740966796875 30.55387517755682 55
stats: users_count 7 62
stats: finish_users_count 7 62
stats: request 7 29.213936941964285 1.1764614830753801 42.10400390625 23.0048828125 28.676362748579546 55
stats: page 7 29.213936941964285 1.1764614830753801 42.10400390625 23.0048828125 28.676362748579546 55
stats: connect 7 11.809465680803571 1.3251201511999922 22.406005859375 8.39208984375 11.1994140625 55
stats: 200 7 62
stats: size_rcv 2261 20026
stats: size_sent 2046 18084
stats: connected 0 0
# stats: dump at 1458789356
stats: users 0 1
stats: {load,"tsung_controller@daviddeMacBook-Pro"} 1 1.5703125 0.0 1.91015625 1.3984375 1.7067307692307692 13
stats: {cpu,"tsung_controller@daviddeMacBook-Pro"} 1 0.0 0.0 0 0 0.0 13
stats: {freemem,"tsung_controller@daviddeMacBook-Pro"} 1 20.49609375 0.0 53.39453125 15.11328125 29.85096153846154 13
stats: session 4 29.080810546875 1.7070206438865527 44.097900390625 24.740966796875 30.592052828881048 62
stats: users_count 4 66
stats: finish_users_count 4 66
stats: 200 4 66
stats: request 4 27.3714599609375 1.5015337424248543 42.10400390625 23.0048828125 28.737056609122984 62
stats: connect 4 11.018310546875 0.7289865112273387 22.406005859375 8.39208984375 11.26829085811492 62
stats: page 4 27.3714599609375 1.5015337424248543 42.10400390625 23.0048828125 28.737056609122984 62
stats: size_rcv 1292 21318
stats: size_sent 1160 19244
stats: connected 0 0
# stats: dump at 1458789366
stats: users 0 1
stats: {load,"tsung_controller@daviddeMacBook-Pro"} 1 1.71875 0.0 1.91015625 1.3984375 1.6969866071428572 14
stats: {cpu,"tsung_controller@daviddeMacBook-Pro"} 1 0.0 0.0 0 0 0.0 14
stats: {freemem,"tsung_controller@daviddeMacBook-Pro"} 1 15.94921875 0.0 53.39453125 15.11328125 29.182756696428573 14
stats: session 4 31.1693115234375 2.4808337596351135 44.097900390625 24.740966796875 30.500462387547348 66
stats: users_count 4 70
stats: finish_users_count 4 70
stats: request 4 29.322265625 2.6677135105273977 42.10400390625 23.0048828125 28.65429317589962 66
stats: page 4 29.322265625 2.6677135105273977 42.10400390625 23.0048828125 28.65429317589962 66
stats: connect 4 12.8726806640625 1.9449560037910312 22.406005859375 8.39208984375 11.253140536221592 66
stats: 200 4 70
stats: size_rcv 1292 22610
stats: size_sent 1168 20412
stats: connected 0 0
# stats: dump at 1458789376
stats: users 0 1
stats: {load,"tsung_controller@daviddeMacBook-Pro"} 1 1.76953125 0.0 1.91015625 1.3984375 1.6984375 15
stats: {cpu,"tsung_controller@daviddeMacBook-Pro"} 1 0.0 0.0 0 0 0.0 15
stats: {freemem,"tsung_controller@daviddeMacBook-Pro"} 1 46.23828125 0.0 53.39453125 15.11328125 28.300520833333334 15
stats: session 7 30.112165178571427 2.1328249395782946 44.097900390625 24.740966796875 30.538682338169643 70
stats: users_count 7 77
stats: finish_users_count 7 77
stats: 200 6 76
stats: request 6 28.308919270833332 2.2918309412945073 42.10400390625 23.0048828125 28.69246303013393 70
stats: connect 6 11.641845703125 0.9632284978616256 22.406005859375 8.39208984375 11.345685686383929 70
stats: page 6 28.308919270833332 2.2918309412945073 42.10400390625 23.0048828125 28.69246303013393 70
stats: size_rcv 1938 24548
stats: size_sent 1740 22152
stats: connected 0 0
